PCA then CNN: Unscaled
Dataset: 
['Horse', 'Dog', 'Cow']
Epoch 1/10

  1/126 [..............................] - ETA: 1:00 - loss: 9.6347 - accuracy: 0.5000
  8/126 [>.............................] - ETA: 1s - loss: 18.5077 - accuracy: 0.4531 
 15/126 [==>...........................] - ETA: 1s - loss: 13.0672 - accuracy: 0.4500
 22/126 [====>.........................] - ETA: 0s - loss: 9.5720 - accuracy: 0.4858 
 30/126 [======>.......................] - ETA: 0s - loss: 7.4092 - accuracy: 0.5250
 36/126 [=======>......................] - ETA: 0s - loss: 6.3486 - accuracy: 0.5382
 41/126 [========>.....................] - ETA: 0s - loss: 5.7063 - accuracy: 0.5381
 47/126 [==========>...................] - ETA: 0s - loss: 5.0933 - accuracy: 0.5492
 55/126 [============>.................] - ETA: 0s - loss: 4.4837 - accuracy: 0.5602
 63/126 [==============>...............] - ETA: 0s - loss: 4.0178 - accuracy: 0.5744
 70/126 [===============>..............] - ETA: 0s - loss: 3.6917 - accuracy: 0.5759
 75/126 [================>.............] - ETA: 0s - loss: 3.4994 - accuracy: 0.5842
 81/126 [==================>...........] - ETA: 0s - loss: 3.3181 - accuracy: 0.5856
 89/126 [====================>.........] - ETA: 0s - loss: 3.0874 - accuracy: 0.5934
 97/126 [======================>.......] - ETA: 0s - loss: 2.8909 - accuracy: 0.6044
103/126 [=======================>......] - ETA: 0s - loss: 2.7663 - accuracy: 0.6086
111/126 [=========================>....] - ETA: 0s - loss: 2.6280 - accuracy: 0.6177
118/126 [===========================>..] - ETA: 0s - loss: 2.5224 - accuracy: 0.6192
125/126 [============================>.] - ETA: 0s - loss: 2.4137 - accuracy: 0.6270
126/126 [==============================] - 2s 10ms/step - loss: 2.4032 - accuracy: 0.6280 - val_loss: 0.5454 - val_accuracy: 0.8072
Epoch 2/10

  1/126 [..............................] - ETA: 1s - loss: 0.8095 - accuracy: 0.6875
  7/126 [>.............................] - ETA: 1s - loss: 0.6289 - accuracy: 0.7500
 13/126 [==>...........................] - ETA: 1s - loss: 0.5618 - accuracy: 0.7740
 19/126 [===>..........................] - ETA: 1s - loss: 0.5683 - accuracy: 0.7730
 26/126 [=====>........................] - ETA: 0s - loss: 0.5720 - accuracy: 0.7716
 32/126 [======>.......................] - ETA: 0s - loss: 0.5907 - accuracy: 0.7695
 37/126 [=======>......................] - ETA: 0s - loss: 0.5753 - accuracy: 0.7770
 42/126 [=========>....................] - ETA: 0s - loss: 0.5609 - accuracy: 0.7872
 48/126 [==========>...................] - ETA: 0s - loss: 0.5317 - accuracy: 0.7956
 55/126 [============>.................] - ETA: 0s - loss: 0.5194 - accuracy: 0.7955
 63/126 [==============>...............] - ETA: 0s - loss: 0.5125 - accuracy: 0.7996
 71/126 [===============>..............] - ETA: 0s - loss: 0.5042 - accuracy: 0.8019
 78/126 [=================>............] - ETA: 0s - loss: 0.5003 - accuracy: 0.8053
 86/126 [===================>..........] - ETA: 0s - loss: 0.4851 - accuracy: 0.8132
 94/126 [=====================>........] - ETA: 0s - loss: 0.4779 - accuracy: 0.8198
102/126 [=======================>......] - ETA: 0s - loss: 0.4661 - accuracy: 0.8248
111/126 [=========================>....] - ETA: 0s - loss: 0.4638 - accuracy: 0.8271
120/126 [===========================>..] - ETA: 0s - loss: 0.4608 - accuracy: 0.8292
126/126 [==============================] - 1s 9ms/step - loss: 0.4623 - accuracy: 0.8284 - val_loss: 0.4040 - val_accuracy: 0.8708
Epoch 3/10

  1/126 [..............................] - ETA: 0s - loss: 0.2417 - accuracy: 0.9375
  9/126 [=>............................] - ETA: 0s - loss: 0.3717 - accuracy: 0.8819
 18/126 [===>..........................] - ETA: 0s - loss: 0.3206 - accuracy: 0.8785
 25/126 [====>.........................] - ETA: 0s - loss: 0.3068 - accuracy: 0.8900
 32/126 [======>.......................] - ETA: 0s - loss: 0.3036 - accuracy: 0.8906
 39/126 [========>.....................] - ETA: 0s - loss: 0.2892 - accuracy: 0.9006
 46/126 [=========>....................] - ETA: 0s - loss: 0.2734 - accuracy: 0.9103
 54/126 [===========>..................] - ETA: 0s - loss: 0.2622 - accuracy: 0.9155
 60/126 [=============>................] - ETA: 0s - loss: 0.2656 - accuracy: 0.9115
 68/126 [===============>..............] - ETA: 0s - loss: 0.2644 - accuracy: 0.9108
 76/126 [=================>............] - ETA: 0s - loss: 0.2815 - accuracy: 0.9038
 83/126 [==================>...........] - ETA: 0s - loss: 0.2729 - accuracy: 0.9059
 91/126 [====================>.........] - ETA: 0s - loss: 0.2625 - accuracy: 0.9107
 99/126 [======================>.......] - ETA: 0s - loss: 0.2618 - accuracy: 0.9110
107/126 [========================>.....] - ETA: 0s - loss: 0.2584 - accuracy: 0.9100
114/126 [==========================>...] - ETA: 0s - loss: 0.2638 - accuracy: 0.9073
121/126 [===========================>..] - ETA: 0s - loss: 0.2605 - accuracy: 0.9086
126/126 [==============================] - 1s 8ms/step - loss: 0.2616 - accuracy: 0.9075 - val_loss: 0.3320 - val_accuracy: 0.8847
Epoch 4/10

  1/126 [..............................] - ETA: 1s - loss: 0.1640 - accuracy: 0.9375
  8/126 [>.............................] - ETA: 0s - loss: 0.1887 - accuracy: 0.9375
 15/126 [==>...........................] - ETA: 0s - loss: 0.1421 - accuracy: 0.9583
 22/126 [====>.........................] - ETA: 0s - loss: 0.1730 - accuracy: 0.9460
 29/126 [=====>........................] - ETA: 0s - loss: 0.1819 - accuracy: 0.9397
 37/126 [=======>......................] - ETA: 0s - loss: 0.1667 - accuracy: 0.9443
 44/126 [=========>....................] - ETA: 0s - loss: 0.1582 - accuracy: 0.9460
 51/126 [===========>..................] - ETA: 0s - loss: 0.1580 - accuracy: 0.9436
 58/126 [============>.................] - ETA: 0s - loss: 0.1613 - accuracy: 0.9450
 66/126 [==============>...............] - ETA: 0s - loss: 0.1574 - accuracy: 0.9460
 73/126 [================>.............] - ETA: 0s - loss: 0.1671 - accuracy: 0.9384
 80/126 [==================>...........] - ETA: 0s - loss: 0.1676 - accuracy: 0.9391
 87/126 [===================>..........] - ETA: 0s - loss: 0.1628 - accuracy: 0.9404
 95/126 [=====================>........] - ETA: 0s - loss: 0.1579 - accuracy: 0.9428
104/126 [=======================>......] - ETA: 0s - loss: 0.1527 - accuracy: 0.9453
110/126 [=========================>....] - ETA: 0s - loss: 0.1593 - accuracy: 0.9432
118/126 [===========================>..] - ETA: 0s - loss: 0.1610 - accuracy: 0.9439
126/126 [==============================] - 1s 8ms/step - loss: 0.1582 - accuracy: 0.9453 - val_loss: 0.2663 - val_accuracy: 0.9125
Epoch 5/10

  1/126 [..............................] - ETA: 2s - loss: 0.0734 - accuracy: 1.0000
 10/126 [=>............................] - ETA: 0s - loss: 0.0765 - accuracy: 0.9812
 18/126 [===>..........................] - ETA: 0s - loss: 0.0842 - accuracy: 0.9792
 27/126 [=====>........................] - ETA: 0s - loss: 0.0823 - accuracy: 0.9722
 34/126 [=======>......................] - ETA: 0s - loss: 0.0815 - accuracy: 0.9743
 40/126 [========>.....................] - ETA: 0s - loss: 0.0902 - accuracy: 0.9734
 45/126 [=========>....................] - ETA: 0s - loss: 0.0971 - accuracy: 0.9681
 49/126 [==========>...................] - ETA: 0s - loss: 0.1003 - accuracy: 0.9668
 55/126 [============>.................] - ETA: 0s - loss: 0.1166 - accuracy: 0.9636
 61/126 [=============>................] - ETA: 0s - loss: 0.1179 - accuracy: 0.9621
 69/126 [===============>..............] - ETA: 0s - loss: 0.1198 - accuracy: 0.9611
 76/126 [=================>............] - ETA: 0s - loss: 0.1260 - accuracy: 0.9589
 84/126 [===================>..........] - ETA: 0s - loss: 0.1455 - accuracy: 0.9509
 92/126 [====================>.........] - ETA: 0s - loss: 0.1400 - accuracy: 0.9524
 99/126 [======================>.......] - ETA: 0s - loss: 0.1498 - accuracy: 0.9514
106/126 [========================>.....] - ETA: 0s - loss: 0.1538 - accuracy: 0.9493
113/126 [=========================>....] - ETA: 0s - loss: 0.1590 - accuracy: 0.9458
122/126 [============================>.] - ETA: 0s - loss: 0.1615 - accuracy: 0.9442
126/126 [==============================] - 1s 9ms/step - loss: 0.1617 - accuracy: 0.9443 - val_loss: 0.3771 - val_accuracy: 0.8787
Epoch 6/10

  1/126 [..............................] - ETA: 1s - loss: 0.1548 - accuracy: 0.8750
 10/126 [=>............................] - ETA: 0s - loss: 0.1071 - accuracy: 0.9625
 17/126 [===>..........................] - ETA: 0s - loss: 0.1082 - accuracy: 0.9669
 25/126 [====>.........................] - ETA: 0s - loss: 0.1092 - accuracy: 0.9650
 32/126 [======>.......................] - ETA: 0s - loss: 0.1126 - accuracy: 0.9629
 41/126 [========>.....................] - ETA: 0s - loss: 0.1042 - accuracy: 0.9649
 50/126 [==========>...................] - ETA: 0s - loss: 0.1078 - accuracy: 0.9638
 59/126 [=============>................] - ETA: 0s - loss: 0.1212 - accuracy: 0.9587
 68/126 [===============>..............] - ETA: 0s - loss: 0.1169 - accuracy: 0.9605
 75/126 [================>.............] - ETA: 0s - loss: 0.1143 - accuracy: 0.9617
 83/126 [==================>...........] - ETA: 0s - loss: 0.1171 - accuracy: 0.9608
 90/126 [====================>.........] - ETA: 0s - loss: 0.1196 - accuracy: 0.9590
100/126 [======================>.......] - ETA: 0s - loss: 0.1163 - accuracy: 0.9594
107/126 [========================>.....] - ETA: 0s - loss: 0.1152 - accuracy: 0.9597
116/126 [==========================>...] - ETA: 0s - loss: 0.1116 - accuracy: 0.9612
125/126 [============================>.] - ETA: 0s - loss: 0.1073 - accuracy: 0.9630
126/126 [==============================] - 1s 8ms/step - loss: 0.1072 - accuracy: 0.9632 - val_loss: 0.3259 - val_accuracy: 0.8966
Epoch 7/10

  1/126 [..............................] - ETA: 1s - loss: 0.1960 - accuracy: 0.9375
  8/126 [>.............................] - ETA: 0s - loss: 0.0758 - accuracy: 0.9766
 16/126 [==>...........................] - ETA: 0s - loss: 0.0656 - accuracy: 0.9727
 23/126 [====>.........................] - ETA: 0s - loss: 0.0758 - accuracy: 0.9728
 30/126 [======>.......................] - ETA: 0s - loss: 0.0712 - accuracy: 0.9729
 39/126 [========>.....................] - ETA: 0s - loss: 0.0737 - accuracy: 0.9696
 47/126 [==========>...................] - ETA: 0s - loss: 0.0646 - accuracy: 0.9747
 56/126 [============>.................] - ETA: 0s - loss: 0.0816 - accuracy: 0.9676
 65/126 [==============>...............] - ETA: 0s - loss: 0.0805 - accuracy: 0.9683
 73/126 [================>.............] - ETA: 0s - loss: 0.0800 - accuracy: 0.9692
 82/126 [==================>...........] - ETA: 0s - loss: 0.0847 - accuracy: 0.9672
 90/126 [====================>.........] - ETA: 0s - loss: 0.0820 - accuracy: 0.9681
 95/126 [=====================>........] - ETA: 0s - loss: 0.0831 - accuracy: 0.9678
103/126 [=======================>......] - ETA: 0s - loss: 0.0800 - accuracy: 0.9691
111/126 [=========================>....] - ETA: 0s - loss: 0.0785 - accuracy: 0.9702
120/126 [===========================>..] - ETA: 0s - loss: 0.0802 - accuracy: 0.9698
126/126 [==============================] - 1s 8ms/step - loss: 0.0788 - accuracy: 0.9707 - val_loss: 0.2636 - val_accuracy: 0.9245
Epoch 8/10

  1/126 [..............................] - ETA: 1s - loss: 0.0629 - accuracy: 0.9375
  9/126 [=>............................] - ETA: 0s - loss: 0.0494 - accuracy: 0.9792
 16/126 [==>...........................] - ETA: 0s - loss: 0.0422 - accuracy: 0.9844
 23/126 [====>.........................] - ETA: 0s - loss: 0.0516 - accuracy: 0.9810
 30/126 [======>.......................] - ETA: 0s - loss: 0.0666 - accuracy: 0.9771
 39/126 [========>.....................] - ETA: 0s - loss: 0.0594 - accuracy: 0.9808
 48/126 [==========>...................] - ETA: 0s - loss: 0.0733 - accuracy: 0.9766
 58/126 [============>.................] - ETA: 0s - loss: 0.0850 - accuracy: 0.9720
 67/126 [==============>...............] - ETA: 0s - loss: 0.0842 - accuracy: 0.9711
 76/126 [=================>............] - ETA: 0s - loss: 0.0844 - accuracy: 0.9712
 85/126 [===================>..........] - ETA: 0s - loss: 0.0793 - accuracy: 0.9735
 93/126 [=====================>........] - ETA: 0s - loss: 0.0780 - accuracy: 0.9731
100/126 [======================>.......] - ETA: 0s - loss: 0.0764 - accuracy: 0.9737
108/126 [========================>.....] - ETA: 0s - loss: 0.0768 - accuracy: 0.9728
117/126 [==========================>...] - ETA: 0s - loss: 0.0730 - accuracy: 0.9749
124/126 [============================>.] - ETA: 0s - loss: 0.0737 - accuracy: 0.9753
126/126 [==============================] - 1s 8ms/step - loss: 0.0729 - accuracy: 0.9756 - val_loss: 0.3585 - val_accuracy: 0.9245
Epoch 9/10

  1/126 [..............................] - ETA: 0s - loss: 0.0660 - accuracy: 0.9375
  8/126 [>.............................] - ETA: 1s - loss: 0.1076 - accuracy: 0.9531
 16/126 [==>...........................] - ETA: 0s - loss: 0.0949 - accuracy: 0.9648
 22/126 [====>.........................] - ETA: 0s - loss: 0.0817 - accuracy: 0.9659
 29/126 [=====>........................] - ETA: 0s - loss: 0.0901 - accuracy: 0.9655
 38/126 [========>.....................] - ETA: 0s - loss: 0.0836 - accuracy: 0.9671
 46/126 [=========>....................] - ETA: 0s - loss: 0.0927 - accuracy: 0.9647
 55/126 [============>.................] - ETA: 0s - loss: 0.1006 - accuracy: 0.9625
 62/126 [=============>................] - ETA: 0s - loss: 0.0977 - accuracy: 0.9647
 70/126 [===============>..............] - ETA: 0s - loss: 0.1114 - accuracy: 0.9634
 76/126 [=================>............] - ETA: 0s - loss: 0.1079 - accuracy: 0.9638
 84/126 [===================>..........] - ETA: 0s - loss: 0.1030 - accuracy: 0.9658
 91/126 [====================>.........] - ETA: 0s - loss: 0.1014 - accuracy: 0.9670
 99/126 [======================>.......] - ETA: 0s - loss: 0.0965 - accuracy: 0.9691
108/126 [========================>.....] - ETA: 0s - loss: 0.0938 - accuracy: 0.9693
117/126 [==========================>...] - ETA: 0s - loss: 0.0977 - accuracy: 0.9679
126/126 [==============================] - ETA: 0s - loss: 0.0947 - accuracy: 0.9692
126/126 [==============================] - 1s 8ms/step - loss: 0.0947 - accuracy: 0.9692 - val_loss: 0.4371 - val_accuracy: 0.9324
Epoch 10/10

  1/126 [..............................] - ETA: 0s - loss: 0.0970 - accuracy: 0.9375
  9/126 [=>............................] - ETA: 0s - loss: 0.2346 - accuracy: 0.9583
 17/126 [===>..........................] - ETA: 0s - loss: 0.1621 - accuracy: 0.9669
 23/126 [====>.........................] - ETA: 0s - loss: 0.1250 - accuracy: 0.9728
 31/126 [======>.......................] - ETA: 0s - loss: 0.1171 - accuracy: 0.9637
 40/126 [========>.....................] - ETA: 0s - loss: 0.1013 - accuracy: 0.9672
 48/126 [==========>...................] - ETA: 0s - loss: 0.0924 - accuracy: 0.9701
 57/126 [============>.................] - ETA: 0s - loss: 0.0951 - accuracy: 0.9660
 65/126 [==============>...............] - ETA: 0s - loss: 0.0911 - accuracy: 0.9673
 74/126 [================>.............] - ETA: 0s - loss: 0.0905 - accuracy: 0.9671
 82/126 [==================>...........] - ETA: 0s - loss: 0.0930 - accuracy: 0.9649
 90/126 [====================>.........] - ETA: 0s - loss: 0.0919 - accuracy: 0.9674
 99/126 [======================>.......] - ETA: 0s - loss: 0.0898 - accuracy: 0.9684
107/126 [========================>.....] - ETA: 0s - loss: 0.0882 - accuracy: 0.9679
116/126 [==========================>...] - ETA: 0s - loss: 0.0946 - accuracy: 0.9661
125/126 [============================>.] - ETA: 0s - loss: 0.0909 - accuracy: 0.9680
126/126 [==============================] - 1s 8ms/step - loss: 0.0977 - accuracy: 0.9667 - val_loss: 0.3448 - val_accuracy: 0.8926

 1/32 [..............................] - ETA: 2s
22/32 [===================>..........] - ETA: 0s
32/32 [==============================] - 0s 2ms/step
              precision    recall  f1-score   support

       Horse       0.86      0.96      0.90       233
         Dog       0.97      0.81      0.88        80
         Cow       0.91      0.85      0.88       190

    accuracy                           0.89       503
   macro avg       0.91      0.87      0.89       503
weighted avg       0.90      0.89      0.89       503

Test Accuracy Model 2
0.8926441073417664
Model: "sequential"
_________________________________________________________________
 Layer (type)                Output Shape              Param #   
=================================================================
 conv2d (Conv2D)             (None, 16, 65, 32)        320       
                                                                 
 max_pooling2d (MaxPooling2D  (None, 8, 32, 32)        0         
 )                                                               
                                                                 
 conv2d_1 (Conv2D)           (None, 6, 30, 64)         18496     
                                                                 
 max_pooling2d_1 (MaxPooling  (None, 3, 15, 64)        0         
 2D)                                                             
                                                                 
 flatten (Flatten)           (None, 2880)              0         
                                                                 
 dense (Dense)               (None, 128)               368768    
                                                                 
 dropout (Dropout)           (None, 128)               0         
                                                                 
 dense_1 (Dense)             (None, 3)                 387       
                                                                 
=================================================================
Total params: 387,971
Trainable params: 387,971
Non-trainable params: 0
_________________________________________________________________
None
