Dataset: 
['Horse', 'Dog', 'Cow']
Fitting 10 folds for each of 30 candidates, totalling 300 fits
[CV 1/10] END ....................n_neighbors=1;, score=0.921 total time=   1.5s
[CV 2/10] END ....................n_neighbors=1;, score=0.910 total time=   1.5s
[CV 3/10] END ....................n_neighbors=1;, score=0.915 total time=   1.6s
[CV 4/10] END ....................n_neighbors=1;, score=0.950 total time=   1.5s
[CV 5/10] END ....................n_neighbors=1;, score=0.920 total time=   1.4s
[CV 6/10] END ....................n_neighbors=1;, score=0.925 total time=   1.4s
[CV 7/10] END ....................n_neighbors=1;, score=0.886 total time=   1.4s
[CV 8/10] END ....................n_neighbors=1;, score=0.935 total time=   1.4s
[CV 9/10] END ....................n_neighbors=1;, score=0.910 total time=   1.4s
[CV 10/10] END ...................n_neighbors=1;, score=0.930 total time=   1.4s
[CV 1/10] END ....................n_neighbors=2;, score=0.871 total time=   1.5s
[CV 2/10] END ....................n_neighbors=2;, score=0.861 total time=   1.5s
[CV 3/10] END ....................n_neighbors=2;, score=0.861 total time=   1.4s
[CV 4/10] END ....................n_neighbors=2;, score=0.886 total time=   1.5s
[CV 5/10] END ....................n_neighbors=2;, score=0.841 total time=   1.4s
[CV 6/10] END ....................n_neighbors=2;, score=0.836 total time=   1.4s
[CV 7/10] END ....................n_neighbors=2;, score=0.846 total time=   1.5s
[CV 8/10] END ....................n_neighbors=2;, score=0.821 total time=   1.4s
[CV 9/10] END ....................n_neighbors=2;, score=0.886 total time=   1.4s
[CV 10/10] END ...................n_neighbors=2;, score=0.841 total time=   1.5s
[CV 1/10] END ....................n_neighbors=3;, score=0.871 total time=   1.5s
[CV 2/10] END ....................n_neighbors=3;, score=0.856 total time=   1.4s
[CV 3/10] END ....................n_neighbors=3;, score=0.886 total time=   1.4s
[CV 4/10] END ....................n_neighbors=3;, score=0.881 total time=   1.4s
[CV 5/10] END ....................n_neighbors=3;, score=0.861 total time=   1.4s
[CV 6/10] END ....................n_neighbors=3;, score=0.851 total time=   1.4s
[CV 7/10] END ....................n_neighbors=3;, score=0.826 total time=   1.4s
[CV 8/10] END ....................n_neighbors=3;, score=0.841 total time=   1.4s
[CV 9/10] END ....................n_neighbors=3;, score=0.900 total time=   1.5s
[CV 10/10] END ...................n_neighbors=3;, score=0.836 total time=   1.4s
[CV 1/10] END ....................n_neighbors=4;, score=0.847 total time=   1.4s
[CV 2/10] END ....................n_neighbors=4;, score=0.831 total time=   1.4s
[CV 3/10] END ....................n_neighbors=4;, score=0.846 total time=   1.5s
[CV 4/10] END ....................n_neighbors=4;, score=0.886 total time=   1.4s
[CV 5/10] END ....................n_neighbors=4;, score=0.846 total time=   1.4s
[CV 6/10] END ....................n_neighbors=4;, score=0.816 total time=   1.4s
[CV 7/10] END ....................n_neighbors=4;, score=0.816 total time=   1.4s
[CV 8/10] END ....................n_neighbors=4;, score=0.811 total time=   1.4s
[CV 9/10] END ....................n_neighbors=4;, score=0.831 total time=   1.4s
[CV 10/10] END ...................n_neighbors=4;, score=0.806 total time=   1.5s
[CV 1/10] END ....................n_neighbors=5;, score=0.832 total time=   1.5s
[CV 2/10] END ....................n_neighbors=5;, score=0.826 total time=   1.5s
[CV 3/10] END ....................n_neighbors=5;, score=0.836 total time=   1.5s
[CV 4/10] END ....................n_neighbors=5;, score=0.861 total time=   1.5s
[CV 5/10] END ....................n_neighbors=5;, score=0.836 total time=   1.4s
[CV 6/10] END ....................n_neighbors=5;, score=0.816 total time=   1.4s
[CV 7/10] END ....................n_neighbors=5;, score=0.816 total time=   1.5s
[CV 8/10] END ....................n_neighbors=5;, score=0.821 total time=   1.5s
[CV 9/10] END ....................n_neighbors=5;, score=0.836 total time=   1.4s
[CV 10/10] END ...................n_neighbors=5;, score=0.801 total time=   1.4s
[CV 1/10] END ....................n_neighbors=6;, score=0.832 total time=   1.5s
[CV 2/10] END ....................n_neighbors=6;, score=0.806 total time=   1.4s
[CV 3/10] END ....................n_neighbors=6;, score=0.811 total time=   1.4s
[CV 4/10] END ....................n_neighbors=6;, score=0.861 total time=   1.4s
[CV 5/10] END ....................n_neighbors=6;, score=0.826 total time=   1.4s
[CV 6/10] END ....................n_neighbors=6;, score=0.791 total time=   1.5s
[CV 7/10] END ....................n_neighbors=6;, score=0.786 total time=   1.4s
[CV 8/10] END ....................n_neighbors=6;, score=0.811 total time=   1.4s
[CV 9/10] END ....................n_neighbors=6;, score=0.816 total time=   1.4s
[CV 10/10] END ...................n_neighbors=6;, score=0.781 total time=   1.4s
[CV 1/10] END ....................n_neighbors=7;, score=0.827 total time=   1.5s
[CV 2/10] END ....................n_neighbors=7;, score=0.811 total time=   1.5s
[CV 3/10] END ....................n_neighbors=7;, score=0.816 total time=   1.5s
[CV 4/10] END ....................n_neighbors=7;, score=0.836 total time=   1.4s
[CV 5/10] END ....................n_neighbors=7;, score=0.841 total time=   1.5s
[CV 6/10] END ....................n_neighbors=7;, score=0.801 total time=   1.5s
[CV 7/10] END ....................n_neighbors=7;, score=0.791 total time=   1.4s
[CV 8/10] END ....................n_neighbors=7;, score=0.821 total time=   1.4s
[CV 9/10] END ....................n_neighbors=7;, score=0.816 total time=   1.5s
[CV 10/10] END ...................n_neighbors=7;, score=0.741 total time=   1.4s
[CV 1/10] END ....................n_neighbors=8;, score=0.797 total time=   1.4s
[CV 2/10] END ....................n_neighbors=8;, score=0.771 total time=   1.4s
[CV 3/10] END ....................n_neighbors=8;, score=0.796 total time=   1.5s
[CV 4/10] END ....................n_neighbors=8;, score=0.811 total time=   1.5s
[CV 5/10] END ....................n_neighbors=8;, score=0.801 total time=   1.5s
[CV 6/10] END ....................n_neighbors=8;, score=0.761 total time=   1.5s
[CV 7/10] END ....................n_neighbors=8;, score=0.756 total time=   1.5s
[CV 8/10] END ....................n_neighbors=8;, score=0.766 total time=   1.5s
[CV 9/10] END ....................n_neighbors=8;, score=0.771 total time=   1.4s
[CV 10/10] END ...................n_neighbors=8;, score=0.736 total time=   1.4s
[CV 1/10] END ....................n_neighbors=9;, score=0.797 total time=   1.5s
[CV 2/10] END ....................n_neighbors=9;, score=0.761 total time=   1.5s
[CV 3/10] END ....................n_neighbors=9;, score=0.801 total time=   1.4s
[CV 4/10] END ....................n_neighbors=9;, score=0.806 total time=   1.5s
[CV 5/10] END ....................n_neighbors=9;, score=0.806 total time=   1.5s
[CV 6/10] END ....................n_neighbors=9;, score=0.776 total time=   1.5s
[CV 7/10] END ....................n_neighbors=9;, score=0.756 total time=   1.5s
[CV 8/10] END ....................n_neighbors=9;, score=0.761 total time=   1.5s
[CV 9/10] END ....................n_neighbors=9;, score=0.771 total time=   1.5s
[CV 10/10] END ...................n_neighbors=9;, score=0.741 total time=   1.5s
[CV 1/10] END ...................n_neighbors=10;, score=0.733 total time=   1.5s
[CV 2/10] END ...................n_neighbors=10;, score=0.721 total time=   1.4s
[CV 3/10] END ...................n_neighbors=10;, score=0.761 total time=   1.4s
[CV 4/10] END ...................n_neighbors=10;, score=0.766 total time=   1.4s
[CV 5/10] END ...................n_neighbors=10;, score=0.771 total time=   1.5s
[CV 6/10] END ...................n_neighbors=10;, score=0.736 total time=   1.4s
[CV 7/10] END ...................n_neighbors=10;, score=0.726 total time=   1.4s
[CV 8/10] END ...................n_neighbors=10;, score=0.716 total time=   1.4s
[CV 9/10] END ...................n_neighbors=10;, score=0.721 total time=   1.4s
[CV 10/10] END ..................n_neighbors=10;, score=0.721 total time=   1.5s
[CV 1/10] END ...................n_neighbors=11;, score=0.743 total time=   1.5s
[CV 2/10] END ...................n_neighbors=11;, score=0.716 total time=   1.4s
[CV 3/10] END ...................n_neighbors=11;, score=0.756 total time=   1.4s
[CV 4/10] END ...................n_neighbors=11;, score=0.761 total time=   1.5s
[CV 5/10] END ...................n_neighbors=11;, score=0.766 total time=   1.4s
[CV 6/10] END ...................n_neighbors=11;, score=0.741 total time=   1.4s
[CV 7/10] END ...................n_neighbors=11;, score=0.716 total time=   1.5s
[CV 8/10] END ...................n_neighbors=11;, score=0.716 total time=   1.5s
[CV 9/10] END ...................n_neighbors=11;, score=0.721 total time=   1.5s
[CV 10/10] END ..................n_neighbors=11;, score=0.706 total time=   1.4s
[CV 1/10] END ...................n_neighbors=12;, score=0.718 total time=   1.4s
[CV 2/10] END ...................n_neighbors=12;, score=0.701 total time=   1.4s
[CV 3/10] END ...................n_neighbors=12;, score=0.711 total time=   1.5s
[CV 4/10] END ...................n_neighbors=12;, score=0.706 total time=   1.4s
[CV 5/10] END ...................n_neighbors=12;, score=0.716 total time=   1.5s
[CV 6/10] END ...................n_neighbors=12;, score=0.721 total time=   1.4s
[CV 7/10] END ...................n_neighbors=12;, score=0.667 total time=   1.5s
[CV 8/10] END ...................n_neighbors=12;, score=0.677 total time=   1.4s
[CV 9/10] END ...................n_neighbors=12;, score=0.692 total time=   1.4s
[CV 10/10] END ..................n_neighbors=12;, score=0.667 total time=   1.5s
[CV 1/10] END ...................n_neighbors=13;, score=0.728 total time=   1.5s
[CV 2/10] END ...................n_neighbors=13;, score=0.701 total time=   1.4s
[CV 3/10] END ...................n_neighbors=13;, score=0.701 total time=   1.4s
[CV 4/10] END ...................n_neighbors=13;, score=0.706 total time=   1.4s
[CV 5/10] END ...................n_neighbors=13;, score=0.711 total time=   1.4s
[CV 6/10] END ...................n_neighbors=13;, score=0.716 total time=   1.5s
[CV 7/10] END ...................n_neighbors=13;, score=0.667 total time=   1.5s
[CV 8/10] END ...................n_neighbors=13;, score=0.672 total time=   1.4s
[CV 9/10] END ...................n_neighbors=13;, score=0.692 total time=   1.5s
[CV 10/10] END ..................n_neighbors=13;, score=0.657 total time=   1.4s
[CV 1/10] END ...................n_neighbors=14;, score=0.688 total time=   1.4s
[CV 2/10] END ...................n_neighbors=14;, score=0.677 total time=   1.4s
[CV 3/10] END ...................n_neighbors=14;, score=0.637 total time=   1.4s
[CV 4/10] END ...................n_neighbors=14;, score=0.652 total time=   1.4s
[CV 5/10] END ...................n_neighbors=14;, score=0.692 total time=   1.4s
[CV 6/10] END ...................n_neighbors=14;, score=0.677 total time=   1.4s
[CV 7/10] END ...................n_neighbors=14;, score=0.642 total time=   1.4s
[CV 8/10] END ...................n_neighbors=14;, score=0.647 total time=   1.4s
[CV 9/10] END ...................n_neighbors=14;, score=0.672 total time=   1.5s
[CV 10/10] END ..................n_neighbors=14;, score=0.647 total time=   1.4s
[CV 1/10] END ...................n_neighbors=15;, score=0.688 total time=   1.4s
[CV 2/10] END ...................n_neighbors=15;, score=0.677 total time=   1.4s
[CV 3/10] END ...................n_neighbors=15;, score=0.652 total time=   1.4s
[CV 4/10] END ...................n_neighbors=15;, score=0.652 total time=   1.4s
[CV 5/10] END ...................n_neighbors=15;, score=0.706 total time=   1.4s
[CV 6/10] END ...................n_neighbors=15;, score=0.677 total time=   1.5s
[CV 7/10] END ...................n_neighbors=15;, score=0.642 total time=   1.4s
[CV 8/10] END ...................n_neighbors=15;, score=0.662 total time=   1.4s
[CV 9/10] END ...................n_neighbors=15;, score=0.672 total time=   1.5s
[CV 10/10] END ..................n_neighbors=15;, score=0.647 total time=   1.4s
[CV 1/10] END ...................n_neighbors=16;, score=0.683 total time=   1.4s
[CV 2/10] END ...................n_neighbors=16;, score=0.647 total time=   1.4s
[CV 3/10] END ...................n_neighbors=16;, score=0.632 total time=   1.4s
[CV 4/10] END ...................n_neighbors=16;, score=0.627 total time=   1.4s
[CV 5/10] END ...................n_neighbors=16;, score=0.687 total time=   1.4s
[CV 6/10] END ...................n_neighbors=16;, score=0.672 total time=   1.4s
[CV 7/10] END ...................n_neighbors=16;, score=0.632 total time=   1.4s
[CV 8/10] END ...................n_neighbors=16;, score=0.647 total time=   1.4s
[CV 9/10] END ...................n_neighbors=16;, score=0.652 total time=   1.4s
[CV 10/10] END ..................n_neighbors=16;, score=0.622 total time=   1.4s
[CV 1/10] END ...................n_neighbors=17;, score=0.673 total time=   1.4s
[CV 2/10] END ...................n_neighbors=17;, score=0.652 total time=   1.5s
[CV 3/10] END ...................n_neighbors=17;, score=0.652 total time=   1.4s
[CV 4/10] END ...................n_neighbors=17;, score=0.627 total time=   1.4s
[CV 5/10] END ...................n_neighbors=17;, score=0.687 total time=   1.4s
[CV 6/10] END ...................n_neighbors=17;, score=0.682 total time=   1.4s
[CV 7/10] END ...................n_neighbors=17;, score=0.632 total time=   1.4s
[CV 8/10] END ...................n_neighbors=17;, score=0.647 total time=   1.5s
[CV 9/10] END ...................n_neighbors=17;, score=0.652 total time=   1.4s
[CV 10/10] END ..................n_neighbors=17;, score=0.627 total time=   1.5s
[CV 1/10] END ...................n_neighbors=18;, score=0.668 total time=   1.5s
[CV 2/10] END ...................n_neighbors=18;, score=0.642 total time=   1.5s
[CV 3/10] END ...................n_neighbors=18;, score=0.627 total time=   1.4s
[CV 4/10] END ...................n_neighbors=18;, score=0.607 total time=   1.4s
[CV 5/10] END ...................n_neighbors=18;, score=0.667 total time=   1.5s
[CV 6/10] END ...................n_neighbors=18;, score=0.652 total time=   1.5s
[CV 7/10] END ...................n_neighbors=18;, score=0.617 total time=   1.4s
[CV 8/10] END ...................n_neighbors=18;, score=0.627 total time=   1.4s
[CV 9/10] END ...................n_neighbors=18;, score=0.652 total time=   1.5s
[CV 10/10] END ..................n_neighbors=18;, score=0.612 total time=   1.4s
[CV 1/10] END ...................n_neighbors=19;, score=0.663 total time=   1.4s
[CV 2/10] END ...................n_neighbors=19;, score=0.642 total time=   1.4s
[CV 3/10] END ...................n_neighbors=19;, score=0.637 total time=   1.4s
[CV 4/10] END ...................n_neighbors=19;, score=0.607 total time=   1.4s
[CV 5/10] END ...................n_neighbors=19;, score=0.672 total time=   1.4s
[CV 6/10] END ...................n_neighbors=19;, score=0.647 total time=   1.5s
[CV 7/10] END ...................n_neighbors=19;, score=0.617 total time=   1.5s
[CV 8/10] END ...................n_neighbors=19;, score=0.642 total time=   1.4s
[CV 9/10] END ...................n_neighbors=19;, score=0.642 total time=   1.4s
[CV 10/10] END ..................n_neighbors=19;, score=0.607 total time=   1.5s
[CV 1/10] END ...................n_neighbors=20;, score=0.649 total time=   1.5s
[CV 2/10] END ...................n_neighbors=20;, score=0.642 total time=   1.5s
[CV 3/10] END ...................n_neighbors=20;, score=0.632 total time=   1.4s
[CV 4/10] END ...................n_neighbors=20;, score=0.607 total time=   1.5s
[CV 5/10] END ...................n_neighbors=20;, score=0.657 total time=   1.5s
[CV 6/10] END ...................n_neighbors=20;, score=0.637 total time=   1.4s
[CV 7/10] END ...................n_neighbors=20;, score=0.607 total time=   1.5s
[CV 8/10] END ...................n_neighbors=20;, score=0.632 total time=   1.4s
[CV 9/10] END ...................n_neighbors=20;, score=0.637 total time=   1.4s
[CV 10/10] END ..................n_neighbors=20;, score=0.602 total time=   1.4s
[CV 1/10] END ...................n_neighbors=21;, score=0.649 total time=   1.5s
[CV 2/10] END ...................n_neighbors=21;, score=0.642 total time=   1.4s
[CV 3/10] END ...................n_neighbors=21;, score=0.632 total time=   1.5s
[CV 4/10] END ...................n_neighbors=21;, score=0.607 total time=   1.5s
[CV 5/10] END ...................n_neighbors=21;, score=0.657 total time=   1.5s
[CV 6/10] END ...................n_neighbors=21;, score=0.632 total time=   1.4s
[CV 7/10] END ...................n_neighbors=21;, score=0.617 total time=   1.5s
[CV 8/10] END ...................n_neighbors=21;, score=0.637 total time=   1.4s
[CV 9/10] END ...................n_neighbors=21;, score=0.637 total time=   1.4s
[CV 10/10] END ..................n_neighbors=21;, score=0.607 total time=   1.4s
[CV 1/10] END ...................n_neighbors=22;, score=0.649 total time=   1.5s
[CV 2/10] END ...................n_neighbors=22;, score=0.632 total time=   1.5s
[CV 3/10] END ...................n_neighbors=22;, score=0.622 total time=   1.4s
[CV 4/10] END ...................n_neighbors=22;, score=0.602 total time=   1.5s
[CV 5/10] END ...................n_neighbors=22;, score=0.652 total time=   1.5s
[CV 6/10] END ...................n_neighbors=22;, score=0.632 total time=   1.5s
[CV 7/10] END ...................n_neighbors=22;, score=0.602 total time=   1.4s
[CV 8/10] END ...................n_neighbors=22;, score=0.637 total time=   1.4s
[CV 9/10] END ...................n_neighbors=22;, score=0.632 total time=   1.4s
[CV 10/10] END ..................n_neighbors=22;, score=0.607 total time=   1.4s
[CV 1/10] END ...................n_neighbors=23;, score=0.649 total time=   1.5s
[CV 2/10] END ...................n_neighbors=23;, score=0.642 total time=   1.4s
[CV 3/10] END ...................n_neighbors=23;, score=0.622 total time=   1.4s
[CV 4/10] END ...................n_neighbors=23;, score=0.597 total time=   1.4s
[CV 5/10] END ...................n_neighbors=23;, score=0.652 total time=   1.5s
[CV 6/10] END ...................n_neighbors=23;, score=0.632 total time=   1.4s
[CV 7/10] END ...................n_neighbors=23;, score=0.597 total time=   1.4s
[CV 8/10] END ...................n_neighbors=23;, score=0.637 total time=   1.4s
[CV 9/10] END ...................n_neighbors=23;, score=0.642 total time=   1.4s
[CV 10/10] END ..................n_neighbors=23;, score=0.602 total time=   1.5s
[CV 1/10] END ...................n_neighbors=24;, score=0.644 total time=   1.4s
[CV 2/10] END ...................n_neighbors=24;, score=0.627 total time=   1.4s
[CV 3/10] END ...................n_neighbors=24;, score=0.607 total time=   1.4s
[CV 4/10] END ...................n_neighbors=24;, score=0.597 total time=   1.5s
[CV 5/10] END ...................n_neighbors=24;, score=0.642 total time=   1.4s
[CV 6/10] END ...................n_neighbors=24;, score=0.627 total time=   1.4s
[CV 7/10] END ...................n_neighbors=24;, score=0.582 total time=   1.4s
[CV 8/10] END ...................n_neighbors=24;, score=0.632 total time=   1.4s
[CV 9/10] END ...................n_neighbors=24;, score=0.622 total time=   1.4s
[CV 10/10] END ..................n_neighbors=24;, score=0.587 total time=   1.5s
[CV 1/10] END ...................n_neighbors=25;, score=0.653 total time=   1.4s
[CV 2/10] END ...................n_neighbors=25;, score=0.642 total time=   1.4s
[CV 3/10] END ...................n_neighbors=25;, score=0.602 total time=   1.4s
[CV 4/10] END ...................n_neighbors=25;, score=0.592 total time=   1.4s
[CV 5/10] END ...................n_neighbors=25;, score=0.642 total time=   1.4s
[CV 6/10] END ...................n_neighbors=25;, score=0.632 total time=   1.5s
[CV 7/10] END ...................n_neighbors=25;, score=0.577 total time=   1.4s
[CV 8/10] END ...................n_neighbors=25;, score=0.637 total time=   1.4s
[CV 9/10] END ...................n_neighbors=25;, score=0.607 total time=   1.4s
[CV 10/10] END ..................n_neighbors=25;, score=0.597 total time=   1.4s
[CV 1/10] END ...................n_neighbors=26;, score=0.629 total time=   1.5s
[CV 2/10] END ...................n_neighbors=26;, score=0.622 total time=   1.4s
[CV 3/10] END ...................n_neighbors=26;, score=0.607 total time=   1.4s
[CV 4/10] END ...................n_neighbors=26;, score=0.587 total time=   1.4s
[CV 5/10] END ...................n_neighbors=26;, score=0.632 total time=   1.4s
[CV 6/10] END ...................n_neighbors=26;, score=0.622 total time=   1.4s
[CV 7/10] END ...................n_neighbors=26;, score=0.577 total time=   1.4s
[CV 8/10] END ...................n_neighbors=26;, score=0.637 total time=   1.4s
[CV 9/10] END ...................n_neighbors=26;, score=0.597 total time=   1.4s
[CV 10/10] END ..................n_neighbors=26;, score=0.587 total time=   1.5s
[CV 1/10] END ...................n_neighbors=27;, score=0.624 total time=   1.4s
[CV 2/10] END ...................n_neighbors=27;, score=0.627 total time=   1.4s
[CV 3/10] END ...................n_neighbors=27;, score=0.607 total time=   1.4s
[CV 4/10] END ...................n_neighbors=27;, score=0.587 total time=   1.4s
[CV 5/10] END ...................n_neighbors=27;, score=0.627 total time=   1.4s
[CV 6/10] END ...................n_neighbors=27;, score=0.627 total time=   1.5s
[CV 7/10] END ...................n_neighbors=27;, score=0.572 total time=   1.4s
[CV 8/10] END ...................n_neighbors=27;, score=0.627 total time=   1.4s
[CV 9/10] END ...................n_neighbors=27;, score=0.597 total time=   1.4s
[CV 10/10] END ..................n_neighbors=27;, score=0.582 total time=   1.4s
[CV 1/10] END ...................n_neighbors=28;, score=0.624 total time=   1.5s
[CV 2/10] END ...................n_neighbors=28;, score=0.612 total time=   1.4s
[CV 3/10] END ...................n_neighbors=28;, score=0.597 total time=   1.5s
[CV 4/10] END ...................n_neighbors=28;, score=0.582 total time=   1.4s
[CV 5/10] END ...................n_neighbors=28;, score=0.627 total time=   1.5s
[CV 6/10] END ...................n_neighbors=28;, score=0.617 total time=   1.4s
[CV 7/10] END ...................n_neighbors=28;, score=0.562 total time=   1.5s
[CV 8/10] END ...................n_neighbors=28;, score=0.617 total time=   1.4s
[CV 9/10] END ...................n_neighbors=28;, score=0.602 total time=   1.4s
[CV 10/10] END ..................n_neighbors=28;, score=0.582 total time=   1.4s
[CV 1/10] END ...................n_neighbors=29;, score=0.619 total time=   1.4s
[CV 2/10] END ...................n_neighbors=29;, score=0.617 total time=   1.4s
[CV 3/10] END ...................n_neighbors=29;, score=0.592 total time=   1.4s
[CV 4/10] END ...................n_neighbors=29;, score=0.577 total time=   1.4s
[CV 5/10] END ...................n_neighbors=29;, score=0.627 total time=   1.4s
[CV 6/10] END ...................n_neighbors=29;, score=0.617 total time=   1.4s
[CV 7/10] END ...................n_neighbors=29;, score=0.567 total time=   1.5s
[CV 8/10] END ...................n_neighbors=29;, score=0.632 total time=   1.5s
[CV 9/10] END ...................n_neighbors=29;, score=0.597 total time=   1.4s
[CV 10/10] END ..................n_neighbors=29;, score=0.572 total time=   1.4s
[CV 1/10] END ...................n_neighbors=30;, score=0.624 total time=   1.4s
[CV 2/10] END ...................n_neighbors=30;, score=0.617 total time=   1.4s
[CV 3/10] END ...................n_neighbors=30;, score=0.587 total time=   1.4s
[CV 4/10] END ...................n_neighbors=30;, score=0.577 total time=   1.5s
[CV 5/10] END ...................n_neighbors=30;, score=0.622 total time=   1.5s
[CV 6/10] END ...................n_neighbors=30;, score=0.617 total time=   1.4s
[CV 7/10] END ...................n_neighbors=30;, score=0.562 total time=   1.4s
[CV 8/10] END ...................n_neighbors=30;, score=0.632 total time=   1.4s
[CV 9/10] END ...................n_neighbors=30;, score=0.602 total time=   1.4s
[CV 10/10] END ..................n_neighbors=30;, score=0.582 total time=   1.5s
0.9204374168760161
{'n_neighbors': 1}
