Epoch 1/10

  1/260 [..............................] - ETA: 3:35 - loss: 3.4837 - accuracy: 0.6875
  4/260 [..............................] - ETA: 4s - loss: 31.3681 - accuracy: 0.5312 
  7/260 [..............................] - ETA: 4s - loss: 21.8923 - accuracy: 0.5893
 11/260 [>.............................] - ETA: 3s - loss: 16.7687 - accuracy: 0.5795
 15/260 [>.............................] - ETA: 3s - loss: 13.0466 - accuracy: 0.5708
 18/260 [=>............................] - ETA: 3s - loss: 11.0097 - accuracy: 0.6007
 22/260 [=>............................] - ETA: 3s - loss: 9.1012 - accuracy: 0.6250 
 26/260 [==>...........................] - ETA: 3s - loss: 7.7978 - accuracy: 0.6322
 30/260 [==>...........................] - ETA: 3s - loss: 6.8247 - accuracy: 0.6521
 34/260 [==>...........................] - ETA: 3s - loss: 6.0807 - accuracy: 0.6710
 38/260 [===>..........................] - ETA: 3s - loss: 5.4994 - accuracy: 0.6826
 42/260 [===>..........................] - ETA: 3s - loss: 5.0163 - accuracy: 0.6949
 46/260 [====>.........................] - ETA: 3s - loss: 4.6496 - accuracy: 0.6957
 50/260 [====>.........................] - ETA: 3s - loss: 4.3121 - accuracy: 0.7088
 54/260 [=====>........................] - ETA: 3s - loss: 4.0209 - accuracy: 0.7153
 58/260 [=====>........................] - ETA: 3s - loss: 3.7670 - accuracy: 0.7241
 61/260 [======>.......................] - ETA: 3s - loss: 3.6130 - accuracy: 0.7223
 65/260 [======>.......................] - ETA: 3s - loss: 3.4103 - accuracy: 0.7298
 69/260 [======>.......................] - ETA: 3s - loss: 3.2361 - accuracy: 0.7337
 73/260 [=======>......................] - ETA: 3s - loss: 3.0811 - accuracy: 0.7389
 77/260 [=======>......................] - ETA: 2s - loss: 2.9456 - accuracy: 0.7386
 81/260 [========>.....................] - ETA: 2s - loss: 2.8226 - accuracy: 0.7392
 84/260 [========>.....................] - ETA: 2s - loss: 2.7316 - accuracy: 0.7448
 88/260 [=========>....................] - ETA: 2s - loss: 2.6201 - accuracy: 0.7514
 92/260 [=========>....................] - ETA: 2s - loss: 2.5208 - accuracy: 0.7575
 96/260 [==========>...................] - ETA: 2s - loss: 2.4302 - accuracy: 0.7598
100/260 [==========>...................] - ETA: 2s - loss: 2.3536 - accuracy: 0.7625
104/260 [===========>..................] - ETA: 2s - loss: 2.2762 - accuracy: 0.7644
107/260 [===========>..................] - ETA: 2s - loss: 2.2188 - accuracy: 0.7675
111/260 [===========>..................] - ETA: 2s - loss: 2.1485 - accuracy: 0.7714
115/260 [============>.................] - ETA: 2s - loss: 2.0831 - accuracy: 0.7761
119/260 [============>.................] - ETA: 2s - loss: 2.0228 - accuracy: 0.7799
123/260 [=============>................] - ETA: 2s - loss: 1.9656 - accuracy: 0.7825
127/260 [=============>................] - ETA: 2s - loss: 1.9150 - accuracy: 0.7840
131/260 [==============>...............] - ETA: 2s - loss: 1.8665 - accuracy: 0.7863
135/260 [==============>...............] - ETA: 2s - loss: 1.8221 - accuracy: 0.7875
139/260 [===============>..............] - ETA: 1s - loss: 1.7758 - accuracy: 0.7914
143/260 [===============>..............] - ETA: 1s - loss: 1.7344 - accuracy: 0.7937
147/260 [===============>..............] - ETA: 1s - loss: 1.6981 - accuracy: 0.7938
151/260 [================>.............] - ETA: 1s - loss: 1.6594 - accuracy: 0.7964
155/260 [================>.............] - ETA: 1s - loss: 1.6297 - accuracy: 0.7956
159/260 [=================>............] - ETA: 1s - loss: 1.5971 - accuracy: 0.7980
163/260 [=================>............] - ETA: 1s - loss: 1.5642 - accuracy: 0.8010
168/260 [==================>...........] - ETA: 1s - loss: 1.5259 - accuracy: 0.8036
172/260 [==================>...........] - ETA: 1s - loss: 1.4960 - accuracy: 0.8052
176/260 [===================>..........] - ETA: 1s - loss: 1.4704 - accuracy: 0.8050
180/260 [===================>..........] - ETA: 1s - loss: 1.4455 - accuracy: 0.8049
184/260 [====================>.........] - ETA: 1s - loss: 1.4212 - accuracy: 0.8060
187/260 [====================>.........] - ETA: 1s - loss: 1.4010 - accuracy: 0.8082
192/260 [=====================>........] - ETA: 1s - loss: 1.3726 - accuracy: 0.8105
195/260 [=====================>........] - ETA: 1s - loss: 1.3593 - accuracy: 0.8109
199/260 [=====================>........] - ETA: 0s - loss: 1.3354 - accuracy: 0.8128
203/260 [======================>.......] - ETA: 0s - loss: 1.3154 - accuracy: 0.8134
207/260 [======================>.......] - ETA: 0s - loss: 1.2927 - accuracy: 0.8164
211/260 [=======================>......] - ETA: 0s - loss: 1.2727 - accuracy: 0.8169
215/260 [=======================>......] - ETA: 0s - loss: 1.2518 - accuracy: 0.8192
220/260 [========================>.....] - ETA: 0s - loss: 1.2328 - accuracy: 0.8202
224/260 [========================>.....] - ETA: 0s - loss: 1.2144 - accuracy: 0.8225
228/260 [=========================>....] - ETA: 0s - loss: 1.1992 - accuracy: 0.8246
232/260 [=========================>....] - ETA: 0s - loss: 1.1811 - accuracy: 0.8260
236/260 [==========================>...] - ETA: 0s - loss: 1.1637 - accuracy: 0.8279
239/260 [==========================>...] - ETA: 0s - loss: 1.1514 - accuracy: 0.8295
243/260 [===========================>..] - ETA: 0s - loss: 1.1373 - accuracy: 0.8302
247/260 [===========================>..] - ETA: 0s - loss: 1.1220 - accuracy: 0.8320
251/260 [===========================>..] - ETA: 0s - loss: 1.1096 - accuracy: 0.8329
254/260 [============================>.] - ETA: 0s - loss: 1.0986 - accuracy: 0.8337
258/260 [============================>.] - ETA: 0s - loss: 1.0867 - accuracy: 0.8336
260/260 [==============================] - 5s 17ms/step - loss: 1.0810 - accuracy: 0.8342 - val_loss: 0.2289 - val_accuracy: 0.8951
Epoch 2/10

  1/260 [..............................] - ETA: 4s - loss: 0.2711 - accuracy: 0.9375
  5/260 [..............................] - ETA: 4s - loss: 0.1966 - accuracy: 0.9250
  9/260 [>.............................] - ETA: 3s - loss: 0.2024 - accuracy: 0.9097
 13/260 [>.............................] - ETA: 3s - loss: 0.2312 - accuracy: 0.9038
 16/260 [>.............................] - ETA: 3s - loss: 0.2481 - accuracy: 0.8906
 20/260 [=>............................] - ETA: 3s - loss: 0.2476 - accuracy: 0.8875
 24/260 [=>............................] - ETA: 3s - loss: 0.2317 - accuracy: 0.8958
 28/260 [==>...........................] - ETA: 3s - loss: 0.2165 - accuracy: 0.9040
 32/260 [==>...........................] - ETA: 3s - loss: 0.2026 - accuracy: 0.9141
 35/260 [===>..........................] - ETA: 3s - loss: 0.1901 - accuracy: 0.9196
 39/260 [===>..........................] - ETA: 3s - loss: 0.2013 - accuracy: 0.9135
 43/260 [===>..........................] - ETA: 3s - loss: 0.1939 - accuracy: 0.9172
 47/260 [====>.........................] - ETA: 3s - loss: 0.2104 - accuracy: 0.9109
 51/260 [====>.........................] - ETA: 3s - loss: 0.2045 - accuracy: 0.9130
 55/260 [=====>........................] - ETA: 3s - loss: 0.2058 - accuracy: 0.9102
 59/260 [=====>........................] - ETA: 3s - loss: 0.1999 - accuracy: 0.9121
 62/260 [======>.......................] - ETA: 3s - loss: 0.2068 - accuracy: 0.9103
 66/260 [======>.......................] - ETA: 3s - loss: 0.2085 - accuracy: 0.9091
 70/260 [=======>......................] - ETA: 2s - loss: 0.2073 - accuracy: 0.9089
 74/260 [=======>......................] - ETA: 2s - loss: 0.2136 - accuracy: 0.9062
 77/260 [=======>......................] - ETA: 2s - loss: 0.2117 - accuracy: 0.9067
 81/260 [========>.....................] - ETA: 2s - loss: 0.2132 - accuracy: 0.9059
 85/260 [========>.....................] - ETA: 2s - loss: 0.2187 - accuracy: 0.9051
 89/260 [=========>....................] - ETA: 2s - loss: 0.2220 - accuracy: 0.9045
 93/260 [=========>....................] - ETA: 2s - loss: 0.2228 - accuracy: 0.9039
 97/260 [==========>...................] - ETA: 2s - loss: 0.2214 - accuracy: 0.9059
101/260 [==========>...................] - ETA: 2s - loss: 0.2261 - accuracy: 0.9035
105/260 [===========>..................] - ETA: 2s - loss: 0.2231 - accuracy: 0.9036
109/260 [===========>..................] - ETA: 2s - loss: 0.2187 - accuracy: 0.9060
112/260 [===========>..................] - ETA: 2s - loss: 0.2149 - accuracy: 0.9074
116/260 [============>.................] - ETA: 2s - loss: 0.2122 - accuracy: 0.9079
120/260 [============>.................] - ETA: 2s - loss: 0.2107 - accuracy: 0.9094
124/260 [=============>................] - ETA: 2s - loss: 0.2089 - accuracy: 0.9098
128/260 [=============>................] - ETA: 2s - loss: 0.2087 - accuracy: 0.9097
132/260 [==============>...............] - ETA: 1s - loss: 0.2091 - accuracy: 0.9086
136/260 [==============>...............] - ETA: 1s - loss: 0.2091 - accuracy: 0.9090
140/260 [===============>..............] - ETA: 1s - loss: 0.2063 - accuracy: 0.9103
144/260 [===============>..............] - ETA: 1s - loss: 0.2048 - accuracy: 0.9106
149/260 [================>.............] - ETA: 1s - loss: 0.2052 - accuracy: 0.9107
153/260 [================>.............] - ETA: 1s - loss: 0.2065 - accuracy: 0.9101
157/260 [=================>............] - ETA: 1s - loss: 0.2061 - accuracy: 0.9112
161/260 [=================>............] - ETA: 1s - loss: 0.2031 - accuracy: 0.9127
165/260 [==================>...........] - ETA: 1s - loss: 0.2014 - accuracy: 0.9133
169/260 [==================>...........] - ETA: 1s - loss: 0.1984 - accuracy: 0.9146
173/260 [==================>...........] - ETA: 1s - loss: 0.1971 - accuracy: 0.9147
177/260 [===================>..........] - ETA: 1s - loss: 0.1968 - accuracy: 0.9145
180/260 [===================>..........] - ETA: 1s - loss: 0.2012 - accuracy: 0.9132
184/260 [====================>.........] - ETA: 1s - loss: 0.2018 - accuracy: 0.9127
188/260 [====================>.........] - ETA: 1s - loss: 0.2044 - accuracy: 0.9122
192/260 [=====================>........] - ETA: 1s - loss: 0.2034 - accuracy: 0.9131
196/260 [=====================>........] - ETA: 0s - loss: 0.2039 - accuracy: 0.9133
200/260 [======================>.......] - ETA: 0s - loss: 0.2021 - accuracy: 0.9137
204/260 [======================>.......] - ETA: 0s - loss: 0.2033 - accuracy: 0.9130
208/260 [=======================>......] - ETA: 0s - loss: 0.2020 - accuracy: 0.9138
212/260 [=======================>......] - ETA: 0s - loss: 0.2017 - accuracy: 0.9139
215/260 [=======================>......] - ETA: 0s - loss: 0.1997 - accuracy: 0.9145
219/260 [========================>.....] - ETA: 0s - loss: 0.1998 - accuracy: 0.9141
223/260 [========================>.....] - ETA: 0s - loss: 0.1997 - accuracy: 0.9145
227/260 [=========================>....] - ETA: 0s - loss: 0.1982 - accuracy: 0.9157
231/260 [=========================>....] - ETA: 0s - loss: 0.1967 - accuracy: 0.9164
235/260 [==========================>...] - ETA: 0s - loss: 0.1951 - accuracy: 0.9170
239/260 [==========================>...] - ETA: 0s - loss: 0.1936 - accuracy: 0.9179
243/260 [===========================>..] - ETA: 0s - loss: 0.1920 - accuracy: 0.9187
247/260 [===========================>..] - ETA: 0s - loss: 0.1906 - accuracy: 0.9195
251/260 [===========================>..] - ETA: 0s - loss: 0.1899 - accuracy: 0.9201
254/260 [============================>.] - ETA: 0s - loss: 0.1909 - accuracy: 0.9198
258/260 [============================>.] - ETA: 0s - loss: 0.1932 - accuracy: 0.9188
260/260 [==============================] - 4s 17ms/step - loss: 0.1937 - accuracy: 0.9187 - val_loss: 0.1444 - val_accuracy: 0.9403
Epoch 3/10

  1/260 [..............................] - ETA: 4s - loss: 0.0676 - accuracy: 1.0000
  4/260 [..............................] - ETA: 5s - loss: 0.1515 - accuracy: 0.9531
  8/260 [..............................] - ETA: 4s - loss: 0.1475 - accuracy: 0.9297
 12/260 [>.............................] - ETA: 3s - loss: 0.1543 - accuracy: 0.9219
 15/260 [>.............................] - ETA: 4s - loss: 0.1792 - accuracy: 0.9167
 19/260 [=>............................] - ETA: 3s - loss: 0.1726 - accuracy: 0.9211
 23/260 [=>............................] - ETA: 3s - loss: 0.1521 - accuracy: 0.9321
 27/260 [==>...........................] - ETA: 3s - loss: 0.1375 - accuracy: 0.9398
 31/260 [==>...........................] - ETA: 3s - loss: 0.1294 - accuracy: 0.9435
 35/260 [===>..........................] - ETA: 3s - loss: 0.1236 - accuracy: 0.9446
 39/260 [===>..........................] - ETA: 3s - loss: 0.1225 - accuracy: 0.9439
 43/260 [===>..........................] - ETA: 3s - loss: 0.1166 - accuracy: 0.9477
 47/260 [====>.........................] - ETA: 3s - loss: 0.1224 - accuracy: 0.9455
 51/260 [====>.........................] - ETA: 3s - loss: 0.1205 - accuracy: 0.9461
 55/260 [=====>........................] - ETA: 3s - loss: 0.1208 - accuracy: 0.9455
 59/260 [=====>........................] - ETA: 3s - loss: 0.1157 - accuracy: 0.9481
 63/260 [======>.......................] - ETA: 3s - loss: 0.1166 - accuracy: 0.9474
 67/260 [======>.......................] - ETA: 3s - loss: 0.1213 - accuracy: 0.9478
 71/260 [=======>......................] - ETA: 2s - loss: 0.1205 - accuracy: 0.9472
 75/260 [=======>......................] - ETA: 2s - loss: 0.1203 - accuracy: 0.9475
 79/260 [========>.....................] - ETA: 2s - loss: 0.1220 - accuracy: 0.9486
 83/260 [========>.....................] - ETA: 2s - loss: 0.1221 - accuracy: 0.9495
 88/260 [=========>....................] - ETA: 2s - loss: 0.1263 - accuracy: 0.9482
 92/260 [=========>....................] - ETA: 2s - loss: 0.1253 - accuracy: 0.9477
 96/260 [==========>...................] - ETA: 2s - loss: 0.1228 - accuracy: 0.9486
100/260 [==========>...................] - ETA: 2s - loss: 0.1229 - accuracy: 0.9488
104/260 [===========>..................] - ETA: 2s - loss: 0.1241 - accuracy: 0.9489
108/260 [===========>..................] - ETA: 2s - loss: 0.1207 - accuracy: 0.9508
112/260 [===========>..................] - ETA: 2s - loss: 0.1201 - accuracy: 0.9503
116/260 [============>.................] - ETA: 2s - loss: 0.1198 - accuracy: 0.9499
120/260 [============>.................] - ETA: 2s - loss: 0.1203 - accuracy: 0.9500
124/260 [=============>................] - ETA: 2s - loss: 0.1191 - accuracy: 0.9501
128/260 [=============>................] - ETA: 2s - loss: 0.1175 - accuracy: 0.9502
132/260 [==============>...............] - ETA: 1s - loss: 0.1164 - accuracy: 0.9508
136/260 [==============>...............] - ETA: 1s - loss: 0.1150 - accuracy: 0.9508
140/260 [===============>..............] - ETA: 1s - loss: 0.1132 - accuracy: 0.9518
143/260 [===============>..............] - ETA: 1s - loss: 0.1133 - accuracy: 0.9524
148/260 [================>.............] - ETA: 1s - loss: 0.1168 - accuracy: 0.9514
151/260 [================>.............] - ETA: 1s - loss: 0.1168 - accuracy: 0.9516
155/260 [================>.............] - ETA: 1s - loss: 0.1166 - accuracy: 0.9516
159/260 [=================>............] - ETA: 1s - loss: 0.1159 - accuracy: 0.9520
163/260 [=================>............] - ETA: 1s - loss: 0.1154 - accuracy: 0.9521
167/260 [==================>...........] - ETA: 1s - loss: 0.1146 - accuracy: 0.9528
170/260 [==================>...........] - ETA: 1s - loss: 0.1132 - accuracy: 0.9537
174/260 [===================>..........] - ETA: 1s - loss: 0.1140 - accuracy: 0.9529
177/260 [===================>..........] - ETA: 1s - loss: 0.1130 - accuracy: 0.9537
181/260 [===================>..........] - ETA: 1s - loss: 0.1155 - accuracy: 0.9530
185/260 [====================>.........] - ETA: 1s - loss: 0.1146 - accuracy: 0.9537
189/260 [====================>.........] - ETA: 1s - loss: 0.1144 - accuracy: 0.9537
193/260 [=====================>........] - ETA: 1s - loss: 0.1136 - accuracy: 0.9540
197/260 [=====================>........] - ETA: 0s - loss: 0.1141 - accuracy: 0.9540
201/260 [======================>.......] - ETA: 0s - loss: 0.1135 - accuracy: 0.9543
204/260 [======================>.......] - ETA: 0s - loss: 0.1139 - accuracy: 0.9544
209/260 [=======================>......] - ETA: 0s - loss: 0.1136 - accuracy: 0.9542
213/260 [=======================>......] - ETA: 0s - loss: 0.1131 - accuracy: 0.9539
217/260 [========================>.....] - ETA: 0s - loss: 0.1135 - accuracy: 0.9533
221/260 [========================>.....] - ETA: 0s - loss: 0.1130 - accuracy: 0.9539
225/260 [========================>.....] - ETA: 0s - loss: 0.1131 - accuracy: 0.9539
229/260 [=========================>....] - ETA: 0s - loss: 0.1136 - accuracy: 0.9541
233/260 [=========================>....] - ETA: 0s - loss: 0.1127 - accuracy: 0.9547
236/260 [==========================>...] - ETA: 0s - loss: 0.1118 - accuracy: 0.9552
240/260 [==========================>...] - ETA: 0s - loss: 0.1113 - accuracy: 0.9555
243/260 [===========================>..] - ETA: 0s - loss: 0.1108 - accuracy: 0.9558
248/260 [===========================>..] - ETA: 0s - loss: 0.1105 - accuracy: 0.9559
252/260 [============================>.] - ETA: 0s - loss: 0.1107 - accuracy: 0.9556
256/260 [============================>.] - ETA: 0s - loss: 0.1126 - accuracy: 0.9551
260/260 [==============================] - ETA: 0s - loss: 0.1140 - accuracy: 0.9543
260/260 [==============================] - 4s 17ms/step - loss: 0.1140 - accuracy: 0.9543 - val_loss: 0.1521 - val_accuracy: 0.9461
Epoch 4/10

  1/260 [..............................] - ETA: 3s - loss: 0.1976 - accuracy: 0.8750
  6/260 [..............................] - ETA: 3s - loss: 0.1680 - accuracy: 0.9583
 10/260 [>.............................] - ETA: 3s - loss: 0.1530 - accuracy: 0.9500
 14/260 [>.............................] - ETA: 3s - loss: 0.1265 - accuracy: 0.9598
 18/260 [=>............................] - ETA: 3s - loss: 0.1228 - accuracy: 0.9583
 22/260 [=>............................] - ETA: 3s - loss: 0.1130 - accuracy: 0.9574
 26/260 [==>...........................] - ETA: 3s - loss: 0.1045 - accuracy: 0.9591
 30/260 [==>...........................] - ETA: 3s - loss: 0.1010 - accuracy: 0.9604
 34/260 [==>...........................] - ETA: 3s - loss: 0.0931 - accuracy: 0.9632
 38/260 [===>..........................] - ETA: 3s - loss: 0.0911 - accuracy: 0.9638
 42/260 [===>..........................] - ETA: 3s - loss: 0.0895 - accuracy: 0.9628
 46/260 [====>.........................] - ETA: 3s - loss: 0.0924 - accuracy: 0.9606
 50/260 [====>.........................] - ETA: 3s - loss: 0.0878 - accuracy: 0.9625
 54/260 [=====>........................] - ETA: 3s - loss: 0.0875 - accuracy: 0.9606
 59/260 [=====>........................] - ETA: 3s - loss: 0.0902 - accuracy: 0.9608
 63/260 [======>.......................] - ETA: 2s - loss: 0.1039 - accuracy: 0.9593
 67/260 [======>.......................] - ETA: 2s - loss: 0.1073 - accuracy: 0.9580
 70/260 [=======>......................] - ETA: 2s - loss: 0.1136 - accuracy: 0.9545
 74/260 [=======>......................] - ETA: 2s - loss: 0.1155 - accuracy: 0.9535
 78/260 [========>.....................] - ETA: 2s - loss: 0.1147 - accuracy: 0.9535
 82/260 [========>.....................] - ETA: 2s - loss: 0.1152 - accuracy: 0.9527
 86/260 [========>.....................] - ETA: 2s - loss: 0.1206 - accuracy: 0.9506
 90/260 [=========>....................] - ETA: 2s - loss: 0.1187 - accuracy: 0.9507
 94/260 [=========>....................] - ETA: 2s - loss: 0.1176 - accuracy: 0.9508
 98/260 [==========>...................] - ETA: 2s - loss: 0.1174 - accuracy: 0.9509
102/260 [==========>...................] - ETA: 2s - loss: 0.1176 - accuracy: 0.9510
105/260 [===========>..................] - ETA: 2s - loss: 0.1187 - accuracy: 0.9500
109/260 [===========>..................] - ETA: 2s - loss: 0.1183 - accuracy: 0.9501
113/260 [============>.................] - ETA: 2s - loss: 0.1173 - accuracy: 0.9508
117/260 [============>.................] - ETA: 2s - loss: 0.1163 - accuracy: 0.9509
120/260 [============>.................] - ETA: 2s - loss: 0.1160 - accuracy: 0.9510
124/260 [=============>................] - ETA: 2s - loss: 0.1211 - accuracy: 0.9516
128/260 [=============>................] - ETA: 2s - loss: 0.1200 - accuracy: 0.9517
132/260 [==============>...............] - ETA: 1s - loss: 0.1192 - accuracy: 0.9522
136/260 [==============>...............] - ETA: 1s - loss: 0.1199 - accuracy: 0.9517
140/260 [===============>..............] - ETA: 1s - loss: 0.1206 - accuracy: 0.9522
145/260 [===============>..............] - ETA: 1s - loss: 0.1198 - accuracy: 0.9526
149/260 [================>.............] - ETA: 1s - loss: 0.1233 - accuracy: 0.9509
152/260 [================>.............] - ETA: 1s - loss: 0.1241 - accuracy: 0.9507
156/260 [=================>............] - ETA: 1s - loss: 0.1237 - accuracy: 0.9511
160/260 [=================>............] - ETA: 1s - loss: 0.1231 - accuracy: 0.9516
165/260 [==================>...........] - ETA: 1s - loss: 0.1225 - accuracy: 0.9523
169/260 [==================>...........] - ETA: 1s - loss: 0.1201 - accuracy: 0.9534
172/260 [==================>...........] - ETA: 1s - loss: 0.1186 - accuracy: 0.9539
176/260 [===================>..........] - ETA: 1s - loss: 0.1207 - accuracy: 0.9531
180/260 [===================>..........] - ETA: 1s - loss: 0.1234 - accuracy: 0.9521
183/260 [====================>.........] - ETA: 1s - loss: 0.1229 - accuracy: 0.9525
188/260 [====================>.........] - ETA: 1s - loss: 0.1264 - accuracy: 0.9525
192/260 [=====================>........] - ETA: 1s - loss: 0.1272 - accuracy: 0.9521
196/260 [=====================>........] - ETA: 0s - loss: 0.1264 - accuracy: 0.9525
200/260 [======================>.......] - ETA: 0s - loss: 0.1248 - accuracy: 0.9531
204/260 [======================>.......] - ETA: 0s - loss: 0.1268 - accuracy: 0.9525
207/260 [======================>.......] - ETA: 0s - loss: 0.1272 - accuracy: 0.9526
212/260 [=======================>......] - ETA: 0s - loss: 0.1279 - accuracy: 0.9522
215/260 [=======================>......] - ETA: 0s - loss: 0.1263 - accuracy: 0.9529
219/260 [========================>.....] - ETA: 0s - loss: 0.1253 - accuracy: 0.9532
223/260 [========================>.....] - ETA: 0s - loss: 0.1267 - accuracy: 0.9526
227/260 [=========================>....] - ETA: 0s - loss: 0.1254 - accuracy: 0.9535
231/260 [=========================>....] - ETA: 0s - loss: 0.1253 - accuracy: 0.9529
235/260 [==========================>...] - ETA: 0s - loss: 0.1251 - accuracy: 0.9527
239/260 [==========================>...] - ETA: 0s - loss: 0.1240 - accuracy: 0.9529
242/260 [==========================>...] - ETA: 0s - loss: 0.1237 - accuracy: 0.9533
247/260 [===========================>..] - ETA: 0s - loss: 0.1226 - accuracy: 0.9534
250/260 [===========================>..] - ETA: 0s - loss: 0.1232 - accuracy: 0.9535
254/260 [============================>.] - ETA: 0s - loss: 0.1234 - accuracy: 0.9532
258/260 [============================>.] - ETA: 0s - loss: 0.1252 - accuracy: 0.9525
260/260 [==============================] - 4s 16ms/step - loss: 0.1252 - accuracy: 0.9524 - val_loss: 0.1281 - val_accuracy: 0.9490
Epoch 5/10

  1/260 [..............................] - ETA: 4s - loss: 0.0860 - accuracy: 1.0000
  4/260 [..............................] - ETA: 5s - loss: 0.1126 - accuracy: 0.9688
  8/260 [..............................] - ETA: 4s - loss: 0.0796 - accuracy: 0.9766
 12/260 [>.............................] - ETA: 3s - loss: 0.0958 - accuracy: 0.9740
 16/260 [>.............................] - ETA: 3s - loss: 0.0818 - accuracy: 0.9805
 20/260 [=>............................] - ETA: 3s - loss: 0.0788 - accuracy: 0.9812
 24/260 [=>............................] - ETA: 3s - loss: 0.0896 - accuracy: 0.9740
 29/260 [==>...........................] - ETA: 3s - loss: 0.0886 - accuracy: 0.9741
 32/260 [==>...........................] - ETA: 3s - loss: 0.0882 - accuracy: 0.9727
 36/260 [===>..........................] - ETA: 3s - loss: 0.0868 - accuracy: 0.9722
 40/260 [===>..........................] - ETA: 3s - loss: 0.0837 - accuracy: 0.9734
 44/260 [====>.........................] - ETA: 3s - loss: 0.0992 - accuracy: 0.9702
 49/260 [====>.........................] - ETA: 3s - loss: 0.1020 - accuracy: 0.9668
 53/260 [=====>........................] - ETA: 3s - loss: 0.1046 - accuracy: 0.9658
 57/260 [=====>........................] - ETA: 3s - loss: 0.1035 - accuracy: 0.9660
 61/260 [======>.......................] - ETA: 3s - loss: 0.1083 - accuracy: 0.9631
 65/260 [======>.......................] - ETA: 3s - loss: 0.1058 - accuracy: 0.9625
 68/260 [======>.......................] - ETA: 2s - loss: 0.1104 - accuracy: 0.9605
 72/260 [=======>......................] - ETA: 2s - loss: 0.1125 - accuracy: 0.9609
 75/260 [=======>......................] - ETA: 2s - loss: 0.1138 - accuracy: 0.9608
 79/260 [========>.....................] - ETA: 2s - loss: 0.1127 - accuracy: 0.9612
 83/260 [========>.....................] - ETA: 2s - loss: 0.1149 - accuracy: 0.9593
 87/260 [=========>....................] - ETA: 2s - loss: 0.1194 - accuracy: 0.9583
 91/260 [=========>....................] - ETA: 2s - loss: 0.1171 - accuracy: 0.9595
 95/260 [=========>....................] - ETA: 2s - loss: 0.1171 - accuracy: 0.9592
 99/260 [==========>...................] - ETA: 2s - loss: 0.1142 - accuracy: 0.9602
103/260 [==========>...................] - ETA: 2s - loss: 0.1152 - accuracy: 0.9587
107/260 [===========>..................] - ETA: 2s - loss: 0.1134 - accuracy: 0.9591
111/260 [===========>..................] - ETA: 2s - loss: 0.1110 - accuracy: 0.9595
115/260 [============>.................] - ETA: 2s - loss: 0.1134 - accuracy: 0.9587
119/260 [============>.................] - ETA: 2s - loss: 0.1128 - accuracy: 0.9590
123/260 [=============>................] - ETA: 2s - loss: 0.1130 - accuracy: 0.9588
127/260 [=============>................] - ETA: 2s - loss: 0.1130 - accuracy: 0.9587
131/260 [==============>...............] - ETA: 2s - loss: 0.1109 - accuracy: 0.9599
134/260 [==============>...............] - ETA: 1s - loss: 0.1088 - accuracy: 0.9608
138/260 [==============>...............] - ETA: 1s - loss: 0.1120 - accuracy: 0.9606
142/260 [===============>..............] - ETA: 1s - loss: 0.1098 - accuracy: 0.9608
146/260 [===============>..............] - ETA: 1s - loss: 0.1101 - accuracy: 0.9615
150/260 [================>.............] - ETA: 1s - loss: 0.1143 - accuracy: 0.9600
154/260 [================>.............] - ETA: 1s - loss: 0.1136 - accuracy: 0.9602
158/260 [=================>............] - ETA: 1s - loss: 0.1119 - accuracy: 0.9608
162/260 [=================>............] - ETA: 1s - loss: 0.1107 - accuracy: 0.9610
166/260 [==================>...........] - ETA: 1s - loss: 0.1104 - accuracy: 0.9612
169/260 [==================>...........] - ETA: 1s - loss: 0.1089 - accuracy: 0.9619
173/260 [==================>...........] - ETA: 1s - loss: 0.1083 - accuracy: 0.9621
177/260 [===================>..........] - ETA: 1s - loss: 0.1069 - accuracy: 0.9626
181/260 [===================>..........] - ETA: 1s - loss: 0.1086 - accuracy: 0.9617
185/260 [====================>.........] - ETA: 1s - loss: 0.1076 - accuracy: 0.9622
189/260 [====================>.........] - ETA: 1s - loss: 0.1075 - accuracy: 0.9623
193/260 [=====================>........] - ETA: 1s - loss: 0.1062 - accuracy: 0.9624
196/260 [=====================>........] - ETA: 1s - loss: 0.1050 - accuracy: 0.9630
201/260 [======================>.......] - ETA: 0s - loss: 0.1036 - accuracy: 0.9636
205/260 [======================>.......] - ETA: 0s - loss: 0.1041 - accuracy: 0.9634
209/260 [=======================>......] - ETA: 0s - loss: 0.1026 - accuracy: 0.9641
213/260 [=======================>......] - ETA: 0s - loss: 0.1020 - accuracy: 0.9639
217/260 [========================>.....] - ETA: 0s - loss: 0.1023 - accuracy: 0.9637
221/260 [========================>.....] - ETA: 0s - loss: 0.1034 - accuracy: 0.9630
225/260 [========================>.....] - ETA: 0s - loss: 0.1022 - accuracy: 0.9636
228/260 [=========================>....] - ETA: 0s - loss: 0.1014 - accuracy: 0.9641
232/260 [=========================>....] - ETA: 0s - loss: 0.1008 - accuracy: 0.9639
236/260 [==========================>...] - ETA: 0s - loss: 0.0998 - accuracy: 0.9645
240/260 [==========================>...] - ETA: 0s - loss: 0.0994 - accuracy: 0.9646
244/260 [===========================>..] - ETA: 0s - loss: 0.0989 - accuracy: 0.9647
248/260 [===========================>..] - ETA: 0s - loss: 0.0979 - accuracy: 0.9650
252/260 [============================>.] - ETA: 0s - loss: 0.0973 - accuracy: 0.9650
256/260 [============================>.] - ETA: 0s - loss: 0.0982 - accuracy: 0.9648
259/260 [============================>.] - ETA: 0s - loss: 0.0991 - accuracy: 0.9640
260/260 [==============================] - 4s 17ms/step - loss: 0.0990 - accuracy: 0.9639 - val_loss: 0.0925 - val_accuracy: 0.9663
Epoch 6/10

  1/260 [..............................] - ETA: 4s - loss: 0.0451 - accuracy: 1.0000
  5/260 [..............................] - ETA: 4s - loss: 0.0501 - accuracy: 0.9875
  9/260 [>.............................] - ETA: 3s - loss: 0.0453 - accuracy: 0.9861
 13/260 [>.............................] - ETA: 3s - loss: 0.0466 - accuracy: 0.9856
 16/260 [>.............................] - ETA: 3s - loss: 0.0579 - accuracy: 0.9844
 20/260 [=>............................] - ETA: 3s - loss: 0.0576 - accuracy: 0.9844
 24/260 [=>............................] - ETA: 3s - loss: 0.0499 - accuracy: 0.9870
 27/260 [==>...........................] - ETA: 3s - loss: 0.0476 - accuracy: 0.9884
 31/260 [==>...........................] - ETA: 3s - loss: 0.0470 - accuracy: 0.9879
 34/260 [==>...........................] - ETA: 3s - loss: 0.0446 - accuracy: 0.9890
 38/260 [===>..........................] - ETA: 3s - loss: 0.0443 - accuracy: 0.9885
 42/260 [===>..........................] - ETA: 3s - loss: 0.0527 - accuracy: 0.9881
 46/260 [====>.........................] - ETA: 3s - loss: 0.0540 - accuracy: 0.9878
 50/260 [====>.........................] - ETA: 3s - loss: 0.0520 - accuracy: 0.9875
 53/260 [=====>........................] - ETA: 3s - loss: 0.0603 - accuracy: 0.9835
 57/260 [=====>........................] - ETA: 3s - loss: 0.0618 - accuracy: 0.9825
 60/260 [=====>........................] - ETA: 3s - loss: 0.0614 - accuracy: 0.9823
 64/260 [======>.......................] - ETA: 3s - loss: 0.0614 - accuracy: 0.9824
 68/260 [======>.......................] - ETA: 3s - loss: 0.0684 - accuracy: 0.9798
 72/260 [=======>......................] - ETA: 2s - loss: 0.0684 - accuracy: 0.9800
 76/260 [=======>......................] - ETA: 2s - loss: 0.0696 - accuracy: 0.9786
 79/260 [========>.....................] - ETA: 2s - loss: 0.0688 - accuracy: 0.9778
 83/260 [========>.....................] - ETA: 2s - loss: 0.0685 - accuracy: 0.9782
 87/260 [=========>....................] - ETA: 2s - loss: 0.0686 - accuracy: 0.9777
 91/260 [=========>....................] - ETA: 2s - loss: 0.0681 - accuracy: 0.9773
 94/260 [=========>....................] - ETA: 2s - loss: 0.0690 - accuracy: 0.9767
 98/260 [==========>...................] - ETA: 2s - loss: 0.0691 - accuracy: 0.9764
102/260 [==========>...................] - ETA: 2s - loss: 0.0701 - accuracy: 0.9755
106/260 [===========>..................] - ETA: 2s - loss: 0.0681 - accuracy: 0.9764
110/260 [===========>..................] - ETA: 2s - loss: 0.0658 - accuracy: 0.9773
114/260 [============>.................] - ETA: 2s - loss: 0.0681 - accuracy: 0.9770
117/260 [============>.................] - ETA: 2s - loss: 0.0683 - accuracy: 0.9770
121/260 [============>.................] - ETA: 2s - loss: 0.0674 - accuracy: 0.9773
125/260 [=============>................] - ETA: 2s - loss: 0.0666 - accuracy: 0.9775
128/260 [=============>................] - ETA: 2s - loss: 0.0689 - accuracy: 0.9771
132/260 [==============>...............] - ETA: 2s - loss: 0.0679 - accuracy: 0.9773
136/260 [==============>...............] - ETA: 1s - loss: 0.0686 - accuracy: 0.9775
140/260 [===============>..............] - ETA: 1s - loss: 0.0693 - accuracy: 0.9768
144/260 [===============>..............] - ETA: 1s - loss: 0.0686 - accuracy: 0.9770
148/260 [================>.............] - ETA: 1s - loss: 0.0690 - accuracy: 0.9764
152/260 [================>.............] - ETA: 1s - loss: 0.0689 - accuracy: 0.9766
156/260 [=================>............] - ETA: 1s - loss: 0.0681 - accuracy: 0.9768
160/260 [=================>............] - ETA: 1s - loss: 0.0672 - accuracy: 0.9770
163/260 [=================>............] - ETA: 1s - loss: 0.0678 - accuracy: 0.9766
167/260 [==================>...........] - ETA: 1s - loss: 0.0672 - accuracy: 0.9768
171/260 [==================>...........] - ETA: 1s - loss: 0.0675 - accuracy: 0.9762
174/260 [===================>..........] - ETA: 1s - loss: 0.0680 - accuracy: 0.9759
178/260 [===================>..........] - ETA: 1s - loss: 0.0683 - accuracy: 0.9758
182/260 [====================>.........] - ETA: 1s - loss: 0.0692 - accuracy: 0.9756
186/260 [====================>.........] - ETA: 1s - loss: 0.0693 - accuracy: 0.9755
190/260 [====================>.........] - ETA: 1s - loss: 0.0692 - accuracy: 0.9753
194/260 [=====================>........] - ETA: 1s - loss: 0.0680 - accuracy: 0.9758
198/260 [=====================>........] - ETA: 0s - loss: 0.0679 - accuracy: 0.9754
202/260 [======================>.......] - ETA: 0s - loss: 0.0670 - accuracy: 0.9759
205/260 [======================>.......] - ETA: 0s - loss: 0.0666 - accuracy: 0.9759
209/260 [=======================>......] - ETA: 0s - loss: 0.0655 - accuracy: 0.9764
213/260 [=======================>......] - ETA: 0s - loss: 0.0646 - accuracy: 0.9768
217/260 [========================>.....] - ETA: 0s - loss: 0.0638 - accuracy: 0.9772
221/260 [========================>.....] - ETA: 0s - loss: 0.0631 - accuracy: 0.9774
225/260 [========================>.....] - ETA: 0s - loss: 0.0626 - accuracy: 0.9772
229/260 [=========================>....] - ETA: 0s - loss: 0.0622 - accuracy: 0.9773
233/260 [=========================>....] - ETA: 0s - loss: 0.0614 - accuracy: 0.9777
237/260 [==========================>...] - ETA: 0s - loss: 0.0610 - accuracy: 0.9778
241/260 [==========================>...] - ETA: 0s - loss: 0.0604 - accuracy: 0.9780
245/260 [===========================>..] - ETA: 0s - loss: 0.0597 - accuracy: 0.9783
249/260 [===========================>..] - ETA: 0s - loss: 0.0593 - accuracy: 0.9784
253/260 [============================>.] - ETA: 0s - loss: 0.0599 - accuracy: 0.9783
257/260 [============================>.] - ETA: 0s - loss: 0.0598 - accuracy: 0.9784
260/260 [==============================] - 4s 17ms/step - loss: 0.0598 - accuracy: 0.9781 - val_loss: 0.1178 - val_accuracy: 0.9509
Epoch 7/10

  1/260 [..............................] - ETA: 4s - loss: 0.0502 - accuracy: 1.0000
  5/260 [..............................] - ETA: 3s - loss: 0.0663 - accuracy: 0.9625
  9/260 [>.............................] - ETA: 3s - loss: 0.0491 - accuracy: 0.9792
 12/260 [>.............................] - ETA: 4s - loss: 0.0562 - accuracy: 0.9688
 16/260 [>.............................] - ETA: 3s - loss: 0.0515 - accuracy: 0.9727
 19/260 [=>............................] - ETA: 3s - loss: 0.0579 - accuracy: 0.9737
 23/260 [=>............................] - ETA: 3s - loss: 0.0515 - accuracy: 0.9783
 26/260 [==>...........................] - ETA: 3s - loss: 0.0485 - accuracy: 0.9808
 31/260 [==>...........................] - ETA: 3s - loss: 0.0433 - accuracy: 0.9839
 34/260 [==>...........................] - ETA: 3s - loss: 0.0412 - accuracy: 0.9853
 38/260 [===>..........................] - ETA: 3s - loss: 0.0439 - accuracy: 0.9836
 42/260 [===>..........................] - ETA: 3s - loss: 0.0413 - accuracy: 0.9851
 46/260 [====>.........................] - ETA: 3s - loss: 0.0432 - accuracy: 0.9837
 50/260 [====>.........................] - ETA: 3s - loss: 0.0421 - accuracy: 0.9837
 54/260 [=====>........................] - ETA: 3s - loss: 0.0435 - accuracy: 0.9838
 58/260 [=====>........................] - ETA: 3s - loss: 0.0448 - accuracy: 0.9838
 62/260 [======>.......................] - ETA: 3s - loss: 0.0462 - accuracy: 0.9819
 66/260 [======>.......................] - ETA: 3s - loss: 0.0466 - accuracy: 0.9811
 69/260 [======>.......................] - ETA: 3s - loss: 0.0460 - accuracy: 0.9810
 73/260 [=======>......................] - ETA: 2s - loss: 0.0454 - accuracy: 0.9812
 77/260 [=======>......................] - ETA: 2s - loss: 0.0497 - accuracy: 0.9797
 81/260 [========>.....................] - ETA: 2s - loss: 0.0517 - accuracy: 0.9792
 85/260 [========>.....................] - ETA: 2s - loss: 0.0528 - accuracy: 0.9779
 88/260 [=========>....................] - ETA: 2s - loss: 0.0517 - accuracy: 0.9787
 92/260 [=========>....................] - ETA: 2s - loss: 0.0506 - accuracy: 0.9789
 96/260 [==========>...................] - ETA: 2s - loss: 0.0509 - accuracy: 0.9785
100/260 [==========>...................] - ETA: 2s - loss: 0.0501 - accuracy: 0.9794
104/260 [===========>..................] - ETA: 2s - loss: 0.0494 - accuracy: 0.9802
107/260 [===========>..................] - ETA: 2s - loss: 0.0484 - accuracy: 0.9807
111/260 [===========>..................] - ETA: 2s - loss: 0.0469 - accuracy: 0.9814
115/260 [============>.................] - ETA: 2s - loss: 0.0469 - accuracy: 0.9810
119/260 [============>.................] - ETA: 2s - loss: 0.0459 - accuracy: 0.9816
123/260 [=============>................] - ETA: 2s - loss: 0.0460 - accuracy: 0.9812
127/260 [=============>................] - ETA: 2s - loss: 0.0472 - accuracy: 0.9808
131/260 [==============>...............] - ETA: 2s - loss: 0.0472 - accuracy: 0.9809
135/260 [==============>...............] - ETA: 1s - loss: 0.0462 - accuracy: 0.9815
139/260 [===============>..............] - ETA: 1s - loss: 0.0466 - accuracy: 0.9816
143/260 [===============>..............] - ETA: 1s - loss: 0.0456 - accuracy: 0.9821
147/260 [===============>..............] - ETA: 1s - loss: 0.0450 - accuracy: 0.9821
150/260 [================>.............] - ETA: 1s - loss: 0.0445 - accuracy: 0.9825
154/260 [================>.............] - ETA: 1s - loss: 0.0442 - accuracy: 0.9825
158/260 [=================>............] - ETA: 1s - loss: 0.0450 - accuracy: 0.9822
162/260 [=================>............] - ETA: 1s - loss: 0.0442 - accuracy: 0.9826
166/260 [==================>...........] - ETA: 1s - loss: 0.0440 - accuracy: 0.9827
170/260 [==================>...........] - ETA: 1s - loss: 0.0440 - accuracy: 0.9827
174/260 [===================>..........] - ETA: 1s - loss: 0.0436 - accuracy: 0.9828
178/260 [===================>..........] - ETA: 1s - loss: 0.0435 - accuracy: 0.9828
182/260 [====================>.........] - ETA: 1s - loss: 0.0457 - accuracy: 0.9821
186/260 [====================>.........] - ETA: 1s - loss: 0.0474 - accuracy: 0.9812
190/260 [====================>.........] - ETA: 1s - loss: 0.0479 - accuracy: 0.9809
194/260 [=====================>........] - ETA: 1s - loss: 0.0477 - accuracy: 0.9810
198/260 [=====================>........] - ETA: 0s - loss: 0.0472 - accuracy: 0.9814
202/260 [======================>.......] - ETA: 0s - loss: 0.0472 - accuracy: 0.9814
206/260 [======================>.......] - ETA: 0s - loss: 0.0499 - accuracy: 0.9809
209/260 [=======================>......] - ETA: 0s - loss: 0.0513 - accuracy: 0.9803
214/260 [=======================>......] - ETA: 0s - loss: 0.0515 - accuracy: 0.9798
218/260 [========================>.....] - ETA: 0s - loss: 0.0524 - accuracy: 0.9791
221/260 [========================>.....] - ETA: 0s - loss: 0.0537 - accuracy: 0.9791
225/260 [========================>.....] - ETA: 0s - loss: 0.0556 - accuracy: 0.9783
229/260 [=========================>....] - ETA: 0s - loss: 0.0557 - accuracy: 0.9782
233/260 [=========================>....] - ETA: 0s - loss: 0.0555 - accuracy: 0.9783
238/260 [==========================>...] - ETA: 0s - loss: 0.0574 - accuracy: 0.9782
243/260 [===========================>..] - ETA: 0s - loss: 0.0577 - accuracy: 0.9781
246/260 [===========================>..] - ETA: 0s - loss: 0.0576 - accuracy: 0.9782
250/260 [===========================>..] - ETA: 0s - loss: 0.0579 - accuracy: 0.9783
254/260 [============================>.] - ETA: 0s - loss: 0.0602 - accuracy: 0.9769
258/260 [============================>.] - ETA: 0s - loss: 0.0612 - accuracy: 0.9763
260/260 [==============================] - 4s 17ms/step - loss: 0.0617 - accuracy: 0.9762 - val_loss: 0.0980 - val_accuracy: 0.9625
Epoch 8/10

  1/260 [..............................] - ETA: 3s - loss: 0.0314 - accuracy: 1.0000
  5/260 [..............................] - ETA: 3s - loss: 0.0284 - accuracy: 1.0000
  8/260 [..............................] - ETA: 4s - loss: 0.0589 - accuracy: 0.9844
 12/260 [>.............................] - ETA: 4s - loss: 0.0512 - accuracy: 0.9844
 16/260 [>.............................] - ETA: 3s - loss: 0.0478 - accuracy: 0.9844
 20/260 [=>............................] - ETA: 3s - loss: 0.0469 - accuracy: 0.9844
 24/260 [=>............................] - ETA: 3s - loss: 0.0468 - accuracy: 0.9844
 27/260 [==>...........................] - ETA: 3s - loss: 0.0429 - accuracy: 0.9861
 31/260 [==>...........................] - ETA: 3s - loss: 0.0416 - accuracy: 0.9859
 35/260 [===>..........................] - ETA: 3s - loss: 0.0415 - accuracy: 0.9857
 39/260 [===>..........................] - ETA: 3s - loss: 0.0450 - accuracy: 0.9840
 43/260 [===>..........................] - ETA: 3s - loss: 0.0422 - accuracy: 0.9855
 46/260 [====>.........................] - ETA: 3s - loss: 0.0469 - accuracy: 0.9837
 50/260 [====>.........................] - ETA: 3s - loss: 0.0453 - accuracy: 0.9837
 54/260 [=====>........................] - ETA: 3s - loss: 0.0460 - accuracy: 0.9815
 58/260 [=====>........................] - ETA: 3s - loss: 0.0432 - accuracy: 0.9828
 62/260 [======>.......................] - ETA: 3s - loss: 0.0468 - accuracy: 0.9798
 65/260 [======>.......................] - ETA: 3s - loss: 0.0449 - accuracy: 0.9808
 69/260 [======>.......................] - ETA: 2s - loss: 0.0457 - accuracy: 0.9801
 73/260 [=======>......................] - ETA: 2s - loss: 0.0530 - accuracy: 0.9795
 77/260 [=======>......................] - ETA: 2s - loss: 0.0577 - accuracy: 0.9781
 81/260 [========>.....................] - ETA: 2s - loss: 0.0595 - accuracy: 0.9776
 85/260 [========>.....................] - ETA: 2s - loss: 0.0584 - accuracy: 0.9779
 89/260 [=========>....................] - ETA: 2s - loss: 0.0569 - accuracy: 0.9789
 93/260 [=========>....................] - ETA: 2s - loss: 0.0550 - accuracy: 0.9798
 96/260 [==========>...................] - ETA: 2s - loss: 0.0539 - accuracy: 0.9805
100/260 [==========>...................] - ETA: 2s - loss: 0.0547 - accuracy: 0.9794
104/260 [===========>..................] - ETA: 2s - loss: 0.0544 - accuracy: 0.9802
108/260 [===========>..................] - ETA: 2s - loss: 0.0530 - accuracy: 0.9809
111/260 [===========>..................] - ETA: 2s - loss: 0.0520 - accuracy: 0.9814
115/260 [============>.................] - ETA: 2s - loss: 0.0514 - accuracy: 0.9815
119/260 [============>.................] - ETA: 2s - loss: 0.0521 - accuracy: 0.9816
123/260 [=============>................] - ETA: 2s - loss: 0.0511 - accuracy: 0.9817
127/260 [=============>................] - ETA: 2s - loss: 0.0502 - accuracy: 0.9818
131/260 [==============>...............] - ETA: 2s - loss: 0.0494 - accuracy: 0.9823
135/260 [==============>...............] - ETA: 1s - loss: 0.0514 - accuracy: 0.9819
139/260 [===============>..............] - ETA: 1s - loss: 0.0504 - accuracy: 0.9825
143/260 [===============>..............] - ETA: 1s - loss: 0.0492 - accuracy: 0.9830
147/260 [===============>..............] - ETA: 1s - loss: 0.0508 - accuracy: 0.9826
152/260 [================>.............] - ETA: 1s - loss: 0.0509 - accuracy: 0.9823
155/260 [================>.............] - ETA: 1s - loss: 0.0503 - accuracy: 0.9827
159/260 [=================>............] - ETA: 1s - loss: 0.0509 - accuracy: 0.9819
163/260 [=================>............] - ETA: 1s - loss: 0.0504 - accuracy: 0.9820
167/260 [==================>...........] - ETA: 1s - loss: 0.0508 - accuracy: 0.9817
171/260 [==================>...........] - ETA: 1s - loss: 0.0503 - accuracy: 0.9817
175/260 [===================>..........] - ETA: 1s - loss: 0.0511 - accuracy: 0.9814
178/260 [===================>..........] - ETA: 1s - loss: 0.0508 - accuracy: 0.9814
183/260 [====================>.........] - ETA: 1s - loss: 0.0513 - accuracy: 0.9812
187/260 [====================>.........] - ETA: 1s - loss: 0.0506 - accuracy: 0.9813
191/260 [=====================>........] - ETA: 1s - loss: 0.0513 - accuracy: 0.9810
195/260 [=====================>........] - ETA: 1s - loss: 0.0511 - accuracy: 0.9811
199/260 [=====================>........] - ETA: 0s - loss: 0.0507 - accuracy: 0.9812
203/260 [======================>.......] - ETA: 0s - loss: 0.0513 - accuracy: 0.9812
207/260 [======================>.......] - ETA: 0s - loss: 0.0520 - accuracy: 0.9810
211/260 [=======================>......] - ETA: 0s - loss: 0.0516 - accuracy: 0.9810
214/260 [=======================>......] - ETA: 0s - loss: 0.0509 - accuracy: 0.9813
219/260 [========================>.....] - ETA: 0s - loss: 0.0509 - accuracy: 0.9812
222/260 [========================>.....] - ETA: 0s - loss: 0.0504 - accuracy: 0.9814
226/260 [=========================>....] - ETA: 0s - loss: 0.0500 - accuracy: 0.9817
230/260 [=========================>....] - ETA: 0s - loss: 0.0493 - accuracy: 0.9821
234/260 [==========================>...] - ETA: 0s - loss: 0.0486 - accuracy: 0.9824
238/260 [==========================>...] - ETA: 0s - loss: 0.0481 - accuracy: 0.9824
242/260 [==========================>...] - ETA: 0s - loss: 0.0474 - accuracy: 0.9827
246/260 [===========================>..] - ETA: 0s - loss: 0.0469 - accuracy: 0.9830
250/260 [===========================>..] - ETA: 0s - loss: 0.0462 - accuracy: 0.9833
254/260 [============================>.] - ETA: 0s - loss: 0.0460 - accuracy: 0.9833
258/260 [============================>.] - ETA: 0s - loss: 0.0463 - accuracy: 0.9833
260/260 [==============================] - 4s 17ms/step - loss: 0.0460 - accuracy: 0.9834 - val_loss: 0.1116 - val_accuracy: 0.9673
Epoch 9/10

  1/260 [..............................] - ETA: 4s - loss: 0.1602 - accuracy: 0.9375
  4/260 [..............................] - ETA: 5s - loss: 0.0772 - accuracy: 0.9688
  8/260 [..............................] - ETA: 4s - loss: 0.0415 - accuracy: 0.9844
 11/260 [>.............................] - ETA: 4s - loss: 0.0431 - accuracy: 0.9830
 15/260 [>.............................] - ETA: 4s - loss: 0.0416 - accuracy: 0.9833
 19/260 [=>............................] - ETA: 3s - loss: 0.0479 - accuracy: 0.9803
 23/260 [=>............................] - ETA: 3s - loss: 0.0470 - accuracy: 0.9810
 27/260 [==>...........................] - ETA: 3s - loss: 0.0407 - accuracy: 0.9838
 31/260 [==>...........................] - ETA: 3s - loss: 0.0373 - accuracy: 0.9839
 35/260 [===>..........................] - ETA: 3s - loss: 0.0344 - accuracy: 0.9857
 39/260 [===>..........................] - ETA: 3s - loss: 0.0326 - accuracy: 0.9872
 42/260 [===>..........................] - ETA: 3s - loss: 0.0306 - accuracy: 0.9881
 46/260 [====>.........................] - ETA: 3s - loss: 0.0345 - accuracy: 0.9878
 49/260 [====>.........................] - ETA: 3s - loss: 0.0350 - accuracy: 0.9872
 53/260 [=====>........................] - ETA: 3s - loss: 0.0333 - accuracy: 0.9882
 57/260 [=====>........................] - ETA: 3s - loss: 0.0324 - accuracy: 0.9879
 61/260 [======>.......................] - ETA: 3s - loss: 0.0374 - accuracy: 0.9846
 65/260 [======>.......................] - ETA: 3s - loss: 0.0357 - accuracy: 0.9856
 69/260 [======>.......................] - ETA: 3s - loss: 0.0352 - accuracy: 0.9846
 72/260 [=======>......................] - ETA: 3s - loss: 0.0338 - accuracy: 0.9852
 76/260 [=======>......................] - ETA: 2s - loss: 0.0322 - accuracy: 0.9860
 80/260 [========>.....................] - ETA: 2s - loss: 0.0399 - accuracy: 0.9844
 84/260 [========>.....................] - ETA: 2s - loss: 0.0420 - accuracy: 0.9836
 88/260 [=========>....................] - ETA: 2s - loss: 0.0416 - accuracy: 0.9837
 92/260 [=========>....................] - ETA: 2s - loss: 0.0429 - accuracy: 0.9830
 96/260 [==========>...................] - ETA: 2s - loss: 0.0421 - accuracy: 0.9837
100/260 [==========>...................] - ETA: 2s - loss: 0.0409 - accuracy: 0.9844
104/260 [===========>..................] - ETA: 2s - loss: 0.0420 - accuracy: 0.9838
108/260 [===========>..................] - ETA: 2s - loss: 0.0406 - accuracy: 0.9844
112/260 [===========>..................] - ETA: 2s - loss: 0.0417 - accuracy: 0.9838
116/260 [============>.................] - ETA: 2s - loss: 0.0409 - accuracy: 0.9844
120/260 [============>.................] - ETA: 2s - loss: 0.0405 - accuracy: 0.9844
124/260 [=============>................] - ETA: 2s - loss: 0.0398 - accuracy: 0.9844
128/260 [=============>................] - ETA: 2s - loss: 0.0416 - accuracy: 0.9839
132/260 [==============>...............] - ETA: 2s - loss: 0.0421 - accuracy: 0.9830
136/260 [==============>...............] - ETA: 1s - loss: 0.0422 - accuracy: 0.9825
140/260 [===============>..............] - ETA: 1s - loss: 0.0416 - accuracy: 0.9830
144/260 [===============>..............] - ETA: 1s - loss: 0.0413 - accuracy: 0.9831
148/260 [================>.............] - ETA: 1s - loss: 0.0408 - accuracy: 0.9835
152/260 [================>.............] - ETA: 1s - loss: 0.0425 - accuracy: 0.9831
156/260 [=================>............] - ETA: 1s - loss: 0.0433 - accuracy: 0.9824
160/260 [=================>............] - ETA: 1s - loss: 0.0425 - accuracy: 0.9828
164/260 [=================>............] - ETA: 1s - loss: 0.0426 - accuracy: 0.9825
168/260 [==================>...........] - ETA: 1s - loss: 0.0421 - accuracy: 0.9825
172/260 [==================>...........] - ETA: 1s - loss: 0.0413 - accuracy: 0.9829
177/260 [===================>..........] - ETA: 1s - loss: 0.0419 - accuracy: 0.9823
181/260 [===================>..........] - ETA: 1s - loss: 0.0422 - accuracy: 0.9820
185/260 [====================>.........] - ETA: 1s - loss: 0.0415 - accuracy: 0.9824
189/260 [====================>.........] - ETA: 1s - loss: 0.0423 - accuracy: 0.9825
193/260 [=====================>........] - ETA: 1s - loss: 0.0415 - accuracy: 0.9828
196/260 [=====================>........] - ETA: 1s - loss: 0.0414 - accuracy: 0.9828
200/260 [======================>.......] - ETA: 0s - loss: 0.0409 - accuracy: 0.9828
204/260 [======================>.......] - ETA: 0s - loss: 0.0408 - accuracy: 0.9828
207/260 [======================>.......] - ETA: 0s - loss: 0.0402 - accuracy: 0.9831
212/260 [=======================>......] - ETA: 0s - loss: 0.0406 - accuracy: 0.9829
215/260 [=======================>......] - ETA: 0s - loss: 0.0403 - accuracy: 0.9828
219/260 [========================>.....] - ETA: 0s - loss: 0.0428 - accuracy: 0.9820
223/260 [========================>.....] - ETA: 0s - loss: 0.0435 - accuracy: 0.9818
227/260 [=========================>....] - ETA: 0s - loss: 0.0428 - accuracy: 0.9821
232/260 [=========================>....] - ETA: 0s - loss: 0.0423 - accuracy: 0.9825
236/260 [==========================>...] - ETA: 0s - loss: 0.0418 - accuracy: 0.9828
239/260 [==========================>...] - ETA: 0s - loss: 0.0417 - accuracy: 0.9827
243/260 [===========================>..] - ETA: 0s - loss: 0.0414 - accuracy: 0.9828
247/260 [===========================>..] - ETA: 0s - loss: 0.0411 - accuracy: 0.9830
251/260 [===========================>..] - ETA: 0s - loss: 0.0413 - accuracy: 0.9831
255/260 [============================>.] - ETA: 0s - loss: 0.0413 - accuracy: 0.9831
259/260 [============================>.] - ETA: 0s - loss: 0.0427 - accuracy: 0.9824
260/260 [==============================] - 4s 17ms/step - loss: 0.0427 - accuracy: 0.9824 - val_loss: 0.1753 - val_accuracy: 0.9644
Epoch 10/10

  1/260 [..............................] - ETA: 4s - loss: 0.1710 - accuracy: 0.9375
  5/260 [..............................] - ETA: 4s - loss: 0.0542 - accuracy: 0.9750
  9/260 [>.............................] - ETA: 3s - loss: 0.0498 - accuracy: 0.9792
 13/260 [>.............................] - ETA: 3s - loss: 0.0531 - accuracy: 0.9712
 17/260 [>.............................] - ETA: 3s - loss: 0.0420 - accuracy: 0.9779
 20/260 [=>............................] - ETA: 3s - loss: 0.0366 - accuracy: 0.9812
 24/260 [=>............................] - ETA: 3s - loss: 0.0345 - accuracy: 0.9818
 28/260 [==>...........................] - ETA: 3s - loss: 0.0313 - accuracy: 0.9844
 32/260 [==>...........................] - ETA: 3s - loss: 0.0438 - accuracy: 0.9805
 36/260 [===>..........................] - ETA: 3s - loss: 0.0402 - accuracy: 0.9826
 39/260 [===>..........................] - ETA: 3s - loss: 0.0393 - accuracy: 0.9824
 44/260 [====>.........................] - ETA: 3s - loss: 0.0407 - accuracy: 0.9815
 48/260 [====>.........................] - ETA: 3s - loss: 0.0390 - accuracy: 0.9831
 51/260 [====>.........................] - ETA: 3s - loss: 0.0413 - accuracy: 0.9828
 55/260 [=====>........................] - ETA: 3s - loss: 0.0507 - accuracy: 0.9784
 59/260 [=====>........................] - ETA: 3s - loss: 0.0533 - accuracy: 0.9778
 62/260 [======>.......................] - ETA: 3s - loss: 0.0517 - accuracy: 0.9788
 67/260 [======>.......................] - ETA: 3s - loss: 0.0649 - accuracy: 0.9757
 71/260 [=======>......................] - ETA: 2s - loss: 0.0766 - accuracy: 0.9710
 74/260 [=======>......................] - ETA: 2s - loss: 0.0757 - accuracy: 0.9704
 79/260 [========>.....................] - ETA: 2s - loss: 0.0812 - accuracy: 0.9691
 82/260 [========>.....................] - ETA: 2s - loss: 0.0899 - accuracy: 0.9688
 87/260 [=========>....................] - ETA: 2s - loss: 0.0954 - accuracy: 0.9684
 90/260 [=========>....................] - ETA: 2s - loss: 0.0957 - accuracy: 0.9688
 95/260 [=========>....................] - ETA: 2s - loss: 0.1016 - accuracy: 0.9678
 98/260 [==========>...................] - ETA: 2s - loss: 0.1071 - accuracy: 0.9662
103/260 [==========>...................] - ETA: 2s - loss: 0.1116 - accuracy: 0.9630
107/260 [===========>..................] - ETA: 2s - loss: 0.1130 - accuracy: 0.9620
111/260 [===========>..................] - ETA: 2s - loss: 0.1178 - accuracy: 0.9611
114/260 [============>.................] - ETA: 2s - loss: 0.1280 - accuracy: 0.9600
119/260 [============>.................] - ETA: 2s - loss: 0.1377 - accuracy: 0.9580
123/260 [=============>................] - ETA: 2s - loss: 0.1361 - accuracy: 0.9583
127/260 [=============>................] - ETA: 2s - loss: 0.1366 - accuracy: 0.9567
131/260 [==============>...............] - ETA: 2s - loss: 0.1393 - accuracy: 0.9556
135/260 [==============>...............] - ETA: 1s - loss: 0.1395 - accuracy: 0.9556
139/260 [===============>..............] - ETA: 1s - loss: 0.1418 - accuracy: 0.9546
143/260 [===============>..............] - ETA: 1s - loss: 0.1402 - accuracy: 0.9545
146/260 [===============>..............] - ETA: 1s - loss: 0.1382 - accuracy: 0.9555
150/260 [================>.............] - ETA: 1s - loss: 0.1432 - accuracy: 0.9533
154/260 [================>.............] - ETA: 1s - loss: 0.1409 - accuracy: 0.9541
158/260 [=================>............] - ETA: 1s - loss: 0.1404 - accuracy: 0.9549
162/260 [=================>............] - ETA: 1s - loss: 0.1389 - accuracy: 0.9549
165/260 [==================>...........] - ETA: 1s - loss: 0.1377 - accuracy: 0.9549
169/260 [==================>...........] - ETA: 1s - loss: 0.1360 - accuracy: 0.9556
173/260 [==================>...........] - ETA: 1s - loss: 0.1359 - accuracy: 0.9548
177/260 [===================>..........] - ETA: 1s - loss: 0.1341 - accuracy: 0.9555
181/260 [===================>..........] - ETA: 1s - loss: 0.1364 - accuracy: 0.9548
185/260 [====================>.........] - ETA: 1s - loss: 0.1347 - accuracy: 0.9554
189/260 [====================>.........] - ETA: 1s - loss: 0.1344 - accuracy: 0.9557
192/260 [=====================>........] - ETA: 1s - loss: 0.1333 - accuracy: 0.9561
196/260 [=====================>........] - ETA: 1s - loss: 0.1314 - accuracy: 0.9566
199/260 [=====================>........] - ETA: 0s - loss: 0.1304 - accuracy: 0.9570
203/260 [======================>.......] - ETA: 0s - loss: 0.1311 - accuracy: 0.9566
207/260 [======================>.......] - ETA: 0s - loss: 0.1289 - accuracy: 0.9574
211/260 [=======================>......] - ETA: 0s - loss: 0.1275 - accuracy: 0.9576
215/260 [=======================>......] - ETA: 0s - loss: 0.1265 - accuracy: 0.9576
218/260 [========================>.....] - ETA: 0s - loss: 0.1270 - accuracy: 0.9570
221/260 [========================>.....] - ETA: 0s - loss: 0.1276 - accuracy: 0.9567
225/260 [========================>.....] - ETA: 0s - loss: 0.1270 - accuracy: 0.9567
229/260 [=========================>....] - ETA: 0s - loss: 0.1265 - accuracy: 0.9566
233/260 [=========================>....] - ETA: 0s - loss: 0.1250 - accuracy: 0.9573
237/260 [==========================>...] - ETA: 0s - loss: 0.1231 - accuracy: 0.9581
240/260 [==========================>...] - ETA: 0s - loss: 0.1231 - accuracy: 0.9581
244/260 [===========================>..] - ETA: 0s - loss: 0.1224 - accuracy: 0.9577
247/260 [===========================>..] - ETA: 0s - loss: 0.1226 - accuracy: 0.9577
251/260 [===========================>..] - ETA: 0s - loss: 0.1225 - accuracy: 0.9579
254/260 [============================>.] - ETA: 0s - loss: 0.1230 - accuracy: 0.9579
257/260 [============================>.] - ETA: 0s - loss: 0.1243 - accuracy: 0.9572
260/260 [==============================] - 4s 17ms/step - loss: 0.1242 - accuracy: 0.9569 - val_loss: 0.1086 - val_accuracy: 0.9538

 1/65 [..............................] - ETA: 4s
10/65 [===>..........................] - ETA: 0s
22/65 [=========>....................] - ETA: 0s
36/65 [===============>..............] - ETA: 0s
50/65 [======================>.......] - ETA: 0s
64/65 [============================>.] - ETA: 0s
65/65 [==============================] - 0s 5ms/step
[[508  15]
 [ 33 483]]
              precision    recall  f1-score   support

   Human - 0       0.94      0.97      0.95       523
  Animal - 1       0.97      0.94      0.95       516

    accuracy                           0.95      1039
   macro avg       0.95      0.95      0.95      1039
weighted avg       0.95      0.95      0.95      1039

Test Accuracy CNN Model 1
0.9538017511367798
