Dataset: PCA
['Human', 'Horse', 'Dog', 'Cow']
Fitting 3 folds for each of 216 candidates, totalling 648 fits

[CV 1/3] END max_depth=10, max_features=sqrt, min_samples_leaf=1, min_samples_split=10, n_estimators=300;, score=0.654 total time=  33.8s
[CV 3/3] END max_depth=10, max_features=log2, min_samples_leaf=4, min_samples_split=2, n_estimators=200;, score=0.650 total time=   4.9s
[CV 1/3] END max_depth=20, max_features=sqrt, min_samples_leaf=1, min_samples_split=10, n_estimators=200;, score=0.666 total time=  26.9s
[CV 1/3] END max_depth=20, max_features=log2, min_samples_leaf=1, min_samples_split=5, n_estimators=100;, score=0.634 total time=   3.2s
[CV 2/3] END max_depth=20, max_features=log2, min_samples_leaf=1, min_samples_split=10, n_estimators=200;, score=0.650 total time=   6.5s
[CV 1/3] END max_depth=20, max_features=log2, min_samples_leaf=2, min_samples_split=5, n_estimators=300;, score=0.646 total time=   9.2s
[CV 1/3] END max_depth=30, max_features=sqrt, min_samples_leaf=2, min_samples_split=2, n_estimators=100;, score=0.648 total time=  12.9s
[CV 3/3] END max_depth=30, max_features=sqrt, min_samples_leaf=4, min_samples_split=5, n_estimators=100;, score=0.668 total time=  11.2s
[CV 2/3] END max_depth=30, max_features=log2, min_samples_leaf=1, min_samples_split=2, n_estimators=100;, score=0.671 total time=   3.3s
[CV 3/3] END max_depth=30, max_features=log2, min_samples_leaf=1, min_samples_split=5, n_estimators=300;, score=0.676 total time=   9.9s
[CV 3/3] END max_depth=30, max_features=log2, min_samples_leaf=4, min_samples_split=2, n_estimators=100;, score=0.653 total time=   2.6s
[CV 1/3] END max_depth=30, max_features=log2, min_samples_leaf=4, min_samples_split=10, n_estimators=300;, score=0.628 total time=   8.0s
[CV 2/3] END max_depth=40, max_features=sqrt, min_samples_leaf=2, min_samples_split=10, n_estimators=200;, score=0.679 total time=  25.0s
[CV 1/3] END max_depth=40, max_features=log2, min_samples_leaf=1, min_samples_split=10, n_estimators=200;, score=0.640 total time=   6.3s
[CV 2/3] END max_depth=40, max_features=log2, min_samples_leaf=2, min_samples_split=5, n_estimators=200;, score=0.647 total time=   6.1s
[CV 1/3] END max_depth=10, max_features=sqrt, min_samples_leaf=4, min_samples_split=2, n_estimators=100;, score=0.660 total time=  10.2s
[CV 3/3] END max_depth=10, max_features=sqrt, min_samples_leaf=4, min_samples_split=2, n_estimators=100;, score=0.668 total time=  10.2s
[CV 2/3] END max_depth=10, max_features=sqrt, min_samples_leaf=4, min_samples_split=10, n_estimators=200;, score=0.656 total time=  20.7s
[CV 2/3] END max_depth=20, max_features=sqrt, min_samples_leaf=2, min_samples_split=5, n_estimators=200;, score=0.665 total time=  25.6s
[CV 2/3] END max_depth=20, max_features=log2, min_samples_leaf=1, min_samples_split=5, n_estimators=200;, score=0.653 total time=   6.7s
[CV 1/3] END max_depth=20, max_features=log2, min_samples_leaf=2, min_samples_split=5, n_estimators=100;, score=0.634 total time=   3.0s
[CV 3/3] END max_depth=20, max_features=log2, min_samples_leaf=2, min_samples_split=10, n_estimators=200;, score=0.659 total time=   5.9s
[CV 2/3] END max_depth=30, max_features=sqrt, min_samples_leaf=1, min_samples_split=10, n_estimators=100;, score=0.685 total time=  13.0s
[CV 3/3] END max_depth=30, max_features=sqrt, min_samples_leaf=4, min_samples_split=2, n_estimators=200;, score=0.682 total time=  22.3s
[CV 1/3] END max_depth=30, max_features=log2, min_samples_leaf=2, min_samples_split=5, n_estimators=100;, score=0.646 total time=   3.0s
[CV 3/3] END max_depth=30, max_features=log2, min_samples_leaf=2, min_samples_split=10, n_estimators=200;, score=0.647 total time=   6.0s
[CV 3/3] END max_depth=40, max_features=sqrt, min_samples_leaf=1, min_samples_split=5, n_estimators=300;, score=0.697 total time=  40.2s
[CV 3/3] END max_depth=40, max_features=log2, min_samples_leaf=4, min_samples_split=2, n_estimators=100;, score=0.656 total time=   2.7s
[CV 3/3] END max_depth=10, max_features=sqrt, min_samples_leaf=1, min_samples_split=2, n_estimators=200;, score=0.682 total time=  23.3s
[CV 1/3] END max_depth=10, max_features=log2, min_samples_leaf=1, min_samples_split=5, n_estimators=300;, score=0.637 total time=   8.3s
[CV 3/3] END max_depth=10, max_features=log2, min_samples_leaf=2, min_samples_split=5, n_estimators=300;, score=0.647 total time=   8.4s
[CV 3/3] END max_depth=20, max_features=sqrt, min_samples_leaf=2, min_samples_split=2, n_estimators=200;, score=0.702 total time=  25.3s
[CV 1/3] END max_depth=20, max_features=log2, min_samples_leaf=1, min_samples_split=2, n_estimators=300;, score=0.643 total time=  10.3s
[CV 2/3] END max_depth=20, max_features=log2, min_samples_leaf=2, min_samples_split=5, n_estimators=300;, score=0.659 total time=   9.2s
[CV 2/3] END max_depth=30, max_features=sqrt, min_samples_leaf=2, min_samples_split=2, n_estimators=100;, score=0.688 total time=  13.1s
[CV 2/3] END max_depth=30, max_features=sqrt, min_samples_leaf=4, min_samples_split=5, n_estimators=200;, score=0.665 total time=  23.0s
[CV 2/3] END max_depth=30, max_features=log2, min_samples_leaf=2, min_samples_split=10, n_estimators=200;, score=0.639 total time=   6.0s
[CV 1/3] END max_depth=40, max_features=sqrt, min_samples_leaf=1, min_samples_split=5, n_estimators=200;, score=0.663 total time=  27.2s
[CV 3/3] END max_depth=40, max_features=log2, min_samples_leaf=1, min_samples_split=2, n_estimators=100;, score=0.682 total time=   3.3s
[CV 2/3] END max_depth=40, max_features=log2, min_samples_leaf=1, min_samples_split=10, n_estimators=100;, score=0.647 total time=   3.1s
[CV 3/3] END max_depth=40, max_features=log2, min_samples_leaf=1, min_samples_split=10, n_estimators=300;, score=0.656 total time=   9.7s
[CV 3/3] END max_depth=10, max_features=sqrt, min_samples_leaf=1, min_samples_split=2, n_estimators=300;, score=0.688 total time=  34.9s
[CV 3/3] END max_depth=10, max_features=log2, min_samples_leaf=4, min_samples_split=10, n_estimators=200;, score=0.642 total time=   5.0s
[CV 2/3] END max_depth=20, max_features=sqrt, min_samples_leaf=2, min_samples_split=2, n_estimators=100;, score=0.697 total time=  12.6s
[CV 2/3] END max_depth=20, max_features=sqrt, min_samples_leaf=4, min_samples_split=5, n_estimators=100;, score=0.679 total time=  10.8s
[CV 3/3] END max_depth=20, max_features=sqrt, min_samples_leaf=4, min_samples_split=10, n_estimators=200;, score=0.662 total time=  22.2s
[CV 1/3] END max_depth=30, max_features=sqrt, min_samples_leaf=2, min_samples_split=2, n_estimators=300;, score=0.657 total time=  38.9s
[CV 1/3] END max_depth=30, max_features=log2, min_samples_leaf=4, min_samples_split=5, n_estimators=300;, score=0.637 total time=   8.1s
[CV 3/3] END max_depth=40, max_features=sqrt, min_samples_leaf=2, min_samples_split=5, n_estimators=300;, score=0.705 total time=  38.6s
[CV 3/3] END max_depth=10, max_features=sqrt, min_samples_leaf=2, min_samples_split=5, n_estimators=300;, score=0.685 total time=  33.8s
[CV 1/3] END max_depth=10, max_features=log2, min_samples_leaf=4, min_samples_split=5, n_estimators=200;, score=0.614 total time=   4.9s
[CV 1/3] END max_depth=20, max_features=sqrt, min_samples_leaf=1, min_samples_split=10, n_estimators=300;, score=0.651 total time=  40.3s
[CV 2/3] END max_depth=20, max_features=log2, min_samples_leaf=4, min_samples_split=5, n_estimators=300;, score=0.636 total time=   8.3s
[CV 1/3] END max_depth=30, max_features=sqrt, min_samples_leaf=2, min_samples_split=10, n_estimators=100;, score=0.660 total time=  12.1s
[CV 3/3] END max_depth=30, max_features=sqrt, min_samples_leaf=4, min_samples_split=5, n_estimators=300;, score=0.679 total time=  33.6s
[CV 1/3] END max_depth=40, max_features=sqrt, min_samples_leaf=2, min_samples_split=10, n_estimators=300;, score=0.651 total time=  37.7s
[CV 1/3] END max_depth=10, max_features=sqrt, min_samples_leaf=2, min_samples_split=2, n_estimators=100;, score=0.663 total time=  11.2s
[CV 2/3] END max_depth=10, max_features=sqrt, min_samples_leaf=4, min_samples_split=2, n_estimators=300;, score=0.665 total time=  31.3s
[CV 3/3] END max_depth=20, max_features=sqrt, min_samples_leaf=2, min_samples_split=10, n_estimators=100;, score=0.699 total time=  12.7s
[CV 1/3] END max_depth=20, max_features=sqrt, min_samples_leaf=4, min_samples_split=10, n_estimators=100;, score=0.640 total time=  11.4s
[CV 3/3] END max_depth=20, max_features=log2, min_samples_leaf=1, min_samples_split=5, n_estimators=100;, score=0.671 total time=   3.4s
[CV 1/3] END max_depth=20, max_features=log2, min_samples_leaf=1, min_samples_split=10, n_estimators=300;, score=0.643 total time=   9.7s
[CV 1/3] END max_depth=20, max_features=log2, min_samples_leaf=4, min_samples_split=10, n_estimators=200;, score=0.622 total time=   5.4s
[CV 3/3] END max_depth=30, max_features=sqrt, min_samples_leaf=2, min_samples_split=2, n_estimators=300;, score=0.694 total time=  39.0s
[CV 2/3] END max_depth=30, max_features=log2, min_samples_leaf=4, min_samples_split=10, n_estimators=100;, score=0.621 total time=   2.6s
[CV 2/3] END max_depth=40, max_features=sqrt, min_samples_leaf=1, min_samples_split=5, n_estimators=200;, score=0.697 total time=  27.4s
[CV 2/3] END max_depth=40, max_features=log2, min_samples_leaf=1, min_samples_split=2, n_estimators=200;, score=0.656 total time=   6.7s
[CV 3/3] END max_depth=40, max_features=log2, min_samples_leaf=2, min_samples_split=2, n_estimators=100;, score=0.671 total time=   3.1s
[CV 3/3] END max_depth=40, max_features=log2, min_samples_leaf=2, min_samples_split=5, n_estimators=200;, score=0.659 total time=   6.2s
[CV 2/3] END max_depth=10, max_features=sqrt, min_samples_leaf=1, min_samples_split=10, n_estimators=200;, score=0.676 total time=  22.8s
[CV 1/3] END max_depth=10, max_features=log2, min_samples_leaf=1, min_samples_split=5, n_estimators=100;, score=0.646 total time=   2.8s
[CV 2/3] END max_depth=10, max_features=log2, min_samples_leaf=1, min_samples_split=10, n_estimators=300;, score=0.630 total time=   8.4s
[CV 3/3] END max_depth=10, max_features=log2, min_samples_leaf=4, min_samples_split=5, n_estimators=300;, score=0.642 total time=   7.4s
[CV 3/3] END max_depth=20, max_features=sqrt, min_samples_leaf=2, min_samples_split=5, n_estimators=100;, score=0.708 total time=  12.4s
[CV 3/3] END max_depth=20, max_features=sqrt, min_samples_leaf=4, min_samples_split=5, n_estimators=200;, score=0.691 total time=  22.2s
[CV 1/3] END max_depth=20, max_features=log2, min_samples_leaf=2, min_samples_split=10, n_estimators=200;, score=0.646 total time=   5.9s
[CV 1/3] END max_depth=30, max_features=sqrt, min_samples_leaf=1, min_samples_split=5, n_estimators=200;, score=0.660 total time=  26.7s
[CV 3/3] END max_depth=30, max_features=log2, min_samples_leaf=1, min_samples_split=2, n_estimators=100;, score=0.668 total time=   3.4s
[CV 1/3] END max_depth=30, max_features=log2, min_samples_leaf=1, min_samples_split=10, n_estimators=100;, score=0.640 total time=   3.1s
[CV 2/3] END max_depth=30, max_features=log2, min_samples_leaf=1, min_samples_split=10, n_estimators=300;, score=0.645 total time=   9.6s
[CV 3/3] END max_depth=30, max_features=log2, min_samples_leaf=4, min_samples_split=10, n_estimators=300;, score=0.653 total time=   8.1s
[CV 2/3] END max_depth=40, max_features=sqrt, min_samples_leaf=2, min_samples_split=10, n_estimators=300;, score=0.673 total time=  37.6s
[CV 2/3] END max_depth=10, max_features=sqrt, min_samples_leaf=2, min_samples_split=10, n_estimators=300;, score=0.662 total time=  33.2s
[CV 1/3] END max_depth=10, max_features=log2, min_samples_leaf=4, min_samples_split=2, n_estimators=100;, score=0.628 total time=   2.5s
[CV 3/3] END max_depth=20, max_features=sqrt, min_samples_leaf=1, min_samples_split=2, n_estimators=200;, score=0.702 total time=  27.9s
[CV 1/3] END max_depth=20, max_features=log2, min_samples_leaf=1, min_samples_split=2, n_estimators=100;, score=0.648 total time=   3.3s
[CV 1/3] END max_depth=20, max_features=log2, min_samples_leaf=1, min_samples_split=5, n_estimators=300;, score=0.646 total time=  10.0s
[CV 2/3] END max_depth=20, max_features=log2, min_samples_leaf=4, min_samples_split=2, n_estimators=100;, score=0.642 total time=   2.6s
[CV 1/3] END max_depth=20, max_features=log2, min_samples_leaf=4, min_samples_split=10, n_estimators=300;, score=0.640 total time=   7.9s
[CV 3/3] END max_depth=30, max_features=sqrt, min_samples_leaf=2, min_samples_split=10, n_estimators=100;, score=0.679 total time=  12.3s
[CV 2/3] END max_depth=30, max_features=sqrt, min_samples_leaf=4, min_samples_split=10, n_estimators=100;, score=0.662 total time=  11.3s
[CV 3/3] END max_depth=30, max_features=log2, min_samples_leaf=1, min_samples_split=5, n_estimators=200;, score=0.673 total time=   6.5s
[CV 2/3] END max_depth=30, max_features=log2, min_samples_leaf=2, min_samples_split=2, n_estimators=300;, score=0.656 total time=   9.2s
[CV 1/3] END max_depth=40, max_features=sqrt, min_samples_leaf=1, min_samples_split=5, n_estimators=300;, score=0.657 total time=  40.8s
[CV 1/3] END max_depth=40, max_features=log2, min_samples_leaf=4, min_samples_split=5, n_estimators=100;, score=0.628 total time=   2.6s
[CV 3/3] END max_depth=10, max_features=sqrt, min_samples_leaf=2, min_samples_split=10, n_estimators=100;, score=0.685 total time=  11.3s
[CV 2/3] END max_depth=10, max_features=sqrt, min_samples_leaf=4, min_samples_split=5, n_estimators=300;, score=0.662 total time=  30.8s
[CV 1/3] END max_depth=20, max_features=sqrt, min_samples_leaf=2, min_samples_split=10, n_estimators=100;, score=0.646 total time=  12.2s
[CV 2/3] END max_depth=20, max_features=sqrt, min_samples_leaf=4, min_samples_split=5, n_estimators=300;, score=0.668 total time=  34.1s
[CV 2/3] END max_depth=30, max_features=sqrt, min_samples_leaf=2, min_samples_split=10, n_estimators=300;, score=0.679 total time=  37.3s
[CV 3/3] END max_depth=40, max_features=sqrt, min_samples_leaf=1, min_samples_split=2, n_estimators=100;, score=0.694 total time=  13.7s
[CV 1/3] END max_depth=40, max_features=sqrt, min_samples_leaf=4, min_samples_split=2, n_estimators=100;, score=0.651 total time=  11.4s
[CV 3/3] END max_depth=40, max_features=sqrt, min_samples_leaf=4, min_samples_split=10, n_estimators=100;, score=0.694 total time=  11.1s
[CV 2/3] END max_depth=40, max_features=log2, min_samples_leaf=2, min_samples_split=2, n_estimators=200;, score=0.668 total time=   6.2s
[CV 2/3] END max_depth=40, max_features=log2, min_samples_leaf=4, min_samples_split=5, n_estimators=100;, score=0.633 total time=   2.6s
[CV 3/3] END max_depth=10, max_features=sqrt, min_samples_leaf=2, min_samples_split=2, n_estimators=200;, score=0.685 total time=  22.4s
[CV 1/3] END max_depth=10, max_features=log2, min_samples_leaf=1, min_samples_split=2, n_estimators=200;, score=0.637 total time=   5.6s
[CV 3/3] END max_depth=10, max_features=log2, min_samples_leaf=2, min_samples_split=2, n_estimators=100;, score=0.653 total time=   2.6s
[CV 3/3] END max_depth=10, max_features=log2, min_samples_leaf=2, min_samples_split=5, n_estimators=100;, score=0.647 total time=   2.6s
[CV 1/3] END max_depth=10, max_features=log2, min_samples_leaf=4, min_samples_split=2, n_estimators=300;, score=0.622 total time=   7.3s
[CV 3/3] END max_depth=20, max_features=sqrt, min_samples_leaf=2, min_samples_split=2, n_estimators=300;, score=0.694 total time=  38.5s
[CV 1/3] END max_depth=20, max_features=log2, min_samples_leaf=4, min_samples_split=10, n_estimators=100;, score=0.631 total time=   2.6s
[CV 3/3] END max_depth=30, max_features=sqrt, min_samples_leaf=1, min_samples_split=5, n_estimators=100;, score=0.711 total time=  13.7s
[CV 2/3] END max_depth=30, max_features=sqrt, min_samples_leaf=4, min_samples_split=2, n_estimators=200;, score=0.665 total time=  23.1s
[CV 3/3] END max_depth=30, max_features=log2, min_samples_leaf=2, min_samples_split=5, n_estimators=100;, score=0.665 total time=   3.0s
[CV 2/3] END max_depth=30, max_features=log2, min_samples_leaf=4, min_samples_split=2, n_estimators=100;, score=0.627 total time=   2.6s
[CV 3/3] END max_depth=30, max_features=log2, min_samples_leaf=4, min_samples_split=10, n_estimators=200;, score=0.656 total time=   5.2s
[CV 2/3] END max_depth=40, max_features=sqrt, min_samples_leaf=2, min_samples_split=2, n_estimators=200;, score=0.679 total time=  25.3s
[CV 3/3] END max_depth=40, max_features=log2, min_samples_leaf=1, min_samples_split=2, n_estimators=300;, score=0.671 total time=  10.0s
[CV 1/3] END max_depth=40, max_features=log2, min_samples_leaf=2, min_samples_split=10, n_estimators=100;, score=0.631 total time=   2.9s
[CV 3/3] END max_depth=40, max_features=log2, min_samples_leaf=4, min_samples_split=5, n_estimators=100;, score=0.650 total time=   2.7s
[CV 2/3] END max_depth=10, max_features=sqrt, min_samples_leaf=2, min_samples_split=2, n_estimators=200;, score=0.682 total time=  24.9s
[CV 2/3] END max_depth=10, max_features=log2, min_samples_leaf=1, min_samples_split=10, n_estimators=100;, score=0.630 total time=   2.7s
[CV 1/3] END max_depth=10, max_features=log2, min_samples_leaf=2, min_samples_split=2, n_estimators=100;, score=0.631 total time=   2.7s
[CV 1/3] END max_depth=10, max_features=log2, min_samples_leaf=2, min_samples_split=5, n_estimators=100;, score=0.628 total time=   2.8s
[CV 1/3] END max_depth=10, max_features=log2, min_samples_leaf=4, min_samples_split=2, n_estimators=200;, score=0.617 total time=   5.3s
[CV 3/3] END max_depth=20, max_features=sqrt, min_samples_leaf=1, min_samples_split=10, n_estimators=200;, score=0.702 total time=  26.3s
[CV 2/3] END max_depth=20, max_features=log2, min_samples_leaf=1, min_samples_split=2, n_estimators=300;, score=0.665 total time=  10.6s
[CV 1/3] END max_depth=20, max_features=log2, min_samples_leaf=2, min_samples_split=10, n_estimators=100;, score=0.640 total time=   3.1s
[CV 1/3] END max_depth=20, max_features=log2, min_samples_leaf=4, min_samples_split=5, n_estimators=300;, score=0.637 total time=   8.5s
[CV 2/3] END max_depth=30, max_features=sqrt, min_samples_leaf=2, min_samples_split=10, n_estimators=100;, score=0.682 total time=  12.4s
[CV 1/3] END max_depth=30, max_features=sqrt, min_samples_leaf=4, min_samples_split=10, n_estimators=100;, score=0.654 total time=  11.2s
[CV 1/3] END max_depth=30, max_features=log2, min_samples_leaf=1, min_samples_split=5, n_estimators=200;, score=0.646 total time=   6.5s
[CV 3/3] END max_depth=30, max_features=log2, min_samples_leaf=2, min_samples_split=2, n_estimators=200;, score=0.673 total time=   6.2s
[CV 1/3] END max_depth=30, max_features=log2, min_samples_leaf=4, min_samples_split=10, n_estimators=100;, score=0.648 total time=   2.6s
[CV 3/3] END max_depth=40, max_features=sqrt, min_samples_leaf=1, min_samples_split=5, n_estimators=100;, score=0.711 total time=  13.4s
[CV 1/3] END max_depth=40, max_features=sqrt, min_samples_leaf=4, min_samples_split=2, n_estimators=200;, score=0.654 total time=  22.6s
[CV 3/3] END max_depth=40, max_features=log2, min_samples_leaf=2, min_samples_split=2, n_estimators=200;, score=0.671 total time=   6.2s
[CV 1/3] END max_depth=40, max_features=log2, min_samples_leaf=4, min_samples_split=10, n_estimators=100;, score=0.634 total time=   2.5s
[CV 2/3] END max_depth=10, max_features=sqrt, min_samples_leaf=2, min_samples_split=10, n_estimators=100;, score=0.694 total time=  13.1s
[CV 1/3] END max_depth=10, max_features=sqrt, min_samples_leaf=4, min_samples_split=10, n_estimators=200;, score=0.637 total time=  20.7s
[CV 2/3] END max_depth=10, max_features=log2, min_samples_leaf=4, min_samples_split=5, n_estimators=300;, score=0.630 total time=   7.6s
[CV 3/3] END max_depth=20, max_features=sqrt, min_samples_leaf=2, min_samples_split=5, n_estimators=200;, score=0.708 total time=  26.0s
[CV 3/3] END max_depth=20, max_features=log2, min_samples_leaf=1, min_samples_split=10, n_estimators=100;, score=0.679 total time=   3.2s
[CV 1/3] END max_depth=20, max_features=log2, min_samples_leaf=2, min_samples_split=2, n_estimators=100;, score=0.625 total time=   3.0s
[CV 3/3] END max_depth=20, max_features=log2, min_samples_leaf=2, min_samples_split=5, n_estimators=100;, score=0.668 total time=   3.0s
[CV 1/3] END max_depth=20, max_features=log2, min_samples_leaf=4, min_samples_split=2, n_estimators=100;, score=0.631 total time=   2.7s
[CV 3/3] END max_depth=20, max_features=log2, min_samples_leaf=4, min_samples_split=10, n_estimators=200;, score=0.656 total time=   5.3s
[CV 1/3] END max_depth=30, max_features=sqrt, min_samples_leaf=2, min_samples_split=5, n_estimators=100;, score=0.651 total time=  13.0s
[CV 2/3] END max_depth=30, max_features=sqrt, min_samples_leaf=4, min_samples_split=5, n_estimators=300;, score=0.668 total time=  33.8s
[CV 3/3] END max_depth=40, max_features=sqrt, min_samples_leaf=2, min_samples_split=10, n_estimators=100;, score=0.688 total time=  12.7s
[CV 2/3] END max_depth=40, max_features=sqrt, min_samples_leaf=4, min_samples_split=10, n_estimators=100;, score=0.679 total time=  11.2s
[CV 3/3] END max_depth=40, max_features=log2, min_samples_leaf=1, min_samples_split=5, n_estimators=100;, score=0.679 total time=   3.2s
[CV 3/3] END max_depth=40, max_features=log2, min_samples_leaf=1, min_samples_split=10, n_estimators=200;, score=0.671 total time=   6.4s
[CV 2/3] END max_depth=40, max_features=log2, min_samples_leaf=2, min_samples_split=10, n_estimators=200;, score=0.650 total time=   5.9s
[CV 3/3] END max_depth=10, max_features=sqrt, min_samples_leaf=1, min_samples_split=5, n_estimators=300;, score=0.685 total time=  35.4s
[CV 1/3] END max_depth=20, max_features=sqrt, min_samples_leaf=1, min_samples_split=2, n_estimators=100;, score=0.669 total time=  13.1s
[CV 3/3] END max_depth=20, max_features=sqrt, min_samples_leaf=2, min_samples_split=10, n_estimators=300;, score=0.691 total time=  36.8s
[CV 2/3] END max_depth=30, max_features=sqrt, min_samples_leaf=2, min_samples_split=2, n_estimators=200;, score=0.691 total time=  25.3s
[CV 3/3] END max_depth=30, max_features=log2, min_samples_leaf=1, min_samples_split=2, n_estimators=300;, score=0.679 total time=  10.1s
[CV 2/3] END max_depth=30, max_features=log2, min_samples_leaf=2, min_samples_split=5, n_estimators=300;, score=0.650 total time=   9.5s
[CV 3/3] END max_depth=40, max_features=sqrt, min_samples_leaf=2, min_samples_split=2, n_estimators=100;, score=0.702 total time=  13.2s
[CV 2/3] END max_depth=40, max_features=sqrt, min_samples_leaf=4, min_samples_split=5, n_estimators=200;, score=0.656 total time=  23.1s
[CV 1/3] END max_depth=40, max_features=log2, min_samples_leaf=2, min_samples_split=10, n_estimators=200;, score=0.634 total time=   5.9s
[CV 1/3] END max_depth=10, max_features=sqrt, min_samples_leaf=2, min_samples_split=2, n_estimators=200;, score=0.660 total time=  22.8s
[CV 3/3] END max_depth=10, max_features=log2, min_samples_leaf=1, min_samples_split=5, n_estimators=200;, score=0.662 total time=   5.6s
[CV 1/3] END max_depth=10, max_features=log2, min_samples_leaf=2, min_samples_split=2, n_estimators=300;, score=0.643 total time=   8.2s
[CV 2/3] END max_depth=20, max_features=sqrt, min_samples_leaf=1, min_samples_split=5, n_estimators=200;, score=0.694 total time=  27.5s
[CV 1/3] END max_depth=20, max_features=log2, min_samples_leaf=1, min_samples_split=2, n_estimators=200;, score=0.651 total time=   6.9s
[CV 1/3] END max_depth=20, max_features=log2, min_samples_leaf=2, min_samples_split=2, n_estimators=200;, score=0.640 total time=   6.3s
[CV 3/3] END max_depth=20, max_features=log2, min_samples_leaf=4, min_samples_split=2, n_estimators=200;, score=0.662 total time=   5.3s
[CV 3/3] END max_depth=30, max_features=sqrt, min_samples_leaf=1, min_samples_split=5, n_estimators=300;, score=0.714 total time=  40.3s
[CV 2/3] END max_depth=30, max_features=log2, min_samples_leaf=4, min_samples_split=2, n_estimators=300;, score=0.636 total time=   8.0s
[CV 1/3] END max_depth=40, max_features=sqrt, min_samples_leaf=2, min_samples_split=5, n_estimators=300;, score=0.660 total time=  38.6s
[CV 3/3] END max_depth=40, max_features=log2, min_samples_leaf=4, min_samples_split=10, n_estimators=100;, score=0.656 total time=   2.5s
[CV 2/3] END max_depth=10, max_features=sqrt, min_samples_leaf=2, min_samples_split=10, n_estimators=200;, score=0.659 total time=  22.3s
[CV 1/3] END max_depth=10, max_features=log2, min_samples_leaf=1, min_samples_split=2, n_estimators=300;, score=0.634 total time=   8.6s
[CV 2/3] END max_depth=10, max_features=log2, min_samples_leaf=2, min_samples_split=5, n_estimators=300;, score=0.627 total time=   8.3s
[CV 3/3] END max_depth=20, max_features=sqrt, min_samples_leaf=2, min_samples_split=2, n_estimators=100;, score=0.705 total time=  12.5s
[CV 1/3] END max_depth=20, max_features=sqrt, min_samples_leaf=4, min_samples_split=5, n_estimators=100;, score=0.654 total time=  11.0s
[CV 3/3] END max_depth=20, max_features=sqrt, min_samples_leaf=4, min_samples_split=10, n_estimators=300;, score=0.685 total time=  33.5s
[CV 3/3] END max_depth=30, max_features=sqrt, min_samples_leaf=4, min_samples_split=2, n_estimators=300;, score=0.673 total time=  33.6s
[CV 3/3] END max_depth=40, max_features=sqrt, min_samples_leaf=2, min_samples_split=2, n_estimators=200;, score=0.702 total time=  26.2s
[CV 2/3] END max_depth=40, max_features=log2, min_samples_leaf=1, min_samples_split=5, n_estimators=100;, score=0.668 total time=   3.3s
[CV 1/3] END max_depth=40, max_features=log2, min_samples_leaf=1, min_samples_split=10, n_estimators=300;, score=0.643 total time=   9.8s
[CV 2/3] END max_depth=40, max_features=log2, min_samples_leaf=4, min_samples_split=10, n_estimators=100;, score=0.645 total time=   2.5s
[CV 2/3] END max_depth=10, max_features=sqrt, min_samples_leaf=1, min_samples_split=5, n_estimators=200;, score=0.682 total time=  22.9s
[CV 3/3] END max_depth=10, max_features=log2, min_samples_leaf=1, min_samples_split=2, n_estimators=300;, score=0.662 total time=   8.4s
[CV 1/3] END max_depth=10, max_features=log2, min_samples_leaf=2, min_samples_split=5, n_estimators=300;, score=0.634 total time=   8.0s
[CV 1/3] END max_depth=20, max_features=sqrt, min_samples_leaf=2, min_samples_split=2, n_estimators=100;, score=0.648 total time=  12.6s
[CV 3/3] END max_depth=20, max_features=sqrt, min_samples_leaf=4, min_samples_split=2, n_estimators=300;, score=0.685 total time=  33.1s
[CV 1/3] END max_depth=30, max_features=sqrt, min_samples_leaf=2, min_samples_split=2, n_estimators=200;, score=0.657 total time=  25.9s
[CV 2/3] END max_depth=30, max_features=log2, min_samples_leaf=1, min_samples_split=5, n_estimators=100;, score=0.650 total time=   3.3s
[CV 3/3] END max_depth=30, max_features=log2, min_samples_leaf=1, min_samples_split=10, n_estimators=200;, score=0.653 total time=   6.4s
[CV 1/3] END max_depth=30, max_features=log2, min_samples_leaf=2, min_samples_split=10, n_estimators=200;, score=0.640 total time=   6.1s
[CV 2/3] END max_depth=40, max_features=sqrt, min_samples_leaf=1, min_samples_split=5, n_estimators=100;, score=0.691 total time=  13.6s
[CV 2/3] END max_depth=40, max_features=sqrt, min_samples_leaf=4, min_samples_split=2, n_estimators=200;, score=0.662 total time=  22.8s
[CV 1/3] END max_depth=40, max_features=log2, min_samples_leaf=2, min_samples_split=2, n_estimators=300;, score=0.646 total time=   9.2s
[CV 1/3] END max_depth=10, max_features=sqrt, min_samples_leaf=1, min_samples_split=2, n_estimators=200;, score=0.648 total time=  23.6s
[CV 1/3] END max_depth=10, max_features=log2, min_samples_leaf=1, min_samples_split=10, n_estimators=100;, score=0.634 total time=   2.6s
[CV 3/3] END max_depth=10, max_features=log2, min_samples_leaf=1, min_samples_split=10, n_estimators=300;, score=0.645 total time=   8.2s
[CV 1/3] END max_depth=10, max_features=log2, min_samples_leaf=4, min_samples_split=10, n_estimators=100;, score=0.617 total time=   2.4s
[CV 3/3] END max_depth=20, max_features=sqrt, min_samples_leaf=1, min_samples_split=5, n_estimators=100;, score=0.702 total time=  13.1s
[CV 1/3] END max_depth=20, max_features=sqrt, min_samples_leaf=4, min_samples_split=2, n_estimators=200;, score=0.648 total time=  21.9s
[CV 3/3] END max_depth=20, max_features=log2, min_samples_leaf=2, min_samples_split=2, n_estimators=200;, score=0.679 total time=   6.0s
[CV 2/3] END max_depth=20, max_features=log2, min_samples_leaf=4, min_samples_split=2, n_estimators=300;, score=0.633 total time=   7.9s
[CV 3/3] END max_depth=30, max_features=sqrt, min_samples_leaf=2, min_samples_split=5, n_estimators=100;, score=0.697 total time=  12.6s
[CV 1/3] END max_depth=30, max_features=sqrt, min_samples_leaf=4, min_samples_split=5, n_estimators=300;, score=0.643 total time=  34.0s
[CV 1/3] END max_depth=40, max_features=sqrt, min_samples_leaf=2, min_samples_split=10, n_estimators=100;, score=0.660 total time=  12.7s
[CV 1/3] END max_depth=40, max_features=sqrt, min_samples_leaf=4, min_samples_split=10, n_estimators=100;, score=0.646 total time=  11.4s
[CV 1/3] END max_depth=40, max_features=log2, min_samples_leaf=1, min_samples_split=5, n_estimators=200;, score=0.648 total time=   6.7s
[CV 2/3] END max_depth=40, max_features=log2, min_samples_leaf=2, min_samples_split=2, n_estimators=300;, score=0.662 total time=   9.3s
[CV 2/3] END max_depth=10, max_features=sqrt, min_samples_leaf=2, min_samples_split=5, n_estimators=200;, score=0.656 total time=  22.5s
[CV 3/3] END max_depth=10, max_features=log2, min_samples_leaf=1, min_samples_split=2, n_estimators=200;, score=0.647 total time=   5.6s
[CV 1/3] END max_depth=10, max_features=log2, min_samples_leaf=2, min_samples_split=2, n_estimators=200;, score=0.640 total time=   5.4s
[CV 1/3] END max_depth=10, max_features=log2, min_samples_leaf=4, min_samples_split=5, n_estimators=100;, score=0.620 total time=   2.5s
[CV 1/3] END max_depth=20, max_features=sqrt, min_samples_leaf=1, min_samples_split=2, n_estimators=300;, score=0.654 total time=  40.7s
[CV 2/3] END max_depth=20, max_features=log2, min_samples_leaf=2, min_samples_split=10, n_estimators=200;, score=0.639 total time=   6.0s
[CV 1/3] END max_depth=30, max_features=sqrt, min_samples_leaf=1, min_samples_split=10, n_estimators=100;, score=0.666 total time=  13.4s
[CV 1/3] END max_depth=30, max_features=sqrt, min_samples_leaf=4, min_samples_split=2, n_estimators=300;, score=0.637 total time=  34.7s
[CV 1/3] END max_depth=40, max_features=sqrt, min_samples_leaf=2, min_samples_split=5, n_estimators=200;, score=0.654 total time=  25.7s
[CV 2/3] END max_depth=40, max_features=log2, min_samples_leaf=1, min_samples_split=5, n_estimators=200;, score=0.662 total time=   6.7s
[CV 3/3] END max_depth=40, max_features=log2, min_samples_leaf=2, min_samples_split=2, n_estimators=300;, score=0.673 total time=   9.1s
[CV 3/3] END max_depth=10, max_features=sqrt, min_samples_leaf=2, min_samples_split=2, n_estimators=100;, score=0.699 total time=  11.3s
[CV 2/3] END max_depth=10, max_features=sqrt, min_samples_leaf=4, min_samples_split=5, n_estimators=100;, score=0.662 total time=  10.2s
[CV 3/3] END max_depth=10, max_features=sqrt, min_samples_leaf=4, min_samples_split=10, n_estimators=200;, score=0.682 total time=  20.9s
[CV 1/3] END max_depth=20, max_features=sqrt, min_samples_leaf=2, min_samples_split=10, n_estimators=200;, score=0.657 total time=  25.1s
[CV 2/3] END max_depth=20, max_features=log2, min_samples_leaf=1, min_samples_split=10, n_estimators=100;, score=0.633 total time=   3.2s
[CV 3/3] END max_depth=20, max_features=log2, min_samples_leaf=1, min_samples_split=10, n_estimators=300;, score=0.668 total time=   9.5s
[CV 2/3] END max_depth=30, max_features=sqrt, min_samples_leaf=1, min_samples_split=2, n_estimators=100;, score=0.711 total time=  13.4s
[CV 1/3] END max_depth=30, max_features=sqrt, min_samples_leaf=4, min_samples_split=2, n_estimators=100;, score=0.657 total time=  11.3s
[CV 3/3] END max_depth=30, max_features=sqrt, min_samples_leaf=4, min_samples_split=10, n_estimators=100;, score=0.682 total time=  11.0s
[CV 1/3] END max_depth=30, max_features=log2, min_samples_leaf=2, min_samples_split=2, n_estimators=200;, score=0.646 total time=   6.1s
[CV 1/3] END max_depth=30, max_features=log2, min_samples_leaf=4, min_samples_split=2, n_estimators=200;, score=0.640 total time=   5.4s
[CV 3/3] END max_depth=40, max_features=sqrt, min_samples_leaf=1, min_samples_split=10, n_estimators=100;, score=0.694 total time=  13.1s
[CV 3/3] END max_depth=40, max_features=sqrt, min_samples_leaf=4, min_samples_split=2, n_estimators=200;, score=0.688 total time=  22.5s
[CV 1/3] END max_depth=40, max_features=log2, min_samples_leaf=2, min_samples_split=5, n_estimators=100;, score=0.640 total time=   3.1s
[CV 3/3] END max_depth=40, max_features=log2, min_samples_leaf=2, min_samples_split=10, n_estimators=200;, score=0.659 total time=   5.8s
[CV 2/3] END max_depth=10, max_features=sqrt, min_samples_leaf=2, min_samples_split=2, n_estimators=100;, score=0.676 total time=  11.7s
[CV 1/3] END max_depth=10, max_features=sqrt, min_samples_leaf=4, min_samples_split=10, n_estimators=100;, score=0.648 total time=  10.5s
[CV 3/3] END max_depth=10, max_features=log2, min_samples_leaf=1, min_samples_split=2, n_estimators=100;, score=0.673 total time=   2.8s
[CV 2/3] END max_depth=10, max_features=log2, min_samples_leaf=1, min_samples_split=10, n_estimators=200;, score=0.633 total time=   5.5s
[CV 1/3] END max_depth=10, max_features=log2, min_samples_leaf=2, min_samples_split=5, n_estimators=200;, score=0.634 total time=   5.4s
[CV 3/3] END max_depth=20, max_features=sqrt, min_samples_leaf=1, min_samples_split=2, n_estimators=300;, score=0.708 total time=  41.1s
[CV 2/3] END max_depth=20, max_features=log2, min_samples_leaf=4, min_samples_split=2, n_estimators=200;, score=0.636 total time=   5.9s
[CV 2/3] END max_depth=30, max_features=sqrt, min_samples_leaf=1, min_samples_split=10, n_estimators=200;, score=0.691 total time=  26.7s
[CV 2/3] END max_depth=30, max_features=log2, min_samples_leaf=1, min_samples_split=2, n_estimators=300;, score=0.676 total time=  10.2s
[CV 2/3] END max_depth=30, max_features=log2, min_samples_leaf=2, min_samples_split=10, n_estimators=100;, score=0.639 total time=   3.0s
[CV 2/3] END max_depth=30, max_features=log2, min_samples_leaf=4, min_samples_split=5, n_estimators=100;, score=0.630 total time=   2.7s
[CV 3/3] END max_depth=40, max_features=sqrt, min_samples_leaf=1, min_samples_split=2, n_estimators=300;, score=0.717 total time=  41.5s
[CV 1/3] END max_depth=40, max_features=log2, min_samples_leaf=4, min_samples_split=2, n_estimators=200;, score=0.628 total time=   5.0s
[CV 1/3] END max_depth=10, max_features=sqrt, min_samples_leaf=1, min_samples_split=5, n_estimators=100;, score=0.654 total time=  11.5s
[CV 3/3] END max_depth=10, max_features=sqrt, min_samples_leaf=4, min_samples_split=2, n_estimators=200;, score=0.679 total time=  20.5s
[CV 3/3] END max_depth=10, max_features=log2, min_samples_leaf=2, min_samples_split=10, n_estimators=100;, score=0.653 total time=   2.6s
[CV 2/3] END max_depth=10, max_features=log2, min_samples_leaf=4, min_samples_split=10, n_estimators=200;, score=0.627 total time=   5.1s
[CV 1/3] END max_depth=20, max_features=sqrt, min_samples_leaf=2, min_samples_split=2, n_estimators=200;, score=0.666 total time=  25.9s
[CV 3/3] END max_depth=20, max_features=log2, min_samples_leaf=1, min_samples_split=2, n_estimators=300;, score=0.682 total time=  10.6s
[CV 3/3] END max_depth=20, max_features=log2, min_samples_leaf=2, min_samples_split=10, n_estimators=100;, score=0.665 total time=   2.9s
[CV 3/3] END max_depth=20, max_features=log2, min_samples_leaf=4, min_samples_split=5, n_estimators=300;, score=0.659 total time=   7.9s
[CV 3/3] END max_depth=30, max_features=sqrt, min_samples_leaf=2, min_samples_split=5, n_estimators=300;, score=0.688 total time=  38.8s
[CV 1/3] END max_depth=40, max_features=sqrt, min_samples_leaf=1, min_samples_split=2, n_estimators=200;, score=0.671 total time=  28.3s
[CV 2/3] END max_depth=40, max_features=log2, min_samples_leaf=1, min_samples_split=2, n_estimators=100;, score=0.676 total time=   3.3s
[CV 3/3] END max_depth=40, max_features=log2, min_samples_leaf=1, min_samples_split=5, n_estimators=300;, score=0.679 total time=  10.2s
[CV 2/3] END max_depth=40, max_features=log2, min_samples_leaf=4, min_samples_split=2, n_estimators=200;, score=0.645 total time=   5.3s
[CV 1/3] END max_depth=10, max_features=sqrt, min_samples_leaf=2, min_samples_split=2, n_estimators=300;, score=0.643 total time=  33.7s
[CV 2/3] END max_depth=10, max_features=log2, min_samples_leaf=4, min_samples_split=2, n_estimators=300;, score=0.633 total time=   7.6s
[CV 1/3] END max_depth=20, max_features=sqrt, min_samples_leaf=2, min_samples_split=5, n_estimators=100;, score=0.660 total time=  12.8s
[CV 1/3] END max_depth=20, max_features=sqrt, min_samples_leaf=4, min_samples_split=5, n_estimators=300;, score=0.646 total time=  34.3s
[CV 3/3] END max_depth=30, max_features=sqrt, min_samples_leaf=2, min_samples_split=10, n_estimators=200;, score=0.688 total time=  24.7s
[CV 2/3] END max_depth=30, max_features=log2, min_samples_leaf=1, min_samples_split=10, n_estimators=100;, score=0.639 total time=   3.1s
[CV 3/3] END max_depth=30, max_features=log2, min_samples_leaf=2, min_samples_split=2, n_estimators=100;, score=0.662 total time=   3.0s
[CV 2/3] END max_depth=30, max_features=log2, min_samples_leaf=2, min_samples_split=5, n_estimators=200;, score=0.665 total time=   6.1s
[CV 2/3] END max_depth=40, max_features=sqrt, min_samples_leaf=1, min_samples_split=2, n_estimators=100;, score=0.685 total time=  14.0s
[CV 2/3] END max_depth=40, max_features=sqrt, min_samples_leaf=4, min_samples_split=2, n_estimators=100;, score=0.650 total time=  11.3s
[CV 1/3] END max_depth=40, max_features=sqrt, min_samples_leaf=4, min_samples_split=10, n_estimators=200;, score=0.640 total time=  22.2s
[CV 2/3] END max_depth=10, max_features=sqrt, min_samples_leaf=4, min_samples_split=2, n_estimators=100;, score=0.642 total time=  12.2s
[CV 3/3] END max_depth=10, max_features=sqrt, min_samples_leaf=4, min_samples_split=10, n_estimators=100;, score=0.682 total time=  10.1s
[CV 2/3] END max_depth=10, max_features=log2, min_samples_leaf=1, min_samples_split=5, n_estimators=200;, score=0.645 total time=   5.5s
[CV 3/3] END max_depth=10, max_features=log2, min_samples_leaf=2, min_samples_split=2, n_estimators=200;, score=0.653 total time=   5.4s
[CV 3/3] END max_depth=10, max_features=log2, min_samples_leaf=4, min_samples_split=5, n_estimators=100;, score=0.656 total time=   2.5s
[CV 2/3] END max_depth=20, max_features=sqrt, min_samples_leaf=1, min_samples_split=5, n_estimators=100;, score=0.699 total time=  13.7s
[CV 2/3] END max_depth=20, max_features=sqrt, min_samples_leaf=4, min_samples_split=2, n_estimators=200;, score=0.668 total time=  22.3s
[CV 1/3] END max_depth=20, max_features=log2, min_samples_leaf=2, min_samples_split=2, n_estimators=300;, score=0.646 total time=   9.1s
[CV 2/3] END max_depth=30, max_features=sqrt, min_samples_leaf=1, min_samples_split=5, n_estimators=100;, score=0.699 total time=  13.4s
[CV 3/3] END max_depth=30, max_features=sqrt, min_samples_leaf=4, min_samples_split=2, n_estimators=100;, score=0.685 total time=  11.2s
[CV 2/3] END max_depth=30, max_features=sqrt, min_samples_leaf=4, min_samples_split=10, n_estimators=200;, score=0.656 total time=  22.1s
[CV 3/3] END max_depth=40, max_features=sqrt, min_samples_leaf=1, min_samples_split=10, n_estimators=200;, score=0.708 total time=  26.4s
[CV 3/3] END max_depth=40, max_features=log2, min_samples_leaf=1, min_samples_split=2, n_estimators=200;, score=0.694 total time=   6.7s
[CV 1/3] END max_depth=40, max_features=log2, min_samples_leaf=2, min_samples_split=2, n_estimators=200;, score=0.634 total time=   6.2s
[CV 3/3] END max_depth=40, max_features=log2, min_samples_leaf=4, min_samples_split=2, n_estimators=200;, score=0.662 total time=   5.2s
[CV 2/3] END max_depth=10, max_features=sqrt, min_samples_leaf=2, min_samples_split=5, n_estimators=100;, score=0.671 total time=  11.2s
[CV 1/3] END max_depth=10, max_features=sqrt, min_samples_leaf=4, min_samples_split=5, n_estimators=200;, score=0.646 total time=  20.6s
[CV 3/3] END max_depth=10, max_features=log2, min_samples_leaf=2, min_samples_split=10, n_estimators=200;, score=0.645 total time=   5.4s
[CV 1/3] END max_depth=20, max_features=sqrt, min_samples_leaf=1, min_samples_split=10, n_estimators=100;, score=0.657 total time=  13.6s
[CV 1/3] END max_depth=20, max_features=sqrt, min_samples_leaf=4, min_samples_split=2, n_estimators=300;, score=0.646 total time=  34.7s
[CV 2/3] END max_depth=30, max_features=sqrt, min_samples_leaf=2, min_samples_split=5, n_estimators=100;, score=0.671 total time=  12.6s
[CV 3/3] END max_depth=30, max_features=sqrt, min_samples_leaf=4, min_samples_split=5, n_estimators=200;, score=0.697 total time=  22.2s
[CV 3/3] END max_depth=30, max_features=log2, min_samples_leaf=2, min_samples_split=10, n_estimators=100;, score=0.656 total time=   3.0s
[CV 3/3] END max_depth=30, max_features=log2, min_samples_leaf=4, min_samples_split=5, n_estimators=100;, score=0.665 total time=   2.7s
[CV 1/3] END max_depth=40, max_features=sqrt, min_samples_leaf=1, min_samples_split=5, n_estimators=100;, score=0.674 total time=  13.5s
[CV 3/3] END max_depth=40, max_features=sqrt, min_samples_leaf=4, min_samples_split=2, n_estimators=100;, score=0.653 total time=  11.1s
[CV 2/3] END max_depth=40, max_features=sqrt, min_samples_leaf=4, min_samples_split=10, n_estimators=200;, score=0.665 total time=  22.4s
[CV 1/3] END max_depth=10, max_features=sqrt, min_samples_leaf=2, min_samples_split=10, n_estimators=300;, score=0.651 total time=  33.3s
[CV 2/3] END max_depth=10, max_features=log2, min_samples_leaf=4, min_samples_split=2, n_estimators=200;, score=0.630 total time=   4.9s
[CV 3/3] END max_depth=20, max_features=sqrt, min_samples_leaf=1, min_samples_split=10, n_estimators=100;, score=0.697 total time=  12.6s
[CV 2/3] END max_depth=20, max_features=sqrt, min_samples_leaf=4, min_samples_split=2, n_estimators=300;, score=0.647 total time=  33.8s
[CV 3/3] END max_depth=30, max_features=sqrt, min_samples_leaf=2, min_samples_split=2, n_estimators=100;, score=0.694 total time=  12.9s
[CV 1/3] END max_depth=30, max_features=sqrt, min_samples_leaf=4, min_samples_split=5, n_estimators=200;, score=0.648 total time=  22.6s
[CV 3/3] END max_depth=30, max_features=log2, min_samples_leaf=2, min_samples_split=5, n_estimators=300;, score=0.662 total time=   9.2s
[CV 2/3] END max_depth=40, max_features=sqrt, min_samples_leaf=2, min_samples_split=2, n_estimators=100;, score=0.685 total time=  12.7s
[CV 1/3] END max_depth=40, max_features=sqrt, min_samples_leaf=4, min_samples_split=5, n_estimators=200;, score=0.654 total time=  22.6s
[CV 1/3] END max_depth=40, max_features=log2, min_samples_leaf=2, min_samples_split=5, n_estimators=300;, score=0.646 total time=   8.6s
[CV 2/3] END max_depth=10, max_features=sqrt, min_samples_leaf=1, min_samples_split=10, n_estimators=100;, score=0.688 total time=  11.3s
[CV 2/3] END max_depth=10, max_features=sqrt, min_samples_leaf=4, min_samples_split=2, n_estimators=200;, score=0.662 total time=  20.7s
[CV 2/3] END max_depth=10, max_features=log2, min_samples_leaf=2, min_samples_split=10, n_estimators=200;, score=0.630 total time=   5.6s
[CV 2/3] END max_depth=20, max_features=sqrt, min_samples_leaf=1, min_samples_split=10, n_estimators=100;, score=0.685 total time=  13.5s
[CV 3/3] END max_depth=20, max_features=sqrt, min_samples_leaf=4, min_samples_split=2, n_estimators=200;, score=0.694 total time=  22.7s
[CV 3/3] END max_depth=20, max_features=log2, min_samples_leaf=2, min_samples_split=2, n_estimators=300;, score=0.665 total time=   9.7s
[CV 3/3] END max_depth=30, max_features=sqrt, min_samples_leaf=1, min_samples_split=10, n_estimators=200;, score=0.679 total time=  26.1s
[CV 1/3] END max_depth=30, max_features=log2, min_samples_leaf=1, min_samples_split=2, n_estimators=300;, score=0.654 total time=  10.1s
[CV 1/3] END max_depth=30, max_features=log2, min_samples_leaf=2, min_samples_split=5, n_estimators=300;, score=0.640 total time=   9.2s
[CV 1/3] END max_depth=40, max_features=sqrt, min_samples_leaf=1, min_samples_split=10, n_estimators=300;, score=0.657 total time=  39.7s
[CV 1/3] END max_depth=40, max_features=log2, min_samples_leaf=4, min_samples_split=5, n_estimators=200;, score=0.631 total time=   5.1s
[CV 2/3] END max_depth=10, max_features=sqrt, min_samples_leaf=1, min_samples_split=2, n_estimators=200;, score=0.676 total time=  23.1s
[CV 2/3] END max_depth=10, max_features=log2, min_samples_leaf=1, min_samples_split=5, n_estimators=100;, score=0.647 total time=   2.7s
[CV 3/3] END max_depth=10, max_features=log2, min_samples_leaf=1, min_samples_split=10, n_estimators=200;, score=0.659 total time=   5.4s
[CV 2/3] END max_depth=10, max_features=log2, min_samples_leaf=2, min_samples_split=5, n_estimators=200;, score=0.642 total time=   5.4s
[CV 1/3] END max_depth=20, max_features=sqrt, min_samples_leaf=1, min_samples_split=5, n_estimators=100;, score=0.671 total time=  12.9s
[CV 3/3] END max_depth=20, max_features=sqrt, min_samples_leaf=4, min_samples_split=2, n_estimators=100;, score=0.688 total time=  10.7s
[CV 3/3] END max_depth=20, max_features=sqrt, min_samples_leaf=4, min_samples_split=10, n_estimators=100;, score=0.679 total time=  10.8s
[CV 2/3] END max_depth=20, max_features=log2, min_samples_leaf=2, min_samples_split=2, n_estimators=100;, score=0.659 total time=   3.0s
[CV 1/3] END max_depth=20, max_features=log2, min_samples_leaf=2, min_samples_split=5, n_estimators=200;, score=0.640 total time=   6.0s
[CV 1/3] END max_depth=30, max_features=sqrt, min_samples_leaf=1, min_samples_split=2, n_estimators=100;, score=0.657 total time=  13.3s
[CV 3/3] END max_depth=30, max_features=sqrt, min_samples_leaf=2, min_samples_split=10, n_estimators=300;, score=0.697 total time=  37.2s
[CV 2/3] END max_depth=40, max_features=sqrt, min_samples_leaf=2, min_samples_split=5, n_estimators=100;, score=0.691 total time=  12.5s
[CV 3/3] END max_depth=40, max_features=sqrt, min_samples_leaf=4, min_samples_split=5, n_estimators=200;, score=0.682 total time=  22.4s
[CV 3/3] END max_depth=40, max_features=log2, min_samples_leaf=2, min_samples_split=10, n_estimators=100;, score=0.671 total time=   3.0s
[CV 3/3] END max_depth=40, max_features=log2, min_samples_leaf=4, min_samples_split=5, n_estimators=200;, score=0.659 total time=   4.9s
[CV 1/3] END max_depth=10, max_features=sqrt, min_samples_leaf=1, min_samples_split=10, n_estimators=200;, score=0.654 total time=  22.9s
[CV 3/3] END max_depth=10, max_features=log2, min_samples_leaf=1, min_samples_split=5, n_estimators=100;, score=0.650 total time=   2.7s
[CV 1/3] END max_depth=10, max_features=log2, min_samples_leaf=1, min_samples_split=10, n_estimators=300;, score=0.631 total time=   8.2s
[CV 2/3] END max_depth=10, max_features=log2, min_samples_leaf=4, min_samples_split=5, n_estimators=100;, score=0.624 total time=   2.5s
[CV 2/3] END max_depth=20, max_features=sqrt, min_samples_leaf=1, min_samples_split=2, n_estimators=300;, score=0.699 total time=  41.8s
[CV 2/3] END max_depth=20, max_features=log2, min_samples_leaf=4, min_samples_split=5, n_estimators=100;, score=0.639 total time=   2.7s
[CV 1/3] END max_depth=30, max_features=sqrt, min_samples_leaf=1, min_samples_split=2, n_estimators=300;, score=0.674 total time=  41.8s
[CV 2/3] END max_depth=30, max_features=log2, min_samples_leaf=4, min_samples_split=2, n_estimators=200;, score=0.639 total time=   5.4s
[CV 1/3] END max_depth=40, max_features=sqrt, min_samples_leaf=1, min_samples_split=10, n_estimators=200;, score=0.669 total time=  27.2s
[CV 1/3] END max_depth=40, max_features=log2, min_samples_leaf=1, min_samples_split=2, n_estimators=300;, score=0.660 total time=  10.2s
[CV 2/3] END max_depth=40, max_features=log2, min_samples_leaf=2, min_samples_split=10, n_estimators=100;, score=0.639 total time=   2.9s
[CV 2/3] END max_depth=40, max_features=log2, min_samples_leaf=4, min_samples_split=5, n_estimators=200;, score=0.636 total time=   5.1s
[CV 2/3] END max_depth=10, max_features=sqrt, min_samples_leaf=1, min_samples_split=5, n_estimators=300;, score=0.676 total time=  35.1s
[CV 2/3] END max_depth=10, max_features=log2, min_samples_leaf=4, min_samples_split=10, n_estimators=300;, score=0.633 total time=   7.5s
[CV 2/3] END max_depth=20, max_features=sqrt, min_samples_leaf=2, min_samples_split=10, n_estimators=100;, score=0.673 total time=  12.9s
[CV 2/3] END max_depth=20, max_features=sqrt, min_samples_leaf=4, min_samples_split=10, n_estimators=100;, score=0.676 total time=  11.3s
[CV 1/3] END max_depth=20, max_features=log2, min_samples_leaf=1, min_samples_split=5, n_estimators=200;, score=0.648 total time=   6.4s
[CV 2/3] END max_depth=20, max_features=log2, min_samples_leaf=2, min_samples_split=2, n_estimators=300;, score=0.659 total time=   9.1s
[CV 3/3] END max_depth=30, max_features=sqrt, min_samples_leaf=1, min_samples_split=5, n_estimators=200;, score=0.702 total time=  26.7s
[CV 2/3] END max_depth=30, max_features=log2, min_samples_leaf=1, min_samples_split=2, n_estimators=200;, score=0.653 total time=   6.6s
[CV 1/3] END max_depth=30, max_features=log2, min_samples_leaf=2, min_samples_split=2, n_estimators=100;, score=0.651 total time=   3.0s
[CV 2/3] END max_depth=30, max_features=log2, min_samples_leaf=2, min_samples_split=5, n_estimators=100;, score=0.647 total time=   3.0s
[CV 1/3] END max_depth=30, max_features=log2, min_samples_leaf=4, min_samples_split=2, n_estimators=100;, score=0.651 total time=   2.6s
[CV 1/3] END max_depth=30, max_features=log2, min_samples_leaf=4, min_samples_split=10, n_estimators=200;, score=0.634 total time=   5.3s
[CV 1/3] END max_depth=40, max_features=sqrt, min_samples_leaf=2, min_samples_split=2, n_estimators=200;, score=0.643 total time=  25.6s
[CV 1/3] END max_depth=40, max_features=log2, min_samples_leaf=1, min_samples_split=5, n_estimators=100;, score=0.648 total time=   3.3s
[CV 2/3] END max_depth=40, max_features=log2, min_samples_leaf=1, min_samples_split=10, n_estimators=200;, score=0.653 total time=   6.3s
[CV 2/3] END max_depth=40, max_features=log2, min_samples_leaf=2, min_samples_split=5, n_estimators=300;, score=0.653 total time=   8.5s
[CV 3/3] END max_depth=10, max_features=sqrt, min_samples_leaf=2, min_samples_split=5, n_estimators=100;, score=0.682 total time=  11.5s
[CV 3/3] END max_depth=10, max_features=sqrt, min_samples_leaf=4, min_samples_split=5, n_estimators=300;, score=0.673 total time=  31.5s
[CV 1/3] END max_depth=20, max_features=sqrt, min_samples_leaf=2, min_samples_split=10, n_estimators=300;, score=0.648 total time=  37.8s
[CV 2/3] END max_depth=30, max_features=sqrt, min_samples_leaf=1, min_samples_split=2, n_estimators=200;, score=0.702 total time=  27.4s
[CV 3/3] END max_depth=30, max_features=sqrt, min_samples_leaf=4, min_samples_split=10, n_estimators=300;, score=0.682 total time=  33.3s
[CV 2/3] END max_depth=40, max_features=sqrt, min_samples_leaf=4, min_samples_split=2, n_estimators=300;, score=0.665 total time=  33.1s
[CV 1/3] END max_depth=10, max_features=sqrt, min_samples_leaf=1, min_samples_split=2, n_estimators=300;, score=0.663 total time=  35.4s
[CV 3/3] END max_depth=10, max_features=log2, min_samples_leaf=4, min_samples_split=10, n_estimators=300;, score=0.633 total time=   7.5s
[CV 2/3] END max_depth=20, max_features=sqrt, min_samples_leaf=2, min_samples_split=10, n_estimators=200;, score=0.668 total time=  25.6s
[CV 1/3] END max_depth=20, max_features=log2, min_samples_leaf=1, min_samples_split=10, n_estimators=200;, score=0.637 total time=   6.5s
[CV 3/3] END max_depth=20, max_features=log2, min_samples_leaf=2, min_samples_split=5, n_estimators=200;, score=0.668 total time=   6.2s
[CV 2/3] END max_depth=30, max_features=sqrt, min_samples_leaf=1, min_samples_split=2, n_estimators=300;, score=0.702 total time=  41.8s
[CV 3/3] END max_depth=30, max_features=log2, min_samples_leaf=4, min_samples_split=2, n_estimators=200;, score=0.645 total time=   5.5s
[CV 2/3] END max_depth=40, max_features=sqrt, min_samples_leaf=1, min_samples_split=10, n_estimators=200;, score=0.673 total time=  27.1s
[CV 2/3] END max_depth=40, max_features=log2, min_samples_leaf=1, min_samples_split=2, n_estimators=300;, score=0.665 total time=  10.1s
[CV 3/3] END max_depth=40, max_features=log2, min_samples_leaf=2, min_samples_split=5, n_estimators=300;, score=0.665 total time=   8.7s
[CV 2/3] END max_depth=10, max_features=sqrt, min_samples_leaf=1, min_samples_split=10, n_estimators=300;, score=0.671 total time=  34.2s
[CV 1/3] END max_depth=10, max_features=log2, min_samples_leaf=4, min_samples_split=5, n_estimators=300;, score=0.637 total time=   7.8s
[CV 1/3] END max_depth=20, max_features=sqrt, min_samples_leaf=2, min_samples_split=5, n_estimators=300;, score=0.657 total time=  38.8s
[CV 3/3] END max_depth=30, max_features=sqrt, min_samples_leaf=1, min_samples_split=2, n_estimators=100;, score=0.723 total time=  14.0s
[CV 2/3] END max_depth=30, max_features=sqrt, min_samples_leaf=4, min_samples_split=2, n_estimators=100;, score=0.671 total time=  11.0s
[CV 1/3] END max_depth=30, max_features=sqrt, min_samples_leaf=4, min_samples_split=10, n_estimators=200;, score=0.660 total time=  22.1s
[CV 1/3] END max_depth=40, max_features=sqrt, min_samples_leaf=1, min_samples_split=10, n_estimators=100;, score=0.671 total time=  13.5s
[CV 3/3] END max_depth=40, max_features=sqrt, min_samples_leaf=4, min_samples_split=2, n_estimators=300;, score=0.676 total time=  33.1s
[CV 3/3] END max_depth=10, max_features=sqrt, min_samples_leaf=1, min_samples_split=2, n_estimators=100;, score=0.688 total time=  11.8s
[CV 1/3] END max_depth=10, max_features=sqrt, min_samples_leaf=4, min_samples_split=5, n_estimators=300;, score=0.631 total time=  31.3s
[CV 3/3] END max_depth=20, max_features=sqrt, min_samples_leaf=2, min_samples_split=10, n_estimators=200;, score=0.688 total time=  24.6s
[CV 3/3] END max_depth=20, max_features=log2, min_samples_leaf=1, min_samples_split=5, n_estimators=200;, score=0.671 total time=   6.6s
[CV 2/3] END max_depth=20, max_features=log2, min_samples_leaf=2, min_samples_split=5, n_estimators=100;, score=0.659 total time=   3.0s
[CV 1/3] END max_depth=20, max_features=log2, min_samples_leaf=2, min_samples_split=10, n_estimators=300;, score=0.640 total time=   8.9s
[CV 3/3] END max_depth=30, max_features=sqrt, min_samples_leaf=2, min_samples_split=5, n_estimators=200;, score=0.691 total time=  25.6s
[CV 2/3] END max_depth=30, max_features=log2, min_samples_leaf=1, min_samples_split=5, n_estimators=200;, score=0.668 total time=   6.6s
[CV 3/3] END max_depth=30, max_features=log2, min_samples_leaf=2, min_samples_split=2, n_estimators=300;, score=0.676 total time=   9.3s
[CV 2/3] END max_depth=40, max_features=sqrt, min_samples_leaf=1, min_samples_split=10, n_estimators=100;, score=0.676 total time=  13.3s
[CV 1/3] END max_depth=40, max_features=sqrt, min_samples_leaf=4, min_samples_split=2, n_estimators=300;, score=0.648 total time=  33.2s
[CV 3/3] END max_depth=10, max_features=sqrt, min_samples_leaf=2, min_samples_split=2, n_estimators=300;, score=0.679 total time=  33.5s
[CV 2/3] END max_depth=10, max_features=log2, min_samples_leaf=4, min_samples_split=2, n_estimators=100;, score=0.630 total time=   2.4s
[CV 1/3] END max_depth=20, max_features=sqrt, min_samples_leaf=1, min_samples_split=2, n_estimators=200;, score=0.683 total time=  27.3s
[CV 2/3] END max_depth=20, max_features=sqrt, min_samples_leaf=4, min_samples_split=10, n_estimators=300;, score=0.659 total time=  33.7s
[CV 2/3] END max_depth=30, max_features=sqrt, min_samples_leaf=4, min_samples_split=5, n_estimators=100;, score=0.688 total time=  11.1s
[CV 2/3] END max_depth=30, max_features=sqrt, min_samples_leaf=4, min_samples_split=10, n_estimators=300;, score=0.659 total time=  33.5s
[CV 1/3] END max_depth=40, max_features=sqrt, min_samples_leaf=4, min_samples_split=5, n_estimators=100;, score=0.651 total time=  11.1s
[CV 3/3] END max_depth=40, max_features=sqrt, min_samples_leaf=4, min_samples_split=10, n_estimators=200;, score=0.688 total time=  21.8s
[CV 1/3] END max_depth=10, max_features=sqrt, min_samples_leaf=2, min_samples_split=5, n_estimators=200;, score=0.663 total time=  22.5s
[CV 2/3] END max_depth=10, max_features=log2, min_samples_leaf=1, min_samples_split=2, n_estimators=300;, score=0.639 total time=   8.4s
[CV 3/3] END max_depth=10, max_features=log2, min_samples_leaf=2, min_samples_split=5, n_estimators=200;, score=0.650 total time=   5.5s
[CV 1/3] END max_depth=20, max_features=sqrt, min_samples_leaf=1, min_samples_split=5, n_estimators=200;, score=0.663 total time=  27.3s
[CV 3/3] END max_depth=20, max_features=log2, min_samples_leaf=1, min_samples_split=2, n_estimators=100;, score=0.691 total time=   3.3s
[CV 3/3] END max_depth=20, max_features=log2, min_samples_leaf=1, min_samples_split=5, n_estimators=300;, score=0.671 total time=  10.0s
[CV 1/3] END max_depth=20, max_features=log2, min_samples_leaf=4, min_samples_split=2, n_estimators=200;, score=0.643 total time=   5.4s
[CV 2/3] END max_depth=30, max_features=sqrt, min_samples_leaf=1, min_samples_split=5, n_estimators=300;, score=0.697 total time=  40.7s
[CV 3/3] END max_depth=30, max_features=log2, min_samples_leaf=4, min_samples_split=2, n_estimators=300;, score=0.659 total time=   8.1s
[CV 2/3] END max_depth=40, max_features=sqrt, min_samples_leaf=2, min_samples_split=5, n_estimators=300;, score=0.671 total time=  38.4s
[CV 2/3] END max_depth=40, max_features=log2, min_samples_leaf=4, min_samples_split=10, n_estimators=200;, score=0.650 total time=   4.6s
[CV 3/3] END max_depth=10, max_features=sqrt, min_samples_leaf=1, min_samples_split=10, n_estimators=100;, score=0.688 total time=  11.5s
[CV 2/3] END max_depth=10, max_features=sqrt, min_samples_leaf=4, min_samples_split=5, n_estimators=200;, score=0.673 total time=  20.8s
[CV 1/3] END max_depth=10, max_features=log2, min_samples_leaf=2, min_samples_split=10, n_estimators=300;, score=0.628 total time=   8.1s
[CV 1/3] END max_depth=20, max_features=sqrt, min_samples_leaf=2, min_samples_split=2, n_estimators=300;, score=0.657 total time=  39.5s
[CV 3/3] END max_depth=20, max_features=log2, min_samples_leaf=4, min_samples_split=10, n_estimators=100;, score=0.645 total time=   2.7s
[CV 1/3] END max_depth=30, max_features=sqrt, min_samples_leaf=1, min_samples_split=5, n_estimators=300;, score=0.654 total time=  41.1s
[CV 1/3] END max_depth=30, max_features=log2, min_samples_leaf=4, min_samples_split=5, n_estimators=200;, score=0.631 total time=   5.4s
[CV 3/3] END max_depth=40, max_features=sqrt, min_samples_leaf=1, min_samples_split=10, n_estimators=300;, score=0.699 total time=  40.7s
[CV 1/3] END max_depth=40, max_features=log2, min_samples_leaf=4, min_samples_split=10, n_estimators=200;, score=0.628 total time=   4.9s
[CV 3/3] END max_depth=10, max_features=sqrt, min_samples_leaf=1, min_samples_split=10, n_estimators=300;, score=0.676 total time=  34.1s
[CV 3/3] END max_depth=10, max_features=log2, min_samples_leaf=4, min_samples_split=5, n_estimators=200;, score=0.642 total time=   5.0s
[CV 2/3] END max_depth=20, max_features=sqrt, min_samples_leaf=1, min_samples_split=10, n_estimators=300;, score=0.676 total time=  40.0s
[CV 2/3] END max_depth=20, max_features=log2, min_samples_leaf=4, min_samples_split=5, n_estimators=200;, score=0.647 total time=   5.4s
[CV 2/3] END max_depth=30, max_features=sqrt, min_samples_leaf=1, min_samples_split=10, n_estimators=300;, score=0.691 total time=  39.9s
[CV 3/3] END max_depth=30, max_features=log2, min_samples_leaf=4, min_samples_split=5, n_estimators=300;, score=0.650 total time=   8.2s
[CV 1/3] END max_depth=40, max_features=sqrt, min_samples_leaf=2, min_samples_split=10, n_estimators=200;, score=0.654 total time=  25.2s
[CV 3/3] END max_depth=40, max_features=log2, min_samples_leaf=1, min_samples_split=10, n_estimators=100;, score=0.673 total time=   3.2s
[CV 1/3] END max_depth=40, max_features=log2, min_samples_leaf=2, min_samples_split=2, n_estimators=100;, score=0.654 total time=   3.1s
[CV 3/3] END max_depth=40, max_features=log2, min_samples_leaf=2, min_samples_split=5, n_estimators=100;, score=0.668 total time=   3.1s
[CV 2/3] END max_depth=40, max_features=log2, min_samples_leaf=4, min_samples_split=2, n_estimators=100;, score=0.636 total time=   2.7s
[CV 3/3] END max_depth=40, max_features=log2, min_samples_leaf=4, min_samples_split=10, n_estimators=200;, score=0.642 total time=   4.7s
[CV 1/3] END max_depth=10, max_features=sqrt, min_samples_leaf=1, min_samples_split=2, n_estimators=100;, score=0.660 total time=  11.6s
[CV 1/3] END max_depth=10, max_features=sqrt, min_samples_leaf=4, min_samples_split=2, n_estimators=300;, score=0.640 total time=  32.3s
[CV 2/3] END max_depth=20, max_features=sqrt, min_samples_leaf=2, min_samples_split=10, n_estimators=300;, score=0.679 total time=  38.4s
[CV 1/3] END max_depth=30, max_features=sqrt, min_samples_leaf=1, min_samples_split=5, n_estimators=100;, score=0.669 total time=  13.7s
[CV 1/3] END max_depth=30, max_features=sqrt, min_samples_leaf=4, min_samples_split=2, n_estimators=200;, score=0.637 total time=  22.7s
[CV 1/3] END max_depth=30, max_features=log2, min_samples_leaf=2, min_samples_split=2, n_estimators=300;, score=0.651 total time=   9.3s
[CV 2/3] END max_depth=40, max_features=sqrt, min_samples_leaf=1, min_samples_split=5, n_estimators=300;, score=0.697 total time=  40.6s
[CV 1/3] END max_depth=40, max_features=log2, min_samples_leaf=4, min_samples_split=2, n_estimators=300;, score=0.637 total time=   6.9s
[CV 2/3] END max_depth=10, max_features=sqrt, min_samples_leaf=1, min_samples_split=5, n_estimators=100;, score=0.688 total time=  11.5s
[CV 3/3] END max_depth=10, max_features=sqrt, min_samples_leaf=4, min_samples_split=2, n_estimators=300;, score=0.671 total time=  30.9s
[CV 3/3] END max_depth=20, max_features=sqrt, min_samples_leaf=2, min_samples_split=5, n_estimators=300;, score=0.702 total time=  38.0s
[CV 2/3] END max_depth=20, max_features=log2, min_samples_leaf=4, min_samples_split=10, n_estimators=200;, score=0.633 total time=   5.2s
[CV 2/3] END max_depth=30, max_features=sqrt, min_samples_leaf=2, min_samples_split=2, n_estimators=300;, score=0.691 total time=  38.4s
[CV 2/3] END max_depth=30, max_features=log2, min_samples_leaf=4, min_samples_split=5, n_estimators=200;, score=0.630 total time=   5.4s
[CV 2/3] END max_depth=40, max_features=sqrt, min_samples_leaf=1, min_samples_split=10, n_estimators=300;, score=0.676 total time=  39.1s
[CV 2/3] END max_depth=40, max_features=log2, min_samples_leaf=4, min_samples_split=2, n_estimators=300;, score=0.633 total time=   6.8s
[CV 3/3] END max_depth=10, max_features=sqrt, min_samples_leaf=2, min_samples_split=10, n_estimators=200;, score=0.688 total time=  21.8s
[CV 3/3] END max_depth=10, max_features=sqrt, min_samples_leaf=4, min_samples_split=10, n_estimators=300;, score=0.685 total time=  30.9s
[CV 1/3] END max_depth=20, max_features=sqrt, min_samples_leaf=4, min_samples_split=5, n_estimators=200;, score=0.640 total time=  22.7s
[CV 3/3] END max_depth=20, max_features=log2, min_samples_leaf=2, min_samples_split=5, n_estimators=300;, score=0.653 total time=   9.5s
[CV 3/3] END max_depth=30, max_features=sqrt, min_samples_leaf=2, min_samples_split=2, n_estimators=200;, score=0.705 total time=  25.4s
[CV 1/3] END max_depth=30, max_features=log2, min_samples_leaf=1, min_samples_split=5, n_estimators=100;, score=0.660 total time=   3.2s
[CV 2/3] END max_depth=30, max_features=log2, min_samples_leaf=1, min_samples_split=10, n_estimators=200;, score=0.647 total time=   6.3s
[CV 1/3] END max_depth=30, max_features=log2, min_samples_leaf=2, min_samples_split=10, n_estimators=100;, score=0.643 total time=   2.9s
[CV 1/3] END max_depth=30, max_features=log2, min_samples_leaf=4, min_samples_split=5, n_estimators=100;, score=0.628 total time=   2.7s
[CV 2/3] END max_depth=40, max_features=sqrt, min_samples_leaf=1, min_samples_split=2, n_estimators=300;, score=0.691 total time=  41.0s
[CV 3/3] END max_depth=40, max_features=log2, min_samples_leaf=2, min_samples_split=10, n_estimators=300;, score=0.662 total time=   7.8s
[CV 2/3] END max_depth=10, max_features=sqrt, min_samples_leaf=1, min_samples_split=2, n_estimators=100;, score=0.688 total time=  11.8s
[CV 3/3] END max_depth=10, max_features=sqrt, min_samples_leaf=4, min_samples_split=5, n_estimators=100;, score=0.679 total time=  10.8s
[CV 1/3] END max_depth=10, max_features=log2, min_samples_leaf=1, min_samples_split=2, n_estimators=100;, score=0.646 total time=   2.8s
[CV 3/3] END max_depth=10, max_features=log2, min_samples_leaf=1, min_samples_split=10, n_estimators=100;, score=0.645 total time=   2.7s
[CV 2/3] END max_depth=10, max_features=log2, min_samples_leaf=2, min_samples_split=2, n_estimators=100;, score=0.647 total time=   2.6s
[CV 2/3] END max_depth=10, max_features=log2, min_samples_leaf=2, min_samples_split=5, n_estimators=100;, score=0.633 total time=   2.7s
[CV 3/3] END max_depth=10, max_features=log2, min_samples_leaf=2, min_samples_split=10, n_estimators=300;, score=0.647 total time=   8.1s
[CV 1/3] END max_depth=20, max_features=sqrt, min_samples_leaf=2, min_samples_split=5, n_estimators=200;, score=0.654 total time=  25.9s
[CV 1/3] END max_depth=20, max_features=log2, min_samples_leaf=1, min_samples_split=10, n_estimators=100;, score=0.648 total time=   3.2s
[CV 2/3] END max_depth=20, max_features=log2, min_samples_leaf=1, min_samples_split=10, n_estimators=300;, score=0.650 total time=   9.5s
[CV 3/3] END max_depth=20, max_features=log2, min_samples_leaf=4, min_samples_split=10, n_estimators=300;, score=0.647 total time=   8.0s
[CV 1/3] END max_depth=30, max_features=sqrt, min_samples_leaf=2, min_samples_split=10, n_estimators=300;, score=0.654 total time=  37.6s
[CV 2/3] END max_depth=40, max_features=sqrt, min_samples_leaf=1, min_samples_split=2, n_estimators=200;, score=0.676 total time=  27.8s
[CV 1/3] END max_depth=40, max_features=log2, min_samples_leaf=1, min_samples_split=2, n_estimators=100;, score=0.637 total time=   3.3s
[CV 1/3] END max_depth=40, max_features=log2, min_samples_leaf=1, min_samples_split=5, n_estimators=300;, score=0.648 total time=  10.0s
[CV 2/3] END max_depth=40, max_features=log2, min_samples_leaf=2, min_samples_split=10, n_estimators=300;, score=0.636 total time=   7.9s
[CV 3/3] END max_depth=10, max_features=sqrt, min_samples_leaf=2, min_samples_split=5, n_estimators=200;, score=0.682 total time=  22.5s
[CV 1/3] END max_depth=10, max_features=log2, min_samples_leaf=1, min_samples_split=5, n_estimators=200;, score=0.643 total time=   5.7s
[CV 2/3] END max_depth=10, max_features=log2, min_samples_leaf=2, min_samples_split=2, n_estimators=300;, score=0.639 total time=   8.3s
[CV 3/3] END max_depth=20, max_features=sqrt, min_samples_leaf=1, min_samples_split=5, n_estimators=200;, score=0.702 total time=  27.5s
[CV 2/3] END max_depth=20, max_features=log2, min_samples_leaf=1, min_samples_split=2, n_estimators=200;, score=0.653 total time=   6.8s
[CV 3/3] END max_depth=20, max_features=log2, min_samples_leaf=2, min_samples_split=2, n_estimators=100;, score=0.671 total time=   3.1s
[CV 2/3] END max_depth=20, max_features=log2, min_samples_leaf=2, min_samples_split=5, n_estimators=200;, score=0.653 total time=   6.2s
[CV 1/3] END max_depth=30, max_features=sqrt, min_samples_leaf=1, min_samples_split=2, n_estimators=200;, score=0.669 total time=  27.8s
[CV 1/3] END max_depth=30, max_features=log2, min_samples_leaf=1, min_samples_split=2, n_estimators=100;, score=0.657 total time=   3.3s
[CV 2/3] END max_depth=30, max_features=log2, min_samples_leaf=1, min_samples_split=5, n_estimators=300;, score=0.665 total time=  10.0s
[CV 3/3] END max_depth=30, max_features=log2, min_samples_leaf=2, min_samples_split=10, n_estimators=300;, score=0.656 total time=   9.1s
[CV 3/3] END max_depth=40, max_features=sqrt, min_samples_leaf=2, min_samples_split=5, n_estimators=200;, score=0.688 total time=  25.9s
[CV 3/3] END max_depth=40, max_features=log2, min_samples_leaf=1, min_samples_split=5, n_estimators=200;, score=0.668 total time=   6.7s
[CV 2/3] END max_depth=40, max_features=log2, min_samples_leaf=2, min_samples_split=5, n_estimators=100;, score=0.665 total time=   3.0s
[CV 1/3] END max_depth=40, max_features=log2, min_samples_leaf=2, min_samples_split=10, n_estimators=300;, score=0.640 total time=   8.0s
[CV 3/3] END max_depth=10, max_features=sqrt, min_samples_leaf=2, min_samples_split=10, n_estimators=300;, score=0.688 total time=  35.3s
[CV 2/3] END max_depth=20, max_features=sqrt, min_samples_leaf=1, min_samples_split=2, n_estimators=100;, score=0.691 total time=  13.8s
[CV 2/3] END max_depth=20, max_features=sqrt, min_samples_leaf=4, min_samples_split=2, n_estimators=100;, score=0.650 total time=  11.2s
[CV 1/3] END max_depth=20, max_features=sqrt, min_samples_leaf=4, min_samples_split=10, n_estimators=200;, score=0.646 total time=  22.6s
[CV 1/3] END max_depth=30, max_features=sqrt, min_samples_leaf=1, min_samples_split=10, n_estimators=200;, score=0.666 total time=  26.3s
[CV 3/3] END max_depth=30, max_features=log2, min_samples_leaf=1, min_samples_split=2, n_estimators=200;, score=0.697 total time=   6.7s
[CV 2/3] END max_depth=30, max_features=log2, min_samples_leaf=2, min_samples_split=2, n_estimators=100;, score=0.653 total time=   3.0s
[CV 1/3] END max_depth=30, max_features=log2, min_samples_leaf=2, min_samples_split=5, n_estimators=200;, score=0.640 total time=   6.1s
[CV 1/3] END max_depth=40, max_features=sqrt, min_samples_leaf=1, min_samples_split=2, n_estimators=100;, score=0.660 total time=  13.5s
[CV 3/3] END max_depth=40, max_features=sqrt, min_samples_leaf=2, min_samples_split=10, n_estimators=300;, score=0.697 total time=  36.2s
[CV 3/3] END max_depth=10, max_features=sqrt, min_samples_leaf=1, min_samples_split=10, n_estimators=200;, score=0.665 total time=  22.4s
[CV 2/3] END max_depth=10, max_features=log2, min_samples_leaf=1, min_samples_split=2, n_estimators=100;, score=0.639 total time=   2.8s
[CV 1/3] END max_depth=10, max_features=log2, min_samples_leaf=1, min_samples_split=10, n_estimators=200;, score=0.625 total time=   5.3s
[CV 3/3] END max_depth=10, max_features=log2, min_samples_leaf=2, min_samples_split=2, n_estimators=300;, score=0.656 total time=   8.1s
[CV 2/3] END max_depth=20, max_features=sqrt, min_samples_leaf=1, min_samples_split=10, n_estimators=200;, score=0.676 total time=  26.1s
[CV 3/3] END max_depth=20, max_features=log2, min_samples_leaf=1, min_samples_split=2, n_estimators=200;, score=0.682 total time=   6.7s
[CV 2/3] END max_depth=20, max_features=log2, min_samples_leaf=2, min_samples_split=2, n_estimators=200;, score=0.645 total time=   6.3s
[CV 1/3] END max_depth=20, max_features=log2, min_samples_leaf=4, min_samples_split=5, n_estimators=100;, score=0.640 total time=   2.7s
[CV 3/3] END max_depth=30, max_features=sqrt, min_samples_leaf=1, min_samples_split=2, n_estimators=200;, score=0.720 total time=  27.1s
[CV 3/3] END max_depth=30, max_features=sqrt, min_samples_leaf=4, min_samples_split=10, n_estimators=200;, score=0.688 total time=  22.3s
[CV 1/3] END max_depth=40, max_features=sqrt, min_samples_leaf=2, min_samples_split=2, n_estimators=300;, score=0.657 total time=  38.9s
[CV 1/3] END max_depth=40, max_features=log2, min_samples_leaf=4, min_samples_split=5, n_estimators=300;, score=0.634 total time=   6.5s
[CV 1/3] END max_depth=10, max_features=sqrt, min_samples_leaf=1, min_samples_split=10, n_estimators=100;, score=0.648 total time=  11.9s
[CV 2/3] END max_depth=10, max_features=sqrt, min_samples_leaf=4, min_samples_split=10, n_estimators=100;, score=0.662 total time=  10.1s
[CV 2/3] END max_depth=10, max_features=sqrt, min_samples_leaf=4, min_samples_split=10, n_estimators=300;, score=0.650 total time=  32.1s
[CV 2/3] END max_depth=20, max_features=sqrt, min_samples_leaf=4, min_samples_split=5, n_estimators=200;, score=0.659 total time=  23.4s
[CV 3/3] END max_depth=20, max_features=log2, min_samples_leaf=2, min_samples_split=10, n_estimators=300;, score=0.662 total time=   9.2s
[CV 2/3] END max_depth=30, max_features=sqrt, min_samples_leaf=2, min_samples_split=5, n_estimators=300;, score=0.694 total time=  39.5s
[CV 1/3] END max_depth=40, max_features=sqrt, min_samples_leaf=1, min_samples_split=2, n_estimators=300;, score=0.657 total time=  42.4s
[CV 3/3] END max_depth=40, max_features=log2, min_samples_leaf=4, min_samples_split=2, n_estimators=300;, score=0.653 total time=   7.3s
[CV 1/3] END max_depth=10, max_features=sqrt, min_samples_leaf=2, min_samples_split=10, n_estimators=100;, score=0.657 total time=  11.2s
[CV 3/3] END max_depth=10, max_features=sqrt, min_samples_leaf=4, min_samples_split=5, n_estimators=200;, score=0.668 total time=  21.2s
[CV 2/3] END max_depth=10, max_features=log2, min_samples_leaf=2, min_samples_split=10, n_estimators=300;, score=0.630 total time=   8.3s
[CV 2/3] END max_depth=20, max_features=sqrt, min_samples_leaf=2, min_samples_split=2, n_estimators=300;, score=0.711 total time=  37.9s
[CV 3/3] END max_depth=20, max_features=log2, min_samples_leaf=4, min_samples_split=5, n_estimators=100;, score=0.647 total time=   2.6s
[CV 3/3] END max_depth=30, max_features=sqrt, min_samples_leaf=1, min_samples_split=2, n_estimators=300;, score=0.723 total time=  40.3s
[CV 1/3] END max_depth=30, max_features=log2, min_samples_leaf=2, min_samples_split=10, n_estimators=300;, score=0.637 total time=   8.8s
[CV 3/3] END max_depth=40, max_features=sqrt, min_samples_leaf=2, min_samples_split=2, n_estimators=300;, score=0.691 total time=  38.6s
[CV 2/3] END max_depth=40, max_features=log2, min_samples_leaf=4, min_samples_split=5, n_estimators=300;, score=0.639 total time=   6.6s
[CV 1/3] END max_depth=10, max_features=sqrt, min_samples_leaf=2, min_samples_split=10, n_estimators=200;, score=0.663 total time=  22.3s
[CV 2/3] END max_depth=10, max_features=log2, min_samples_leaf=1, min_samples_split=2, n_estimators=200;, score=0.645 total time=   5.7s
[CV 2/3] END max_depth=10, max_features=log2, min_samples_leaf=2, min_samples_split=2, n_estimators=200;, score=0.642 total time=   5.5s
[CV 2/3] END max_depth=10, max_features=log2, min_samples_leaf=4, min_samples_split=5, n_estimators=200;, score=0.636 total time=   5.1s
[CV 3/3] END max_depth=20, max_features=sqrt, min_samples_leaf=1, min_samples_split=10, n_estimators=300;, score=0.699 total time=  39.8s
[CV 1/3] END max_depth=20, max_features=log2, min_samples_leaf=4, min_samples_split=5, n_estimators=200;, score=0.622 total time=   5.4s
[CV 1/3] END max_depth=30, max_features=sqrt, min_samples_leaf=1, min_samples_split=10, n_estimators=300;, score=0.666 total time=  40.6s
[CV 2/3] END max_depth=30, max_features=log2, min_samples_leaf=4, min_samples_split=10, n_estimators=200;, score=0.624 total time=   5.4s
[CV 2/3] END max_depth=40, max_features=sqrt, min_samples_leaf=2, min_samples_split=2, n_estimators=300;, score=0.668 total time=  39.0s
[CV 3/3] END max_depth=40, max_features=log2, min_samples_leaf=4, min_samples_split=5, n_estimators=300;, score=0.662 total time=   6.7s
[CV 1/3] END max_depth=10, max_features=sqrt, min_samples_leaf=1, min_samples_split=5, n_estimators=200;, score=0.648 total time=  23.3s
[CV 3/3] END max_depth=10, max_features=log2, min_samples_leaf=1, min_samples_split=5, n_estimators=300;, score=0.653 total time=   8.5s
[CV 2/3] END max_depth=10, max_features=log2, min_samples_leaf=2, min_samples_split=10, n_estimators=100;, score=0.645 total time=   2.7s
[CV 1/3] END max_depth=10, max_features=log2, min_samples_leaf=4, min_samples_split=10, n_estimators=200;, score=0.631 total time=   5.2s
[CV 2/3] END max_depth=20, max_features=sqrt, min_samples_leaf=2, min_samples_split=2, n_estimators=200;, score=0.673 total time=  25.9s
[CV 2/3] END max_depth=20, max_features=log2, min_samples_leaf=1, min_samples_split=5, n_estimators=100;, score=0.659 total time=   3.4s
[CV 3/3] END max_depth=20, max_features=log2, min_samples_leaf=1, min_samples_split=10, n_estimators=200;, score=0.665 total time=   6.6s
[CV 2/3] END max_depth=20, max_features=log2, min_samples_leaf=2, min_samples_split=10, n_estimators=100;, score=0.642 total time=   3.1s
[CV 3/3] END max_depth=20, max_features=log2, min_samples_leaf=4, min_samples_split=5, n_estimators=200;, score=0.656 total time=   5.4s
[CV 3/3] END max_depth=30, max_features=sqrt, min_samples_leaf=1, min_samples_split=10, n_estimators=300;, score=0.694 total time=  39.7s
[CV 2/3] END max_depth=30, max_features=log2, min_samples_leaf=4, min_samples_split=5, n_estimators=300;, score=0.636 total time=   8.1s
[CV 2/3] END max_depth=40, max_features=sqrt, min_samples_leaf=2, min_samples_split=10, n_estimators=100;, score=0.679 total time=  12.5s
[CV 3/3] END max_depth=40, max_features=sqrt, min_samples_leaf=4, min_samples_split=5, n_estimators=300;, score=0.688 total time=  31.4s
[CV 1/3] END max_depth=10, max_features=sqrt, min_samples_leaf=1, min_samples_split=5, n_estimators=300;, score=0.660 total time=  35.8s
[CV 3/3] END max_depth=20, max_features=sqrt, min_samples_leaf=1, min_samples_split=2, n_estimators=100;, score=0.694 total time=  13.6s
[CV 1/3] END max_depth=20, max_features=sqrt, min_samples_leaf=4, min_samples_split=2, n_estimators=100;, score=0.640 total time=  11.4s
[CV 2/3] END max_depth=20, max_features=sqrt, min_samples_leaf=4, min_samples_split=10, n_estimators=200;, score=0.662 total time=  22.5s
[CV 3/3] END max_depth=30, max_features=sqrt, min_samples_leaf=1, min_samples_split=10, n_estimators=100;, score=0.697 total time=  13.3s
[CV 2/3] END max_depth=30, max_features=sqrt, min_samples_leaf=4, min_samples_split=2, n_estimators=300;, score=0.662 total time=  34.2s
[CV 1/3] END max_depth=40, max_features=sqrt, min_samples_leaf=2, min_samples_split=5, n_estimators=100;, score=0.683 total time=  13.0s
[CV 1/3] END max_depth=40, max_features=sqrt, min_samples_leaf=4, min_samples_split=5, n_estimators=300;, score=0.648 total time=  32.7s
[CV 3/3] END max_depth=10, max_features=sqrt, min_samples_leaf=1, min_samples_split=5, n_estimators=100;, score=0.694 total time=  11.4s
[CV 1/3] END max_depth=10, max_features=sqrt, min_samples_leaf=4, min_samples_split=2, n_estimators=200;, score=0.646 total time=  20.6s
[CV 1/3] END max_depth=10, max_features=log2, min_samples_leaf=2, min_samples_split=10, n_estimators=200;, score=0.625 total time=   5.4s
[CV 3/3] END max_depth=20, max_features=sqrt, min_samples_leaf=1, min_samples_split=5, n_estimators=300;, score=0.697 total time=  40.3s
[CV 3/3] END max_depth=20, max_features=log2, min_samples_leaf=4, min_samples_split=2, n_estimators=100;, score=0.656 total time=   2.6s
[CV 2/3] END max_depth=20, max_features=log2, min_samples_leaf=4, min_samples_split=10, n_estimators=300;, score=0.636 total time=   7.9s
[CV 2/3] END max_depth=30, max_features=sqrt, min_samples_leaf=2, min_samples_split=10, n_estimators=200;, score=0.688 total time=  25.0s
[CV 3/3] END max_depth=30, max_features=log2, min_samples_leaf=1, min_samples_split=10, n_estimators=100;, score=0.665 total time=   3.3s
[CV 2/3] END max_depth=30, max_features=log2, min_samples_leaf=2, min_samples_split=2, n_estimators=200;, score=0.656 total time=   6.1s
[CV 1/3] END max_depth=30, max_features=log2, min_samples_leaf=4, min_samples_split=2, n_estimators=300;, score=0.631 total time=   8.2s
[CV 2/3] END max_depth=40, max_features=sqrt, min_samples_leaf=2, min_samples_split=5, n_estimators=200;, score=0.676 total time=  26.2s
[CV 2/3] END max_depth=40, max_features=log2, min_samples_leaf=1, min_samples_split=5, n_estimators=300;, score=0.668 total time=  10.0s
[CV 1/3] END max_depth=40, max_features=log2, min_samples_leaf=4, min_samples_split=2, n_estimators=100;, score=0.640 total time=   2.7s
[CV 1/3] END max_depth=40, max_features=log2, min_samples_leaf=4, min_samples_split=10, n_estimators=300;, score=0.628 total time=   6.0s
[CV 3/3] END max_depth=10, max_features=sqrt, min_samples_leaf=1, min_samples_split=5, n_estimators=200;, score=0.691 total time=  23.3s
[CV 2/3] END max_depth=10, max_features=log2, min_samples_leaf=1, min_samples_split=5, n_estimators=300;, score=0.633 total time=   8.4s
[CV 1/3] END max_depth=10, max_features=log2, min_samples_leaf=2, min_samples_split=10, n_estimators=100;, score=0.637 total time=   2.7s
[CV 2/3] END max_depth=10, max_features=log2, min_samples_leaf=4, min_samples_split=10, n_estimators=100;, score=0.610 total time=   2.5s
[CV 1/3] END max_depth=20, max_features=sqrt, min_samples_leaf=1, min_samples_split=5, n_estimators=300;, score=0.663 total time=  40.9s
[CV 1/3] END max_depth=20, max_features=log2, min_samples_leaf=4, min_samples_split=2, n_estimators=300;, score=0.643 total time=   8.2s
[CV 1/3] END max_depth=30, max_features=sqrt, min_samples_leaf=2, min_samples_split=5, n_estimators=200;, score=0.648 total time=  25.9s
[CV 1/3] END max_depth=30, max_features=log2, min_samples_leaf=1, min_samples_split=5, n_estimators=300;, score=0.640 total time=  10.0s
[CV 2/3] END max_depth=30, max_features=log2, min_samples_leaf=2, min_samples_split=10, n_estimators=300;, score=0.642 total time=   9.0s
[CV 3/3] END max_depth=40, max_features=sqrt, min_samples_leaf=2, min_samples_split=5, n_estimators=100;, score=0.688 total time=  12.9s
[CV 2/3] END max_depth=40, max_features=sqrt, min_samples_leaf=4, min_samples_split=5, n_estimators=300;, score=0.671 total time=  32.6s
[CV 2/3] END max_depth=10, max_features=sqrt, min_samples_leaf=1, min_samples_split=2, n_estimators=300;, score=0.688 total time=  35.0s
[CV 1/3] END max_depth=10, max_features=log2, min_samples_leaf=4, min_samples_split=10, n_estimators=300;, score=0.628 total time=   7.3s
[CV 2/3] END max_depth=20, max_features=sqrt, min_samples_leaf=2, min_samples_split=5, n_estimators=300;, score=0.665 total time=  37.9s
[CV 2/3] END max_depth=20, max_features=log2, min_samples_leaf=4, min_samples_split=10, n_estimators=100;, score=0.630 total time=   2.6s
[CV 2/3] END max_depth=30, max_features=sqrt, min_samples_leaf=1, min_samples_split=5, n_estimators=200;, score=0.708 total time=  26.6s
[CV 1/3] END max_depth=30, max_features=log2, min_samples_leaf=1, min_samples_split=2, n_estimators=200;, score=0.646 total time=   6.6s
[CV 3/3] END max_depth=30, max_features=log2, min_samples_leaf=1, min_samples_split=10, n_estimators=300;, score=0.665 total time=   9.4s
[CV 2/3] END max_depth=30, max_features=log2, min_samples_leaf=4, min_samples_split=10, n_estimators=300;, score=0.642 total time=   7.9s
[CV 3/3] END max_depth=40, max_features=sqrt, min_samples_leaf=2, min_samples_split=10, n_estimators=200;, score=0.694 total time=  24.6s
[CV 1/3] END max_depth=40, max_features=log2, min_samples_leaf=1, min_samples_split=10, n_estimators=100;, score=0.631 total time=   3.1s
[CV 2/3] END max_depth=40, max_features=log2, min_samples_leaf=1, min_samples_split=10, n_estimators=300;, score=0.650 total time=   9.5s
[CV 2/3] END max_depth=40, max_features=log2, min_samples_leaf=4, min_samples_split=10, n_estimators=300;, score=0.642 total time=   6.1s
[CV 1/3] END max_depth=10, max_features=sqrt, min_samples_leaf=2, min_samples_split=5, n_estimators=100;, score=0.648 total time=  11.1s
[CV 1/3] END max_depth=10, max_features=sqrt, min_samples_leaf=4, min_samples_split=5, n_estimators=100;, score=0.643 total time=  10.3s
[CV 1/3] END max_depth=10, max_features=sqrt, min_samples_leaf=4, min_samples_split=10, n_estimators=300;, score=0.643 total time=  31.0s
[CV 3/3] END max_depth=20, max_features=sqrt, min_samples_leaf=4, min_samples_split=5, n_estimators=100;, score=0.673 total time=  11.2s
[CV 2/3] END max_depth=20, max_features=log2, min_samples_leaf=1, min_samples_split=2, n_estimators=100;, score=0.662 total time=   3.3s
[CV 2/3] END max_depth=20, max_features=log2, min_samples_leaf=1, min_samples_split=5, n_estimators=300;, score=0.659 total time=   9.8s
[CV 2/3] END max_depth=20, max_features=log2, min_samples_leaf=2, min_samples_split=10, n_estimators=300;, score=0.653 total time=   8.8s
[CV 1/3] END max_depth=30, max_features=sqrt, min_samples_leaf=2, min_samples_split=5, n_estimators=300;, score=0.660 total time=  38.6s
[CV 3/3] END max_depth=30, max_features=log2, min_samples_leaf=4, min_samples_split=10, n_estimators=100;, score=0.647 total time=   2.6s
[CV 3/3] END max_depth=40, max_features=sqrt, min_samples_leaf=1, min_samples_split=5, n_estimators=200;, score=0.694 total time=  27.1s
[CV 1/3] END max_depth=40, max_features=log2, min_samples_leaf=1, min_samples_split=2, n_estimators=200;, score=0.660 total time=   6.6s
[CV 2/3] END max_depth=40, max_features=log2, min_samples_leaf=2, min_samples_split=2, n_estimators=100;, score=0.662 total time=   3.1s
[CV 1/3] END max_depth=40, max_features=log2, min_samples_leaf=2, min_samples_split=5, n_estimators=200;, score=0.643 total time=   6.1s
[CV 3/3] END max_depth=40, max_features=log2, min_samples_leaf=4, min_samples_split=10, n_estimators=300;, score=0.639 total time=   6.1s
[CV 2/3] END max_depth=10, max_features=sqrt, min_samples_leaf=2, min_samples_split=5, n_estimators=300;, score=0.679 total time=  33.6s
[CV 3/3] END max_depth=10, max_features=log2, min_samples_leaf=4, min_samples_split=2, n_estimators=300;, score=0.650 total time=   7.7s
[CV 2/3] END max_depth=20, max_features=sqrt, min_samples_leaf=2, min_samples_split=5, n_estimators=100;, score=0.708 total time=  13.2s
[CV 3/3] END max_depth=20, max_features=sqrt, min_samples_leaf=4, min_samples_split=5, n_estimators=300;, score=0.685 total time=  33.5s
[CV 1/3] END max_depth=30, max_features=sqrt, min_samples_leaf=2, min_samples_split=10, n_estimators=200;, score=0.657 total time=  25.1s
[CV 1/3] END max_depth=30, max_features=log2, min_samples_leaf=1, min_samples_split=10, n_estimators=200;, score=0.640 total time=   6.4s
[CV 3/3] END max_depth=30, max_features=log2, min_samples_leaf=2, min_samples_split=5, n_estimators=200;, score=0.673 total time=   6.2s
[CV 3/3] END max_depth=40, max_features=sqrt, min_samples_leaf=1, min_samples_split=2, n_estimators=200;, score=0.697 total time=  27.4s
[CV 2/3] END max_depth=40, max_features=sqrt, min_samples_leaf=4, min_samples_split=10, n_estimators=300;, score=0.656 total time=  28.7s
[CV 1/3] END max_depth=10, max_features=sqrt, min_samples_leaf=2, min_samples_split=5, n_estimators=300;, score=0.651 total time=  34.3s
[CV 3/3] END max_depth=10, max_features=log2, min_samples_leaf=4, min_samples_split=10, n_estimators=100;, score=0.639 total time=   2.5s
[CV 2/3] END max_depth=20, max_features=sqrt, min_samples_leaf=1, min_samples_split=5, n_estimators=300;, score=0.697 total time=  41.1s
[CV 3/3] END max_depth=20, max_features=log2, min_samples_leaf=4, min_samples_split=2, n_estimators=300;, score=0.659 total time=   8.0s
[CV 2/3] END max_depth=30, max_features=sqrt, min_samples_leaf=2, min_samples_split=5, n_estimators=200;, score=0.676 total time=  25.0s
[CV 3/3] END max_depth=30, max_features=log2, min_samples_leaf=1, min_samples_split=5, n_estimators=100;, score=0.659 total time=   3.2s
[CV 1/3] END max_depth=30, max_features=log2, min_samples_leaf=1, min_samples_split=10, n_estimators=300;, score=0.646 total time=   9.5s
[CV 3/3] END max_depth=30, max_features=log2, min_samples_leaf=4, min_samples_split=5, n_estimators=200;, score=0.650 total time=   5.5s
[CV 1/3] END max_depth=40, max_features=sqrt, min_samples_leaf=2, min_samples_split=2, n_estimators=100;, score=0.648 total time=  12.9s
[CV 3/3] END max_depth=40, max_features=sqrt, min_samples_leaf=4, min_samples_split=5, n_estimators=100;, score=0.685 total time=  11.0s
[CV 3/3] END max_depth=40, max_features=sqrt, min_samples_leaf=4, min_samples_split=10, n_estimators=300;, score=0.688 total time=  28.6s
[CV 2/3] END max_depth=10, max_features=sqrt, min_samples_leaf=2, min_samples_split=2, n_estimators=300;, score=0.676 total time=  33.5s
[CV 3/3] END max_depth=10, max_features=log2, min_samples_leaf=4, min_samples_split=2, n_estimators=100;, score=0.642 total time=   2.4s
[CV 2/3] END max_depth=20, max_features=sqrt, min_samples_leaf=1, min_samples_split=2, n_estimators=200;, score=0.691 total time=  27.2s
[CV 1/3] END max_depth=20, max_features=sqrt, min_samples_leaf=4, min_samples_split=10, n_estimators=300;, score=0.640 total time=  33.6s
[CV 1/3] END max_depth=30, max_features=sqrt, min_samples_leaf=4, min_samples_split=5, n_estimators=100;, score=0.640 total time=  11.2s
[CV 1/3] END max_depth=30, max_features=sqrt, min_samples_leaf=4, min_samples_split=10, n_estimators=300;, score=0.648 total time=  33.8s
[CV 2/3] END max_depth=40, max_features=sqrt, min_samples_leaf=4, min_samples_split=5, n_estimators=100;, score=0.653 total time=  11.2s
[CV 1/3] END max_depth=40, max_features=sqrt, min_samples_leaf=4, min_samples_split=10, n_estimators=300;, score=0.643 total time=  29.4s


Best parameters found:  {'max_depth': 30, 'max_features': 'sqrt', 'min_samples_leaf': 1, 'min_samples_split': 2, 'n_estimators': 300}
Best score found:  0.6997356921146296
