2024-03-18 12:21:53,770 INFO Dataset: 
2024-03-18 12:21:53,770 INFO ['Horse', 'Dog', 'Cow']
2024-03-18 12:21:53,770 INFO 

Fitting 3 folds for each of 36 candidates, totalling 108 fits
[CV 1/3] END ........C=0.1, gamma=1, kernel=rbf;, score=0.464 total time=  32.8s
[CV 2/3] END ........C=0.1, gamma=1, kernel=rbf;, score=0.464 total time=  44.6s
[CV 3/3] END ........C=0.1, gamma=1, kernel=rbf;, score=0.461 total time=  32.7s
[CV 1/3] END .....C=0.1, gamma=1, kernel=linear;, score=0.905 total time=  14.7s
[CV 2/3] END .....C=0.1, gamma=1, kernel=linear;, score=0.839 total time=  14.2s
[CV 3/3] END .....C=0.1, gamma=1, kernel=linear;, score=0.802 total time=  14.4s
[CV 1/3] END ....C=0.1, gamma=1, kernel=sigmoid;, score=0.464 total time=  12.7s
[CV 2/3] END ....C=0.1, gamma=1, kernel=sigmoid;, score=0.464 total time=  12.7s
[CV 3/3] END ....C=0.1, gamma=1, kernel=sigmoid;, score=0.461 total time=  12.3s
[CV 1/3] END .......C=0.1, gamma=1, kernel=poly;, score=0.881 total time=  14.2s
[CV 2/3] END .......C=0.1, gamma=1, kernel=poly;, score=0.810 total time=  13.9s
[CV 3/3] END .......C=0.1, gamma=1, kernel=poly;, score=0.790 total time=  13.7s
[CV 1/3] END ......C=0.1, gamma=0.1, kernel=rbf;, score=0.464 total time=  31.0s
[CV 2/3] END ......C=0.1, gamma=0.1, kernel=rbf;, score=0.464 total time=  30.8s
[CV 3/3] END ......C=0.1, gamma=0.1, kernel=rbf;, score=0.461 total time=  32.2s
[CV 1/3] END ...C=0.1, gamma=0.1, kernel=linear;, score=0.905 total time=  14.2s
[CV 2/3] END ...C=0.1, gamma=0.1, kernel=linear;, score=0.839 total time=  15.1s
[CV 3/3] END ...C=0.1, gamma=0.1, kernel=linear;, score=0.802 total time=  14.3s
[CV 1/3] END ..C=0.1, gamma=0.1, kernel=sigmoid;, score=0.464 total time=  12.4s
[CV 2/3] END ..C=0.1, gamma=0.1, kernel=sigmoid;, score=0.464 total time=  12.6s
[CV 3/3] END ..C=0.1, gamma=0.1, kernel=sigmoid;, score=0.461 total time=  12.4s
[CV 1/3] END .....C=0.1, gamma=0.1, kernel=poly;, score=0.881 total time=  14.0s
[CV 2/3] END .....C=0.1, gamma=0.1, kernel=poly;, score=0.810 total time=  13.8s
[CV 3/3] END .....C=0.1, gamma=0.1, kernel=poly;, score=0.790 total time=  13.8s
[CV 1/3] END .....C=0.1, gamma=0.01, kernel=rbf;, score=0.464 total time=  31.6s
[CV 2/3] END .....C=0.1, gamma=0.01, kernel=rbf;, score=0.464 total time=  31.8s
[CV 3/3] END .....C=0.1, gamma=0.01, kernel=rbf;, score=0.461 total time=  32.6s
[CV 1/3] END ..C=0.1, gamma=0.01, kernel=linear;, score=0.905 total time=  14.6s
[CV 2/3] END ..C=0.1, gamma=0.01, kernel=linear;, score=0.839 total time=  14.2s
[CV 3/3] END ..C=0.1, gamma=0.01, kernel=linear;, score=0.802 total time=  14.6s
[CV 1/3] END .C=0.1, gamma=0.01, kernel=sigmoid;, score=0.464 total time=  12.5s
[CV 2/3] END .C=0.1, gamma=0.01, kernel=sigmoid;, score=0.464 total time=  12.8s
[CV 3/3] END .C=0.1, gamma=0.01, kernel=sigmoid;, score=0.461 total time=  12.4s
[CV 1/3] END ....C=0.1, gamma=0.01, kernel=poly;, score=0.881 total time=  14.6s
[CV 2/3] END ....C=0.1, gamma=0.01, kernel=poly;, score=0.810 total time=  14.4s
[CV 3/3] END ....C=0.1, gamma=0.01, kernel=poly;, score=0.790 total time=  38.5s
[CV 1/3] END ..........C=1, gamma=1, kernel=rbf;, score=0.464 total time=  55.3s
[CV 2/3] END ..........C=1, gamma=1, kernel=rbf;, score=0.464 total time=  55.1s
[CV 3/3] END ..........C=1, gamma=1, kernel=rbf;, score=0.461 total time=  55.1s
[CV 1/3] END .......C=1, gamma=1, kernel=linear;, score=0.905 total time=  28.1s
[CV 2/3] END .......C=1, gamma=1, kernel=linear;, score=0.839 total time=  27.7s
[CV 3/3] END .......C=1, gamma=1, kernel=linear;, score=0.802 total time=  27.8s
[CV 1/3] END ......C=1, gamma=1, kernel=sigmoid;, score=0.464 total time=  24.6s
[CV 2/3] END ......C=1, gamma=1, kernel=sigmoid;, score=0.464 total time=  24.6s
[CV 3/3] END ......C=1, gamma=1, kernel=sigmoid;, score=0.461 total time=  24.5s
[CV 1/3] END .........C=1, gamma=1, kernel=poly;, score=0.881 total time=  27.7s
[CV 2/3] END .........C=1, gamma=1, kernel=poly;, score=0.810 total time=  27.2s
[CV 3/3] END .........C=1, gamma=1, kernel=poly;, score=0.790 total time=  27.1s
[CV 1/3] END ........C=1, gamma=0.1, kernel=rbf;, score=0.464 total time=  55.2s
[CV 2/3] END ........C=1, gamma=0.1, kernel=rbf;, score=0.464 total time=  54.7s
[CV 3/3] END ........C=1, gamma=0.1, kernel=rbf;, score=0.461 total time=  53.6s
[CV 1/3] END .....C=1, gamma=0.1, kernel=linear;, score=0.905 total time=  27.8s
[CV 2/3] END .....C=1, gamma=0.1, kernel=linear;, score=0.839 total time=  27.7s
[CV 3/3] END .....C=1, gamma=0.1, kernel=linear;, score=0.802 total time=  27.9s
[CV 1/3] END ....C=1, gamma=0.1, kernel=sigmoid;, score=0.464 total time=  24.4s
[CV 2/3] END ....C=1, gamma=0.1, kernel=sigmoid;, score=0.464 total time=  24.4s
[CV 3/3] END ....C=1, gamma=0.1, kernel=sigmoid;, score=0.461 total time=  24.4s
[CV 1/3] END .......C=1, gamma=0.1, kernel=poly;, score=0.881 total time=  27.5s
[CV 2/3] END .......C=1, gamma=0.1, kernel=poly;, score=0.810 total time=  27.1s
[CV 3/3] END .......C=1, gamma=0.1, kernel=poly;, score=0.790 total time=  26.9s
[CV 1/3] END .......C=1, gamma=0.01, kernel=rbf;, score=0.464 total time=  55.7s
[CV 2/3] END .......C=1, gamma=0.01, kernel=rbf;, score=0.464 total time=  55.4s
[CV 3/3] END .......C=1, gamma=0.01, kernel=rbf;, score=0.461 total time=  55.8s
[CV 1/3] END ....C=1, gamma=0.01, kernel=linear;, score=0.905 total time=  28.0s
[CV 2/3] END ....C=1, gamma=0.01, kernel=linear;, score=0.839 total time=  27.7s
[CV 3/3] END ....C=1, gamma=0.01, kernel=linear;, score=0.802 total time=  27.9s
[CV 1/3] END ...C=1, gamma=0.01, kernel=sigmoid;, score=0.464 total time=  24.5s
[CV 2/3] END ...C=1, gamma=0.01, kernel=sigmoid;, score=0.464 total time=  24.6s
[CV 3/3] END ...C=1, gamma=0.01, kernel=sigmoid;, score=0.461 total time=  24.5s
[CV 1/3] END ......C=1, gamma=0.01, kernel=poly;, score=0.881 total time=  27.7s
[CV 2/3] END ......C=1, gamma=0.01, kernel=poly;, score=0.810 total time=  27.1s
[CV 3/3] END ......C=1, gamma=0.01, kernel=poly;, score=0.790 total time=  27.1s
[CV 1/3] END .........C=10, gamma=1, kernel=rbf;, score=0.464 total time=  55.6s
[CV 2/3] END .........C=10, gamma=1, kernel=rbf;, score=0.464 total time=  55.5s
[CV 3/3] END .........C=10, gamma=1, kernel=rbf;, score=0.461 total time=  55.2s
[CV 1/3] END ......C=10, gamma=1, kernel=linear;, score=0.905 total time=  27.5s
[CV 2/3] END ......C=10, gamma=1, kernel=linear;, score=0.839 total time=  21.3s
[CV 3/3] END ......C=10, gamma=1, kernel=linear;, score=0.802 total time=  12.4s
[CV 1/3] END .....C=10, gamma=1, kernel=sigmoid;, score=0.464 total time=  11.2s
[CV 2/3] END .....C=10, gamma=1, kernel=sigmoid;, score=0.464 total time=  10.7s
[CV 3/3] END .....C=10, gamma=1, kernel=sigmoid;, score=0.461 total time=  10.8s
[CV 1/3] END ........C=10, gamma=1, kernel=poly;, score=0.881 total time=  12.0s
[CV 2/3] END ........C=10, gamma=1, kernel=poly;, score=0.810 total time=  11.7s
[CV 3/3] END ........C=10, gamma=1, kernel=poly;, score=0.790 total time=  11.8s
[CV 1/3] END .......C=10, gamma=0.1, kernel=rbf;, score=0.464 total time=  27.0s
[CV 2/3] END .......C=10, gamma=0.1, kernel=rbf;, score=0.464 total time=  26.1s
[CV 3/3] END .......C=10, gamma=0.1, kernel=rbf;, score=0.461 total time=  26.0s
[CV 1/3] END ....C=10, gamma=0.1, kernel=linear;, score=0.905 total time=  12.3s
[CV 2/3] END ....C=10, gamma=0.1, kernel=linear;, score=0.839 total time=  12.4s
[CV 3/3] END ....C=10, gamma=0.1, kernel=linear;, score=0.802 total time=  12.1s
[CV 1/3] END ...C=10, gamma=0.1, kernel=sigmoid;, score=0.464 total time=  10.9s
[CV 2/3] END ...C=10, gamma=0.1, kernel=sigmoid;, score=0.464 total time=  10.7s
[CV 3/3] END ...C=10, gamma=0.1, kernel=sigmoid;, score=0.461 total time=  10.5s
[CV 1/3] END ......C=10, gamma=0.1, kernel=poly;, score=0.881 total time=  11.9s
[CV 2/3] END ......C=10, gamma=0.1, kernel=poly;, score=0.810 total time=  11.8s
[CV 3/3] END ......C=10, gamma=0.1, kernel=poly;, score=0.790 total time=  11.8s
[CV 1/3] END ......C=10, gamma=0.01, kernel=rbf;, score=0.464 total time=  25.4s
[CV 3/3] END ......C=10, gamma=0.01, kernel=rbf;, score=0.461 total time=  25.5s
[CV 1/3] END ...C=10, gamma=0.01, kernel=linear;, score=0.905 total time=  12.1s
[CV 2/3] END ...C=10, gamma=0.01, kernel=linear;, score=0.839 total time=  12.7s
[CV 3/3] END ...C=10, gamma=0.01, kernel=linear;, score=0.802 total time=  12.2s
[CV 1/3] END ..C=10, gamma=0.01, kernel=sigmoid;, score=0.464 total time=  10.9s
[CV 2/3] END ..C=10, gamma=0.01, kernel=sigmoid;, score=0.464 total time=  10.6s
[CV 3/3] END ..C=10, gamma=0.01, kernel=sigmoid;, score=0.461 total time=  10.6s
[CV 1/3] END .....C=10, gamma=0.01, kernel=poly;, score=0.881 total time=  12.0s
[CV 2/3] END .....C=10, gamma=0.01, kernel=poly;, score=0.810 total time=  11.9s
[CV 3/3] END .....C=10, gamma=0.01, kernel=poly;, score=0.790 total time=  11.8s

2024-03-18 13:05:18,203 INFO best params:   
2024-03-18 13:05:18,203 INFO {'C': 0.1, 'gamma': 1, 'kernel': 'linear'}
2024-03-18 13:05:18,211 INFO 

2024-03-18 13:05:18,211 INFO best estimator:    
2024-03-18 13:05:18,211 INFO SVC(C=0.1, gamma=1, kernel='linear')
