Dataset: PCA
['Horse', 'Dog', 'Cow']
Fitting 3 folds for each of 24 candidates, totalling 72 fits

[CV 2/3] END ......C=1, gamma=1, kernel=sigmoid;, score=0.454 total time=   8.3s
[CV 1/3] END .......C=1, gamma=1, kernel=linear;, score=0.955 total time=   8.4s
[CV 2/3] END ..C=0.1, gamma=0.1, kernel=sigmoid;, score=0.470 total time=   8.9s
[CV 3/3] END .......C=1, gamma=1, kernel=linear;, score=0.948 total time=   8.4s
[CV 3/3] END ..C=0.1, gamma=0.01, kernel=linear;, score=0.948 total time=   8.7s
[CV 1/3] END .C=0.1, gamma=0.01, kernel=sigmoid;, score=0.431 total time=   8.8s
[CV 1/3] END ....C=1, gamma=0.1, kernel=sigmoid;, score=0.425 total time=   8.8s
[CV 3/3] END .....C=1, gamma=0.1, kernel=linear;, score=0.948 total time=   8.8s
[CV 2/3] END .C=0.1, gamma=0.01, kernel=sigmoid;, score=0.466 total time=   9.3s
[CV 2/3] END .......C=1, gamma=1, kernel=linear;, score=0.955 total time=   9.2s
[CV 2/3] END .....C=1, gamma=0.1, kernel=linear;, score=0.955 total time=   8.9s
[CV 1/3] END .....C=1, gamma=0.1, kernel=linear;, score=0.955 total time=   9.0s
[CV 2/3] END ....C=1, gamma=0.1, kernel=sigmoid;, score=0.454 total time=   9.4s
[CV 1/3] END .......C=0.1, gamma=1, kernel=poly;, score=0.867 total time=  10.6s
[CV 3/3] END .......C=0.1, gamma=1, kernel=poly;, score=0.854 total time=  10.5s
[CV 3/3] END ....C=0.1, gamma=0.01, kernel=poly;, score=0.854 total time=  10.6s
[CV 2/3] END .......C=0.1, gamma=1, kernel=poly;, score=0.861 total time=  11.3s
[CV 1/3] END .....C=0.1, gamma=0.1, kernel=poly;, score=0.867 total time=  11.2s
[CV 3/3] END .....C=0.1, gamma=0.1, kernel=poly;, score=0.854 total time=  11.2s
[CV 2/3] END .....C=0.1, gamma=0.1, kernel=poly;, score=0.861 total time=  11.3s
[CV 1/3] END .........C=1, gamma=1, kernel=poly;, score=0.867 total time=  10.8s
[CV 2/3] END ....C=0.1, gamma=0.01, kernel=poly;, score=0.861 total time=  11.2s
[CV 3/3] END .........C=1, gamma=1, kernel=poly;, score=0.854 total time=  11.2s
[CV 2/3] END .........C=1, gamma=1, kernel=poly;, score=0.861 total time=  11.2s
[CV 1/3] END ....C=0.1, gamma=0.01, kernel=poly;, score=0.867 total time=  11.8s
[CV 3/3] END ....C=0.1, gamma=1, kernel=sigmoid;, score=0.433 total time=   6.9s
[CV 3/3] END ....C=1, gamma=0.1, kernel=sigmoid;, score=0.427 total time=   5.4s
[CV 1/3] END ........C=0.1, gamma=1, kernel=rbf;, score=0.438 total time=  13.1s
[CV 1/3] END ..C=0.1, gamma=0.01, kernel=linear;, score=0.955 total time=   8.0s
[CV 1/3] END ...C=1, gamma=0.01, kernel=sigmoid;, score=0.410 total time=   4.3s
[CV 1/3] END ...C=0.1, gamma=0.1, kernel=linear;, score=0.955 total time=   8.3s
[CV 3/3] END ...C=1, gamma=0.01, kernel=sigmoid;, score=0.427 total time=   4.5s
[CV 3/3] END ........C=0.1, gamma=1, kernel=rbf;, score=0.439 total time=  13.4s
[CV 1/3] END ......C=0.1, gamma=0.1, kernel=rbf;, score=0.438 total time=  13.2s
[CV 3/3] END .C=0.1, gamma=0.01, kernel=sigmoid;, score=0.431 total time=   7.9s
[CV 2/3] END ...C=1, gamma=0.01, kernel=sigmoid;, score=0.454 total time=   4.7s
[CV 3/3] END ......C=1, gamma=1, kernel=sigmoid;, score=0.427 total time=   7.2s
[CV 1/3] END ....C=1, gamma=0.01, kernel=linear;, score=0.955 total time=   5.1s
[CV 3/3] END ......C=0.1, gamma=0.1, kernel=rbf;, score=0.439 total time=  13.4s
[CV 2/3] END .....C=0.1, gamma=1, kernel=linear;, score=0.955 total time=   8.1s
[CV 2/3] END ....C=1, gamma=0.01, kernel=linear;, score=0.955 total time=   5.2s
[CV 1/3] END ..C=0.1, gamma=0.1, kernel=sigmoid;, score=0.428 total time=   8.1s
[CV 3/3] END ....C=1, gamma=0.01, kernel=linear;, score=0.948 total time=   5.0s
[CV 2/3] END ......C=0.1, gamma=0.1, kernel=rbf;, score=0.439 total time=  13.5s
[CV 2/3] END ........C=0.1, gamma=1, kernel=rbf;, score=0.439 total time=  13.7s
[CV 3/3] END .....C=0.1, gamma=0.01, kernel=rbf;, score=0.439 total time=  13.2s
[CV 1/3] END .....C=0.1, gamma=0.01, kernel=rbf;, score=0.438 total time=  13.4s
[CV 2/3] END .....C=0.1, gamma=0.01, kernel=rbf;, score=0.439 total time=  13.5s
[CV 1/3] END ..........C=1, gamma=1, kernel=rbf;, score=0.440 total time=  13.3s
[CV 2/3] END ........C=1, gamma=0.1, kernel=rbf;, score=0.439 total time=  12.9s
[CV 3/3] END ..........C=1, gamma=1, kernel=rbf;, score=0.440 total time=  13.3s
[CV 1/3] END ....C=0.1, gamma=1, kernel=sigmoid;, score=0.428 total time=   7.2s
[CV 1/3] END .......C=1, gamma=0.1, kernel=poly;, score=0.867 total time=   6.6s
[CV 2/3] END ....C=0.1, gamma=1, kernel=sigmoid;, score=0.470 total time=   7.7s
[CV 3/3] END .......C=1, gamma=0.1, kernel=poly;, score=0.854 total time=   6.1s
[CV 3/3] END .....C=0.1, gamma=1, kernel=linear;, score=0.948 total time=   7.7s
[CV 2/3] END .......C=1, gamma=0.1, kernel=poly;, score=0.861 total time=   6.2s
[CV 2/3] END ..........C=1, gamma=1, kernel=rbf;, score=0.439 total time=  13.5s
[CV 1/3] END ......C=1, gamma=1, kernel=sigmoid;, score=0.408 total time=   8.0s
[CV 3/3] END ......C=1, gamma=0.01, kernel=poly;, score=0.854 total time=   5.2s
[CV 1/3] END ........C=1, gamma=0.1, kernel=rbf;, score=0.440 total time=  13.2s
[CV 2/3] END ..C=0.1, gamma=0.01, kernel=linear;, score=0.955 total time=   8.2s
[CV 2/3] END ......C=1, gamma=0.01, kernel=poly;, score=0.861 total time=   5.3s
[CV 3/3] END ........C=1, gamma=0.1, kernel=rbf;, score=0.440 total time=  13.3s
[CV 3/3] END ...C=0.1, gamma=0.1, kernel=linear;, score=0.948 total time=   8.4s
[CV 1/3] END ......C=1, gamma=0.01, kernel=poly;, score=0.867 total time=   5.3s
[CV 3/3] END ..C=0.1, gamma=0.1, kernel=sigmoid;, score=0.431 total time=   7.5s
[CV 2/3] END .......C=1, gamma=0.01, kernel=rbf;, score=0.439 total time=   7.2s
[CV 1/3] END .....C=0.1, gamma=1, kernel=linear;, score=0.955 total time=   7.8s
[CV 1/3] END .......C=1, gamma=0.01, kernel=rbf;, score=0.440 total time=   7.3s
[CV 2/3] END ...C=0.1, gamma=0.1, kernel=linear;, score=0.955 total time=   7.7s
[CV 3/3] END .......C=1, gamma=0.01, kernel=rbf;, score=0.440 total time=   7.1s


best params:   
{'C': 0.1, 'gamma': 1, 'kernel': 'linear'}


best estimator:    
SVC(C=0.1, gamma=1, kernel='linear')
