2024-03-18 15:34:40,447 INFO Dataset: 
2024-03-18 15:34:40,447 INFO ['Human', 'Horse', 'Dog', 'Cow']
2024-03-18 15:34:40,447 INFO 

Fitting 3 folds for each of 36 candidates, totalling 108 fits
[CV 1/3] END ........C=0.1, gamma=1, kernel=rbf;, score=0.513 total time= 2.9min
[CV 2/3] END ........C=0.1, gamma=1, kernel=rbf;, score=0.512 total time= 2.5min
[CV 3/3] END ........C=0.1, gamma=1, kernel=rbf;, score=0.514 total time= 2.5min
[CV 1/3] END .....C=0.1, gamma=1, kernel=linear;, score=0.836 total time= 1.8min
[CV 2/3] END .....C=0.1, gamma=1, kernel=linear;, score=0.867 total time= 1.1min
[CV 3/3] END .....C=0.1, gamma=1, kernel=linear;, score=0.853 total time= 1.1min
[CV 1/3] END ....C=0.1, gamma=1, kernel=sigmoid;, score=0.513 total time=  46.3s
[CV 2/3] END ....C=0.1, gamma=1, kernel=sigmoid;, score=0.512 total time=  47.6s
[CV 3/3] END ....C=0.1, gamma=1, kernel=sigmoid;, score=0.514 total time=  46.6s
[CV 1/3] END .......C=0.1, gamma=1, kernel=poly;, score=0.836 total time= 1.0min
[CV 2/3] END .......C=0.1, gamma=1, kernel=poly;, score=0.847 total time= 1.0min
[CV 3/3] END .......C=0.1, gamma=1, kernel=poly;, score=0.847 total time= 1.0min
[CV 1/3] END ......C=0.1, gamma=0.1, kernel=rbf;, score=0.513 total time= 2.5min
[CV 2/3] END ......C=0.1, gamma=0.1, kernel=rbf;, score=0.512 total time= 2.6min
[CV 3/3] END ......C=0.1, gamma=0.1, kernel=rbf;, score=0.514 total time= 2.5min
[CV 1/3] END ...C=0.1, gamma=0.1, kernel=linear;, score=0.836 total time= 1.1min
[CV 2/3] END ...C=0.1, gamma=0.1, kernel=linear;, score=0.867 total time= 1.1min
[CV 3/3] END ...C=0.1, gamma=0.1, kernel=linear;, score=0.853 total time= 1.1min
[CV 1/3] END ..C=0.1, gamma=0.1, kernel=sigmoid;, score=0.513 total time=  47.2s
[CV 2/3] END ..C=0.1, gamma=0.1, kernel=sigmoid;, score=0.512 total time=  46.4s
[CV 3/3] END ..C=0.1, gamma=0.1, kernel=sigmoid;, score=0.514 total time=  46.6s
[CV 1/3] END .....C=0.1, gamma=0.1, kernel=poly;, score=0.836 total time= 1.0min
[CV 2/3] END .....C=0.1, gamma=0.1, kernel=poly;, score=0.847 total time= 1.1min
[CV 3/3] END .....C=0.1, gamma=0.1, kernel=poly;, score=0.847 total time= 1.0min
[CV 1/3] END .....C=0.1, gamma=0.01, kernel=rbf;, score=0.513 total time= 2.4min
[CV 2/3] END .....C=0.1, gamma=0.01, kernel=rbf;, score=0.512 total time= 2.5min
[CV 3/3] END .....C=0.1, gamma=0.01, kernel=rbf;, score=0.514 total time= 2.6min
[CV 1/3] END ..C=0.1, gamma=0.01, kernel=linear;, score=0.836 total time= 1.0min
[CV 2/3] END ..C=0.1, gamma=0.01, kernel=linear;, score=0.867 total time= 2.3min
[CV 3/3] END ..C=0.1, gamma=0.01, kernel=linear;, score=0.853 total time= 1.7min
[CV 1/3] END .C=0.1, gamma=0.01, kernel=sigmoid;, score=0.513 total time= 3.3min
[CV 2/3] END .C=0.1, gamma=0.01, kernel=sigmoid;, score=0.512 total time= 2.4min
[CV 3/3] END .C=0.1, gamma=0.01, kernel=sigmoid;, score=0.514 total time=  47.5s
[CV 1/3] END ....C=0.1, gamma=0.01, kernel=poly;, score=0.836 total time= 1.0min
[CV 2/3] END ....C=0.1, gamma=0.01, kernel=poly;, score=0.847 total time= 1.0min
[CV 3/3] END ....C=0.1, gamma=0.01, kernel=poly;, score=0.847 total time= 1.0min
[CV 1/3] END ..........C=1, gamma=1, kernel=rbf;, score=0.522 total time= 2.4min
[CV 2/3] END ..........C=1, gamma=1, kernel=rbf;, score=0.520 total time= 2.5min
[CV 3/3] END ..........C=1, gamma=1, kernel=rbf;, score=0.520 total time= 2.5min
[CV 1/3] END .......C=1, gamma=1, kernel=linear;, score=0.836 total time= 1.0min
[CV 2/3] END .......C=1, gamma=1, kernel=linear;, score=0.867 total time= 1.1min
[CV 3/3] END .......C=1, gamma=1, kernel=linear;, score=0.853 total time= 1.1min
[CV 1/3] END ......C=1, gamma=1, kernel=sigmoid;, score=0.513 total time=  46.5s
[CV 2/3] END ......C=1, gamma=1, kernel=sigmoid;, score=0.512 total time=  45.6s
[CV 3/3] END ......C=1, gamma=1, kernel=sigmoid;, score=0.514 total time=  45.7s
[CV 1/3] END .........C=1, gamma=1, kernel=poly;, score=0.836 total time= 1.0min
[CV 2/3] END .........C=1, gamma=1, kernel=poly;, score=0.847 total time= 1.0min
[CV 3/3] END .........C=1, gamma=1, kernel=poly;, score=0.847 total time= 1.1min
[CV 1/3] END ........C=1, gamma=0.1, kernel=rbf;, score=0.522 total time= 2.4min
[CV 2/3] END ........C=1, gamma=0.1, kernel=rbf;, score=0.520 total time= 2.6min
[CV 3/3] END ........C=1, gamma=0.1, kernel=rbf;, score=0.520 total time= 2.6min
[CV 1/3] END .....C=1, gamma=0.1, kernel=linear;, score=0.836 total time= 1.0min
[CV 2/3] END .....C=1, gamma=0.1, kernel=linear;, score=0.867 total time= 1.1min
[CV 3/3] END .....C=1, gamma=0.1, kernel=linear;, score=0.853 total time= 1.1min
[CV 1/3] END ....C=1, gamma=0.1, kernel=sigmoid;, score=0.513 total time=  47.1s
[CV 2/3] END ....C=1, gamma=0.1, kernel=sigmoid;, score=0.512 total time=  47.7s
[CV 3/3] END ....C=1, gamma=0.1, kernel=sigmoid;, score=0.514 total time=  47.1s
[CV 1/3] END .......C=1, gamma=0.1, kernel=poly;, score=0.836 total time= 1.0min
[CV 2/3] END .......C=1, gamma=0.1, kernel=poly;, score=0.847 total time= 1.1min
[CV 3/3] END .......C=1, gamma=0.1, kernel=poly;, score=0.847 total time= 1.0min
[CV 1/3] END .......C=1, gamma=0.01, kernel=rbf;, score=0.522 total time= 2.5min
[CV 2/3] END .......C=1, gamma=0.01, kernel=rbf;, score=0.520 total time= 2.5min
[CV 3/3] END .......C=1, gamma=0.01, kernel=rbf;, score=0.520 total time= 2.5min
[CV 1/3] END ....C=1, gamma=0.01, kernel=linear;, score=0.836 total time= 1.0min
[CV 2/3] END ....C=1, gamma=0.01, kernel=linear;, score=0.867 total time= 1.1min
[CV 3/3] END ....C=1, gamma=0.01, kernel=linear;, score=0.853 total time= 1.1min
[CV 1/3] END ...C=1, gamma=0.01, kernel=sigmoid;, score=0.513 total time=  46.6s
[CV 2/3] END ...C=1, gamma=0.01, kernel=sigmoid;, score=0.512 total time=  46.4s
[CV 3/3] END ...C=1, gamma=0.01, kernel=sigmoid;, score=0.514 total time=  46.2s
[CV 1/3] END ......C=1, gamma=0.01, kernel=poly;, score=0.836 total time= 1.0min
[CV 2/3] END ......C=1, gamma=0.01, kernel=poly;, score=0.847 total time= 1.0min
[CV 3/3] END ......C=1, gamma=0.01, kernel=poly;, score=0.847 total time= 1.0min
[CV 1/3] END .........C=10, gamma=1, kernel=rbf;, score=0.522 total time= 2.4min
[CV 2/3] END .........C=10, gamma=1, kernel=rbf;, score=0.520 total time= 2.5min
[CV 3/3] END .........C=10, gamma=1, kernel=rbf;, score=0.520 total time= 2.6min
[CV 1/3] END ......C=10, gamma=1, kernel=linear;, score=0.836 total time= 1.0min
[CV 2/3] END ......C=10, gamma=1, kernel=linear;, score=0.867 total time= 1.1min
[CV 3/3] END ......C=10, gamma=1, kernel=linear;, score=0.853 total time= 1.1min
[CV 1/3] END .....C=10, gamma=1, kernel=sigmoid;, score=0.513 total time=  46.3s
[CV 2/3] END .....C=10, gamma=1, kernel=sigmoid;, score=0.512 total time=  44.7s
[CV 3/3] END .....C=10, gamma=1, kernel=sigmoid;, score=0.514 total time=  46.1s
[CV 1/3] END ........C=10, gamma=1, kernel=poly;, score=0.836 total time= 1.0min
[CV 2/3] END ........C=10, gamma=1, kernel=poly;, score=0.847 total time= 1.0min
[CV 3/3] END ........C=10, gamma=1, kernel=poly;, score=0.847 total time= 1.0min
[CV 1/3] END .......C=10, gamma=0.1, kernel=rbf;, score=0.522 total time= 2.4min
[CV 2/3] END .......C=10, gamma=0.1, kernel=rbf;, score=0.520 total time= 2.5min
[CV 3/3] END .......C=10, gamma=0.1, kernel=rbf;, score=0.520 total time= 2.5min
[CV 1/3] END ....C=10, gamma=0.1, kernel=linear;, score=0.836 total time=  52.9s
[CV 2/3] END ....C=10, gamma=0.1, kernel=linear;, score=0.867 total time=  56.7s
[CV 3/3] END ....C=10, gamma=0.1, kernel=linear;, score=0.853 total time=  55.8s
[CV 1/3] END ...C=10, gamma=0.1, kernel=sigmoid;, score=0.513 total time=  39.3s
[CV 2/3] END ...C=10, gamma=0.1, kernel=sigmoid;, score=0.512 total time=  39.3s
[CV 3/3] END ...C=10, gamma=0.1, kernel=sigmoid;, score=0.514 total time=  39.3s
[CV 1/3] END ......C=10, gamma=0.1, kernel=poly;, score=0.836 total time=  52.7s
[CV 2/3] END ......C=10, gamma=0.1, kernel=poly;, score=0.847 total time=  55.1s
[CV 3/3] END ......C=10, gamma=0.1, kernel=poly;, score=0.847 total time=  52.0s
[CV 1/3] END ......C=10, gamma=0.01, kernel=rbf;, score=0.522 total time= 2.0min
[CV 2/3] END ......C=10, gamma=0.01, kernel=rbf;, score=0.520 total time= 2.1min
[CV 3/3] END ......C=10, gamma=0.01, kernel=rbf;, score=0.520 total time= 2.1min
[CV 1/3] END ...C=10, gamma=0.01, kernel=linear;, score=0.836 total time=  53.3s
[CV 2/3] END ...C=10, gamma=0.01, kernel=linear;, score=0.867 total time=  56.4s
[CV 3/3] END ...C=10, gamma=0.01, kernel=linear;, score=0.853 total time=  55.6s
[CV 1/3] END ..C=10, gamma=0.01, kernel=sigmoid;, score=0.513 total time=  39.2s
[CV 2/3] END ..C=10, gamma=0.01, kernel=sigmoid;, score=0.512 total time=  39.3s
[CV 3/3] END ..C=10, gamma=0.01, kernel=sigmoid;, score=0.514 total time=  40.2s
[CV 1/3] END .....C=10, gamma=0.01, kernel=poly;, score=0.836 total time=  52.7s
[CV 2/3] END .....C=10, gamma=0.01, kernel=poly;, score=0.847 total time=  52.6s
[CV 3/3] END .....C=10, gamma=0.01, kernel=poly;, score=0.847 total time=  51.3s

2024-03-18 18:05:36,098 INFO best params:   
2024-03-18 18:05:36,106 INFO {'C': 0.1, 'gamma': 1, 'kernel': 'linear'}
2024-03-18 18:05:36,106 INFO 

2024-03-18 18:05:36,106 INFO best estimator:    
2024-03-18 18:05:36,106 INFO SVC(C=0.1, gamma=1, kernel='linear')
