Dataset PCA: 
['Human', 'Horse', 'Dog', 'Cow']
Fitting 3 folds for each of 24 candidates, totalling 72 fits

[CV 3/3] END ...C=0.1, gamma=0.1, kernel=linear;, score=0.952 total time= 1.5min
[CV 3/3] END ....C=0.1, gamma=1, kernel=sigmoid;, score=0.323 total time= 1.5min
[CV 1/3] END ....C=1, gamma=0.1, kernel=sigmoid;, score=0.312 total time= 1.5min
[CV 2/3] END ......C=1, gamma=1, kernel=sigmoid;, score=0.368 total time= 1.6min
[CV 2/3] END ....C=1, gamma=0.1, kernel=sigmoid;, score=0.368 total time= 1.6min
[CV 2/3] END ..C=0.1, gamma=0.1, kernel=sigmoid;, score=0.371 total time= 1.6min
[CV 1/3] END .C=0.1, gamma=0.01, kernel=sigmoid;, score=0.325 total time= 1.7min
[CV 2/3] END .C=0.1, gamma=0.01, kernel=sigmoid;, score=0.372 total time= 1.8min
[CV 3/3] END .C=0.1, gamma=0.01, kernel=sigmoid;, score=0.329 total time= 1.8min
[CV 3/3] END ..C=0.1, gamma=0.1, kernel=sigmoid;, score=0.329 total time= 1.9min
[CV 1/3] END ....C=0.1, gamma=1, kernel=sigmoid;, score=0.330 total time= 1.9min
[CV 3/3] END ......C=1, gamma=1, kernel=sigmoid;, score=0.313 total time= 1.8min
[CV 1/3] END ..C=0.1, gamma=0.1, kernel=sigmoid;, score=0.330 total time= 1.9min
[CV 2/3] END .....C=0.1, gamma=0.1, kernel=poly;, score=0.907 total time= 2.0min
[CV 1/3] END .........C=1, gamma=1, kernel=poly;, score=0.897 total time= 2.0min
[CV 2/3] END ....C=0.1, gamma=0.01, kernel=poly;, score=0.907 total time= 2.0min
[CV 3/3] END .......C=0.1, gamma=1, kernel=poly;, score=0.892 total time= 2.0min
[CV 2/3] END .....C=0.1, gamma=1, kernel=linear;, score=0.956 total time= 1.1min
[CV 3/3] END ....C=1, gamma=0.1, kernel=sigmoid;, score=0.313 total time= 1.1min
[CV 1/3] END ......C=1, gamma=1, kernel=sigmoid;, score=0.312 total time= 1.4min
[CV 3/3] END ....C=1, gamma=0.01, kernel=linear;, score=0.952 total time=  47.8s
[CV 2/3] END .........C=1, gamma=1, kernel=poly;, score=0.907 total time= 2.3min
[CV 1/3] END ....C=0.1, gamma=0.01, kernel=poly;, score=0.897 total time= 2.3min
[CV 3/3] END .....C=0.1, gamma=0.1, kernel=poly;, score=0.892 total time= 2.3min
[CV 1/3] END .....C=0.1, gamma=0.1, kernel=poly;, score=0.897 total time= 2.3min
[CV 3/3] END .........C=1, gamma=1, kernel=poly;, score=0.892 total time= 2.3min
[CV 1/3] END .......C=0.1, gamma=1, kernel=poly;, score=0.897 total time= 2.3min
[CV 3/3] END ........C=0.1, gamma=1, kernel=rbf;, score=0.519 total time= 2.3min
[CV 2/3] END .......C=0.1, gamma=1, kernel=poly;, score=0.907 total time= 2.3min
[CV 3/3] END ....C=0.1, gamma=0.01, kernel=poly;, score=0.892 total time= 2.3min
[CV 2/3] END ........C=0.1, gamma=1, kernel=rbf;, score=0.519 total time= 2.4min
[CV 1/3] END .....C=1, gamma=0.1, kernel=linear;, score=0.957 total time= 1.3min
[CV 1/3] END ....C=1, gamma=0.01, kernel=linear;, score=0.957 total time= 1.0min
[CV 2/3] END .....C=0.1, gamma=0.01, kernel=rbf;, score=0.519 total time= 2.4min
[CV 1/3] END ......C=0.1, gamma=0.1, kernel=rbf;, score=0.519 total time= 2.4min
[CV 2/3] END ....C=0.1, gamma=1, kernel=sigmoid;, score=0.371 total time= 1.5min
[CV 2/3] END ...C=1, gamma=0.01, kernel=sigmoid;, score=0.368 total time=  55.4s
[CV 1/3] END .....C=0.1, gamma=0.01, kernel=rbf;, score=0.519 total time= 2.4min
[CV 3/3] END ......C=0.1, gamma=0.1, kernel=rbf;, score=0.519 total time= 2.4min
[CV 1/3] END .....C=0.1, gamma=1, kernel=linear;, score=0.957 total time= 1.4min
[CV 2/3] END ....C=1, gamma=0.01, kernel=linear;, score=0.956 total time=  57.7s
[CV 3/3] END ..........C=1, gamma=1, kernel=rbf;, score=0.529 total time= 2.4min
[CV 3/3] END .......C=1, gamma=1, kernel=linear;, score=0.952 total time= 1.2min
[CV 2/3] END .......C=1, gamma=0.1, kernel=poly;, score=0.907 total time= 1.3min
[CV 3/3] END .....C=0.1, gamma=1, kernel=linear;, score=0.952 total time= 1.2min
[CV 3/3] END .......C=1, gamma=0.1, kernel=poly;, score=0.892 total time= 1.3min
[CV 2/3] END ..C=0.1, gamma=0.01, kernel=linear;, score=0.956 total time= 1.2min
[CV 1/3] END .......C=1, gamma=0.1, kernel=poly;, score=0.897 total time= 1.3min
[CV 1/3] END ...C=0.1, gamma=0.1, kernel=linear;, score=0.957 total time= 1.4min
[CV 1/3] END ...C=1, gamma=0.01, kernel=sigmoid;, score=0.311 total time= 1.1min
[CV 1/3] END ..C=0.1, gamma=0.01, kernel=linear;, score=0.957 total time= 1.5min
[CV 3/3] END ...C=1, gamma=0.01, kernel=sigmoid;, score=0.314 total time= 1.1min
[CV 1/3] END ..........C=1, gamma=1, kernel=rbf;, score=0.528 total time= 2.6min
[CV 2/3] END ......C=0.1, gamma=0.1, kernel=rbf;, score=0.519 total time= 2.6min
[CV 2/3] END ..........C=1, gamma=1, kernel=rbf;, score=0.531 total time= 2.6min
[CV 1/3] END ........C=1, gamma=0.1, kernel=rbf;, score=0.528 total time= 2.6min
[CV 1/3] END ........C=0.1, gamma=1, kernel=rbf;, score=0.519 total time= 2.6min
[CV 3/3] END .....C=0.1, gamma=0.01, kernel=rbf;, score=0.519 total time= 2.6min
[CV 3/3] END ........C=1, gamma=0.1, kernel=rbf;, score=0.529 total time= 2.6min
[CV 2/3] END ........C=1, gamma=0.1, kernel=rbf;, score=0.531 total time= 2.6min
[CV 2/3] END .......C=1, gamma=1, kernel=linear;, score=0.956 total time= 1.2min
[CV 1/3] END .......C=1, gamma=0.01, kernel=rbf;, score=0.528 total time= 1.5min
[CV 2/3] END ...C=0.1, gamma=0.1, kernel=linear;, score=0.956 total time= 1.2min
[CV 2/3] END .......C=1, gamma=0.01, kernel=rbf;, score=0.531 total time= 1.5min
[CV 1/3] END .......C=1, gamma=1, kernel=linear;, score=0.957 total time= 1.2min
[CV 3/3] END .......C=1, gamma=0.01, kernel=rbf;, score=0.529 total time= 1.5min
[CV 2/3] END .....C=1, gamma=0.1, kernel=linear;, score=0.956 total time= 1.5min
[CV 1/3] END ......C=1, gamma=0.01, kernel=poly;, score=0.897 total time= 1.2min
[CV 3/3] END ..C=0.1, gamma=0.01, kernel=linear;, score=0.952 total time= 1.5min
[CV 2/3] END ......C=1, gamma=0.01, kernel=poly;, score=0.907 total time= 1.2min
[CV 3/3] END .....C=1, gamma=0.1, kernel=linear;, score=0.952 total time= 1.5min
[CV 3/3] END ......C=1, gamma=0.01, kernel=poly;, score=0.892 total time= 1.2min


best params:   
{'C': 0.1, 'gamma': 1, 'kernel': 'linear'}


best estimator:    
SVC(C=0.1, gamma=1, kernel='linear')
