Dataset: 
['Human', 'Animal']
Fitting 3 folds for each of 216 candidates, totalling 648 fits

[CV 2/3] END max_depth=10, max_features=sqrt, min_samples_leaf=1, min_samples_split=5, n_estimators=100;, score=0.899 total time= 1.5min
[CV 3/3] END max_depth=10, max_features=sqrt, min_samples_leaf=4, min_samples_split=5, n_estimators=100;, score=0.899 total time= 1.3min
[CV 3/3] END max_depth=10, max_features=log2, min_samples_leaf=1, min_samples_split=5, n_estimators=200;, score=0.893 total time=  11.0s
[CV 2/3] END max_depth=10, max_features=log2, min_samples_leaf=2, min_samples_split=2, n_estimators=300;, score=0.899 total time=  15.0s
[CV 3/3] END max_depth=10, max_features=log2, min_samples_leaf=4, min_samples_split=2, n_estimators=300;, score=0.893 total time=  14.4s
[CV 1/3] END max_depth=20, max_features=sqrt, min_samples_leaf=1, min_samples_split=5, n_estimators=100;, score=0.925 total time= 1.8min
[CV 3/3] END max_depth=20, max_features=sqrt, min_samples_leaf=2, min_samples_split=10, n_estimators=300;, score=0.908 total time= 4.8min
[CV 3/3] END max_depth=30, max_features=sqrt, min_samples_leaf=2, min_samples_split=10, n_estimators=100;, score=0.910 total time= 1.6min
[CV 2/3] END max_depth=30, max_features=sqrt, min_samples_leaf=4, min_samples_split=10, n_estimators=100;, score=0.890 total time= 1.5min
[CV 2/3] END max_depth=30, max_features=log2, min_samples_leaf=4, min_samples_split=5, n_estimators=200;, score=0.916 total time=  11.2s
[CV 3/3] END max_depth=40, max_features=sqrt, min_samples_leaf=1, min_samples_split=2, n_estimators=100;, score=0.913 total time= 1.7min
[CV 1/3] END max_depth=40, max_features=sqrt, min_samples_leaf=2, min_samples_split=10, n_estimators=200;, score=0.945 total time= 3.2min
[CV 2/3] END max_depth=10, max_features=sqrt, min_samples_leaf=2, min_samples_split=10, n_estimators=300;, score=0.902 total time= 4.0min
[CV 3/3] END max_depth=20, max_features=sqrt, min_samples_leaf=1, min_samples_split=10, n_estimators=200;, score=0.908 total time= 3.3min
[CV 3/3] END max_depth=20, max_features=log2, min_samples_leaf=1, min_samples_split=2, n_estimators=300;, score=0.908 total time=  17.9s
[CV 2/3] END max_depth=20, max_features=log2, min_samples_leaf=2, min_samples_split=2, n_estimators=200;, score=0.905 total time=  12.3s
[CV 3/3] END max_depth=20, max_features=log2, min_samples_leaf=2, min_samples_split=5, n_estimators=200;, score=0.905 total time=  12.4s
[CV 2/3] END max_depth=20, max_features=log2, min_samples_leaf=4, min_samples_split=2, n_estimators=200;, score=0.896 total time=  11.4s
[CV 1/3] END max_depth=20, max_features=log2, min_samples_leaf=4, min_samples_split=5, n_estimators=300;, score=0.937 total time=  15.7s
[CV 2/3] END max_depth=30, max_features=sqrt, min_samples_leaf=1, min_samples_split=5, n_estimators=300;, score=0.913 total time= 5.1min
[CV 2/3] END max_depth=40, max_features=sqrt, min_samples_leaf=2, min_samples_split=2, n_estimators=100;, score=0.902 total time= 1.7min
[CV 2/3] END max_depth=40, max_features=sqrt, min_samples_leaf=4, min_samples_split=2, n_estimators=200;, score=0.902 total time= 3.0min
[CV 2/3] END max_depth=10, max_features=sqrt, min_samples_leaf=2, min_samples_split=5, n_estimators=100;, score=0.908 total time= 1.4min
[CV 3/3] END max_depth=10, max_features=sqrt, min_samples_leaf=4, min_samples_split=2, n_estimators=200;, score=0.896 total time= 2.5min
[CV 1/3] END max_depth=20, max_features=sqrt, min_samples_leaf=1, min_samples_split=10, n_estimators=200;, score=0.937 total time= 3.4min
[CV 1/3] END max_depth=20, max_features=log2, min_samples_leaf=1, min_samples_split=5, n_estimators=200;, score=0.939 total time=  12.7s
[CV 3/3] END max_depth=20, max_features=log2, min_samples_leaf=1, min_samples_split=10, n_estimators=200;, score=0.905 total time=  12.5s
[CV 2/3] END max_depth=20, max_features=log2, min_samples_leaf=2, min_samples_split=5, n_estimators=200;, score=0.913 total time=  11.8s
[CV 3/3] END max_depth=20, max_features=log2, min_samples_leaf=2, min_samples_split=10, n_estimators=300;, score=0.908 total time=  16.7s
[CV 1/3] END max_depth=20, max_features=log2, min_samples_leaf=4, min_samples_split=10, n_estimators=200;, score=0.937 total time=  11.5s
[CV 1/3] END max_depth=30, max_features=sqrt, min_samples_leaf=1, min_samples_split=5, n_estimators=200;, score=0.948 total time= 3.5min
[CV 1/3] END max_depth=30, max_features=log2, min_samples_leaf=1, min_samples_split=2, n_estimators=200;, score=0.951 total time=  12.4s
[CV 1/3] END max_depth=30, max_features=log2, min_samples_leaf=1, min_samples_split=5, n_estimators=100;, score=0.942 total time=   7.5s
[CV 1/3] END max_depth=30, max_features=log2, min_samples_leaf=1, min_samples_split=5, n_estimators=300;, score=0.948 total time=  17.4s
[CV 2/3] END max_depth=30, max_features=log2, min_samples_leaf=2, min_samples_split=2, n_estimators=200;, score=0.908 total time=  11.7s
[CV 2/3] END max_depth=30, max_features=log2, min_samples_leaf=2, min_samples_split=10, n_estimators=100;, score=0.913 total time=   7.5s
[CV 2/3] END max_depth=30, max_features=log2, min_samples_leaf=2, min_samples_split=10, n_estimators=300;, score=0.913 total time=  16.5s
[CV 2/3] END max_depth=30, max_features=log2, min_samples_leaf=4, min_samples_split=10, n_estimators=100;, score=0.893 total time=   7.0s
[CV 3/3] END max_depth=40, max_features=sqrt, min_samples_leaf=1, min_samples_split=2, n_estimators=300;, score=0.913 total time= 4.9min
[CV 1/3] END max_depth=10, max_features=sqrt, min_samples_leaf=1, min_samples_split=5, n_estimators=200;, score=0.928 total time= 2.8min
[CV 2/3] END max_depth=10, max_features=log2, min_samples_leaf=1, min_samples_split=5, n_estimators=300;, score=0.902 total time=  14.7s
[CV 2/3] END max_depth=10, max_features=log2, min_samples_leaf=2, min_samples_split=5, n_estimators=300;, score=0.905 total time=  14.8s
[CV 1/3] END max_depth=10, max_features=log2, min_samples_leaf=4, min_samples_split=5, n_estimators=300;, score=0.928 total time=  14.2s
[CV 2/3] END max_depth=20, max_features=sqrt, min_samples_leaf=1, min_samples_split=5, n_estimators=200;, score=0.905 total time= 3.4min
[CV 3/3] END max_depth=20, max_features=sqrt, min_samples_leaf=4, min_samples_split=10, n_estimators=300;, score=0.902 total time= 4.5min
[CV 2/3] END max_depth=30, max_features=sqrt, min_samples_leaf=4, min_samples_split=5, n_estimators=300;, score=0.896 total time= 4.4min
[CV 2/3] END max_depth=40, max_features=sqrt, min_samples_leaf=4, min_samples_split=5, n_estimators=100;, score=0.902 total time= 1.5min
[CV 1/3] END max_depth=40, max_features=log2, min_samples_leaf=1, min_samples_split=10, n_estimators=300;, score=0.948 total time=  17.8s
[CV 3/3] END max_depth=40, max_features=log2, min_samples_leaf=2, min_samples_split=5, n_estimators=100;, score=0.893 total time=   7.2s
[CV 2/3] END max_depth=40, max_features=log2, min_samples_leaf=2, min_samples_split=10, n_estimators=100;, score=0.908 total time=   7.1s
[CV 2/3] END max_depth=40, max_features=log2, min_samples_leaf=4, min_samples_split=2, n_estimators=100;, score=0.896 total time=   6.9s
[CV 1/3] END max_depth=40, max_features=log2, min_samples_leaf=4, min_samples_split=5, n_estimators=100;, score=0.937 total time=   6.9s
[CV 1/3] END max_depth=40, max_features=log2, min_samples_leaf=4, min_samples_split=10, n_estimators=100;, score=0.934 total time=   7.0s
[CV 1/3] END max_depth=10, max_features=sqrt, min_samples_leaf=1, min_samples_split=2, n_estimators=300;, score=0.934 total time= 4.1min
[CV 2/3] END max_depth=20, max_features=sqrt, min_samples_leaf=2, min_samples_split=5, n_estimators=200;, score=0.908 total time= 3.2min
[CV 2/3] END max_depth=20, max_features=log2, min_samples_leaf=1, min_samples_split=5, n_estimators=200;, score=0.934 total time=  12.7s
[CV 1/3] END max_depth=20, max_features=log2, min_samples_leaf=1, min_samples_split=10, n_estimators=300;, score=0.945 total time=  17.8s
[CV 2/3] END max_depth=20, max_features=log2, min_samples_leaf=2, min_samples_split=10, n_estimators=100;, score=0.913 total time=   7.4s
[CV 3/3] END max_depth=20, max_features=log2, min_samples_leaf=4, min_samples_split=2, n_estimators=100;, score=0.893 total time=   6.9s
[CV 1/3] END max_depth=20, max_features=log2, min_samples_leaf=4, min_samples_split=5, n_estimators=100;, score=0.922 total time=   7.0s
[CV 1/3] END max_depth=20, max_features=log2, min_samples_leaf=4, min_samples_split=10, n_estimators=100;, score=0.928 total time=   7.2s
[CV 3/3] END max_depth=30, max_features=sqrt, min_samples_leaf=1, min_samples_split=2, n_estimators=200;, score=0.910 total time= 3.4min
[CV 3/3] END max_depth=30, max_features=sqrt, min_samples_leaf=4, min_samples_split=10, n_estimators=200;, score=0.908 total time= 3.0min
[CV 3/3] END max_depth=40, max_features=sqrt, min_samples_leaf=2, min_samples_split=5, n_estimators=200;, score=0.905 total time= 3.2min
[CV 1/3] END max_depth=40, max_features=log2, min_samples_leaf=4, min_samples_split=2, n_estimators=300;, score=0.939 total time=  15.6s
[CV 2/3] END max_depth=10, max_features=sqrt, min_samples_leaf=1, min_samples_split=5, n_estimators=300;, score=0.902 total time= 4.1min
[CV 1/3] END max_depth=20, max_features=sqrt, min_samples_leaf=2, min_samples_split=5, n_estimators=300;, score=0.937 total time= 5.0min
[CV 2/3] END max_depth=30, max_features=sqrt, min_samples_leaf=2, min_samples_split=5, n_estimators=100;, score=0.896 total time= 1.6min
[CV 3/3] END max_depth=30, max_features=sqrt, min_samples_leaf=4, min_samples_split=2, n_estimators=300;, score=0.910 total time= 4.5min
[CV 3/3] END max_depth=40, max_features=sqrt, min_samples_leaf=4, min_samples_split=2, n_estimators=200;, score=0.908 total time= 3.0min
[CV 1/3] END max_depth=10, max_features=sqrt, min_samples_leaf=2, min_samples_split=10, n_estimators=300;, score=0.937 total time= 4.0min
[CV 1/3] END max_depth=20, max_features=sqrt, min_samples_leaf=2, min_samples_split=2, n_estimators=200;, score=0.939 total time= 3.3min
[CV 3/3] END max_depth=20, max_features=log2, min_samples_leaf=1, min_samples_split=5, n_estimators=200;, score=0.908 total time=  12.9s
[CV 3/3] END max_depth=20, max_features=log2, min_samples_leaf=1, min_samples_split=10, n_estimators=300;, score=0.910 total time=  17.7s
[CV 2/3] END max_depth=20, max_features=log2, min_samples_leaf=2, min_samples_split=10, n_estimators=200;, score=0.916 total time=  11.9s
[CV 1/3] END max_depth=20, max_features=log2, min_samples_leaf=4, min_samples_split=2, n_estimators=300;, score=0.945 total time=  16.0s
[CV 2/3] END max_depth=30, max_features=sqrt, min_samples_leaf=1, min_samples_split=2, n_estimators=200;, score=0.919 total time= 3.4min
[CV 2/3] END max_depth=30, max_features=sqrt, min_samples_leaf=4, min_samples_split=10, n_estimators=200;, score=0.887 total time= 3.0min
[CV 2/3] END max_depth=40, max_features=sqrt, min_samples_leaf=2, min_samples_split=5, n_estimators=200;, score=0.919 total time= 3.2min
[CV 3/3] END max_depth=40, max_features=log2, min_samples_leaf=4, min_samples_split=2, n_estimators=100;, score=0.902 total time=   6.8s
[CV 1/3] END max_depth=40, max_features=log2, min_samples_leaf=4, min_samples_split=5, n_estimators=200;, score=0.934 total time=  11.2s
[CV 1/3] END max_depth=10, max_features=sqrt, min_samples_leaf=2, min_samples_split=2, n_estimators=300;, score=0.931 total time= 4.1min
[CV 1/3] END max_depth=20, max_features=sqrt, min_samples_leaf=2, min_samples_split=2, n_estimators=300;, score=0.937 total time= 4.9min
[CV 3/3] END max_depth=30, max_features=sqrt, min_samples_leaf=2, min_samples_split=2, n_estimators=300;, score=0.910 total time= 4.7min
[CV 1/3] END max_depth=40, max_features=sqrt, min_samples_leaf=2, min_samples_split=2, n_estimators=200;, score=0.948 total time= 3.3min
[CV 3/3] END max_depth=40, max_features=log2, min_samples_leaf=1, min_samples_split=5, n_estimators=100;, score=0.899 total time=   7.6s
[CV 2/3] END max_depth=40, max_features=log2, min_samples_leaf=1, min_samples_split=5, n_estimators=300;, score=0.916 total time=  17.5s
[CV 1/3] END max_depth=40, max_features=log2, min_samples_leaf=2, min_samples_split=2, n_estimators=200;, score=0.928 total time=  12.1s
[CV 3/3] END max_depth=40, max_features=log2, min_samples_leaf=2, min_samples_split=5, n_estimators=200;, score=0.899 total time=  12.3s
[CV 1/3] END max_depth=40, max_features=log2, min_samples_leaf=4, min_samples_split=2, n_estimators=100;, score=0.931 total time=   6.8s
[CV 2/3] END max_depth=40, max_features=log2, min_samples_leaf=4, min_samples_split=2, n_estimators=300;, score=0.905 total time=  15.2s
[CV 3/3] END max_depth=10, max_features=sqrt, min_samples_leaf=1, min_samples_split=10, n_estimators=300;, score=0.902 total time= 4.0min
[CV 1/3] END max_depth=20, max_features=sqrt, min_samples_leaf=2, min_samples_split=2, n_estimators=100;, score=0.942 total time= 1.7min
[CV 1/3] END max_depth=20, max_features=sqrt, min_samples_leaf=4, min_samples_split=5, n_estimators=100;, score=0.931 total time= 1.6min
[CV 1/3] END max_depth=20, max_features=log2, min_samples_leaf=1, min_samples_split=2, n_estimators=300;, score=0.948 total time=  18.3s
[CV 1/3] END max_depth=20, max_features=log2, min_samples_leaf=2, min_samples_split=2, n_estimators=100;, score=0.945 total time=   7.8s
[CV 3/3] END max_depth=20, max_features=log2, min_samples_leaf=2, min_samples_split=5, n_estimators=100;, score=0.902 total time=   7.4s
[CV 3/3] END max_depth=20, max_features=log2, min_samples_leaf=2, min_samples_split=5, n_estimators=300;, score=0.910 total time=  17.2s
[CV 2/3] END max_depth=20, max_features=log2, min_samples_leaf=4, min_samples_split=5, n_estimators=200;, score=0.899 total time=  11.3s
[CV 3/3] END max_depth=30, max_features=sqrt, min_samples_leaf=1, min_samples_split=2, n_estimators=100;, score=0.902 total time= 1.7min
[CV 2/3] END max_depth=30, max_features=sqrt, min_samples_leaf=2, min_samples_split=10, n_estimators=200;, score=0.905 total time= 3.2min
[CV 2/3] END max_depth=30, max_features=log2, min_samples_leaf=4, min_samples_split=10, n_estimators=300;, score=0.910 total time=  15.4s
[CV 3/3] END max_depth=40, max_features=sqrt, min_samples_leaf=1, min_samples_split=10, n_estimators=200;, score=0.902 total time= 3.3min
[CV 1/3] END max_depth=40, max_features=log2, min_samples_leaf=1, min_samples_split=2, n_estimators=100;, score=0.937 total time=   7.5s
[CV 2/3] END max_depth=40, max_features=log2, min_samples_leaf=1, min_samples_split=2, n_estimators=200;, score=0.910 total time=  12.5s
[CV 2/3] END max_depth=40, max_features=log2, min_samples_leaf=1, min_samples_split=5, n_estimators=200;, score=0.899 total time=  12.4s
[CV 1/3] END max_depth=40, max_features=log2, min_samples_leaf=1, min_samples_split=10, n_estimators=200;, score=0.937 total time=  12.5s
[CV 2/3] END max_depth=40, max_features=log2, min_samples_leaf=2, min_samples_split=2, n_estimators=200;, score=0.916 total time=  11.8s
[CV 3/3] END max_depth=40, max_features=log2, min_samples_leaf=2, min_samples_split=5, n_estimators=300;, score=0.908 total time=  16.7s
[CV 3/3] END max_depth=40, max_features=log2, min_samples_leaf=4, min_samples_split=2, n_estimators=300;, score=0.896 total time=  15.3s
[CV 1/3] END max_depth=10, max_features=sqrt, min_samples_leaf=2, min_samples_split=5, n_estimators=300;, score=0.928 total time= 4.1min
[CV 2/3] END max_depth=20, max_features=sqrt, min_samples_leaf=2, min_samples_split=5, n_estimators=300;, score=0.916 total time= 4.8min
[CV 1/3] END max_depth=30, max_features=sqrt, min_samples_leaf=2, min_samples_split=2, n_estimators=300;, score=0.934 total time= 5.0min
[CV 1/3] END max_depth=40, max_features=sqrt, min_samples_leaf=2, min_samples_split=5, n_estimators=100;, score=0.928 total time= 1.8min
[CV 1/3] END max_depth=40, max_features=sqrt, min_samples_leaf=4, min_samples_split=5, n_estimators=100;, score=0.942 total time= 1.5min
[CV 3/3] END max_depth=40, max_features=log2, min_samples_leaf=1, min_samples_split=10, n_estimators=200;, score=0.905 total time=  12.5s
[CV 3/3] END max_depth=40, max_features=log2, min_samples_leaf=2, min_samples_split=2, n_estimators=300;, score=0.910 total time=  16.7s
[CV 1/3] END max_depth=40, max_features=log2, min_samples_leaf=2, min_samples_split=10, n_estimators=200;, score=0.939 total time=  11.9s
[CV 2/3] END max_depth=40, max_features=log2, min_samples_leaf=4, min_samples_split=5, n_estimators=100;, score=0.882 total time=   6.6s
[CV 3/3] END max_depth=40, max_features=log2, min_samples_leaf=4, min_samples_split=10, n_estimators=100;, score=0.890 total time=   6.8s
[CV 3/3] END max_depth=10, max_features=sqrt, min_samples_leaf=2, min_samples_split=10, n_estimators=100;, score=0.910 total time= 1.4min
[CV 1/3] END max_depth=10, max_features=sqrt, min_samples_leaf=4, min_samples_split=5, n_estimators=100;, score=0.925 total time= 1.3min
[CV 1/3] END max_depth=10, max_features=log2, min_samples_leaf=1, min_samples_split=5, n_estimators=100;, score=0.939 total time=   6.7s
[CV 1/3] END max_depth=10, max_features=log2, min_samples_leaf=1, min_samples_split=10, n_estimators=300;, score=0.931 total time=  14.5s
[CV 3/3] END max_depth=10, max_features=log2, min_samples_leaf=2, min_samples_split=10, n_estimators=200;, score=0.890 total time=  10.7s
[CV 1/3] END max_depth=10, max_features=log2, min_samples_leaf=4, min_samples_split=10, n_estimators=100;, score=0.931 total time=   6.6s
[CV 3/3] END max_depth=20, max_features=sqrt, min_samples_leaf=1, min_samples_split=2, n_estimators=100;, score=0.902 total time= 1.8min
[CV 2/3] END max_depth=20, max_features=sqrt, min_samples_leaf=2, min_samples_split=10, n_estimators=200;, score=0.893 total time= 3.3min
[CV 3/3] END max_depth=30, max_features=sqrt, min_samples_leaf=1, min_samples_split=5, n_estimators=200;, score=0.908 total time= 3.4min
[CV 1/3] END max_depth=30, max_features=log2, min_samples_leaf=1, min_samples_split=2, n_estimators=100;, score=0.945 total time=   7.6s
[CV 3/3] END max_depth=30, max_features=log2, min_samples_leaf=1, min_samples_split=2, n_estimators=200;, score=0.902 total time=  12.7s
[CV 2/3] END max_depth=30, max_features=log2, min_samples_leaf=1, min_samples_split=5, n_estimators=200;, score=0.908 total time=  13.1s
[CV 1/3] END max_depth=30, max_features=log2, min_samples_leaf=1, min_samples_split=10, n_estimators=300;, score=0.942 total time=  18.0s
[CV 2/3] END max_depth=30, max_features=log2, min_samples_leaf=2, min_samples_split=5, n_estimators=200;, score=0.916 total time=  12.5s
[CV 3/3] END max_depth=30, max_features=log2, min_samples_leaf=4, min_samples_split=2, n_estimators=100;, score=0.899 total time=   6.9s
[CV 3/3] END max_depth=30, max_features=log2, min_samples_leaf=4, min_samples_split=5, n_estimators=200;, score=0.896 total time=  11.4s
[CV 1/3] END max_depth=40, max_features=sqrt, min_samples_leaf=1, min_samples_split=2, n_estimators=200;, score=0.939 total time= 3.5min
[CV 3/3] END max_depth=40, max_features=log2, min_samples_leaf=1, min_samples_split=2, n_estimators=100;, score=0.913 total time=   7.7s
[CV 1/3] END max_depth=40, max_features=log2, min_samples_leaf=1, min_samples_split=2, n_estimators=300;, score=0.948 total time=  17.8s
[CV 3/3] END max_depth=40, max_features=log2, min_samples_leaf=1, min_samples_split=5, n_estimators=300;, score=0.902 total time=  18.2s
[CV 3/3] END max_depth=40, max_features=log2, min_samples_leaf=2, min_samples_split=2, n_estimators=200;, score=0.908 total time=  12.3s
[CV 1/3] END max_depth=40, max_features=log2, min_samples_leaf=2, min_samples_split=10, n_estimators=100;, score=0.942 total time=   7.4s
[CV 3/3] END max_depth=40, max_features=log2, min_samples_leaf=2, min_samples_split=10, n_estimators=200;, score=0.910 total time=  12.3s
[CV 2/3] END max_depth=40, max_features=log2, min_samples_leaf=4, min_samples_split=5, n_estimators=200;, score=0.902 total time=  11.3s
[CV 3/3] END max_depth=10, max_features=sqrt, min_samples_leaf=2, min_samples_split=5, n_estimators=100;, score=0.902 total time= 1.4min
[CV 3/3] END max_depth=10, max_features=sqrt, min_samples_leaf=4, min_samples_split=2, n_estimators=300;, score=0.896 total time= 3.8min
[CV 1/3] END max_depth=20, max_features=sqrt, min_samples_leaf=4, min_samples_split=2, n_estimators=100;, score=0.934 total time= 1.6min
[CV 1/3] END max_depth=20, max_features=sqrt, min_samples_leaf=4, min_samples_split=10, n_estimators=300;, score=0.945 total time= 4.5min
[CV 1/3] END max_depth=30, max_features=sqrt, min_samples_leaf=4, min_samples_split=5, n_estimators=300;, score=0.937 total time= 4.5min
[CV 3/3] END max_depth=40, max_features=sqrt, min_samples_leaf=4, min_samples_split=5, n_estimators=100;, score=0.899 total time= 1.5min
[CV 1/3] END max_depth=40, max_features=log2, min_samples_leaf=2, min_samples_split=2, n_estimators=100;, score=0.934 total time=   7.2s
[CV 1/3] END max_depth=40, max_features=log2, min_samples_leaf=2, min_samples_split=2, n_estimators=300;, score=0.937 total time=  17.3s
[CV 3/3] END max_depth=40, max_features=log2, min_samples_leaf=2, min_samples_split=10, n_estimators=100;, score=0.899 total time=   7.4s
[CV 1/3] END max_depth=40, max_features=log2, min_samples_leaf=4, min_samples_split=2, n_estimators=200;, score=0.931 total time=  11.3s
[CV 2/3] END max_depth=40, max_features=log2, min_samples_leaf=4, min_samples_split=10, n_estimators=100;, score=0.890 total time=   7.0s
[CV 3/3] END max_depth=10, max_features=sqrt, min_samples_leaf=1, min_samples_split=5, n_estimators=300;, score=0.902 total time= 4.1min
[CV 2/3] END max_depth=20, max_features=sqrt, min_samples_leaf=2, min_samples_split=2, n_estimators=300;, score=0.910 total time= 4.7min
[CV 3/3] END max_depth=30, max_features=sqrt, min_samples_leaf=2, min_samples_split=2, n_estimators=100;, score=0.908 total time= 1.6min
[CV 2/3] END max_depth=30, max_features=sqrt, min_samples_leaf=4, min_samples_split=2, n_estimators=300;, score=0.908 total time= 4.6min
[CV 2/3] END max_depth=40, max_features=sqrt, min_samples_leaf=2, min_samples_split=10, n_estimators=200;, score=0.919 total time= 3.3min
[CV 1/3] END max_depth=10, max_features=sqrt, min_samples_leaf=2, min_samples_split=5, n_estimators=100;, score=0.934 total time= 1.5min
[CV 2/3] END max_depth=10, max_features=sqrt, min_samples_leaf=4, min_samples_split=10, n_estimators=100;, score=0.902 total time= 1.3min
[CV 2/3] END max_depth=10, max_features=log2, min_samples_leaf=1, min_samples_split=5, n_estimators=200;, score=0.905 total time=  10.6s
[CV 3/3] END max_depth=10, max_features=log2, min_samples_leaf=2, min_samples_split=2, n_estimators=200;, score=0.896 total time=  10.4s
[CV 3/3] END max_depth=10, max_features=log2, min_samples_leaf=2, min_samples_split=10, n_estimators=300;, score=0.896 total time=  15.0s
[CV 2/3] END max_depth=20, max_features=sqrt, min_samples_leaf=1, min_samples_split=2, n_estimators=100;, score=0.910 total time= 1.7min
[CV 1/3] END max_depth=20, max_features=sqrt, min_samples_leaf=2, min_samples_split=10, n_estimators=100;, score=0.934 total time= 1.7min
[CV 2/3] END max_depth=20, max_features=sqrt, min_samples_leaf=4, min_samples_split=10, n_estimators=100;, score=0.884 total time= 1.5min
[CV 3/3] END max_depth=20, max_features=log2, min_samples_leaf=4, min_samples_split=5, n_estimators=300;, score=0.896 total time=  15.9s
[CV 1/3] END max_depth=30, max_features=sqrt, min_samples_leaf=1, min_samples_split=10, n_estimators=100;, score=0.939 total time= 1.7min
[CV 1/3] END max_depth=30, max_features=sqrt, min_samples_leaf=4, min_samples_split=2, n_estimators=200;, score=0.939 total time= 3.1min
[CV 2/3] END max_depth=40, max_features=sqrt, min_samples_leaf=1, min_samples_split=5, n_estimators=100;, score=0.905 total time= 1.7min
[CV 1/3] END max_depth=40, max_features=sqrt, min_samples_leaf=4, min_samples_split=2, n_estimators=100;, score=0.939 total time= 1.5min
[CV 2/3] END max_depth=40, max_features=sqrt, min_samples_leaf=4, min_samples_split=10, n_estimators=100;, score=0.913 total time= 1.5min
[CV 3/3] END max_depth=40, max_features=log2, min_samples_leaf=4, min_samples_split=5, n_estimators=200;, score=0.902 total time=  11.4s
[CV 1/3] END max_depth=10, max_features=sqrt, min_samples_leaf=1, min_samples_split=2, n_estimators=200;, score=0.934 total time= 2.8min
[CV 3/3] END max_depth=10, max_features=log2, min_samples_leaf=1, min_samples_split=5, n_estimators=300;, score=0.899 total time=  14.8s
[CV 1/3] END max_depth=10, max_features=log2, min_samples_leaf=2, min_samples_split=10, n_estimators=100;, score=0.937 total time=   6.8s
[CV 3/3] END max_depth=10, max_features=log2, min_samples_leaf=4, min_samples_split=2, n_estimators=100;, score=0.870 total time=   6.4s
[CV 2/3] END max_depth=10, max_features=log2, min_samples_leaf=4, min_samples_split=5, n_estimators=200;, score=0.884 total time=  10.5s
[CV 2/3] END max_depth=20, max_features=sqrt, min_samples_leaf=1, min_samples_split=2, n_estimators=300;, score=0.913 total time= 5.1min
[CV 3/3] END max_depth=30, max_features=sqrt, min_samples_leaf=1, min_samples_split=10, n_estimators=100;, score=0.913 total time= 1.7min
[CV 2/3] END max_depth=30, max_features=sqrt, min_samples_leaf=4, min_samples_split=2, n_estimators=200;, score=0.905 total time= 3.0min
[CV 1/3] END max_depth=40, max_features=sqrt, min_samples_leaf=1, min_samples_split=2, n_estimators=100;, score=0.939 total time= 1.8min
[CV 3/3] END max_depth=40, max_features=sqrt, min_samples_leaf=2, min_samples_split=10, n_estimators=200;, score=0.905 total time= 3.3min
[CV 1/3] END max_depth=10, max_features=sqrt, min_samples_leaf=2, min_samples_split=2, n_estimators=100;, score=0.931 total time= 1.5min
[CV 2/3] END max_depth=10, max_features=sqrt, min_samples_leaf=4, min_samples_split=5, n_estimators=200;, score=0.893 total time= 2.6min
[CV 2/3] END max_depth=20, max_features=sqrt, min_samples_leaf=1, min_samples_split=10, n_estimators=300;, score=0.913 total time= 5.1min
[CV 3/3] END max_depth=30, max_features=sqrt, min_samples_leaf=2, min_samples_split=5, n_estimators=100;, score=0.910 total time= 1.6min
[CV 1/3] END max_depth=30, max_features=sqrt, min_samples_leaf=4, min_samples_split=5, n_estimators=100;, score=0.931 total time= 1.6min
[CV 3/3] END max_depth=30, max_features=log2, min_samples_leaf=1, min_samples_split=5, n_estimators=300;, score=0.905 total time=  18.1s
[CV 2/3] END max_depth=30, max_features=log2, min_samples_leaf=2, min_samples_split=2, n_estimators=300;, score=0.908 total time=  17.2s
[CV 1/3] END max_depth=30, max_features=log2, min_samples_leaf=2, min_samples_split=10, n_estimators=300;, score=0.942 total time=  17.1s
[CV 1/3] END max_depth=30, max_features=log2, min_samples_leaf=4, min_samples_split=10, n_estimators=100;, score=0.934 total time=   7.2s
[CV 2/3] END max_depth=40, max_features=sqrt, min_samples_leaf=1, min_samples_split=2, n_estimators=300;, score=0.905 total time= 5.0min
[CV 2/3] END max_depth=10, max_features=sqrt, min_samples_leaf=2, min_samples_split=5, n_estimators=200;, score=0.896 total time= 2.7min
[CV 1/3] END max_depth=10, max_features=log2, min_samples_leaf=1, min_samples_split=2, n_estimators=200;, score=0.931 total time=  11.1s
[CV 2/3] END max_depth=10, max_features=log2, min_samples_leaf=2, min_samples_split=2, n_estimators=100;, score=0.896 total time=   6.3s
[CV 2/3] END max_depth=10, max_features=log2, min_samples_leaf=2, min_samples_split=5, n_estimators=200;, score=0.905 total time=  10.8s
[CV 2/3] END max_depth=10, max_features=log2, min_samples_leaf=4, min_samples_split=2, n_estimators=200;, score=0.879 total time=  10.3s
[CV 2/3] END max_depth=10, max_features=log2, min_samples_leaf=4, min_samples_split=10, n_estimators=300;, score=0.905 total time=  14.1s
[CV 1/3] END max_depth=20, max_features=sqrt, min_samples_leaf=1, min_samples_split=10, n_estimators=100;, score=0.928 total time= 1.7min
[CV 1/3] END max_depth=20, max_features=sqrt, min_samples_leaf=4, min_samples_split=2, n_estimators=300;, score=0.934 total time= 4.6min
[CV 1/3] END max_depth=30, max_features=sqrt, min_samples_leaf=2, min_samples_split=10, n_estimators=200;, score=0.934 total time= 3.3min
[CV 3/3] END max_depth=40, max_features=sqrt, min_samples_leaf=1, min_samples_split=5, n_estimators=200;, score=0.905 total time= 3.4min
[CV 2/3] END max_depth=40, max_features=log2, min_samples_leaf=1, min_samples_split=2, n_estimators=100;, score=0.887 total time=   7.8s
[CV 3/3] END max_depth=40, max_features=log2, min_samples_leaf=1, min_samples_split=2, n_estimators=200;, score=0.905 total time=  12.7s
[CV 3/3] END max_depth=40, max_features=log2, min_samples_leaf=1, min_samples_split=5, n_estimators=200;, score=0.910 total time=  12.7s
[CV 2/3] END max_depth=40, max_features=log2, min_samples_leaf=1, min_samples_split=10, n_estimators=200;, score=0.905 total time=  12.7s
[CV 2/3] END max_depth=40, max_features=log2, min_samples_leaf=2, min_samples_split=2, n_estimators=300;, score=0.910 total time=  17.0s
[CV 2/3] END max_depth=40, max_features=log2, min_samples_leaf=2, min_samples_split=10, n_estimators=200;, score=0.922 total time=  12.2s
[CV 3/3] END max_depth=40, max_features=log2, min_samples_leaf=4, min_samples_split=5, n_estimators=100;, score=0.896 total time=   6.9s
[CV 1/3] END max_depth=40, max_features=log2, min_samples_leaf=4, min_samples_split=10, n_estimators=200;, score=0.939 total time=  10.3s
[CV 3/3] END max_depth=10, max_features=sqrt, min_samples_leaf=2, min_samples_split=10, n_estimators=200;, score=0.899 total time= 2.7min
[CV 2/3] END max_depth=10, max_features=sqrt, min_samples_leaf=4, min_samples_split=10, n_estimators=200;, score=0.916 total time= 2.5min
[CV 3/3] END max_depth=20, max_features=sqrt, min_samples_leaf=2, min_samples_split=10, n_estimators=100;, score=0.902 total time= 1.6min
[CV 1/3] END max_depth=20, max_features=sqrt, min_samples_leaf=4, min_samples_split=10, n_estimators=200;, score=0.937 total time= 3.0min
[CV 1/3] END max_depth=30, max_features=sqrt, min_samples_leaf=2, min_samples_split=5, n_estimators=300;, score=0.942 total time= 4.9min
[CV 1/3] END max_depth=40, max_features=sqrt, min_samples_leaf=2, min_samples_split=5, n_estimators=200;, score=0.937 total time= 3.2min
[CV 2/3] END max_depth=40, max_features=log2, min_samples_leaf=2, min_samples_split=10, n_estimators=300;, score=0.916 total time=  16.9s
[CV 2/3] END max_depth=40, max_features=log2, min_samples_leaf=4, min_samples_split=10, n_estimators=200;, score=0.899 total time=  10.4s
[CV 3/3] END max_depth=10, max_features=sqrt, min_samples_leaf=1, min_samples_split=5, n_estimators=200;, score=0.905 total time= 2.7min
[CV 2/3] END max_depth=10, max_features=sqrt, min_samples_leaf=4, min_samples_split=10, n_estimators=300;, score=0.902 total time= 3.7min
[CV 3/3] END max_depth=20, max_features=sqrt, min_samples_leaf=4, min_samples_split=5, n_estimators=200;, score=0.908 total time= 3.0min
[CV 2/3] END max_depth=30, max_features=sqrt, min_samples_leaf=2, min_samples_split=5, n_estimators=200;, score=0.902 total time= 3.1min
[CV 1/3] END max_depth=30, max_features=log2, min_samples_leaf=2, min_samples_split=2, n_estimators=200;, score=0.937 total time=  11.6s
[CV 3/3] END max_depth=30, max_features=log2, min_samples_leaf=2, min_samples_split=5, n_estimators=200;, score=0.908 total time=  12.1s
[CV 1/3] END max_depth=30, max_features=log2, min_samples_leaf=4, min_samples_split=2, n_estimators=200;, score=0.928 total time=  11.0s
[CV 2/3] END max_depth=30, max_features=log2, min_samples_leaf=4, min_samples_split=5, n_estimators=300;, score=0.902 total time=  15.3s
[CV 3/3] END max_depth=40, max_features=sqrt, min_samples_leaf=1, min_samples_split=10, n_estimators=100;, score=0.899 total time= 1.7min
[CV 1/3] END max_depth=40, max_features=sqrt, min_samples_leaf=4, min_samples_split=2, n_estimators=200;, score=0.931 total time= 3.0min
[CV 1/3] END max_depth=40, max_features=log2, min_samples_leaf=4, min_samples_split=5, n_estimators=300;, score=0.948 total time=  14.9s
[CV 3/3] END max_depth=10, max_features=sqrt, min_samples_leaf=2, min_samples_split=2, n_estimators=300;, score=0.908 total time= 4.1min
[CV 3/3] END max_depth=20, max_features=sqrt, min_samples_leaf=2, min_samples_split=2, n_estimators=200;, score=0.902 total time= 3.3min
[CV 1/3] END max_depth=20, max_features=log2, min_samples_leaf=1, min_samples_split=5, n_estimators=300;, score=0.951 total time=  17.8s
[CV 3/3] END max_depth=20, max_features=log2, min_samples_leaf=2, min_samples_split=2, n_estimators=200;, score=0.902 total time=  12.2s
[CV 3/3] END max_depth=20, max_features=log2, min_samples_leaf=2, min_samples_split=10, n_estimators=100;, score=0.905 total time=   7.4s
[CV 1/3] END max_depth=20, max_features=log2, min_samples_leaf=4, min_samples_split=2, n_estimators=200;, score=0.942 total time=  11.3s
[CV 3/3] END max_depth=20, max_features=log2, min_samples_leaf=4, min_samples_split=5, n_estimators=200;, score=0.896 total time=  11.2s
[CV 2/3] END max_depth=30, max_features=sqrt, min_samples_leaf=1, min_samples_split=5, n_estimators=100;, score=0.905 total time= 1.7min
[CV 3/3] END max_depth=30, max_features=sqrt, min_samples_leaf=2, min_samples_split=10, n_estimators=300;, score=0.908 total time= 4.8min
[CV 1/3] END max_depth=40, max_features=sqrt, min_samples_leaf=2, min_samples_split=10, n_estimators=100;, score=0.937 total time= 1.6min
[CV 3/3] END max_depth=40, max_features=sqrt, min_samples_leaf=4, min_samples_split=10, n_estimators=100;, score=0.899 total time= 1.5min
[CV 2/3] END max_depth=40, max_features=log2, min_samples_leaf=4, min_samples_split=5, n_estimators=300;, score=0.902 total time=  14.7s
[CV 3/3] END max_depth=10, max_features=sqrt, min_samples_leaf=1, min_samples_split=2, n_estimators=100;, score=0.902 total time= 1.5min
[CV 1/3] END max_depth=10, max_features=sqrt, min_samples_leaf=4, min_samples_split=5, n_estimators=300;, score=0.931 total time= 3.9min
[CV 3/3] END max_depth=20, max_features=sqrt, min_samples_leaf=4, min_samples_split=2, n_estimators=200;, score=0.908 total time= 3.0min
[CV 2/3] END max_depth=30, max_features=sqrt, min_samples_leaf=1, min_samples_split=2, n_estimators=100;, score=0.916 total time= 1.7min
[CV 2/3] END max_depth=30, max_features=sqrt, min_samples_leaf=2, min_samples_split=10, n_estimators=100;, score=0.902 total time= 1.6min
[CV 1/3] END max_depth=30, max_features=sqrt, min_samples_leaf=4, min_samples_split=10, n_estimators=100;, score=0.937 total time= 1.5min
[CV 1/3] END max_depth=30, max_features=log2, min_samples_leaf=4, min_samples_split=5, n_estimators=200;, score=0.931 total time=  11.1s
[CV 2/3] END max_depth=40, max_features=sqrt, min_samples_leaf=1, min_samples_split=2, n_estimators=100;, score=0.910 total time= 1.7min
[CV 3/3] END max_depth=40, max_features=sqrt, min_samples_leaf=2, min_samples_split=10, n_estimators=100;, score=0.908 total time= 1.6min
[CV 1/3] END max_depth=40, max_features=sqrt, min_samples_leaf=4, min_samples_split=10, n_estimators=100;, score=0.925 total time= 1.5min
[CV 3/3] END max_depth=40, max_features=log2, min_samples_leaf=4, min_samples_split=5, n_estimators=300;, score=0.893 total time=  14.5s
[CV 3/3] END max_depth=10, max_features=sqrt, min_samples_leaf=2, min_samples_split=5, n_estimators=300;, score=0.905 total time= 4.0min
[CV 3/3] END max_depth=20, max_features=sqrt, min_samples_leaf=2, min_samples_split=2, n_estimators=100;, score=0.905 total time= 1.7min
[CV 2/3] END max_depth=20, max_features=sqrt, min_samples_leaf=4, min_samples_split=5, n_estimators=100;, score=0.896 total time= 1.5min
[CV 3/3] END max_depth=20, max_features=log2, min_samples_leaf=1, min_samples_split=2, n_estimators=200;, score=0.899 total time=  12.6s
[CV 1/3] END max_depth=20, max_features=log2, min_samples_leaf=1, min_samples_split=10, n_estimators=100;, score=0.948 total time=   7.5s
[CV 2/3] END max_depth=20, max_features=log2, min_samples_leaf=1, min_samples_split=10, n_estimators=300;, score=0.908 total time=  17.7s
[CV 1/3] END max_depth=20, max_features=log2, min_samples_leaf=2, min_samples_split=10, n_estimators=200;, score=0.939 total time=  12.1s
[CV 3/3] END max_depth=20, max_features=log2, min_samples_leaf=4, min_samples_split=2, n_estimators=200;, score=0.899 total time=  11.3s
[CV 2/3] END max_depth=20, max_features=log2, min_samples_leaf=4, min_samples_split=10, n_estimators=300;, score=0.899 total time=  16.7s
[CV 1/3] END max_depth=30, max_features=sqrt, min_samples_leaf=1, min_samples_split=10, n_estimators=200;, score=0.937 total time= 3.4min
[CV 3/3] END max_depth=30, max_features=log2, min_samples_leaf=1, min_samples_split=2, n_estimators=100;, score=0.910 total time=   7.8s
[CV 2/3] END max_depth=30, max_features=log2, min_samples_leaf=1, min_samples_split=2, n_estimators=300;, score=0.913 total time=  17.8s
[CV 3/3] END max_depth=30, max_features=log2, min_samples_leaf=1, min_samples_split=10, n_estimators=100;, score=0.899 total time=   7.8s
[CV 2/3] END max_depth=30, max_features=log2, min_samples_leaf=2, min_samples_split=2, n_estimators=100;, score=0.899 total time=   7.4s
[CV 1/3] END max_depth=30, max_features=log2, min_samples_leaf=2, min_samples_split=5, n_estimators=100;, score=0.939 total time=   7.6s
[CV 2/3] END max_depth=30, max_features=log2, min_samples_leaf=2, min_samples_split=5, n_estimators=300;, score=0.908 total time=  17.5s
[CV 1/3] END max_depth=30, max_features=log2, min_samples_leaf=4, min_samples_split=5, n_estimators=100;, score=0.928 total time=   7.2s
[CV 1/3] END max_depth=30, max_features=log2, min_samples_leaf=4, min_samples_split=10, n_estimators=200;, score=0.931 total time=  11.6s
[CV 2/3] END max_depth=40, max_features=sqrt, min_samples_leaf=1, min_samples_split=5, n_estimators=300;, score=0.916 total time= 4.9min
[CV 2/3] END max_depth=10, max_features=sqrt, min_samples_leaf=1, min_samples_split=2, n_estimators=200;, score=0.910 total time= 2.7min
[CV 2/3] END max_depth=10, max_features=log2, min_samples_leaf=1, min_samples_split=2, n_estimators=200;, score=0.902 total time=  10.7s
[CV 3/3] END max_depth=10, max_features=log2, min_samples_leaf=1, min_samples_split=10, n_estimators=300;, score=0.899 total time=  14.4s
[CV 2/3] END max_depth=10, max_features=log2, min_samples_leaf=4, min_samples_split=2, n_estimators=100;, score=0.893 total time=   6.3s
[CV 1/3] END max_depth=10, max_features=log2, min_samples_leaf=4, min_samples_split=5, n_estimators=200;, score=0.928 total time=  10.1s
[CV 2/3] END max_depth=20, max_features=sqrt, min_samples_leaf=1, min_samples_split=2, n_estimators=200;, score=0.919 total time= 3.3min
[CV 3/3] END max_depth=20, max_features=sqrt, min_samples_leaf=4, min_samples_split=10, n_estimators=100;, score=0.908 total time= 1.5min
[CV 2/3] END max_depth=20, max_features=log2, min_samples_leaf=4, min_samples_split=5, n_estimators=300;, score=0.899 total time=  15.6s
[CV 1/3] END max_depth=30, max_features=sqrt, min_samples_leaf=1, min_samples_split=5, n_estimators=300;, score=0.945 total time= 5.0min
[CV 2/3] END max_depth=40, max_features=sqrt, min_samples_leaf=1, min_samples_split=10, n_estimators=300;, score=0.910 total time= 4.9min
[CV 1/3] END max_depth=10, max_features=sqrt, min_samples_leaf=2, min_samples_split=10, n_estimators=200;, score=0.922 total time= 2.7min
[CV 3/3] END max_depth=10, max_features=log2, min_samples_leaf=1, min_samples_split=2, n_estimators=100;, score=0.887 total time=   7.0s
[CV 1/3] END max_depth=10, max_features=log2, min_samples_leaf=1, min_samples_split=10, n_estimators=200;, score=0.919 total time=  10.4s
[CV 1/3] END max_depth=10, max_features=log2, min_samples_leaf=2, min_samples_split=5, n_estimators=200;, score=0.939 total time=  10.9s
[CV 3/3] END max_depth=10, max_features=log2, min_samples_leaf=4, min_samples_split=2, n_estimators=200;, score=0.896 total time=  10.4s
[CV 3/3] END max_depth=10, max_features=log2, min_samples_leaf=4, min_samples_split=10, n_estimators=300;, score=0.884 total time=  14.2s
[CV 2/3] END max_depth=20, max_features=sqrt, min_samples_leaf=1, min_samples_split=10, n_estimators=100;, score=0.908 total time= 1.7min
[CV 1/3] END max_depth=20, max_features=sqrt, min_samples_leaf=4, min_samples_split=2, n_estimators=200;, score=0.945 total time= 3.0min
[CV 1/3] END max_depth=20, max_features=log2, min_samples_leaf=4, min_samples_split=10, n_estimators=300;, score=0.934 total time=  18.0s
[CV 1/3] END max_depth=30, max_features=sqrt, min_samples_leaf=1, min_samples_split=10, n_estimators=300;, score=0.939 total time= 5.2min
[CV 3/3] END max_depth=40, max_features=sqrt, min_samples_leaf=2, min_samples_split=2, n_estimators=200;, score=0.908 total time= 3.2min
[CV 3/3] END max_depth=40, max_features=log2, min_samples_leaf=1, min_samples_split=2, n_estimators=300;, score=0.902 total time=  18.0s
[CV 2/3] END max_depth=40, max_features=log2, min_samples_leaf=1, min_samples_split=10, n_estimators=100;, score=0.893 total time=   7.6s
[CV 3/3] END max_depth=40, max_features=log2, min_samples_leaf=1, min_samples_split=10, n_estimators=300;, score=0.913 total time=  17.7s
[CV 2/3] END max_depth=40, max_features=log2, min_samples_leaf=2, min_samples_split=5, n_estimators=200;, score=0.919 total time=  12.2s
[CV 1/3] END max_depth=40, max_features=log2, min_samples_leaf=2, min_samples_split=10, n_estimators=300;, score=0.939 total time=  17.3s
[CV 3/3] END max_depth=40, max_features=log2, min_samples_leaf=4, min_samples_split=10, n_estimators=200;, score=0.902 total time=  10.5s
[CV 2/3] END max_depth=10, max_features=sqrt, min_samples_leaf=1, min_samples_split=5, n_estimators=200;, score=0.905 total time= 2.8min
[CV 1/3] END max_depth=10, max_features=log2, min_samples_leaf=1, min_samples_split=5, n_estimators=300;, score=0.919 total time=  15.2s
[CV 3/3] END max_depth=10, max_features=log2, min_samples_leaf=2, min_samples_split=5, n_estimators=300;, score=0.896 total time=  15.0s
[CV 2/3] END max_depth=10, max_features=log2, min_samples_leaf=4, min_samples_split=5, n_estimators=300;, score=0.890 total time=  14.3s
[CV 3/3] END max_depth=20, max_features=sqrt, min_samples_leaf=1, min_samples_split=5, n_estimators=200;, score=0.910 total time= 3.2min
[CV 2/3] END max_depth=20, max_features=sqrt, min_samples_leaf=4, min_samples_split=10, n_estimators=200;, score=0.893 total time= 3.0min
[CV 3/3] END max_depth=30, max_features=sqrt, min_samples_leaf=2, min_samples_split=5, n_estimators=200;, score=0.902 total time= 3.2min
[CV 2/3] END max_depth=30, max_features=log2, min_samples_leaf=4, min_samples_split=2, n_estimators=200;, score=0.905 total time=  11.3s
[CV 3/3] END max_depth=30, max_features=log2, min_samples_leaf=4, min_samples_split=5, n_estimators=300;, score=0.890 total time=  15.9s
[CV 1/3] END max_depth=40, max_features=sqrt, min_samples_leaf=1, min_samples_split=10, n_estimators=200;, score=0.945 total time= 3.5min
[CV 2/3] END max_depth=40, max_features=log2, min_samples_leaf=1, min_samples_split=2, n_estimators=300;, score=0.922 total time=  18.0s
[CV 1/3] END max_depth=40, max_features=log2, min_samples_leaf=1, min_samples_split=10, n_estimators=100;, score=0.948 total time=   7.7s
[CV 2/3] END max_depth=40, max_features=log2, min_samples_leaf=1, min_samples_split=10, n_estimators=300;, score=0.928 total time=  17.7s
[CV 1/3] END max_depth=40, max_features=log2, min_samples_leaf=2, min_samples_split=5, n_estimators=200;, score=0.945 total time=  12.6s
[CV 3/3] END max_depth=40, max_features=log2, min_samples_leaf=2, min_samples_split=10, n_estimators=300;, score=0.916 total time=  17.1s
[CV 1/3] END max_depth=40, max_features=log2, min_samples_leaf=4, min_samples_split=10, n_estimators=300;, score=0.931 total time=  13.7s
[CV 3/3] END max_depth=10, max_features=sqrt, min_samples_leaf=1, min_samples_split=2, n_estimators=300;, score=0.908 total time= 4.1min
[CV 3/3] END max_depth=20, max_features=sqrt, min_samples_leaf=2, min_samples_split=2, n_estimators=300;, score=0.905 total time= 4.9min
[CV 3/3] END max_depth=30, max_features=sqrt, min_samples_leaf=2, min_samples_split=2, n_estimators=200;, score=0.910 total time= 3.3min
[CV 1/3] END max_depth=30, max_features=log2, min_samples_leaf=1, min_samples_split=5, n_estimators=200;, score=0.939 total time=  13.0s
[CV 3/3] END max_depth=30, max_features=log2, min_samples_leaf=1, min_samples_split=10, n_estimators=200;, score=0.905 total time=  12.7s
[CV 1/3] END max_depth=30, max_features=log2, min_samples_leaf=2, min_samples_split=5, n_estimators=200;, score=0.937 total time=  12.0s
[CV 2/3] END max_depth=30, max_features=log2, min_samples_leaf=2, min_samples_split=10, n_estimators=200;, score=0.896 total time=  12.0s
[CV 3/3] END max_depth=30, max_features=log2, min_samples_leaf=4, min_samples_split=5, n_estimators=100;, score=0.887 total time=   7.2s
[CV 1/3] END max_depth=30, max_features=log2, min_samples_leaf=4, min_samples_split=10, n_estimators=300;, score=0.937 total time=  16.0s
[CV 2/3] END max_depth=40, max_features=sqrt, min_samples_leaf=1, min_samples_split=10, n_estimators=200;, score=0.910 total time= 3.3min
[CV 1/3] END max_depth=40, max_features=log2, min_samples_leaf=1, min_samples_split=2, n_estimators=200;, score=0.948 total time=  12.7s
[CV 2/3] END max_depth=40, max_features=log2, min_samples_leaf=1, min_samples_split=5, n_estimators=100;, score=0.899 total time=   7.4s
[CV 1/3] END max_depth=40, max_features=log2, min_samples_leaf=1, min_samples_split=5, n_estimators=300;, score=0.945 total time=  17.8s
[CV 3/3] END max_depth=40, max_features=log2, min_samples_leaf=2, min_samples_split=2, n_estimators=100;, score=0.893 total time=   7.3s
[CV 2/3] END max_depth=40, max_features=log2, min_samples_leaf=2, min_samples_split=5, n_estimators=100;, score=0.913 total time=   7.3s
[CV 2/3] END max_depth=40, max_features=log2, min_samples_leaf=2, min_samples_split=5, n_estimators=300;, score=0.899 total time=  16.9s
[CV 3/3] END max_depth=40, max_features=log2, min_samples_leaf=4, min_samples_split=2, n_estimators=200;, score=0.893 total time=  11.5s
[CV 3/3] END max_depth=40, max_features=log2, min_samples_leaf=4, min_samples_split=10, n_estimators=300;, score=0.893 total time=  13.3s
[CV 2/3] END max_depth=10, max_features=sqrt, min_samples_leaf=1, min_samples_split=2, n_estimators=100;, score=0.908 total time= 1.5min
[CV 3/3] END max_depth=10, max_features=sqrt, min_samples_leaf=4, min_samples_split=10, n_estimators=100;, score=0.896 total time= 1.3min
[CV 1/3] END max_depth=10, max_features=log2, min_samples_leaf=1, min_samples_split=5, n_estimators=200;, score=0.931 total time=  10.8s
[CV 1/3] END max_depth=10, max_features=log2, min_samples_leaf=2, min_samples_split=2, n_estimators=300;, score=0.937 total time=  15.1s
[CV 2/3] END max_depth=10, max_features=log2, min_samples_leaf=4, min_samples_split=2, n_estimators=300;, score=0.893 total time=  14.6s
[CV 3/3] END max_depth=20, max_features=sqrt, min_samples_leaf=1, min_samples_split=2, n_estimators=300;, score=0.910 total time= 5.1min
[CV 2/3] END max_depth=30, max_features=sqrt, min_samples_leaf=1, min_samples_split=10, n_estimators=300;, score=0.902 total time= 5.1min
[CV 2/3] END max_depth=40, max_features=sqrt, min_samples_leaf=2, min_samples_split=2, n_estimators=200;, score=0.899 total time= 3.2min
[CV 1/3] END max_depth=40, max_features=log2, min_samples_leaf=1, min_samples_split=5, n_estimators=100;, score=0.942 total time=   7.3s
[CV 1/3] END max_depth=40, max_features=log2, min_samples_leaf=1, min_samples_split=5, n_estimators=200;, score=0.942 total time=  12.5s
[CV 3/3] END max_depth=40, max_features=log2, min_samples_leaf=1, min_samples_split=10, n_estimators=100;, score=0.910 total time=   7.7s
[CV 2/3] END max_depth=40, max_features=log2, min_samples_leaf=2, min_samples_split=2, n_estimators=100;, score=0.908 total time=   7.3s
[CV 1/3] END max_depth=40, max_features=log2, min_samples_leaf=2, min_samples_split=5, n_estimators=100;, score=0.942 total time=   7.3s
[CV 1/3] END max_depth=40, max_features=log2, min_samples_leaf=2, min_samples_split=5, n_estimators=300;, score=0.928 total time=  17.1s
[CV 2/3] END max_depth=40, max_features=log2, min_samples_leaf=4, min_samples_split=2, n_estimators=200;, score=0.905 total time=  11.4s
[CV 2/3] END max_depth=40, max_features=log2, min_samples_leaf=4, min_samples_split=10, n_estimators=300;, score=0.905 total time=  14.5s
[CV 3/3] END max_depth=10, max_features=sqrt, min_samples_leaf=1, min_samples_split=10, n_estimators=100;, score=0.902 total time= 1.5min
[CV 1/3] END max_depth=10, max_features=sqrt, min_samples_leaf=4, min_samples_split=5, n_estimators=200;, score=0.934 total time= 2.6min
[CV 3/3] END max_depth=20, max_features=sqrt, min_samples_leaf=1, min_samples_split=10, n_estimators=300;, score=0.908 total time= 5.0min
[CV 1/3] END max_depth=30, max_features=sqrt, min_samples_leaf=2, min_samples_split=5, n_estimators=100;, score=0.934 total time= 1.7min
[CV 2/3] END max_depth=30, max_features=sqrt, min_samples_leaf=4, min_samples_split=5, n_estimators=100;, score=0.896 total time= 1.5min
[CV 3/3] END max_depth=30, max_features=log2, min_samples_leaf=1, min_samples_split=5, n_estimators=200;, score=0.899 total time=  12.9s
[CV 2/3] END max_depth=30, max_features=log2, min_samples_leaf=1, min_samples_split=10, n_estimators=300;, score=0.928 total time=  18.0s
[CV 3/3] END max_depth=30, max_features=log2, min_samples_leaf=2, min_samples_split=5, n_estimators=300;, score=0.893 total time=  17.5s
[CV 2/3] END max_depth=30, max_features=log2, min_samples_leaf=4, min_samples_split=5, n_estimators=100;, score=0.905 total time=   7.1s
[CV 2/3] END max_depth=30, max_features=log2, min_samples_leaf=4, min_samples_split=10, n_estimators=200;, score=0.899 total time=  11.7s
[CV 3/3] END max_depth=40, max_features=sqrt, min_samples_leaf=1, min_samples_split=5, n_estimators=300;, score=0.910 total time= 5.0min
[CV 1/3] END max_depth=10, max_features=sqrt, min_samples_leaf=2, min_samples_split=10, n_estimators=100;, score=0.928 total time= 1.5min
[CV 2/3] END max_depth=10, max_features=sqrt, min_samples_leaf=4, min_samples_split=5, n_estimators=100;, score=0.905 total time= 1.3min
[CV 3/3] END max_depth=10, max_features=log2, min_samples_leaf=1, min_samples_split=2, n_estimators=300;, score=0.905 total time=  14.9s
[CV 2/3] END max_depth=10, max_features=log2, min_samples_leaf=2, min_samples_split=5, n_estimators=100;, score=0.896 total time=   6.5s
[CV 1/3] END max_depth=10, max_features=log2, min_samples_leaf=2, min_samples_split=10, n_estimators=200;, score=0.942 total time=  10.9s
[CV 3/3] END max_depth=10, max_features=log2, min_samples_leaf=4, min_samples_split=5, n_estimators=300;, score=0.893 total time=  14.4s
[CV 2/3] END max_depth=20, max_features=sqrt, min_samples_leaf=1, min_samples_split=5, n_estimators=300;, score=0.910 total time= 5.0min
[CV 2/3] END max_depth=30, max_features=sqrt, min_samples_leaf=1, min_samples_split=10, n_estimators=200;, score=0.913 total time= 3.4min
[CV 2/3] END max_depth=30, max_features=log2, min_samples_leaf=1, min_samples_split=2, n_estimators=100;, score=0.905 total time=   7.6s
[CV 1/3] END max_depth=30, max_features=log2, min_samples_leaf=1, min_samples_split=2, n_estimators=300;, score=0.945 total time=  17.9s
[CV 2/3] END max_depth=30, max_features=log2, min_samples_leaf=1, min_samples_split=10, n_estimators=100;, score=0.919 total time=   7.6s
[CV 3/3] END max_depth=30, max_features=log2, min_samples_leaf=1, min_samples_split=10, n_estimators=300;, score=0.902 total time=  17.9s
[CV 3/3] END max_depth=30, max_features=log2, min_samples_leaf=2, min_samples_split=10, n_estimators=100;, score=0.899 total time=   7.6s
[CV 2/3] END max_depth=30, max_features=log2, min_samples_leaf=4, min_samples_split=2, n_estimators=100;, score=0.905 total time=   6.8s
[CV 2/3] END max_depth=30, max_features=log2, min_samples_leaf=4, min_samples_split=2, n_estimators=300;, score=0.910 total time=  15.7s
[CV 1/3] END max_depth=40, max_features=sqrt, min_samples_leaf=1, min_samples_split=2, n_estimators=300;, score=0.945 total time= 5.1min
[CV 3/3] END max_depth=10, max_features=sqrt, min_samples_leaf=1, min_samples_split=10, n_estimators=200;, score=0.896 total time= 2.8min
[CV 3/3] END max_depth=10, max_features=log2, min_samples_leaf=1, min_samples_split=5, n_estimators=100;, score=0.896 total time=   6.9s
[CV 2/3] END max_depth=10, max_features=log2, min_samples_leaf=1, min_samples_split=10, n_estimators=300;, score=0.890 total time=  15.0s
[CV 2/3] END max_depth=10, max_features=log2, min_samples_leaf=2, min_samples_split=10, n_estimators=300;, score=0.896 total time=  15.0s
[CV 1/3] END max_depth=20, max_features=sqrt, min_samples_leaf=1, min_samples_split=2, n_estimators=100;, score=0.931 total time= 1.8min
[CV 1/3] END max_depth=20, max_features=sqrt, min_samples_leaf=2, min_samples_split=10, n_estimators=200;, score=0.939 total time= 3.4min
[CV 2/3] END max_depth=30, max_features=sqrt, min_samples_leaf=1, min_samples_split=10, n_estimators=100;, score=0.916 total time= 1.7min
[CV 2/3] END max_depth=30, max_features=sqrt, min_samples_leaf=4, min_samples_split=2, n_estimators=100;, score=0.913 total time= 1.5min
[CV 3/3] END max_depth=30, max_features=sqrt, min_samples_leaf=4, min_samples_split=10, n_estimators=100;, score=0.908 total time= 1.5min
[CV 3/3] END max_depth=30, max_features=log2, min_samples_leaf=4, min_samples_split=10, n_estimators=300;, score=0.896 total time=  15.8s
[CV 3/3] END max_depth=40, max_features=sqrt, min_samples_leaf=1, min_samples_split=10, n_estimators=300;, score=0.908 total time= 5.0min
[CV 1/3] END max_depth=10, max_features=sqrt, min_samples_leaf=1, min_samples_split=10, n_estimators=200;, score=0.939 total time= 2.8min
[CV 1/3] END max_depth=10, max_features=log2, min_samples_leaf=1, min_samples_split=10, n_estimators=100;, score=0.916 total time=   6.3s
[CV 1/3] END max_depth=10, max_features=log2, min_samples_leaf=2, min_samples_split=2, n_estimators=100;, score=0.925 total time=   6.6s
[CV 3/3] END max_depth=10, max_features=log2, min_samples_leaf=2, min_samples_split=5, n_estimators=200;, score=0.884 total time=  10.9s
[CV 1/3] END max_depth=10, max_features=log2, min_samples_leaf=4, min_samples_split=2, n_estimators=300;, score=0.937 total time=  14.1s
[CV 1/3] END max_depth=20, max_features=sqrt, min_samples_leaf=1, min_samples_split=2, n_estimators=300;, score=0.939 total time= 5.2min
[CV 3/3] END max_depth=30, max_features=sqrt, min_samples_leaf=1, min_samples_split=10, n_estimators=300;, score=0.908 total time= 4.8min
[CV 1/3] END max_depth=40, max_features=sqrt, min_samples_leaf=1, min_samples_split=10, n_estimators=300;, score=0.934 total time= 5.0min
[CV 1/3] END max_depth=10, max_features=sqrt, min_samples_leaf=1, min_samples_split=10, n_estimators=300;, score=0.928 total time= 4.1min
[CV 1/3] END max_depth=20, max_features=sqrt, min_samples_leaf=2, min_samples_split=5, n_estimators=100;, score=0.931 total time= 1.7min
[CV 2/3] END max_depth=20, max_features=sqrt, min_samples_leaf=4, min_samples_split=5, n_estimators=200;, score=0.905 total time= 3.0min
[CV 2/3] END max_depth=30, max_features=sqrt, min_samples_leaf=2, min_samples_split=2, n_estimators=200;, score=0.916 total time= 3.2min
[CV 3/3] END max_depth=30, max_features=log2, min_samples_leaf=1, min_samples_split=2, n_estimators=300;, score=0.908 total time=  17.9s
[CV 1/3] END max_depth=30, max_features=log2, min_samples_leaf=1, min_samples_split=10, n_estimators=200;, score=0.939 total time=  12.7s
[CV 1/3] END max_depth=30, max_features=log2, min_samples_leaf=2, min_samples_split=2, n_estimators=300;, score=0.939 total time=  17.2s
[CV 3/3] END max_depth=30, max_features=log2, min_samples_leaf=2, min_samples_split=10, n_estimators=200;, score=0.899 total time=  12.4s
[CV 1/3] END max_depth=30, max_features=log2, min_samples_leaf=4, min_samples_split=5, n_estimators=300;, score=0.937 total time=  15.9s
[CV 1/3] END max_depth=40, max_features=sqrt, min_samples_leaf=1, min_samples_split=5, n_estimators=300;, score=0.942 total time= 5.2min
[CV 1/3] END max_depth=10, max_features=sqrt, min_samples_leaf=1, min_samples_split=5, n_estimators=300;, score=0.931 total time= 4.2min
[CV 3/3] END max_depth=20, max_features=sqrt, min_samples_leaf=2, min_samples_split=5, n_estimators=300;, score=0.910 total time= 4.8min
[CV 2/3] END max_depth=30, max_features=sqrt, min_samples_leaf=2, min_samples_split=2, n_estimators=300;, score=0.890 total time= 4.8min
[CV 1/3] END max_depth=40, max_features=sqrt, min_samples_leaf=2, min_samples_split=2, n_estimators=300;, score=0.945 total time= 4.8min
[CV 3/3] END max_depth=10, max_features=sqrt, min_samples_leaf=1, min_samples_split=5, n_estimators=100;, score=0.896 total time= 1.5min
[CV 1/3] END max_depth=10, max_features=sqrt, min_samples_leaf=4, min_samples_split=10, n_estimators=100;, score=0.934 total time= 1.3min
[CV 2/3] END max_depth=10, max_features=log2, min_samples_leaf=1, min_samples_split=5, n_estimators=100;, score=0.890 total time=   6.5s
[CV 3/3] END max_depth=10, max_features=log2, min_samples_leaf=1, min_samples_split=10, n_estimators=200;, score=0.899 total time=  10.3s
[CV 2/3] END max_depth=10, max_features=log2, min_samples_leaf=2, min_samples_split=10, n_estimators=100;, score=0.896 total time=   6.5s
[CV 1/3] END max_depth=10, max_features=log2, min_samples_leaf=4, min_samples_split=2, n_estimators=200;, score=0.934 total time=  10.0s
[CV 3/3] END max_depth=10, max_features=log2, min_samples_leaf=4, min_samples_split=10, n_estimators=100;, score=0.890 total time=   6.3s
[CV 3/3] END max_depth=20, max_features=sqrt, min_samples_leaf=1, min_samples_split=2, n_estimators=200;, score=0.910 total time= 3.3min
[CV 3/3] END max_depth=20, max_features=sqrt, min_samples_leaf=4, min_samples_split=5, n_estimators=300;, score=0.902 total time= 4.3min
[CV 2/3] END max_depth=30, max_features=sqrt, min_samples_leaf=4, min_samples_split=5, n_estimators=200;, score=0.899 total time= 2.9min
[CV 2/3] END max_depth=40, max_features=sqrt, min_samples_leaf=2, min_samples_split=2, n_estimators=300;, score=0.908 total time= 4.6min
[CV 1/3] END max_depth=10, max_features=sqrt, min_samples_leaf=2, min_samples_split=2, n_estimators=200;, score=0.925 total time= 2.7min
[CV 1/3] END max_depth=10, max_features=sqrt, min_samples_leaf=4, min_samples_split=10, n_estimators=300;, score=0.934 total time= 3.8min
[CV 1/3] END max_depth=20, max_features=sqrt, min_samples_leaf=4, min_samples_split=5, n_estimators=300;, score=0.942 total time= 4.5min
[CV 1/3] END max_depth=30, max_features=sqrt, min_samples_leaf=4, min_samples_split=5, n_estimators=200;, score=0.928 total time= 3.0min
[CV 3/3] END max_depth=40, max_features=sqrt, min_samples_leaf=2, min_samples_split=2, n_estimators=300;, score=0.913 total time= 4.6min
[CV 2/3] END max_depth=10, max_features=sqrt, min_samples_leaf=2, min_samples_split=10, n_estimators=200;, score=0.905 total time= 2.7min
[CV 1/3] END max_depth=10, max_features=log2, min_samples_leaf=1, min_samples_split=2, n_estimators=300;, score=0.931 total time=  15.4s
[CV 1/3] END max_depth=10, max_features=log2, min_samples_leaf=2, min_samples_split=5, n_estimators=100;, score=0.942 total time=   6.6s
[CV 3/3] END max_depth=10, max_features=log2, min_samples_leaf=2, min_samples_split=10, n_estimators=100;, score=0.882 total time=   6.6s
[CV 1/3] END max_depth=10, max_features=log2, min_samples_leaf=4, min_samples_split=5, n_estimators=100;, score=0.928 total time=   6.7s
[CV 1/3] END max_depth=10, max_features=log2, min_samples_leaf=4, min_samples_split=10, n_estimators=200;, score=0.937 total time=  10.5s
[CV 3/3] END max_depth=20, max_features=sqrt, min_samples_leaf=1, min_samples_split=5, n_estimators=100;, score=0.902 total time= 1.7min
[CV 2/3] END max_depth=20, max_features=sqrt, min_samples_leaf=2, min_samples_split=10, n_estimators=300;, score=0.908 total time= 4.7min
[CV 1/3] END max_depth=30, max_features=sqrt, min_samples_leaf=2, min_samples_split=10, n_estimators=100;, score=0.931 total time= 1.6min
[CV 3/3] END max_depth=30, max_features=sqrt, min_samples_leaf=4, min_samples_split=5, n_estimators=300;, score=0.902 total time= 4.3min
[CV 1/3] END max_depth=40, max_features=sqrt, min_samples_leaf=4, min_samples_split=5, n_estimators=200;, score=0.934 total time= 2.8min
[CV 2/3] END max_depth=10, max_features=sqrt, min_samples_leaf=2, min_samples_split=10, n_estimators=100;, score=0.908 total time= 1.4min
[CV 1/3] END max_depth=10, max_features=sqrt, min_samples_leaf=4, min_samples_split=2, n_estimators=200;, score=0.934 total time= 2.5min
[CV 3/3] END max_depth=20, max_features=sqrt, min_samples_leaf=1, min_samples_split=10, n_estimators=100;, score=0.899 total time= 1.6min
[CV 2/3] END max_depth=20, max_features=sqrt, min_samples_leaf=4, min_samples_split=2, n_estimators=300;, score=0.905 total time= 4.3min
[CV 2/3] END max_depth=30, max_features=sqrt, min_samples_leaf=2, min_samples_split=5, n_estimators=300;, score=0.913 total time= 4.8min
[CV 3/3] END max_depth=40, max_features=sqrt, min_samples_leaf=2, min_samples_split=5, n_estimators=100;, score=0.899 total time= 1.6min
[CV 2/3] END max_depth=40, max_features=sqrt, min_samples_leaf=4, min_samples_split=5, n_estimators=200;, score=0.896 total time= 2.7min
[CV 2/3] END max_depth=10, max_features=sqrt, min_samples_leaf=1, min_samples_split=10, n_estimators=300;, score=0.905 total time= 4.1min
[CV 2/3] END max_depth=20, max_features=sqrt, min_samples_leaf=2, min_samples_split=2, n_estimators=200;, score=0.913 total time= 3.2min
[CV 2/3] END max_depth=20, max_features=log2, min_samples_leaf=1, min_samples_split=2, n_estimators=300;, score=0.919 total time=  17.8s
[CV 2/3] END max_depth=20, max_features=log2, min_samples_leaf=2, min_samples_split=2, n_estimators=100;, score=0.910 total time=   7.4s
[CV 2/3] END max_depth=20, max_features=log2, min_samples_leaf=2, min_samples_split=5, n_estimators=100;, score=0.896 total time=   7.4s
[CV 2/3] END max_depth=20, max_features=log2, min_samples_leaf=2, min_samples_split=5, n_estimators=300;, score=0.919 total time=  17.2s
[CV 1/3] END max_depth=20, max_features=log2, min_samples_leaf=4, min_samples_split=5, n_estimators=200;, score=0.937 total time=  11.7s
[CV 1/3] END max_depth=30, max_features=sqrt, min_samples_leaf=1, min_samples_split=2, n_estimators=200;, score=0.945 total time= 3.5min
[CV 2/3] END max_depth=30, max_features=sqrt, min_samples_leaf=4, min_samples_split=10, n_estimators=300;, score=0.902 total time= 4.4min
[CV 3/3] END max_depth=40, max_features=sqrt, min_samples_leaf=4, min_samples_split=5, n_estimators=200;, score=0.905 total time= 2.7min
[CV 2/3] END max_depth=10, max_features=sqrt, min_samples_leaf=4, min_samples_split=2, n_estimators=100;, score=0.899 total time= 1.4min
[CV 3/3] END max_depth=10, max_features=sqrt, min_samples_leaf=4, min_samples_split=2, n_estimators=100;, score=0.887 total time= 1.3min
[CV 3/3] END max_depth=10, max_features=sqrt, min_samples_leaf=4, min_samples_split=10, n_estimators=200;, score=0.896 total time= 2.6min
[CV 2/3] END max_depth=20, max_features=sqrt, min_samples_leaf=4, min_samples_split=2, n_estimators=100;, score=0.893 total time= 1.5min
[CV 1/3] END max_depth=20, max_features=sqrt, min_samples_leaf=4, min_samples_split=10, n_estimators=100;, score=0.934 total time= 1.6min
[CV 1/3] END max_depth=30, max_features=sqrt, min_samples_leaf=1, min_samples_split=2, n_estimators=100;, score=0.942 total time= 1.8min
[CV 3/3] END max_depth=30, max_features=sqrt, min_samples_leaf=2, min_samples_split=10, n_estimators=200;, score=0.905 total time= 3.2min
[CV 2/3] END max_depth=40, max_features=sqrt, min_samples_leaf=1, min_samples_split=2, n_estimators=200;, score=0.890 total time= 3.4min
[CV 3/3] END max_depth=40, max_features=sqrt, min_samples_leaf=4, min_samples_split=10, n_estimators=200;, score=0.896 total time= 2.6min
[CV 2/3] END max_depth=10, max_features=sqrt, min_samples_leaf=1, min_samples_split=10, n_estimators=100;, score=0.893 total time= 1.5min
[CV 3/3] END max_depth=10, max_features=sqrt, min_samples_leaf=4, min_samples_split=5, n_estimators=300;, score=0.902 total time= 3.8min
[CV 3/3] END max_depth=20, max_features=sqrt, min_samples_leaf=4, min_samples_split=2, n_estimators=100;, score=0.902 total time= 1.5min
[CV 3/3] END max_depth=20, max_features=sqrt, min_samples_leaf=4, min_samples_split=10, n_estimators=200;, score=0.899 total time= 3.1min
[CV 3/3] END max_depth=30, max_features=sqrt, min_samples_leaf=2, min_samples_split=5, n_estimators=300;, score=0.908 total time= 4.9min
[CV 2/3] END max_depth=40, max_features=sqrt, min_samples_leaf=2, min_samples_split=5, n_estimators=300;, score=0.916 total time= 4.4min
[CV 2/3] END max_depth=10, max_features=sqrt, min_samples_leaf=2, min_samples_split=2, n_estimators=100;, score=0.899 total time= 1.4min
[CV 1/3] END max_depth=10, max_features=sqrt, min_samples_leaf=4, min_samples_split=2, n_estimators=300;, score=0.937 total time= 3.8min
[CV 3/3] END max_depth=20, max_features=sqrt, min_samples_leaf=2, min_samples_split=10, n_estimators=200;, score=0.905 total time= 3.2min
[CV 3/3] END max_depth=30, max_features=sqrt, min_samples_leaf=1, min_samples_split=5, n_estimators=100;, score=0.902 total time= 1.7min
[CV 2/3] END max_depth=30, max_features=sqrt, min_samples_leaf=2, min_samples_split=10, n_estimators=300;, score=0.896 total time= 4.8min
[CV 2/3] END max_depth=40, max_features=sqrt, min_samples_leaf=2, min_samples_split=10, n_estimators=100;, score=0.902 total time= 1.7min
[CV 2/3] END max_depth=40, max_features=sqrt, min_samples_leaf=4, min_samples_split=10, n_estimators=200;, score=0.887 total time= 2.6min
[CV 1/3] END max_depth=10, max_features=sqrt, min_samples_leaf=1, min_samples_split=10, n_estimators=100;, score=0.922 total time= 1.5min
[CV 3/3] END max_depth=10, max_features=sqrt, min_samples_leaf=4, min_samples_split=5, n_estimators=200;, score=0.899 total time= 2.6min
[CV 1/3] END max_depth=20, max_features=sqrt, min_samples_leaf=1, min_samples_split=10, n_estimators=300;, score=0.931 total time= 5.1min
[CV 1/3] END max_depth=30, max_features=sqrt, min_samples_leaf=2, min_samples_split=5, n_estimators=200;, score=0.948 total time= 3.3min
[CV 2/3] END max_depth=30, max_features=log2, min_samples_leaf=1, min_samples_split=10, n_estimators=200;, score=0.916 total time=  12.6s
[CV 3/3] END max_depth=30, max_features=log2, min_samples_leaf=2, min_samples_split=5, n_estimators=100;, score=0.910 total time=   7.6s
[CV 1/3] END max_depth=30, max_features=log2, min_samples_leaf=2, min_samples_split=10, n_estimators=100;, score=0.945 total time=   7.6s
[CV 3/3] END max_depth=30, max_features=log2, min_samples_leaf=2, min_samples_split=10, n_estimators=300;, score=0.908 total time=  17.1s
[CV 3/3] END max_depth=30, max_features=log2, min_samples_leaf=4, min_samples_split=10, n_estimators=200;, score=0.905 total time=  11.6s
[CV 1/3] END max_depth=40, max_features=sqrt, min_samples_leaf=1, min_samples_split=10, n_estimators=100;, score=0.951 total time= 1.7min
[CV 3/3] END max_depth=40, max_features=sqrt, min_samples_leaf=4, min_samples_split=2, n_estimators=100;, score=0.893 total time= 1.5min
[CV 1/3] END max_depth=40, max_features=sqrt, min_samples_leaf=4, min_samples_split=10, n_estimators=200;, score=0.928 total time= 2.6min
[CV 3/3] END max_depth=10, max_features=sqrt, min_samples_leaf=2, min_samples_split=5, n_estimators=200;, score=0.905 total time= 2.7min
[CV 1/3] END max_depth=10, max_features=log2, min_samples_leaf=1, min_samples_split=2, n_estimators=100;, score=0.928 total time=   7.0s
[CV 3/3] END max_depth=10, max_features=log2, min_samples_leaf=1, min_samples_split=10, n_estimators=100;, score=0.893 total time=   6.3s
[CV 2/3] END max_depth=10, max_features=log2, min_samples_leaf=2, min_samples_split=2, n_estimators=200;, score=0.884 total time=  10.3s
[CV 1/3] END max_depth=10, max_features=log2, min_samples_leaf=2, min_samples_split=10, n_estimators=300;, score=0.931 total time=  14.6s
[CV 1/3] END max_depth=10, max_features=log2, min_samples_leaf=4, min_samples_split=10, n_estimators=300;, score=0.937 total time=  13.9s
[CV 3/3] END max_depth=20, max_features=sqrt, min_samples_leaf=1, min_samples_split=5, n_estimators=300;, score=0.908 total time= 5.1min
[CV 1/3] END max_depth=30, max_features=sqrt, min_samples_leaf=2, min_samples_split=2, n_estimators=100;, score=0.939 total time= 1.7min
[CV 1/3] END max_depth=30, max_features=sqrt, min_samples_leaf=4, min_samples_split=2, n_estimators=300;, score=0.937 total time= 4.5min
[CV 3/3] END max_depth=40, max_features=sqrt, min_samples_leaf=2, min_samples_split=5, n_estimators=300;, score=0.910 total time= 4.3min
[CV 1/3] END max_depth=10, max_features=sqrt, min_samples_leaf=4, min_samples_split=2, n_estimators=100;, score=0.937 total time= 1.4min
[CV 2/3] END max_depth=10, max_features=sqrt, min_samples_leaf=4, min_samples_split=2, n_estimators=200;, score=0.893 total time= 2.5min
[CV 2/3] END max_depth=20, max_features=sqrt, min_samples_leaf=1, min_samples_split=10, n_estimators=200;, score=0.908 total time= 3.4min
[CV 2/3] END max_depth=20, max_features=log2, min_samples_leaf=1, min_samples_split=5, n_estimators=100;, score=0.905 total time=   7.7s
[CV 1/3] END max_depth=20, max_features=log2, min_samples_leaf=1, min_samples_split=10, n_estimators=200;, score=0.934 total time=  12.5s
[CV 2/3] END max_depth=20, max_features=log2, min_samples_leaf=2, min_samples_split=2, n_estimators=300;, score=0.919 total time=  17.2s
[CV 2/3] END max_depth=20, max_features=log2, min_samples_leaf=2, min_samples_split=10, n_estimators=300;, score=0.919 total time=  17.2s
[CV 3/3] END max_depth=20, max_features=log2, min_samples_leaf=4, min_samples_split=10, n_estimators=200;, score=0.905 total time=  13.6s
[CV 3/3] END max_depth=30, max_features=sqrt, min_samples_leaf=1, min_samples_split=5, n_estimators=300;, score=0.908 total time= 5.1min
[CV 3/3] END max_depth=40, max_features=sqrt, min_samples_leaf=2, min_samples_split=2, n_estimators=100;, score=0.908 total time= 1.7min
[CV 2/3] END max_depth=40, max_features=sqrt, min_samples_leaf=4, min_samples_split=2, n_estimators=300;, score=0.890 total time= 4.0min
[CV 1/3] END max_depth=10, max_features=sqrt, min_samples_leaf=1, min_samples_split=5, n_estimators=100;, score=0.937 total time= 1.5min
[CV 1/3] END max_depth=10, max_features=sqrt, min_samples_leaf=4, min_samples_split=10, n_estimators=200;, score=0.937 total time= 2.6min
[CV 1/3] END max_depth=20, max_features=sqrt, min_samples_leaf=2, min_samples_split=5, n_estimators=200;, score=0.945 total time= 3.4min
[CV 2/3] END max_depth=20, max_features=log2, min_samples_leaf=1, min_samples_split=10, n_estimators=200;, score=0.916 total time=  13.2s
[CV 1/3] END max_depth=20, max_features=log2, min_samples_leaf=2, min_samples_split=5, n_estimators=100;, score=0.937 total time=   7.8s
[CV 1/3] END max_depth=20, max_features=log2, min_samples_leaf=2, min_samples_split=10, n_estimators=100;, score=0.937 total time=   7.7s
[CV 1/3] END max_depth=20, max_features=log2, min_samples_leaf=4, min_samples_split=2, n_estimators=100;, score=0.939 total time=   7.2s
[CV 2/3] END max_depth=20, max_features=log2, min_samples_leaf=4, min_samples_split=2, n_estimators=300;, score=0.902 total time=  16.1s
[CV 1/3] END max_depth=30, max_features=sqrt, min_samples_leaf=1, min_samples_split=5, n_estimators=100;, score=0.937 total time= 1.7min
[CV 1/3] END max_depth=30, max_features=sqrt, min_samples_leaf=4, min_samples_split=2, n_estimators=100;, score=0.922 total time= 1.6min
[CV 1/3] END max_depth=30, max_features=sqrt, min_samples_leaf=4, min_samples_split=10, n_estimators=200;, score=0.934 total time= 3.1min
[CV 1/3] END max_depth=40, max_features=sqrt, min_samples_leaf=2, min_samples_split=5, n_estimators=300;, score=0.939 total time= 4.5min
[CV 3/3] END max_depth=10, max_features=sqrt, min_samples_leaf=2, min_samples_split=10, n_estimators=300;, score=0.908 total time= 4.0min
[CV 2/3] END max_depth=20, max_features=sqrt, min_samples_leaf=2, min_samples_split=2, n_estimators=100;, score=0.913 total time= 1.6min
[CV 3/3] END max_depth=20, max_features=sqrt, min_samples_leaf=4, min_samples_split=2, n_estimators=300;, score=0.905 total time= 4.4min
[CV 1/3] END max_depth=30, max_features=sqrt, min_samples_leaf=2, min_samples_split=10, n_estimators=300;, score=0.942 total time= 4.9min
[CV 2/3] END max_depth=40, max_features=sqrt, min_samples_leaf=2, min_samples_split=10, n_estimators=300;, score=0.919 total time= 4.3min
[CV 3/3] END max_depth=10, max_features=sqrt, min_samples_leaf=1, min_samples_split=2, n_estimators=200;, score=0.899 total time= 2.8min
[CV 2/3] END max_depth=10, max_features=log2, min_samples_leaf=1, min_samples_split=10, n_estimators=100;, score=0.884 total time=   6.3s
[CV 1/3] END max_depth=10, max_features=log2, min_samples_leaf=2, min_samples_split=2, n_estimators=200;, score=0.925 total time=  10.6s
[CV 2/3] END max_depth=10, max_features=log2, min_samples_leaf=2, min_samples_split=10, n_estimators=200;, score=0.896 total time=  10.8s
[CV 2/3] END max_depth=10, max_features=log2, min_samples_leaf=4, min_samples_split=10, n_estimators=100;, score=0.884 total time=   6.9s
[CV 1/3] END max_depth=20, max_features=sqrt, min_samples_leaf=1, min_samples_split=2, n_estimators=200;, score=0.934 total time= 3.5min
[CV 1/3] END max_depth=20, max_features=log2, min_samples_leaf=1, min_samples_split=2, n_estimators=100;, score=0.928 total time=   7.4s
[CV 3/3] END max_depth=20, max_features=log2, min_samples_leaf=1, min_samples_split=2, n_estimators=100;, score=0.896 total time=   7.4s
[CV 2/3] END max_depth=20, max_features=log2, min_samples_leaf=1, min_samples_split=2, n_estimators=200;, score=0.913 total time=  12.4s
[CV 3/3] END max_depth=20, max_features=log2, min_samples_leaf=1, min_samples_split=5, n_estimators=300;, score=0.902 total time=  17.7s
[CV 3/3] END max_depth=20, max_features=log2, min_samples_leaf=2, min_samples_split=2, n_estimators=300;, score=0.913 total time=  17.1s
[CV 2/3] END max_depth=20, max_features=log2, min_samples_leaf=4, min_samples_split=2, n_estimators=100;, score=0.908 total time=   7.1s
[CV 3/3] END max_depth=20, max_features=log2, min_samples_leaf=4, min_samples_split=2, n_estimators=300;, score=0.905 total time=  15.7s
[CV 2/3] END max_depth=30, max_features=sqrt, min_samples_leaf=1, min_samples_split=2, n_estimators=300;, score=0.916 total time= 5.1min
[CV 1/3] END max_depth=40, max_features=sqrt, min_samples_leaf=2, min_samples_split=2, n_estimators=100;, score=0.951 total time= 1.7min
[CV 1/3] END max_depth=40, max_features=sqrt, min_samples_leaf=4, min_samples_split=2, n_estimators=300;, score=0.939 total time= 4.1min
[CV 1/3] END max_depth=10, max_features=sqrt, min_samples_leaf=1, min_samples_split=2, n_estimators=100;, score=0.934 total time= 1.5min
[CV 2/3] END max_depth=10, max_features=sqrt, min_samples_leaf=4, min_samples_split=5, n_estimators=300;, score=0.884 total time= 3.8min
[CV 2/3] END max_depth=20, max_features=sqrt, min_samples_leaf=4, min_samples_split=2, n_estimators=200;, score=0.893 total time= 3.0min
[CV 3/3] END max_depth=20, max_features=log2, min_samples_leaf=4, min_samples_split=10, n_estimators=300;, score=0.899 total time=  16.3s
[CV 3/3] END max_depth=30, max_features=sqrt, min_samples_leaf=1, min_samples_split=10, n_estimators=200;, score=0.905 total time= 3.4min
[CV 2/3] END max_depth=30, max_features=log2, min_samples_leaf=1, min_samples_split=2, n_estimators=200;, score=0.916 total time=  12.5s
[CV 2/3] END max_depth=30, max_features=log2, min_samples_leaf=1, min_samples_split=5, n_estimators=100;, score=0.905 total time=   7.7s
[CV 2/3] END max_depth=30, max_features=log2, min_samples_leaf=1, min_samples_split=5, n_estimators=300;, score=0.916 total time=  18.1s
[CV 3/3] END max_depth=30, max_features=log2, min_samples_leaf=2, min_samples_split=2, n_estimators=200;, score=0.905 total time=  11.9s
[CV 1/3] END max_depth=30, max_features=log2, min_samples_leaf=2, min_samples_split=10, n_estimators=200;, score=0.939 total time=  11.9s
[CV 3/3] END max_depth=30, max_features=log2, min_samples_leaf=4, min_samples_split=2, n_estimators=200;, score=0.896 total time=  10.9s
[CV 3/3] END max_depth=30, max_features=log2, min_samples_leaf=4, min_samples_split=10, n_estimators=100;, score=0.887 total time=   7.1s
[CV 1/3] END max_depth=40, max_features=sqrt, min_samples_leaf=1, min_samples_split=5, n_estimators=100;, score=0.939 total time= 1.7min
[CV 1/3] END max_depth=40, max_features=sqrt, min_samples_leaf=2, min_samples_split=10, n_estimators=300;, score=0.945 total time= 4.4min
[CV 3/3] END max_depth=10, max_features=sqrt, min_samples_leaf=2, min_samples_split=2, n_estimators=200;, score=0.905 total time= 2.7min
[CV 2/3] END max_depth=10, max_features=log2, min_samples_leaf=1, min_samples_split=2, n_estimators=100;, score=0.896 total time=   7.1s
[CV 2/3] END max_depth=10, max_features=log2, min_samples_leaf=1, min_samples_split=10, n_estimators=200;, score=0.884 total time=  10.4s
[CV 3/3] END max_depth=10, max_features=log2, min_samples_leaf=2, min_samples_split=5, n_estimators=100;, score=0.890 total time=   6.8s
[CV 1/3] END max_depth=10, max_features=log2, min_samples_leaf=4, min_samples_split=2, n_estimators=100;, score=0.934 total time=   6.5s
[CV 3/3] END max_depth=10, max_features=log2, min_samples_leaf=4, min_samples_split=5, n_estimators=100;, score=0.887 total time=   6.5s
[CV 3/3] END max_depth=10, max_features=log2, min_samples_leaf=4, min_samples_split=10, n_estimators=200;, score=0.879 total time=  10.1s
[CV 1/3] END max_depth=20, max_features=sqrt, min_samples_leaf=1, min_samples_split=5, n_estimators=300;, score=0.942 total time= 5.2min
[CV 2/3] END max_depth=30, max_features=sqrt, min_samples_leaf=2, min_samples_split=2, n_estimators=100;, score=0.899 total time= 1.6min
[CV 3/3] END max_depth=30, max_features=sqrt, min_samples_leaf=4, min_samples_split=2, n_estimators=200;, score=0.908 total time= 3.0min
[CV 3/3] END max_depth=40, max_features=sqrt, min_samples_leaf=1, min_samples_split=5, n_estimators=100;, score=0.905 total time= 1.7min
[CV 3/3] END max_depth=40, max_features=sqrt, min_samples_leaf=2, min_samples_split=10, n_estimators=300;, score=0.910 total time= 4.3min
[CV 1/3] END max_depth=10, max_features=sqrt, min_samples_leaf=2, min_samples_split=5, n_estimators=200;, score=0.928 total time= 2.7min
[CV 3/3] END max_depth=10, max_features=log2, min_samples_leaf=1, min_samples_split=2, n_estimators=200;, score=0.896 total time=  11.1s
[CV 3/3] END max_depth=10, max_features=log2, min_samples_leaf=2, min_samples_split=2, n_estimators=100;, score=0.884 total time=   6.4s
[CV 1/3] END max_depth=10, max_features=log2, min_samples_leaf=2, min_samples_split=5, n_estimators=300;, score=0.937 total time=  14.8s
[CV 3/3] END max_depth=10, max_features=log2, min_samples_leaf=4, min_samples_split=5, n_estimators=200;, score=0.890 total time=  10.7s
[CV 2/3] END max_depth=20, max_features=sqrt, min_samples_leaf=1, min_samples_split=5, n_estimators=100;, score=0.916 total time= 1.7min
[CV 2/3] END max_depth=20, max_features=sqrt, min_samples_leaf=2, min_samples_split=10, n_estimators=100;, score=0.908 total time= 1.7min
[CV 2/3] END max_depth=20, max_features=sqrt, min_samples_leaf=4, min_samples_split=10, n_estimators=300;, score=0.908 total time= 4.4min
[CV 3/3] END max_depth=30, max_features=sqrt, min_samples_leaf=4, min_samples_split=5, n_estimators=200;, score=0.908 total time= 2.9min
[CV 2/3] END max_depth=40, max_features=sqrt, min_samples_leaf=2, min_samples_split=5, n_estimators=100;, score=0.896 total time= 1.6min
[CV 3/3] END max_depth=40, max_features=sqrt, min_samples_leaf=4, min_samples_split=2, n_estimators=300;, score=0.899 total time= 3.8min
[CV 3/3] END max_depth=10, max_features=sqrt, min_samples_leaf=2, min_samples_split=2, n_estimators=100;, score=0.905 total time= 1.4min
[CV 2/3] END max_depth=10, max_features=sqrt, min_samples_leaf=4, min_samples_split=2, n_estimators=300;, score=0.899 total time= 3.8min
[CV 1/3] END max_depth=20, max_features=sqrt, min_samples_leaf=2, min_samples_split=10, n_estimators=300;, score=0.939 total time= 5.0min
[CV 3/3] END max_depth=30, max_features=sqrt, min_samples_leaf=4, min_samples_split=2, n_estimators=100;, score=0.902 total time= 1.5min
[CV 1/3] END max_depth=30, max_features=sqrt, min_samples_leaf=4, min_samples_split=10, n_estimators=300;, score=0.937 total time= 4.6min
[CV 2/3] END max_depth=40, max_features=sqrt, min_samples_leaf=4, min_samples_split=5, n_estimators=300;, score=0.913 total time= 3.7min
[CV 2/3] END max_depth=10, max_features=sqrt, min_samples_leaf=1, min_samples_split=2, n_estimators=300;, score=0.893 total time= 4.1min
[CV 3/3] END max_depth=20, max_features=sqrt, min_samples_leaf=2, min_samples_split=5, n_estimators=200;, score=0.908 total time= 3.2min
[CV 3/3] END max_depth=20, max_features=log2, min_samples_leaf=1, min_samples_split=5, n_estimators=100;, score=0.902 total time=   7.5s
[CV 3/3] END max_depth=20, max_features=log2, min_samples_leaf=1, min_samples_split=10, n_estimators=100;, score=0.899 total time=   7.6s
[CV 3/3] END max_depth=20, max_features=log2, min_samples_leaf=2, min_samples_split=2, n_estimators=100;, score=0.905 total time=   7.4s
[CV 1/3] END max_depth=20, max_features=log2, min_samples_leaf=2, min_samples_split=5, n_estimators=200;, score=0.939 total time=  11.9s
[CV 3/3] END max_depth=20, max_features=log2, min_samples_leaf=2, min_samples_split=10, n_estimators=200;, score=0.902 total time=  11.8s
[CV 3/3] END max_depth=20, max_features=log2, min_samples_leaf=4, min_samples_split=5, n_estimators=100;, score=0.896 total time=   6.7s
[CV 3/3] END max_depth=20, max_features=log2, min_samples_leaf=4, min_samples_split=10, n_estimators=100;, score=0.896 total time=   7.1s
[CV 1/3] END max_depth=30, max_features=sqrt, min_samples_leaf=1, min_samples_split=2, n_estimators=300;, score=0.948 total time= 5.0min
[CV 2/3] END max_depth=40, max_features=sqrt, min_samples_leaf=1, min_samples_split=10, n_estimators=100;, score=0.902 total time= 1.6min
[CV 2/3] END max_depth=40, max_features=sqrt, min_samples_leaf=4, min_samples_split=2, n_estimators=100;, score=0.916 total time= 1.5min
[CV 3/3] END max_depth=40, max_features=sqrt, min_samples_leaf=4, min_samples_split=5, n_estimators=300;, score=0.908 total time= 3.6min
[CV 2/3] END max_depth=10, max_features=sqrt, min_samples_leaf=2, min_samples_split=2, n_estimators=200;, score=0.893 total time= 2.7min
[CV 3/3] END max_depth=10, max_features=sqrt, min_samples_leaf=4, min_samples_split=10, n_estimators=300;, score=0.899 total time= 3.8min
[CV 2/3] END max_depth=20, max_features=sqrt, min_samples_leaf=4, min_samples_split=5, n_estimators=300;, score=0.913 total time= 4.4min
[CV 3/3] END max_depth=30, max_features=sqrt, min_samples_leaf=4, min_samples_split=5, n_estimators=100;, score=0.899 total time= 1.5min
[CV 3/3] END max_depth=30, max_features=log2, min_samples_leaf=2, min_samples_split=2, n_estimators=100;, score=0.902 total time=   7.5s
[CV 2/3] END max_depth=30, max_features=log2, min_samples_leaf=2, min_samples_split=5, n_estimators=100;, score=0.913 total time=   7.4s
[CV 1/3] END max_depth=30, max_features=log2, min_samples_leaf=2, min_samples_split=5, n_estimators=300;, score=0.939 total time=  17.5s
[CV 3/3] END max_depth=30, max_features=log2, min_samples_leaf=4, min_samples_split=2, n_estimators=300;, score=0.899 total time=  15.8s
[CV 1/3] END max_depth=40, max_features=sqrt, min_samples_leaf=1, min_samples_split=5, n_estimators=200;, score=0.945 total time= 3.4min
[CV 3/3] END max_depth=40, max_features=sqrt, min_samples_leaf=4, min_samples_split=10, n_estimators=300;, score=0.905 total time= 3.5min
[CV 2/3] END max_depth=10, max_features=sqrt, min_samples_leaf=1, min_samples_split=10, n_estimators=200;, score=0.902 total time= 2.7min
[CV 2/3] END max_depth=10, max_features=log2, min_samples_leaf=1, min_samples_split=2, n_estimators=300;, score=0.879 total time=  15.2s
[CV 3/3] END max_depth=10, max_features=log2, min_samples_leaf=2, min_samples_split=2, n_estimators=300;, score=0.896 total time=  14.7s
[CV 2/3] END max_depth=10, max_features=log2, min_samples_leaf=4, min_samples_split=5, n_estimators=100;, score=0.890 total time=   6.5s
[CV 2/3] END max_depth=10, max_features=log2, min_samples_leaf=4, min_samples_split=10, n_estimators=200;, score=0.902 total time=  10.2s
[CV 1/3] END max_depth=20, max_features=sqrt, min_samples_leaf=1, min_samples_split=5, n_estimators=200;, score=0.942 total time= 3.5min
[CV 2/3] END max_depth=20, max_features=log2, min_samples_leaf=1, min_samples_split=2, n_estimators=100;, score=0.902 total time=   7.5s
[CV 1/3] END max_depth=20, max_features=log2, min_samples_leaf=1, min_samples_split=2, n_estimators=200;, score=0.945 total time=  12.8s
[CV 2/3] END max_depth=20, max_features=log2, min_samples_leaf=1, min_samples_split=5, n_estimators=300;, score=0.922 total time=  17.9s
[CV 1/3] END max_depth=20, max_features=log2, min_samples_leaf=2, min_samples_split=2, n_estimators=300;, score=0.948 total time=  17.2s
[CV 1/3] END max_depth=20, max_features=log2, min_samples_leaf=2, min_samples_split=10, n_estimators=300;, score=0.954 total time=  16.9s
[CV 2/3] END max_depth=20, max_features=log2, min_samples_leaf=4, min_samples_split=10, n_estimators=200;, score=0.905 total time=  11.7s
[CV 2/3] END max_depth=30, max_features=sqrt, min_samples_leaf=1, min_samples_split=5, n_estimators=200;, score=0.910 total time= 3.4min
[CV 3/3] END max_depth=30, max_features=sqrt, min_samples_leaf=4, min_samples_split=10, n_estimators=300;, score=0.905 total time= 4.5min
[CV 1/3] END max_depth=40, max_features=sqrt, min_samples_leaf=4, min_samples_split=5, n_estimators=300;, score=0.931 total time= 3.7min
[CV 2/3] END max_depth=10, max_features=sqrt, min_samples_leaf=2, min_samples_split=2, n_estimators=300;, score=0.910 total time= 4.1min
[CV 2/3] END max_depth=20, max_features=sqrt, min_samples_leaf=2, min_samples_split=5, n_estimators=100;, score=0.890 total time= 1.7min
[CV 1/3] END max_depth=20, max_features=sqrt, min_samples_leaf=4, min_samples_split=5, n_estimators=200;, score=0.942 total time= 3.0min
[CV 1/3] END max_depth=30, max_features=sqrt, min_samples_leaf=2, min_samples_split=2, n_estimators=200;, score=0.934 total time= 3.4min
[CV 3/3] END max_depth=30, max_features=log2, min_samples_leaf=1, min_samples_split=5, n_estimators=100;, score=0.905 total time=   7.6s
[CV 1/3] END max_depth=30, max_features=log2, min_samples_leaf=1, min_samples_split=10, n_estimators=100;, score=0.948 total time=   7.9s
[CV 1/3] END max_depth=30, max_features=log2, min_samples_leaf=2, min_samples_split=2, n_estimators=100;, score=0.942 total time=   7.4s
[CV 3/3] END max_depth=30, max_features=log2, min_samples_leaf=2, min_samples_split=2, n_estimators=300;, score=0.902 total time=  17.4s
[CV 1/3] END max_depth=30, max_features=log2, min_samples_leaf=4, min_samples_split=2, n_estimators=100;, score=0.931 total time=   6.9s
[CV 1/3] END max_depth=30, max_features=log2, min_samples_leaf=4, min_samples_split=2, n_estimators=300;, score=0.939 total time=  15.6s
[CV 3/3] END max_depth=40, max_features=sqrt, min_samples_leaf=1, min_samples_split=2, n_estimators=200;, score=0.910 total time= 3.4min
[CV 2/3] END max_depth=40, max_features=sqrt, min_samples_leaf=4, min_samples_split=10, n_estimators=300;, score=0.905 total time= 3.5min
[CV 2/3] END max_depth=10, max_features=sqrt, min_samples_leaf=2, min_samples_split=5, n_estimators=300;, score=0.905 total time= 4.1min
[CV 3/3] END max_depth=20, max_features=sqrt, min_samples_leaf=2, min_samples_split=5, n_estimators=100;, score=0.902 total time= 1.7min
[CV 3/3] END max_depth=20, max_features=sqrt, min_samples_leaf=4, min_samples_split=5, n_estimators=100;, score=0.896 total time= 1.5min
[CV 1/3] END max_depth=20, max_features=log2, min_samples_leaf=1, min_samples_split=5, n_estimators=100;, score=0.945 total time=   8.2s
[CV 2/3] END max_depth=20, max_features=log2, min_samples_leaf=1, min_samples_split=10, n_estimators=100;, score=0.899 total time=   7.9s
[CV 1/3] END max_depth=20, max_features=log2, min_samples_leaf=2, min_samples_split=2, n_estimators=200;, score=0.934 total time=  12.8s
[CV 1/3] END max_depth=20, max_features=log2, min_samples_leaf=2, min_samples_split=5, n_estimators=300;, score=0.937 total time=  17.8s
[CV 2/3] END max_depth=20, max_features=log2, min_samples_leaf=4, min_samples_split=5, n_estimators=100;, score=0.910 total time=   7.4s
[CV 2/3] END max_depth=20, max_features=log2, min_samples_leaf=4, min_samples_split=10, n_estimators=100;, score=0.913 total time=   7.5s
[CV 3/3] END max_depth=30, max_features=sqrt, min_samples_leaf=1, min_samples_split=2, n_estimators=300;, score=0.902 total time= 5.0min
[CV 2/3] END max_depth=40, max_features=sqrt, min_samples_leaf=1, min_samples_split=5, n_estimators=200;, score=0.902 total time= 3.4min
[CV 1/3] END max_depth=40, max_features=sqrt, min_samples_leaf=4, min_samples_split=10, n_estimators=300;, score=0.937 total time= 3.6min



Best parameters found:  {'max_depth': 40, 'max_features': 'log2', 'min_samples_leaf': 1, 'min_samples_split': 10, 'n_estimators': 300}
Best score found:  0.9297224211934944
