Dataset: PCA
['Human', 'Animal']
Fitting 3 folds for each of 216 candidates, totalling 648 fits

[CV 2/3] END max_depth=10, max_features=sqrt, min_samples_leaf=2, min_samples_split=2, n_estimators=200;, score=0.905 total time=  21.0s
[CV 3/3] END max_depth=10, max_features=log2, min_samples_leaf=1, min_samples_split=2, n_estimators=200;, score=0.896 total time=   5.3s
[CV 1/3] END max_depth=10, max_features=log2, min_samples_leaf=2, min_samples_split=2, n_estimators=200;, score=0.890 total time=   5.1s
[CV 2/3] END max_depth=10, max_features=log2, min_samples_leaf=4, min_samples_split=2, n_estimators=200;, score=0.864 total time=   4.7s
[CV 2/3] END max_depth=20, max_features=sqrt, min_samples_leaf=1, min_samples_split=10, n_estimators=200;, score=0.899 total time=  24.4s
[CV 3/3] END max_depth=20, max_features=log2, min_samples_leaf=1, min_samples_split=2, n_estimators=300;, score=0.867 total time=   9.1s
[CV 3/3] END max_depth=20, max_features=log2, min_samples_leaf=2, min_samples_split=5, n_estimators=300;, score=0.884 total time=   8.5s
[CV 2/3] END max_depth=30, max_features=sqrt, min_samples_leaf=2, min_samples_split=2, n_estimators=100;, score=0.887 total time=  11.7s
[CV 2/3] END max_depth=30, max_features=sqrt, min_samples_leaf=4, min_samples_split=5, n_estimators=100;, score=0.916 total time=  10.4s
[CV 2/3] END max_depth=30, max_features=sqrt, min_samples_leaf=4, min_samples_split=10, n_estimators=300;, score=0.896 total time=  32.1s
[CV 2/3] END max_depth=40, max_features=sqrt, min_samples_leaf=4, min_samples_split=5, n_estimators=100;, score=0.887 total time=  10.8s
[CV 1/3] END max_depth=40, max_features=log2, min_samples_leaf=1, min_samples_split=2, n_estimators=200;, score=0.865 total time=   6.2s
[CV 2/3] END max_depth=40, max_features=log2, min_samples_leaf=1, min_samples_split=10, n_estimators=300;, score=0.887 total time=   9.0s
[CV 3/3] END max_depth=10, max_features=sqrt, min_samples_leaf=2, min_samples_split=5, n_estimators=100;, score=0.902 total time=  10.6s
[CV 1/3] END max_depth=10, max_features=sqrt, min_samples_leaf=4, min_samples_split=10, n_estimators=100;, score=0.925 total time=   9.7s
[CV 3/3] END max_depth=10, max_features=sqrt, min_samples_leaf=4, min_samples_split=10, n_estimators=300;, score=0.919 total time=  29.8s
[CV 2/3] END max_depth=20, max_features=sqrt, min_samples_leaf=4, min_samples_split=5, n_estimators=200;, score=0.916 total time=  21.7s
[CV 2/3] END max_depth=20, max_features=log2, min_samples_leaf=4, min_samples_split=2, n_estimators=200;, score=0.870 total time=   5.2s
[CV 2/3] END max_depth=30, max_features=sqrt, min_samples_leaf=1, min_samples_split=10, n_estimators=100;, score=0.893 total time=  12.4s
[CV 1/3] END max_depth=30, max_features=sqrt, min_samples_leaf=4, min_samples_split=2, n_estimators=300;, score=0.914 total time=  33.1s
[CV 3/3] END max_depth=40, max_features=sqrt, min_samples_leaf=2, min_samples_split=5, n_estimators=200;, score=0.896 total time=  24.0s
[CV 1/3] END max_depth=40, max_features=log2, min_samples_leaf=1, min_samples_split=10, n_estimators=100;, score=0.836 total time=   3.0s
[CV 3/3] END max_depth=40, max_features=log2, min_samples_leaf=1, min_samples_split=10, n_estimators=300;, score=0.864 total time=   9.2s
[CV 1/3] END max_depth=10, max_features=sqrt, min_samples_leaf=1, min_samples_split=2, n_estimators=200;, score=0.914 total time=  21.4s
[CV 3/3] END max_depth=10, max_features=log2, min_samples_leaf=1, min_samples_split=2, n_estimators=100;, score=0.855 total time=   2.6s
[CV 2/3] END max_depth=10, max_features=log2, min_samples_leaf=1, min_samples_split=10, n_estimators=200;, score=0.867 total time=   5.1s
[CV 3/3] END max_depth=10, max_features=log2, min_samples_leaf=2, min_samples_split=5, n_estimators=100;, score=0.867 total time=   2.5s
[CV 1/3] END max_depth=10, max_features=log2, min_samples_leaf=4, min_samples_split=2, n_estimators=200;, score=0.856 total time=   4.7s
[CV 1/3] END max_depth=20, max_features=sqrt, min_samples_leaf=1, min_samples_split=10, n_estimators=200;, score=0.882 total time=  24.8s
[CV 1/3] END max_depth=20, max_features=log2, min_samples_leaf=1, min_samples_split=5, n_estimators=100;, score=0.847 total time=   2.9s
[CV 2/3] END max_depth=20, max_features=log2, min_samples_leaf=1, min_samples_split=10, n_estimators=200;, score=0.873 total time=   5.8s
[CV 1/3] END max_depth=20, max_features=log2, min_samples_leaf=2, min_samples_split=10, n_estimators=100;, score=0.847 total time=   2.8s
[CV 2/3] END max_depth=20, max_features=log2, min_samples_leaf=4, min_samples_split=5, n_estimators=100;, score=0.855 total time=   2.5s
[CV 1/3] END max_depth=30, max_features=sqrt, min_samples_leaf=1, min_samples_split=2, n_estimators=300;, score=0.905 total time=  38.2s
[CV 3/3] END max_depth=30, max_features=log2, min_samples_leaf=4, min_samples_split=2, n_estimators=100;, score=0.876 total time=   2.6s
[CV 1/3] END max_depth=30, max_features=log2, min_samples_leaf=4, min_samples_split=10, n_estimators=300;, score=0.876 total time=   7.8s
[CV 2/3] END max_depth=40, max_features=sqrt, min_samples_leaf=2, min_samples_split=10, n_estimators=200;, score=0.899 total time=  23.2s
[CV 2/3] END max_depth=40, max_features=log2, min_samples_leaf=1, min_samples_split=10, n_estimators=100;, score=0.855 total time=   3.0s
[CV 2/3] END max_depth=40, max_features=log2, min_samples_leaf=2, min_samples_split=2, n_estimators=100;, score=0.861 total time=   2.9s
[CV 1/3] END max_depth=40, max_features=log2, min_samples_leaf=2, min_samples_split=5, n_estimators=200;, score=0.850 total time=   5.8s
[CV 2/3] END max_depth=10, max_features=sqrt, min_samples_leaf=1, min_samples_split=10, n_estimators=200;, score=0.899 total time=  21.4s
[CV 2/3] END max_depth=10, max_features=log2, min_samples_leaf=1, min_samples_split=5, n_estimators=200;, score=0.876 total time=   5.2s
[CV 3/3] END max_depth=10, max_features=log2, min_samples_leaf=2, min_samples_split=2, n_estimators=200;, score=0.879 total time=   5.0s
[CV 2/3] END max_depth=10, max_features=log2, min_samples_leaf=4, min_samples_split=2, n_estimators=300;, score=0.879 total time=   7.1s
[CV 1/3] END max_depth=20, max_features=sqrt, min_samples_leaf=2, min_samples_split=5, n_estimators=100;, score=0.888 total time=  11.6s
[CV 3/3] END max_depth=20, max_features=sqrt, min_samples_leaf=4, min_samples_split=5, n_estimators=200;, score=0.902 total time=  20.8s
[CV 3/3] END max_depth=20, max_features=log2, min_samples_leaf=2, min_samples_split=10, n_estimators=200;, score=0.853 total time=   5.5s
[CV 3/3] END max_depth=30, max_features=sqrt, min_samples_leaf=1, min_samples_split=5, n_estimators=200;, score=0.884 total time=  24.7s
[CV 3/3] END max_depth=30, max_features=log2, min_samples_leaf=1, min_samples_split=2, n_estimators=100;, score=0.827 total time=   2.9s
[CV 3/3] END max_depth=30, max_features=log2, min_samples_leaf=1, min_samples_split=5, n_estimators=300;, score=0.893 total time=   8.9s
[CV 2/3] END max_depth=30, max_features=log2, min_samples_leaf=4, min_samples_split=2, n_estimators=100;, score=0.861 total time=   2.5s
[CV 2/3] END max_depth=30, max_features=log2, min_samples_leaf=4, min_samples_split=10, n_estimators=200;, score=0.873 total time=   5.0s
[CV 2/3] END max_depth=40, max_features=sqrt, min_samples_leaf=2, min_samples_split=2, n_estimators=200;, score=0.899 total time=  23.4s
[CV 3/3] END max_depth=40, max_features=log2, min_samples_leaf=1, min_samples_split=2, n_estimators=200;, score=0.882 total time=   6.0s
[CV 3/3] END max_depth=40, max_features=log2, min_samples_leaf=2, min_samples_split=2, n_estimators=100;, score=0.858 total time=   2.8s
[CV 2/3] END max_depth=40, max_features=log2, min_samples_leaf=2, min_samples_split=5, n_estimators=200;, score=0.879 total time=   5.7s
[CV 2/3] END max_depth=10, max_features=sqrt, min_samples_leaf=2, min_samples_split=10, n_estimators=100;, score=0.893 total time=  10.2s
[CV 1/3] END max_depth=10, max_features=sqrt, min_samples_leaf=4, min_samples_split=5, n_estimators=100;, score=0.922 total time=   9.5s
[CV 3/3] END max_depth=10, max_features=sqrt, min_samples_leaf=4, min_samples_split=10, n_estimators=200;, score=0.919 total time=  19.3s
[CV 3/3] END max_depth=20, max_features=sqrt, min_samples_leaf=2, min_samples_split=5, n_estimators=200;, score=0.916 total time=  23.5s
[CV 2/3] END max_depth=20, max_features=log2, min_samples_leaf=1, min_samples_split=5, n_estimators=300;, score=0.876 total time=   9.0s
[CV 1/3] END max_depth=20, max_features=log2, min_samples_leaf=4, min_samples_split=2, n_estimators=200;, score=0.859 total time=   5.2s
[CV 1/3] END max_depth=30, max_features=sqrt, min_samples_leaf=1, min_samples_split=10, n_estimators=100;, score=0.873 total time=  12.3s
[CV 3/3] END max_depth=30, max_features=sqrt, min_samples_leaf=4, min_samples_split=2, n_estimators=200;, score=0.899 total time=  20.7s
[CV 1/3] END max_depth=30, max_features=log2, min_samples_leaf=2, min_samples_split=5, n_estimators=100;, score=0.827 total time=   2.8s
[CV 1/3] END max_depth=30, max_features=log2, min_samples_leaf=2, min_samples_split=10, n_estimators=300;, score=0.859 total time=   8.5s
[CV 3/3] END max_depth=40, max_features=sqrt, min_samples_leaf=2, min_samples_split=2, n_estimators=300;, score=0.913 total time=  35.5s
[CV 2/3] END max_depth=40, max_features=log2, min_samples_leaf=4, min_samples_split=5, n_estimators=100;, score=0.861 total time=   2.5s
[CV 1/3] END max_depth=10, max_features=sqrt, min_samples_leaf=4, min_samples_split=2, n_estimators=100;, score=0.905 total time=  11.8s
[CV 2/3] END max_depth=10, max_features=sqrt, min_samples_leaf=4, min_samples_split=10, n_estimators=100;, score=0.876 total time=   9.6s
[CV 1/3] END max_depth=10, max_features=log2, min_samples_leaf=1, min_samples_split=10, n_estimators=100;, score=0.859 total time=   2.6s
[CV 3/3] END max_depth=10, max_features=log2, min_samples_leaf=1, min_samples_split=10, n_estimators=300;, score=0.890 total time=   7.8s
[CV 1/3] END max_depth=20, max_features=sqrt, min_samples_leaf=1, min_samples_split=2, n_estimators=100;, score=0.905 total time=  12.8s
[CV 3/3] END max_depth=20, max_features=sqrt, min_samples_leaf=2, min_samples_split=10, n_estimators=300;, score=0.910 total time=  35.4s
[CV 2/3] END max_depth=30, max_features=sqrt, min_samples_leaf=2, min_samples_split=5, n_estimators=300;, score=0.893 total time=  36.0s
[CV 2/3] END max_depth=30, max_features=log2, min_samples_leaf=4, min_samples_split=10, n_estimators=300;, score=0.879 total time=   7.7s
[CV 3/3] END max_depth=40, max_features=sqrt, min_samples_leaf=2, min_samples_split=10, n_estimators=200;, score=0.902 total time=  23.6s
[CV 1/3] END max_depth=40, max_features=log2, min_samples_leaf=1, min_samples_split=10, n_estimators=200;, score=0.865 total time=   6.0s
[CV 3/3] END max_depth=40, max_features=log2, min_samples_leaf=2, min_samples_split=5, n_estimators=200;, score=0.855 total time=   5.7s
[CV 3/3] END max_depth=10, max_features=sqrt, min_samples_leaf=2, min_samples_split=5, n_estimators=200;, score=0.905 total time=  21.1s
[CV 3/3] END max_depth=10, max_features=log2, min_samples_leaf=1, min_samples_split=5, n_estimators=200;, score=0.890 total time=   5.3s
[CV 2/3] END max_depth=10, max_features=log2, min_samples_leaf=2, min_samples_split=2, n_estimators=300;, score=0.887 total time=   7.7s
[CV 3/3] END max_depth=20, max_features=sqrt, min_samples_leaf=1, min_samples_split=5, n_estimators=200;, score=0.922 total time=  25.1s
[CV 3/3] END max_depth=20, max_features=log2, min_samples_leaf=1, min_samples_split=2, n_estimators=100;, score=0.844 total time=   3.1s
[CV 3/3] END max_depth=20, max_features=log2, min_samples_leaf=1, min_samples_split=5, n_estimators=300;, score=0.864 total time=   9.3s
[CV 2/3] END max_depth=20, max_features=log2, min_samples_leaf=4, min_samples_split=2, n_estimators=300;, score=0.870 total time=   7.9s
[CV 3/3] END max_depth=30, max_features=sqrt, min_samples_leaf=2, min_samples_split=5, n_estimators=200;, score=0.910 total time=  23.6s
[CV 2/3] END max_depth=30, max_features=log2, min_samples_leaf=1, min_samples_split=5, n_estimators=200;, score=0.890 total time=   6.2s
[CV 2/3] END max_depth=30, max_features=log2, min_samples_leaf=2, min_samples_split=2, n_estimators=300;, score=0.876 total time=   8.7s
[CV 3/3] END max_depth=40, max_features=sqrt, min_samples_leaf=1, min_samples_split=5, n_estimators=300;, score=0.910 total time=  38.3s
[CV 1/3] END max_depth=40, max_features=log2, min_samples_leaf=4, min_samples_split=5, n_estimators=100;, score=0.850 total time=   2.6s
[CV 1/3] END max_depth=10, max_features=sqrt, min_samples_leaf=1, min_samples_split=2, n_estimators=300;, score=0.928 total time=  32.5s
[CV 1/3] END max_depth=10, max_features=log2, min_samples_leaf=4, min_samples_split=10, n_estimators=200;, score=0.870 total time=   4.7s
[CV 1/3] END max_depth=20, max_features=sqrt, min_samples_leaf=2, min_samples_split=2, n_estimators=200;, score=0.905 total time=  23.5s
[CV 2/3] END max_depth=20, max_features=log2, min_samples_leaf=1, min_samples_split=2, n_estimators=300;, score=0.864 total time=   9.1s
[CV 3/3] END max_depth=20, max_features=log2, min_samples_leaf=2, min_samples_split=5, n_estimators=200;, score=0.902 total time=   5.7s
[CV 3/3] END max_depth=30, max_features=sqrt, min_samples_leaf=1, min_samples_split=2, n_estimators=200;, score=0.905 total time=  25.1s
[CV 3/3] END max_depth=30, max_features=sqrt, min_samples_leaf=4, min_samples_split=10, n_estimators=200;, score=0.913 total time=  21.2s
[CV 1/3] END max_depth=40, max_features=sqrt, min_samples_leaf=2, min_samples_split=2, n_estimators=300;, score=0.905 total time=  35.9s
[CV 3/3] END max_depth=40, max_features=log2, min_samples_leaf=4, min_samples_split=5, n_estimators=100;, score=0.844 total time=   2.6s
[CV 2/3] END max_depth=10, max_features=sqrt, min_samples_leaf=2, min_samples_split=2, n_estimators=100;, score=0.879 total time=  10.5s
[CV 1/3] END max_depth=10, max_features=sqrt, min_samples_leaf=4, min_samples_split=5, n_estimators=200;, score=0.916 total time=  19.6s
[CV 1/3] END max_depth=10, max_features=log2, min_samples_leaf=2, min_samples_split=10, n_estimators=300;, score=0.867 total time=   7.5s
[CV 1/3] END max_depth=20, max_features=sqrt, min_samples_leaf=2, min_samples_split=2, n_estimators=300;, score=0.928 total time=  35.8s
[CV 2/3] END max_depth=20, max_features=log2, min_samples_leaf=4, min_samples_split=5, n_estimators=300;, score=0.861 total time=   7.7s
[CV 3/3] END max_depth=30, max_features=sqrt, min_samples_leaf=2, min_samples_split=5, n_estimators=300;, score=0.899 total time=  35.7s
[CV 3/3] END max_depth=30, max_features=log2, min_samples_leaf=4, min_samples_split=10, n_estimators=300;, score=0.873 total time=   8.1s
[CV 1/3] END max_depth=40, max_features=sqrt, min_samples_leaf=2, min_samples_split=10, n_estimators=300;, score=0.914 total time=  35.7s
[CV 1/3] END max_depth=10, max_features=sqrt, min_samples_leaf=2, min_samples_split=10, n_estimators=200;, score=0.934 total time=  20.7s
[CV 1/3] END max_depth=10, max_features=log2, min_samples_leaf=1, min_samples_split=2, n_estimators=300;, score=0.890 total time=   7.9s
[CV 2/3] END max_depth=10, max_features=log2, min_samples_leaf=2, min_samples_split=5, n_estimators=200;, score=0.873 total time=   5.1s
[CV 1/3] END max_depth=20, max_features=sqrt, min_samples_leaf=1, min_samples_split=5, n_estimators=100;, score=0.919 total time=  12.5s
[CV 1/3] END max_depth=20, max_features=sqrt, min_samples_leaf=4, min_samples_split=2, n_estimators=200;, score=0.916 total time=  21.1s
[CV 3/3] END max_depth=20, max_features=log2, min_samples_leaf=2, min_samples_split=2, n_estimators=200;, score=0.884 total time=   5.8s
[CV 1/3] END max_depth=20, max_features=log2, min_samples_leaf=4, min_samples_split=10, n_estimators=100;, score=0.865 total time=   2.6s
[CV 3/3] END max_depth=30, max_features=sqrt, min_samples_leaf=1, min_samples_split=5, n_estimators=100;, score=0.896 total time=  12.3s
[CV 3/3] END max_depth=30, max_features=sqrt, min_samples_leaf=4, min_samples_split=2, n_estimators=100;, score=0.916 total time=  10.6s
[CV 2/3] END max_depth=30, max_features=sqrt, min_samples_leaf=4, min_samples_split=10, n_estimators=200;, score=0.893 total time=  21.2s
[CV 3/3] END max_depth=40, max_features=sqrt, min_samples_leaf=1, min_samples_split=10, n_estimators=200;, score=0.896 total time=  25.2s
[CV 2/3] END max_depth=40, max_features=log2, min_samples_leaf=1, min_samples_split=5, n_estimators=100;, score=0.853 total time=   3.0s
[CV 3/3] END max_depth=40, max_features=log2, min_samples_leaf=1, min_samples_split=10, n_estimators=200;, score=0.870 total time=   6.0s
[CV 1/3] END max_depth=40, max_features=log2, min_samples_leaf=2, min_samples_split=10, n_estimators=200;, score=0.862 total time=   5.7s
[CV 3/3] END max_depth=10, max_features=sqrt, min_samples_leaf=2, min_samples_split=10, n_estimators=100;, score=0.910 total time=  10.4s
[CV 2/3] END max_depth=10, max_features=sqrt, min_samples_leaf=4, min_samples_split=5, n_estimators=300;, score=0.896 total time=  29.7s
[CV 2/3] END max_depth=20, max_features=sqrt, min_samples_leaf=2, min_samples_split=10, n_estimators=300;, score=0.905 total time=  35.8s
[CV 1/3] END max_depth=30, max_features=sqrt, min_samples_leaf=1, min_samples_split=5, n_estimators=100;, score=0.914 total time=  12.7s
[CV 1/3] END max_depth=30, max_features=sqrt, min_samples_leaf=4, min_samples_split=2, n_estimators=200;, score=0.914 total time=  21.6s
[CV 2/3] END max_depth=30, max_features=log2, min_samples_leaf=2, min_samples_split=5, n_estimators=100;, score=0.882 total time=   2.9s
[CV 3/3] END max_depth=30, max_features=log2, min_samples_leaf=2, min_samples_split=10, n_estimators=300;, score=0.879 total time=   8.6s
[CV 3/3] END max_depth=40, max_features=sqrt, min_samples_leaf=2, min_samples_split=5, n_estimators=100;, score=0.896 total time=  11.7s
[CV 3/3] END max_depth=40, max_features=sqrt, min_samples_leaf=4, min_samples_split=5, n_estimators=200;, score=0.925 total time=  21.5s
[CV 2/3] END max_depth=40, max_features=log2, min_samples_leaf=2, min_samples_split=10, n_estimators=200;, score=0.858 total time=   5.6s
[CV 2/3] END max_depth=10, max_features=sqrt, min_samples_leaf=2, min_samples_split=5, n_estimators=100;, score=0.867 total time=  12.2s
[CV 3/3] END max_depth=10, max_features=sqrt, min_samples_leaf=4, min_samples_split=10, n_estimators=100;, score=0.890 total time=   9.6s
[CV 2/3] END max_depth=10, max_features=log2, min_samples_leaf=1, min_samples_split=10, n_estimators=100;, score=0.861 total time=   2.5s
[CV 1/3] END max_depth=10, max_features=log2, min_samples_leaf=2, min_samples_split=2, n_estimators=100;, score=0.879 total time=   2.5s
[CV 3/3] END max_depth=10, max_features=log2, min_samples_leaf=2, min_samples_split=2, n_estimators=300;, score=0.884 total time=   7.7s
[CV 2/3] END max_depth=20, max_features=sqrt, min_samples_leaf=1, min_samples_split=10, n_estimators=100;, score=0.902 total time=  12.4s
[CV 2/3] END max_depth=20, max_features=sqrt, min_samples_leaf=4, min_samples_split=2, n_estimators=300;, score=0.908 total time=  32.1s
[CV 1/3] END max_depth=30, max_features=sqrt, min_samples_leaf=2, min_samples_split=2, n_estimators=200;, score=0.905 total time=  23.7s
[CV 2/3] END max_depth=30, max_features=log2, min_samples_leaf=1, min_samples_split=5, n_estimators=100;, score=0.879 total time=   3.0s
[CV 1/3] END max_depth=30, max_features=log2, min_samples_leaf=1, min_samples_split=10, n_estimators=200;, score=0.879 total time=   6.0s
[CV 1/3] END max_depth=30, max_features=log2, min_samples_leaf=2, min_samples_split=10, n_estimators=100;, score=0.827 total time=   2.9s
[CV 1/3] END max_depth=30, max_features=log2, min_samples_leaf=4, min_samples_split=5, n_estimators=200;, score=0.859 total time=   5.3s
[CV 3/3] END max_depth=40, max_features=sqrt, min_samples_leaf=1, min_samples_split=10, n_estimators=300;, score=0.902 total time=  37.8s
[CV 1/3] END max_depth=40, max_features=log2, min_samples_leaf=4, min_samples_split=10, n_estimators=100;, score=0.850 total time=   2.5s
[CV 2/3] END max_depth=10, max_features=sqrt, min_samples_leaf=4, min_samples_split=2, n_estimators=100;, score=0.890 total time=   9.6s
[CV 3/3] END max_depth=10, max_features=sqrt, min_samples_leaf=4, min_samples_split=2, n_estimators=100;, score=0.913 total time=   9.9s
[CV 2/3] END max_depth=10, max_features=sqrt, min_samples_leaf=4, min_samples_split=10, n_estimators=200;, score=0.879 total time=  19.8s
[CV 2/3] END max_depth=20, max_features=sqrt, min_samples_leaf=2, min_samples_split=10, n_estimators=200;, score=0.896 total time=  24.0s
[CV 1/3] END max_depth=20, max_features=log2, min_samples_leaf=1, min_samples_split=10, n_estimators=200;, score=0.876 total time=   5.9s
[CV 2/3] END max_depth=20, max_features=log2, min_samples_leaf=2, min_samples_split=5, n_estimators=300;, score=0.879 total time=   8.6s
[CV 2/3] END max_depth=30, max_features=sqrt, min_samples_leaf=1, min_samples_split=10, n_estimators=300;, score=0.896 total time=  37.4s
[CV 3/3] END max_depth=30, max_features=log2, min_samples_leaf=4, min_samples_split=5, n_estimators=300;, score=0.887 total time=   7.8s
[CV 2/3] END max_depth=40, max_features=sqrt, min_samples_leaf=2, min_samples_split=10, n_estimators=100;, score=0.899 total time=  11.7s
[CV 1/3] END max_depth=40, max_features=sqrt, min_samples_leaf=4, min_samples_split=10, n_estimators=100;, score=0.925 total time=  10.7s
[CV 3/3] END max_depth=40, max_features=log2, min_samples_leaf=1, min_samples_split=5, n_estimators=100;, score=0.855 total time=   3.1s
[CV 1/3] END max_depth=40, max_features=log2, min_samples_leaf=1, min_samples_split=10, n_estimators=300;, score=0.862 total time=   9.2s
[CV 2/3] END max_depth=40, max_features=log2, min_samples_leaf=4, min_samples_split=10, n_estimators=100;, score=0.844 total time=   2.4s
[CV 1/3] END max_depth=10, max_features=sqrt, min_samples_leaf=1, min_samples_split=10, n_estimators=200;, score=0.931 total time=  21.3s
[CV 3/3] END max_depth=10, max_features=log2, min_samples_leaf=1, min_samples_split=2, n_estimators=300;, score=0.905 total time=   7.9s
[CV 2/3] END max_depth=10, max_features=log2, min_samples_leaf=2, min_samples_split=5, n_estimators=300;, score=0.870 total time=   7.7s
[CV 3/3] END max_depth=20, max_features=sqrt, min_samples_leaf=2, min_samples_split=2, n_estimators=100;, score=0.890 total time=  11.7s
[CV 1/3] END max_depth=20, max_features=sqrt, min_samples_leaf=4, min_samples_split=5, n_estimators=100;, score=0.905 total time=  10.6s
[CV 1/3] END max_depth=20, max_features=log2, min_samples_leaf=1, min_samples_split=2, n_estimators=100;, score=0.847 total time=   3.1s
[CV 2/3] END max_depth=20, max_features=log2, min_samples_leaf=1, min_samples_split=5, n_estimators=200;, score=0.882 total time=   6.3s
[CV 2/3] END max_depth=20, max_features=log2, min_samples_leaf=2, min_samples_split=5, n_estimators=100;, score=0.835 total time=   2.8s
[CV 2/3] END max_depth=20, max_features=log2, min_samples_leaf=4, min_samples_split=2, n_estimators=100;, score=0.829 total time=   2.5s
[CV 1/3] END max_depth=20, max_features=log2, min_samples_leaf=4, min_samples_split=10, n_estimators=200;, score=0.853 total time=   5.1s
[CV 3/3] END max_depth=30, max_features=sqrt, min_samples_leaf=2, min_samples_split=2, n_estimators=300;, score=0.910 total time=  35.2s
[CV 2/3] END max_depth=30, max_features=log2, min_samples_leaf=4, min_samples_split=2, n_estimators=300;, score=0.876 total time=   7.7s
[CV 1/3] END max_depth=40, max_features=sqrt, min_samples_leaf=2, min_samples_split=5, n_estimators=200;, score=0.908 total time=  23.6s
[CV 1/3] END max_depth=40, max_features=log2, min_samples_leaf=1, min_samples_split=5, n_estimators=200;, score=0.870 total time=   6.0s
[CV 1/3] END max_depth=40, max_features=log2, min_samples_leaf=2, min_samples_split=2, n_estimators=300;, score=0.850 total time=   8.6s
[CV 1/3] END max_depth=10, max_features=sqrt, min_samples_leaf=1, min_samples_split=10, n_estimators=300;, score=0.922 total time=  33.1s
[CV 3/3] END max_depth=20, max_features=sqrt, min_samples_leaf=1, min_samples_split=2, n_estimators=100;, score=0.893 total time=  12.4s
[CV 2/3] END max_depth=20, max_features=sqrt, min_samples_leaf=4, min_samples_split=2, n_estimators=100;, score=0.902 total time=  10.4s
[CV 3/3] END max_depth=20, max_features=sqrt, min_samples_leaf=4, min_samples_split=10, n_estimators=100;, score=0.910 total time=  10.4s
[CV 3/3] END max_depth=20, max_features=log2, min_samples_leaf=2, min_samples_split=2, n_estimators=100;, score=0.864 total time=   2.9s
[CV 2/3] END max_depth=20, max_features=log2, min_samples_leaf=2, min_samples_split=5, n_estimators=200;, score=0.873 total time=   5.7s
[CV 1/3] END max_depth=30, max_features=sqrt, min_samples_leaf=1, min_samples_split=2, n_estimators=100;, score=0.911 total time=  12.6s
[CV 3/3] END max_depth=30, max_features=sqrt, min_samples_leaf=2, min_samples_split=10, n_estimators=300;, score=0.916 total time=  35.3s
[CV 2/3] END max_depth=40, max_features=sqrt, min_samples_leaf=2, min_samples_split=5, n_estimators=300;, score=0.899 total time=  35.8s
[CV 3/3] END max_depth=40, max_features=log2, min_samples_leaf=4, min_samples_split=10, n_estimators=100;, score=0.861 total time=   2.4s
[CV 3/3] END max_depth=10, max_features=sqrt, min_samples_leaf=2, min_samples_split=10, n_estimators=200;, score=0.910 total time=  20.8s
[CV 2/3] END max_depth=10, max_features=log2, min_samples_leaf=1, min_samples_split=2, n_estimators=300;, score=0.882 total time=   7.9s
[CV 1/3] END max_depth=10, max_features=log2, min_samples_leaf=2, min_samples_split=5, n_estimators=300;, score=0.885 total time=   7.7s
[CV 1/3] END max_depth=20, max_features=sqrt, min_samples_leaf=2, min_samples_split=2, n_estimators=100;, score=0.916 total time=  11.9s
[CV 2/3] END max_depth=20, max_features=sqrt, min_samples_leaf=4, min_samples_split=5, n_estimators=100;, score=0.876 total time=  10.6s
[CV 2/3] END max_depth=20, max_features=log2, min_samples_leaf=1, min_samples_split=2, n_estimators=100;, score=0.861 total time=   3.0s
[CV 3/3] END max_depth=20, max_features=log2, min_samples_leaf=1, min_samples_split=5, n_estimators=200;, score=0.876 total time=   6.1s
[CV 3/3] END max_depth=20, max_features=log2, min_samples_leaf=2, min_samples_split=2, n_estimators=300;, score=0.910 total time=   8.7s
[CV 2/3] END max_depth=30, max_features=sqrt, min_samples_leaf=1, min_samples_split=10, n_estimators=200;, score=0.887 total time=  25.5s
[CV 3/3] END max_depth=30, max_features=log2, min_samples_leaf=1, min_samples_split=2, n_estimators=300;, score=0.855 total time=   9.4s
[CV 2/3] END max_depth=30, max_features=log2, min_samples_leaf=2, min_samples_split=10, n_estimators=200;, score=0.838 total time=   5.6s
[CV 3/3] END max_depth=40, max_features=sqrt, min_samples_leaf=1, min_samples_split=5, n_estimators=100;, score=0.864 total time=  12.5s
[CV 1/3] END max_depth=40, max_features=sqrt, min_samples_leaf=4, min_samples_split=2, n_estimators=200;, score=0.905 total time=  21.9s
[CV 3/3] END max_depth=40, max_features=log2, min_samples_leaf=2, min_samples_split=2, n_estimators=300;, score=0.867 total time=   8.5s
[CV 3/3] END max_depth=10, max_features=sqrt, min_samples_leaf=1, min_samples_split=2, n_estimators=200;, score=0.908 total time=  21.7s
[CV 1/3] END max_depth=10, max_features=log2, min_samples_leaf=1, min_samples_split=5, n_estimators=200;, score=0.879 total time=   5.3s
[CV 1/3] END max_depth=10, max_features=log2, min_samples_leaf=2, min_samples_split=2, n_estimators=300;, score=0.885 total time=   7.8s
[CV 1/3] END max_depth=20, max_features=sqrt, min_samples_leaf=1, min_samples_split=5, n_estimators=200;, score=0.908 total time=  25.6s
[CV 2/3] END max_depth=20, max_features=log2, min_samples_leaf=1, min_samples_split=2, n_estimators=200;, score=0.861 total time=   6.0s
[CV 1/3] END max_depth=20, max_features=log2, min_samples_leaf=2, min_samples_split=2, n_estimators=100;, score=0.850 total time=   2.8s
[CV 3/3] END max_depth=20, max_features=log2, min_samples_leaf=2, min_samples_split=5, n_estimators=100;, score=0.855 total time=   2.8s
[CV 3/3] END max_depth=20, max_features=log2, min_samples_leaf=4, min_samples_split=2, n_estimators=100;, score=0.855 total time=   2.5s
[CV 2/3] END max_depth=20, max_features=log2, min_samples_leaf=4, min_samples_split=10, n_estimators=200;, score=0.867 total time=   5.1s
[CV 2/3] END max_depth=30, max_features=sqrt, min_samples_leaf=2, min_samples_split=2, n_estimators=300;, score=0.905 total time=  35.9s
[CV 2/3] END max_depth=30, max_features=log2, min_samples_leaf=4, min_samples_split=5, n_estimators=300;, score=0.861 total time=   7.9s
[CV 1/3] END max_depth=40, max_features=sqrt, min_samples_leaf=2, min_samples_split=10, n_estimators=100;, score=0.890 total time=  12.0s
[CV 2/3] END max_depth=40, max_features=sqrt, min_samples_leaf=4, min_samples_split=10, n_estimators=100;, score=0.916 total time=  10.7s
[CV 2/3] END max_depth=40, max_features=log2, min_samples_leaf=1, min_samples_split=5, n_estimators=200;, score=0.873 total time=   6.1s
[CV 2/3] END max_depth=40, max_features=log2, min_samples_leaf=2, min_samples_split=2, n_estimators=300;, score=0.873 total time=   8.7s
[CV 1/3] END max_depth=10, max_features=sqrt, min_samples_leaf=2, min_samples_split=5, n_estimators=100;, score=0.922 total time=  10.5s
[CV 3/3] END max_depth=10, max_features=sqrt, min_samples_leaf=4, min_samples_split=5, n_estimators=200;, score=0.919 total time=  19.7s
[CV 2/3] END max_depth=10, max_features=log2, min_samples_leaf=2, min_samples_split=10, n_estimators=300;, score=0.876 total time=   7.6s
[CV 2/3] END max_depth=20, max_features=sqrt, min_samples_leaf=2, min_samples_split=2, n_estimators=300;, score=0.913 total time=  35.7s
[CV 3/3] END max_depth=20, max_features=log2, min_samples_leaf=4, min_samples_split=5, n_estimators=300;, score=0.876 total time=   7.6s
[CV 2/3] END max_depth=30, max_features=sqrt, min_samples_leaf=2, min_samples_split=10, n_estimators=100;, score=0.887 total time=  11.4s
[CV 3/3] END max_depth=30, max_features=sqrt, min_samples_leaf=4, min_samples_split=5, n_estimators=300;, score=0.925 total time=  32.3s
[CV 2/3] END max_depth=40, max_features=sqrt, min_samples_leaf=2, min_samples_split=10, n_estimators=300;, score=0.902 total time=  36.4s
[CV 2/3] END max_depth=10, max_features=sqrt, min_samples_leaf=1, min_samples_split=2, n_estimators=200;, score=0.899 total time=  21.8s
[CV 2/3] END max_depth=10, max_features=log2, min_samples_leaf=1, min_samples_split=5, n_estimators=300;, score=0.876 total time=   7.9s
[CV 1/3] END max_depth=10, max_features=log2, min_samples_leaf=2, min_samples_split=10, n_estimators=100;, score=0.850 total time=   2.5s
[CV 1/3] END max_depth=10, max_features=log2, min_samples_leaf=4, min_samples_split=5, n_estimators=300;, score=0.867 total time=   7.3s
[CV 1/3] END max_depth=20, max_features=sqrt, min_samples_leaf=2, min_samples_split=5, n_estimators=200;, score=0.916 total time=  23.8s
[CV 2/3] END max_depth=20, max_features=log2, min_samples_leaf=1, min_samples_split=10, n_estimators=100;, score=0.838 total time=   2.8s
[CV 3/3] END max_depth=20, max_features=log2, min_samples_leaf=1, min_samples_split=10, n_estimators=300;, score=0.879 total time=   8.9s
[CV 3/3] END max_depth=20, max_features=log2, min_samples_leaf=4, min_samples_split=10, n_estimators=300;, score=0.870 total time=   7.8s
[CV 1/3] END max_depth=30, max_features=sqrt, min_samples_leaf=2, min_samples_split=10, n_estimators=300;, score=0.922 total time=  35.7s
[CV 3/3] END max_depth=40, max_features=sqrt, min_samples_leaf=1, min_samples_split=5, n_estimators=200;, score=0.887 total time=  25.3s
[CV 2/3] END max_depth=40, max_features=log2, min_samples_leaf=1, min_samples_split=2, n_estimators=200;, score=0.876 total time=   6.2s
[CV 1/3] END max_depth=40, max_features=log2, min_samples_leaf=2, min_samples_split=2, n_estimators=100;, score=0.816 total time=   2.9s
[CV 3/3] END max_depth=40, max_features=log2, min_samples_leaf=2, min_samples_split=5, n_estimators=100;, score=0.864 total time=   2.9s
[CV 1/3] END max_depth=40, max_features=log2, min_samples_leaf=4, min_samples_split=2, n_estimators=200;, score=0.865 total time=   5.1s
[CV 3/3] END max_depth=10, max_features=sqrt, min_samples_leaf=1, min_samples_split=5, n_estimators=100;, score=0.890 total time=  10.9s
[CV 3/3] END max_depth=10, max_features=sqrt, min_samples_leaf=4, min_samples_split=5, n_estimators=300;, score=0.925 total time=  29.0s
[CV 3/3] END max_depth=20, max_features=sqrt, min_samples_leaf=2, min_samples_split=10, n_estimators=100;, score=0.876 total time=  11.5s
[CV 3/3] END max_depth=20, max_features=sqrt, min_samples_leaf=4, min_samples_split=5, n_estimators=300;, score=0.908 total time=  31.5s
[CV 1/3] END max_depth=30, max_features=sqrt, min_samples_leaf=2, min_samples_split=10, n_estimators=200;, score=0.911 total time=  23.7s
[CV 3/3] END max_depth=30, max_features=log2, min_samples_leaf=1, min_samples_split=10, n_estimators=100;, score=0.847 total time=   3.1s
[CV 1/3] END max_depth=30, max_features=log2, min_samples_leaf=2, min_samples_split=2, n_estimators=200;, score=0.876 total time=   5.7s
[CV 2/3] END max_depth=30, max_features=log2, min_samples_leaf=4, min_samples_split=5, n_estimators=100;, score=0.847 total time=   2.6s
[CV 2/3] END max_depth=40, max_features=sqrt, min_samples_leaf=1, min_samples_split=2, n_estimators=200;, score=0.905 total time=  25.6s
[CV 1/3] END max_depth=40, max_features=log2, min_samples_leaf=1, min_samples_split=2, n_estimators=100;, score=0.844 total time=   3.0s
[CV 3/3] END max_depth=40, max_features=log2, min_samples_leaf=1, min_samples_split=5, n_estimators=200;, score=0.896 total time=   6.1s
[CV 1/3] END max_depth=40, max_features=log2, min_samples_leaf=2, min_samples_split=5, n_estimators=100;, score=0.859 total time=   2.8s
[CV 3/3] END max_depth=40, max_features=log2, min_samples_leaf=2, min_samples_split=10, n_estimators=200;, score=0.864 total time=   5.6s
[CV 1/3] END max_depth=10, max_features=sqrt, min_samples_leaf=2, min_samples_split=2, n_estimators=300;, score=0.939 total time=  32.1s
[CV 3/3] END max_depth=10, max_features=log2, min_samples_leaf=4, min_samples_split=5, n_estimators=300;, score=0.893 total time=   7.4s
[CV 1/3] END max_depth=20, max_features=sqrt, min_samples_leaf=2, min_samples_split=10, n_estimators=100;, score=0.905 total time=  11.8s
[CV 2/3] END max_depth=20, max_features=sqrt, min_samples_leaf=4, min_samples_split=10, n_estimators=100;, score=0.893 total time=  10.8s
[CV 1/3] END max_depth=20, max_features=log2, min_samples_leaf=1, min_samples_split=5, n_estimators=200;, score=0.859 total time=   6.2s
[CV 2/3] END max_depth=20, max_features=log2, min_samples_leaf=2, min_samples_split=2, n_estimators=300;, score=0.870 total time=   8.8s
[CV 1/3] END max_depth=30, max_features=sqrt, min_samples_leaf=1, min_samples_split=10, n_estimators=200;, score=0.914 total time=  25.2s
[CV 1/3] END max_depth=30, max_features=log2, min_samples_leaf=1, min_samples_split=2, n_estimators=300;, score=0.859 total time=   9.4s
[CV 3/3] END max_depth=30, max_features=log2, min_samples_leaf=2, min_samples_split=5, n_estimators=200;, score=0.876 total time=   5.8s
[CV 2/3] END max_depth=40, max_features=sqrt, min_samples_leaf=1, min_samples_split=2, n_estimators=300;, score=0.905 total time=  38.4s
[CV 2/3] END max_depth=40, max_features=log2, min_samples_leaf=4, min_samples_split=2, n_estimators=200;, score=0.873 total time=   5.3s
[CV 3/3] END max_depth=10, max_features=sqrt, min_samples_leaf=2, min_samples_split=5, n_estimators=300;, score=0.908 total time=  31.6s
[CV 1/3] END max_depth=10, max_features=log2, min_samples_leaf=4, min_samples_split=5, n_estimators=200;, score=0.856 total time=   4.7s
[CV 1/3] END max_depth=20, max_features=sqrt, min_samples_leaf=1, min_samples_split=10, n_estimators=300;, score=0.905 total time=  36.9s
[CV 1/3] END max_depth=20, max_features=log2, min_samples_leaf=4, min_samples_split=5, n_estimators=300;, score=0.865 total time=   7.8s
[CV 1/3] END max_depth=30, max_features=sqrt, min_samples_leaf=2, min_samples_split=10, n_estimators=100;, score=0.928 total time=  11.8s
[CV 2/3] END max_depth=30, max_features=sqrt, min_samples_leaf=4, min_samples_split=10, n_estimators=100;, score=0.884 total time=  10.4s
[CV 3/3] END max_depth=30, max_features=log2, min_samples_leaf=1, min_samples_split=5, n_estimators=100;, score=0.864 total time=   3.0s
[CV 1/3] END max_depth=30, max_features=log2, min_samples_leaf=1, min_samples_split=10, n_estimators=300;, score=0.879 total time=   9.3s
[CV 2/3] END max_depth=30, max_features=log2, min_samples_leaf=4, min_samples_split=10, n_estimators=100;, score=0.853 total time=   2.7s
[CV 2/3] END max_depth=40, max_features=sqrt, min_samples_leaf=1, min_samples_split=5, n_estimators=300;, score=0.905 total time=  37.6s
[CV 3/3] END max_depth=40, max_features=log2, min_samples_leaf=4, min_samples_split=2, n_estimators=200;, score=0.855 total time=   5.0s
[CV 3/3] END max_depth=10, max_features=sqrt, min_samples_leaf=2, min_samples_split=10, n_estimators=300;, score=0.905 total time=  31.8s
[CV 3/3] END max_depth=10, max_features=log2, min_samples_leaf=4, min_samples_split=10, n_estimators=100;, score=0.876 total time=   2.4s
[CV 1/3] END max_depth=20, max_features=sqrt, min_samples_leaf=1, min_samples_split=5, n_estimators=300;, score=0.902 total time=  38.2s
[CV 1/3] END max_depth=20, max_features=log2, min_samples_leaf=4, min_samples_split=5, n_estimators=100;, score=0.867 total time=   2.6s
[CV 2/3] END max_depth=30, max_features=sqrt, min_samples_leaf=1, min_samples_split=2, n_estimators=200;, score=0.899 total time=  26.0s
[CV 2/3] END max_depth=30, max_features=log2, min_samples_leaf=1, min_samples_split=2, n_estimators=100;, score=0.864 total time=   3.1s
[CV 1/3] END max_depth=30, max_features=log2, min_samples_leaf=1, min_samples_split=10, n_estimators=100;, score=0.862 total time=   3.0s
[CV 2/3] END max_depth=30, max_features=log2, min_samples_leaf=1, min_samples_split=10, n_estimators=300;, score=0.884 total time=   9.3s
[CV 3/3] END max_depth=40, max_features=sqrt, min_samples_leaf=1, min_samples_split=2, n_estimators=100;, score=0.882 total time=  12.8s
[CV 2/3] END max_depth=40, max_features=sqrt, min_samples_leaf=4, min_samples_split=2, n_estimators=100;, score=0.884 total time=  10.8s
[CV 1/3] END max_depth=40, max_features=sqrt, min_samples_leaf=4, min_samples_split=10, n_estimators=200;, score=0.922 total time=  21.0s
[CV 2/3] END max_depth=10, max_features=sqrt, min_samples_leaf=2, min_samples_split=5, n_estimators=200;, score=0.913 total time=  20.7s
[CV 1/3] END max_depth=10, max_features=log2, min_samples_leaf=1, min_samples_split=2, n_estimators=200;, score=0.867 total time=   5.2s
[CV 3/3] END max_depth=10, max_features=log2, min_samples_leaf=2, min_samples_split=2, n_estimators=100;, score=0.884 total time=   2.5s
[CV 1/3] END max_depth=10, max_features=log2, min_samples_leaf=2, min_samples_split=5, n_estimators=200;, score=0.873 total time=   5.1s
[CV 1/3] END max_depth=20, max_features=sqrt, min_samples_leaf=1, min_samples_split=2, n_estimators=300;, score=0.902 total time=  37.9s
[CV 3/3] END max_depth=20, max_features=log2, min_samples_leaf=2, min_samples_split=10, n_estimators=300;, score=0.864 total time=   8.4s
[CV 1/3] END max_depth=30, max_features=sqrt, min_samples_leaf=2, min_samples_split=5, n_estimators=300;, score=0.902 total time=  35.5s
[CV 1/3] END max_depth=30, max_features=log2, min_samples_leaf=4, min_samples_split=10, n_estimators=100;, score=0.859 total time=   2.5s
[CV 2/3] END max_depth=40, max_features=sqrt, min_samples_leaf=1, min_samples_split=5, n_estimators=100;, score=0.870 total time=  12.5s
[CV 3/3] END max_depth=40, max_features=sqrt, min_samples_leaf=4, min_samples_split=2, n_estimators=100;, score=0.934 total time=  10.6s
[CV 2/3] END max_depth=40, max_features=sqrt, min_samples_leaf=4, min_samples_split=10, n_estimators=200;, score=0.887 total time=  20.6s
[CV 2/3] END max_depth=10, max_features=sqrt, min_samples_leaf=2, min_samples_split=10, n_estimators=200;, score=0.902 total time=  21.2s
[CV 3/3] END max_depth=10, max_features=log2, min_samples_leaf=1, min_samples_split=5, n_estimators=300;, score=0.896 total time=   8.1s
[CV 1/3] END max_depth=10, max_features=log2, min_samples_leaf=2, min_samples_split=10, n_estimators=200;, score=0.865 total time=   5.3s
[CV 1/3] END max_depth=20, max_features=sqrt, min_samples_leaf=1, min_samples_split=10, n_estimators=100;, score=0.890 total time=  12.5s
[CV 1/3] END max_depth=20, max_features=sqrt, min_samples_leaf=4, min_samples_split=2, n_estimators=300;, score=0.911 total time=  32.3s
[CV 1/3] END max_depth=30, max_features=sqrt, min_samples_leaf=2, min_samples_split=2, n_estimators=300;, score=0.902 total time=  36.6s
[CV 3/3] END max_depth=30, max_features=log2, min_samples_leaf=4, min_samples_split=10, n_estimators=200;, score=0.867 total time=   5.2s
[CV 3/3] END max_depth=40, max_features=sqrt, min_samples_leaf=2, min_samples_split=2, n_estimators=200;, score=0.916 total time=  23.9s
[CV 3/3] END max_depth=40, max_features=log2, min_samples_leaf=1, min_samples_split=2, n_estimators=300;, score=0.893 total time=   9.2s
[CV 1/3] END max_depth=40, max_features=log2, min_samples_leaf=2, min_samples_split=10, n_estimators=100;, score=0.865 total time=   2.8s
[CV 1/3] END max_depth=40, max_features=log2, min_samples_leaf=4, min_samples_split=5, n_estimators=200;, score=0.856 total time=   4.7s
[CV 3/3] END max_depth=10, max_features=sqrt, min_samples_leaf=1, min_samples_split=2, n_estimators=300;, score=0.925 total time=  32.4s
[CV 3/3] END max_depth=10, max_features=log2, min_samples_leaf=4, min_samples_split=5, n_estimators=200;, score=0.896 total time=   4.6s
[CV 2/3] END max_depth=20, max_features=sqrt, min_samples_leaf=1, min_samples_split=10, n_estimators=300;, score=0.890 total time=  36.5s
[CV 3/3] END max_depth=20, max_features=log2, min_samples_leaf=4, min_samples_split=5, n_estimators=100;, score=0.850 total time=   2.5s
[CV 2/3] END max_depth=30, max_features=sqrt, min_samples_leaf=1, min_samples_split=2, n_estimators=300;, score=0.899 total time=  37.0s
[CV 1/3] END max_depth=30, max_features=log2, min_samples_leaf=2, min_samples_split=10, n_estimators=200;, score=0.859 total time=   5.6s
[CV 1/3] END max_depth=40, max_features=sqrt, min_samples_leaf=1, min_samples_split=5, n_estimators=100;, score=0.911 total time=  12.6s
[CV 2/3] END max_depth=40, max_features=sqrt, min_samples_leaf=4, min_samples_split=2, n_estimators=200;, score=0.896 total time=  21.0s
[CV 3/3] END max_depth=40, max_features=log2, min_samples_leaf=2, min_samples_split=2, n_estimators=200;, score=0.899 total time=   5.6s
[CV 3/3] END max_depth=40, max_features=log2, min_samples_leaf=4, min_samples_split=5, n_estimators=200;, score=0.864 total time=   4.7s
[CV 3/3] END max_depth=10, max_features=sqrt, min_samples_leaf=1, min_samples_split=5, n_estimators=200;, score=0.916 total time=  21.5s
[CV 2/3] END max_depth=10, max_features=log2, min_samples_leaf=1, min_samples_split=5, n_estimators=100;, score=0.887 total time=   2.6s
[CV 1/3] END max_depth=10, max_features=log2, min_samples_leaf=1, min_samples_split=10, n_estimators=300;, score=0.865 total time=   7.7s
[CV 3/3] END max_depth=10, max_features=log2, min_samples_leaf=4, min_samples_split=2, n_estimators=300;, score=0.893 total time=   7.1s
[CV 2/3] END max_depth=20, max_features=sqrt, min_samples_leaf=2, min_samples_split=5, n_estimators=100;, score=0.902 total time=  11.6s
[CV 1/3] END max_depth=20, max_features=sqrt, min_samples_leaf=4, min_samples_split=5, n_estimators=300;, score=0.922 total time=  31.3s
[CV 3/3] END max_depth=30, max_features=sqrt, min_samples_leaf=2, min_samples_split=10, n_estimators=100;, score=0.913 total time=  11.3s
[CV 1/3] END max_depth=30, max_features=sqrt, min_samples_leaf=4, min_samples_split=10, n_estimators=100;, score=0.908 total time=  10.5s
[CV 1/3] END max_depth=30, max_features=log2, min_samples_leaf=1, min_samples_split=5, n_estimators=200;, score=0.865 total time=   6.0s
[CV 3/3] END max_depth=30, max_features=log2, min_samples_leaf=2, min_samples_split=2, n_estimators=200;, score=0.855 total time=   5.7s
[CV 3/3] END max_depth=30, max_features=log2, min_samples_leaf=4, min_samples_split=5, n_estimators=200;, score=0.853 total time=   5.1s
[CV 1/3] END max_depth=40, max_features=sqrt, min_samples_leaf=1, min_samples_split=10, n_estimators=300;, score=0.902 total time=  37.0s
[CV 2/3] END max_depth=40, max_features=log2, min_samples_leaf=4, min_samples_split=5, n_estimators=200;, score=0.873 total time=   4.8s
[CV 1/3] END max_depth=10, max_features=sqrt, min_samples_leaf=2, min_samples_split=5, n_estimators=200;, score=0.937 total time=  20.7s
[CV 1/3] END max_depth=10, max_features=log2, min_samples_leaf=1, min_samples_split=2, n_estimators=100;, score=0.850 total time=   2.6s
[CV 3/3] END max_depth=10, max_features=log2, min_samples_leaf=1, min_samples_split=10, n_estimators=100;, score=0.867 total time=   2.5s
[CV 2/3] END max_depth=10, max_features=log2, min_samples_leaf=2, min_samples_split=2, n_estimators=100;, score=0.835 total time=   2.5s
[CV 2/3] END max_depth=10, max_features=log2, min_samples_leaf=2, min_samples_split=5, n_estimators=100;, score=0.893 total time=   2.5s
[CV 3/3] END max_depth=10, max_features=log2, min_samples_leaf=4, min_samples_split=2, n_estimators=100;, score=0.864 total time=   2.3s
[CV 3/3] END max_depth=20, max_features=sqrt, min_samples_leaf=1, min_samples_split=2, n_estimators=200;, score=0.893 total time=  25.0s
[CV 1/3] END max_depth=20, max_features=sqrt, min_samples_leaf=4, min_samples_split=10, n_estimators=300;, score=0.925 total time=  31.9s
[CV 3/3] END max_depth=30, max_features=sqrt, min_samples_leaf=4, min_samples_split=5, n_estimators=100;, score=0.916 total time=  10.4s
[CV 1/3] END max_depth=30, max_features=log2, min_samples_leaf=1, min_samples_split=2, n_estimators=100;, score=0.862 total time=   3.0s
[CV 2/3] END max_depth=30, max_features=log2, min_samples_leaf=1, min_samples_split=5, n_estimators=300;, score=0.890 total time=   9.1s
[CV 1/3] END max_depth=30, max_features=log2, min_samples_leaf=4, min_samples_split=2, n_estimators=100;, score=0.856 total time=   2.5s
[CV 1/3] END max_depth=30, max_features=log2, min_samples_leaf=4, min_samples_split=10, n_estimators=200;, score=0.859 total time=   5.1s
[CV 1/3] END max_depth=40, max_features=sqrt, min_samples_leaf=2, min_samples_split=2, n_estimators=200;, score=0.902 total time=  23.9s
[CV 2/3] END max_depth=40, max_features=log2, min_samples_leaf=1, min_samples_split=2, n_estimators=300;, score=0.867 total time=   9.2s
[CV 2/3] END max_depth=40, max_features=log2, min_samples_leaf=2, min_samples_split=5, n_estimators=300;, score=0.861 total time=   8.2s
[CV 1/3] END max_depth=10, max_features=sqrt, min_samples_leaf=2, min_samples_split=10, n_estimators=100;, score=0.919 total time=  10.3s
[CV 3/3] END max_depth=10, max_features=sqrt, min_samples_leaf=4, min_samples_split=5, n_estimators=100;, score=0.908 total time=   9.7s
[CV 1/3] END max_depth=10, max_features=sqrt, min_samples_leaf=4, min_samples_split=10, n_estimators=300;, score=0.922 total time=  29.0s
[CV 3/3] END max_depth=20, max_features=sqrt, min_samples_leaf=4, min_samples_split=5, n_estimators=100;, score=0.908 total time=  10.4s
[CV 1/3] END max_depth=20, max_features=log2, min_samples_leaf=1, min_samples_split=2, n_estimators=200;, score=0.876 total time=   6.1s
[CV 2/3] END max_depth=20, max_features=log2, min_samples_leaf=1, min_samples_split=10, n_estimators=300;, score=0.873 total time=   9.0s
[CV 1/3] END max_depth=20, max_features=log2, min_samples_leaf=4, min_samples_split=10, n_estimators=300;, score=0.882 total time=   7.8s
[CV 2/3] END max_depth=30, max_features=sqrt, min_samples_leaf=2, min_samples_split=10, n_estimators=200;, score=0.908 total time=  23.4s
[CV 2/3] END max_depth=30, max_features=log2, min_samples_leaf=1, min_samples_split=10, n_estimators=100;, score=0.870 total time=   2.9s
[CV 3/3] END max_depth=30, max_features=log2, min_samples_leaf=2, min_samples_split=2, n_estimators=100;, score=0.870 total time=   3.0s
[CV 1/3] END max_depth=30, max_features=log2, min_samples_leaf=2, min_samples_split=5, n_estimators=300;, score=0.876 total time=   8.8s
[CV 3/3] END max_depth=40, max_features=sqrt, min_samples_leaf=2, min_samples_split=2, n_estimators=100;, score=0.902 total time=  11.9s
[CV 2/3] END max_depth=40, max_features=sqrt, min_samples_leaf=4, min_samples_split=5, n_estimators=200;, score=0.887 total time=  21.4s
[CV 3/3] END max_depth=40, max_features=log2, min_samples_leaf=2, min_samples_split=5, n_estimators=300;, score=0.887 total time=   8.3s
[CV 1/3] END max_depth=10, max_features=sqrt, min_samples_leaf=1, min_samples_split=10, n_estimators=100;, score=0.888 total time=  12.6s
[CV 1/3] END max_depth=10, max_features=sqrt, min_samples_leaf=4, min_samples_split=10, n_estimators=200;, score=0.925 total time=  19.3s
[CV 1/3] END max_depth=10, max_features=log2, min_samples_leaf=4, min_samples_split=5, n_estimators=100;, score=0.856 total time=   2.3s
[CV 3/3] END max_depth=20, max_features=sqrt, min_samples_leaf=1, min_samples_split=2, n_estimators=300;, score=0.899 total time=  37.2s
[CV 2/3] END max_depth=20, max_features=log2, min_samples_leaf=2, min_samples_split=10, n_estimators=200;, score=0.864 total time=   5.6s
[CV 2/3] END max_depth=30, max_features=sqrt, min_samples_leaf=1, min_samples_split=5, n_estimators=300;, score=0.896 total time=  37.8s
[CV 3/3] END max_depth=30, max_features=log2, min_samples_leaf=4, min_samples_split=2, n_estimators=200;, score=0.867 total time=   5.1s
[CV 1/3] END max_depth=40, max_features=sqrt, min_samples_leaf=1, min_samples_split=10, n_estimators=200;, score=0.893 total time=  25.1s
[CV 1/3] END max_depth=40, max_features=log2, min_samples_leaf=1, min_samples_split=2, n_estimators=300;, score=0.882 total time=   9.3s
[CV 1/3] END max_depth=40, max_features=log2, min_samples_leaf=2, min_samples_split=5, n_estimators=300;, score=0.856 total time=   8.5s
[CV 1/3] END max_depth=10, max_features=sqrt, min_samples_leaf=2, min_samples_split=2, n_estimators=100;, score=0.908 total time=  10.4s
[CV 1/3] END max_depth=10, max_features=sqrt, min_samples_leaf=4, min_samples_split=2, n_estimators=300;, score=0.928 total time=  29.5s
[CV 3/3] END max_depth=20, max_features=sqrt, min_samples_leaf=2, min_samples_split=10, n_estimators=200;, score=0.905 total time=  23.2s
[CV 1/3] END max_depth=20, max_features=log2, min_samples_leaf=1, min_samples_split=10, n_estimators=100;, score=0.836 total time=   2.9s
[CV 2/3] END max_depth=20, max_features=log2, min_samples_leaf=2, min_samples_split=2, n_estimators=100;, score=0.867 total time=   2.9s
[CV 1/3] END max_depth=20, max_features=log2, min_samples_leaf=2, min_samples_split=5, n_estimators=200;, score=0.856 total time=   5.8s
[CV 2/3] END max_depth=20, max_features=log2, min_samples_leaf=4, min_samples_split=10, n_estimators=300;, score=0.858 total time=   7.8s
[CV 3/3] END max_depth=30, max_features=sqrt, min_samples_leaf=2, min_samples_split=10, n_estimators=200;, score=0.913 total time=  23.5s
[CV 2/3] END max_depth=30, max_features=log2, min_samples_leaf=1, min_samples_split=10, n_estimators=200;, score=0.870 total time=   6.0s
[CV 2/3] END max_depth=30, max_features=log2, min_samples_leaf=2, min_samples_split=10, n_estimators=100;, score=0.867 total time=   2.8s
[CV 3/3] END max_depth=30, max_features=log2, min_samples_leaf=4, min_samples_split=5, n_estimators=100;, score=0.829 total time=   2.6s
[CV 1/3] END max_depth=40, max_features=sqrt, min_samples_leaf=1, min_samples_split=2, n_estimators=300;, score=0.902 total time=  38.1s
[CV 2/3] END max_depth=40, max_features=log2, min_samples_leaf=4, min_samples_split=2, n_estimators=100;, score=0.864 total time=   2.5s
[CV 1/3] END max_depth=40, max_features=log2, min_samples_leaf=4, min_samples_split=10, n_estimators=200;, score=0.867 total time=   4.3s
[CV 2/3] END max_depth=10, max_features=sqrt, min_samples_leaf=2, min_samples_split=2, n_estimators=300;, score=0.899 total time=  31.0s
[CV 3/3] END max_depth=10, max_features=log2, min_samples_leaf=2, min_samples_split=10, n_estimators=300;, score=0.870 total time=   7.5s
[CV 3/3] END max_depth=20, max_features=sqrt, min_samples_leaf=2, min_samples_split=2, n_estimators=300;, score=0.919 total time=  35.5s
[CV 3/3] END max_depth=20, max_features=log2, min_samples_leaf=4, min_samples_split=10, n_estimators=100;, score=0.879 total time=   2.5s
[CV 1/3] END max_depth=30, max_features=sqrt, min_samples_leaf=1, min_samples_split=5, n_estimators=200;, score=0.908 total time=  25.4s
[CV 2/3] END max_depth=30, max_features=log2, min_samples_leaf=1, min_samples_split=2, n_estimators=200;, score=0.873 total time=   6.1s
[CV 1/3] END max_depth=30, max_features=log2, min_samples_leaf=2, min_samples_split=2, n_estimators=100;, score=0.850 total time=   2.9s
[CV 3/3] END max_depth=30, max_features=log2, min_samples_leaf=2, min_samples_split=5, n_estimators=100;, score=0.853 total time=   2.8s
[CV 1/3] END max_depth=30, max_features=log2, min_samples_leaf=4, min_samples_split=2, n_estimators=200;, score=0.867 total time=   5.1s
[CV 2/3] END max_depth=40, max_features=sqrt, min_samples_leaf=1, min_samples_split=10, n_estimators=100;, score=0.887 total time=  12.5s
[CV 1/3] END max_depth=40, max_features=sqrt, min_samples_leaf=4, min_samples_split=2, n_estimators=300;, score=0.919 total time=  31.5s
[CV 1/3] END max_depth=10, max_features=sqrt, min_samples_leaf=2, min_samples_split=2, n_estimators=200;, score=0.919 total time=  20.9s
[CV 2/3] END max_depth=10, max_features=log2, min_samples_leaf=1, min_samples_split=2, n_estimators=200;, score=0.850 total time=   5.4s
[CV 2/3] END max_depth=10, max_features=log2, min_samples_leaf=2, min_samples_split=2, n_estimators=200;, score=0.867 total time=   5.1s
[CV 3/3] END max_depth=10, max_features=log2, min_samples_leaf=4, min_samples_split=2, n_estimators=200;, score=0.882 total time=   4.8s
[CV 3/3] END max_depth=20, max_features=sqrt, min_samples_leaf=1, min_samples_split=10, n_estimators=200;, score=0.899 total time=  24.7s
[CV 2/3] END max_depth=20, max_features=log2, min_samples_leaf=1, min_samples_split=5, n_estimators=100;, score=0.873 total time=   3.0s
[CV 3/3] END max_depth=20, max_features=log2, min_samples_leaf=1, min_samples_split=10, n_estimators=200;, score=0.867 total time=   6.0s
[CV 3/3] END max_depth=20, max_features=log2, min_samples_leaf=2, min_samples_split=10, n_estimators=100;, score=0.855 total time=   2.9s
[CV 3/3] END max_depth=20, max_features=log2, min_samples_leaf=4, min_samples_split=5, n_estimators=200;, score=0.879 total time=   5.1s
[CV 1/3] END max_depth=30, max_features=sqrt, min_samples_leaf=2, min_samples_split=2, n_estimators=100;, score=0.905 total time=  11.8s
[CV 1/3] END max_depth=30, max_features=sqrt, min_samples_leaf=4, min_samples_split=5, n_estimators=100;, score=0.919 total time=  10.5s
[CV 3/3] END max_depth=30, max_features=sqrt, min_samples_leaf=4, min_samples_split=10, n_estimators=300;, score=0.910 total time=  31.6s
[CV 3/3] END max_depth=40, max_features=sqrt, min_samples_leaf=4, min_samples_split=2, n_estimators=300;, score=0.931 total time=  30.7s
[CV 2/3] END max_depth=10, max_features=sqrt, min_samples_leaf=1, min_samples_split=10, n_estimators=300;, score=0.908 total time=  32.0s
[CV 2/3] END max_depth=10, max_features=log2, min_samples_leaf=4, min_samples_split=5, n_estimators=200;, score=0.870 total time=   4.8s
[CV 3/3] END max_depth=20, max_features=sqrt, min_samples_leaf=1, min_samples_split=10, n_estimators=300;, score=0.887 total time=  36.5s
[CV 1/3] END max_depth=20, max_features=log2, min_samples_leaf=4, min_samples_split=5, n_estimators=200;, score=0.850 total time=   5.2s
[CV 3/3] END max_depth=30, max_features=sqrt, min_samples_leaf=1, min_samples_split=10, n_estimators=300;, score=0.905 total time=  36.8s
[CV 1/3] END max_depth=30, max_features=log2, min_samples_leaf=4, min_samples_split=5, n_estimators=100;, score=0.841 total time=   2.6s
[CV 1/3] END max_depth=40, max_features=sqrt, min_samples_leaf=1, min_samples_split=2, n_estimators=200;, score=0.899 total time=  25.2s
[CV 3/3] END max_depth=40, max_features=sqrt, min_samples_leaf=4, min_samples_split=10, n_estimators=200;, score=0.905 total time=  20.2s
[CV 2/3] END max_depth=10, max_features=sqrt, min_samples_leaf=1, min_samples_split=5, n_estimators=300;, score=0.899 total time=  32.1s
[CV 2/3] END max_depth=10, max_features=log2, min_samples_leaf=4, min_samples_split=5, n_estimators=100;, score=0.832 total time=   2.4s
[CV 3/3] END max_depth=20, max_features=sqrt, min_samples_leaf=1, min_samples_split=5, n_estimators=100;, score=0.876 total time=  12.5s
[CV 2/3] END max_depth=20, max_features=sqrt, min_samples_leaf=4, min_samples_split=2, n_estimators=200;, score=0.899 total time=  21.4s
[CV 1/3] END max_depth=20, max_features=log2, min_samples_leaf=2, min_samples_split=2, n_estimators=300;, score=0.876 total time=   8.8s
[CV 3/3] END max_depth=30, max_features=sqrt, min_samples_leaf=1, min_samples_split=5, n_estimators=300;, score=0.896 total time=  37.8s
[CV 1/3] END max_depth=30, max_features=log2, min_samples_leaf=4, min_samples_split=2, n_estimators=300;, score=0.853 total time=   7.9s
[CV 2/3] END max_depth=40, max_features=sqrt, min_samples_leaf=2, min_samples_split=5, n_estimators=200;, score=0.922 total time=  24.0s
[CV 3/3] END max_depth=40, max_features=log2, min_samples_leaf=1, min_samples_split=5, n_estimators=300;, score=0.902 total time=   9.1s
[CV 1/3] END max_depth=40, max_features=log2, min_samples_leaf=4, min_samples_split=2, n_estimators=100;, score=0.850 total time=   2.7s
[CV 3/3] END max_depth=40, max_features=log2, min_samples_leaf=4, min_samples_split=10, n_estimators=200;, score=0.882 total time=   4.3s
[CV 1/3] END max_depth=10, max_features=sqrt, min_samples_leaf=2, min_samples_split=10, n_estimators=300;, score=0.922 total time=  32.0s
[CV 3/3] END max_depth=10, max_features=log2, min_samples_leaf=4, min_samples_split=10, n_estimators=300;, score=0.884 total time=   7.2s
[CV 2/3] END max_depth=20, max_features=sqrt, min_samples_leaf=2, min_samples_split=5, n_estimators=300;, score=0.884 total time=  35.8s
[CV 3/3] END max_depth=30, max_features=sqrt, min_samples_leaf=1, min_samples_split=2, n_estimators=100;, score=0.870 total time=  12.8s
[CV 1/3] END max_depth=30, max_features=sqrt, min_samples_leaf=4, min_samples_split=2, n_estimators=100;, score=0.916 total time=  10.7s
[CV 3/3] END max_depth=30, max_features=sqrt, min_samples_leaf=4, min_samples_split=10, n_estimators=100;, score=0.896 total time=  10.7s
[CV 2/3] END max_depth=30, max_features=log2, min_samples_leaf=2, min_samples_split=2, n_estimators=200;, score=0.864 total time=   5.8s
[CV 1/3] END max_depth=30, max_features=log2, min_samples_leaf=4, min_samples_split=5, n_estimators=300;, score=0.870 total time=   7.7s
[CV 3/3] END max_depth=40, max_features=sqrt, min_samples_leaf=2, min_samples_split=5, n_estimators=300;, score=0.908 total time=  35.6s
[CV 2/3] END max_depth=40, max_features=log2, min_samples_leaf=4, min_samples_split=10, n_estimators=200;, score=0.858 total time=   4.4s
[CV 3/3] END max_depth=10, max_features=sqrt, min_samples_leaf=1, min_samples_split=10, n_estimators=200;, score=0.922 total time=  21.3s
[CV 1/3] END max_depth=10, max_features=log2, min_samples_leaf=1, min_samples_split=5, n_estimators=100;, score=0.862 total time=   2.6s
[CV 3/3] END max_depth=10, max_features=log2, min_samples_leaf=1, min_samples_split=10, n_estimators=200;, score=0.902 total time=   5.1s
[CV 3/3] END max_depth=10, max_features=log2, min_samples_leaf=2, min_samples_split=5, n_estimators=200;, score=0.884 total time=   5.0s
[CV 2/3] END max_depth=20, max_features=sqrt, min_samples_leaf=1, min_samples_split=2, n_estimators=300;, score=0.910 total time=  36.9s
[CV 1/3] END max_depth=20, max_features=log2, min_samples_leaf=2, min_samples_split=10, n_estimators=200;, score=0.850 total time=   5.6s
[CV 2/3] END max_depth=30, max_features=sqrt, min_samples_leaf=1, min_samples_split=5, n_estimators=200;, score=0.905 total time=  25.2s
[CV 1/3] END max_depth=30, max_features=log2, min_samples_leaf=1, min_samples_split=2, n_estimators=200;, score=0.876 total time=   6.1s
[CV 3/3] END max_depth=30, max_features=log2, min_samples_leaf=1, min_samples_split=10, n_estimators=300;, score=0.870 total time=   8.9s
[CV 1/3] END max_depth=40, max_features=sqrt, min_samples_leaf=1, min_samples_split=2, n_estimators=100;, score=0.908 total time=  12.4s
[CV 3/3] END max_depth=40, max_features=sqrt, min_samples_leaf=2, min_samples_split=10, n_estimators=300;, score=0.908 total time=  34.0s
[CV 2/3] END max_depth=10, max_features=sqrt, min_samples_leaf=1, min_samples_split=5, n_estimators=100;, score=0.896 total time=  10.8s
[CV 2/3] END max_depth=10, max_features=sqrt, min_samples_leaf=4, min_samples_split=5, n_estimators=100;, score=0.902 total time=   9.8s
[CV 2/3] END max_depth=10, max_features=sqrt, min_samples_leaf=4, min_samples_split=10, n_estimators=300;, score=0.908 total time=  29.1s
[CV 1/3] END max_depth=20, max_features=sqrt, min_samples_leaf=4, min_samples_split=5, n_estimators=200;, score=0.919 total time=  21.0s
[CV 2/3] END max_depth=20, max_features=log2, min_samples_leaf=2, min_samples_split=10, n_estimators=100;, score=0.847 total time=   2.8s
[CV 2/3] END max_depth=20, max_features=log2, min_samples_leaf=4, min_samples_split=5, n_estimators=200;, score=0.870 total time=   5.2s
[CV 3/3] END max_depth=30, max_features=sqrt, min_samples_leaf=2, min_samples_split=2, n_estimators=100;, score=0.896 total time=  11.9s
[CV 1/3] END max_depth=30, max_features=sqrt, min_samples_leaf=4, min_samples_split=5, n_estimators=200;, score=0.911 total time=  21.4s
[CV 2/3] END max_depth=30, max_features=log2, min_samples_leaf=2, min_samples_split=5, n_estimators=200;, score=0.873 total time=   6.0s
[CV 3/3] END max_depth=40, max_features=sqrt, min_samples_leaf=1, min_samples_split=2, n_estimators=300;, score=0.910 total time=  38.0s
[CV 3/3] END max_depth=40, max_features=log2, min_samples_leaf=2, min_samples_split=10, n_estimators=300;, score=0.876 total time=   7.4s
[CV 2/3] END max_depth=10, max_features=sqrt, min_samples_leaf=1, min_samples_split=5, n_estimators=200;, score=0.896 total time=  21.6s
[CV 3/3] END max_depth=10, max_features=log2, min_samples_leaf=1, min_samples_split=5, n_estimators=100;, score=0.870 total time=   2.6s
[CV 2/3] END max_depth=10, max_features=log2, min_samples_leaf=1, min_samples_split=10, n_estimators=300;, score=0.890 total time=   7.7s
[CV 3/3] END max_depth=10, max_features=log2, min_samples_leaf=4, min_samples_split=5, n_estimators=100;, score=0.864 total time=   2.3s
[CV 2/3] END max_depth=20, max_features=sqrt, min_samples_leaf=1, min_samples_split=5, n_estimators=100;, score=0.896 total time=  12.4s
[CV 3/3] END max_depth=20, max_features=sqrt, min_samples_leaf=4, min_samples_split=2, n_estimators=100;, score=0.899 total time=  10.5s
[CV 2/3] END max_depth=20, max_features=sqrt, min_samples_leaf=4, min_samples_split=10, n_estimators=200;, score=0.899 total time=  20.6s
[CV 3/3] END max_depth=30, max_features=sqrt, min_samples_leaf=1, min_samples_split=10, n_estimators=200;, score=0.896 total time=  24.4s
[CV 3/3] END max_depth=30, max_features=log2, min_samples_leaf=1, min_samples_split=2, n_estimators=200;, score=0.882 total time=   6.1s
[CV 2/3] END max_depth=30, max_features=log2, min_samples_leaf=2, min_samples_split=2, n_estimators=100;, score=0.864 total time=   2.8s
[CV 1/3] END max_depth=30, max_features=log2, min_samples_leaf=2, min_samples_split=5, n_estimators=200;, score=0.853 total time=   5.7s
[CV 2/3] END max_depth=40, max_features=sqrt, min_samples_leaf=1, min_samples_split=2, n_estimators=100;, score=0.916 total time=  12.6s
[CV 1/3] END max_depth=40, max_features=sqrt, min_samples_leaf=4, min_samples_split=2, n_estimators=100;, score=0.890 total time=  10.6s
[CV 3/3] END max_depth=40, max_features=sqrt, min_samples_leaf=4, min_samples_split=10, n_estimators=100;, score=0.910 total time=  10.5s
[CV 2/3] END max_depth=40, max_features=log2, min_samples_leaf=2, min_samples_split=2, n_estimators=200;, score=0.855 total time=   5.7s
[CV 2/3] END max_depth=40, max_features=log2, min_samples_leaf=4, min_samples_split=2, n_estimators=300;, score=0.873 total time=   6.7s
[CV 3/3] END max_depth=10, max_features=sqrt, min_samples_leaf=2, min_samples_split=2, n_estimators=100;, score=0.899 total time=  10.6s
[CV 1/3] END max_depth=10, max_features=sqrt, min_samples_leaf=4, min_samples_split=5, n_estimators=300;, score=0.931 total time=  29.7s
[CV 1/3] END max_depth=20, max_features=sqrt, min_samples_leaf=2, min_samples_split=10, n_estimators=300;, score=0.914 total time=  35.8s
[CV 3/3] END max_depth=30, max_features=sqrt, min_samples_leaf=1, min_samples_split=2, n_estimators=300;, score=0.893 total time=  38.2s
[CV 2/3] END max_depth=30, max_features=log2, min_samples_leaf=4, min_samples_split=2, n_estimators=200;, score=0.870 total time=   5.2s
[CV 3/3] END max_depth=40, max_features=sqrt, min_samples_leaf=1, min_samples_split=10, n_estimators=100;, score=0.899 total time=  12.5s
[CV 2/3] END max_depth=40, max_features=sqrt, min_samples_leaf=4, min_samples_split=2, n_estimators=300;, score=0.887 total time=  31.5s
[CV 3/3] END max_depth=10, max_features=sqrt, min_samples_leaf=1, min_samples_split=2, n_estimators=100;, score=0.910 total time=  10.7s
[CV 1/3] END max_depth=10, max_features=sqrt, min_samples_leaf=4, min_samples_split=2, n_estimators=200;, score=0.914 total time=  19.3s
[CV 3/3] END max_depth=10, max_features=log2, min_samples_leaf=2, min_samples_split=10, n_estimators=100;, score=0.884 total time=   2.4s
[CV 3/3] END max_depth=10, max_features=log2, min_samples_leaf=4, min_samples_split=10, n_estimators=200;, score=0.887 total time=   4.7s
[CV 3/3] END max_depth=20, max_features=sqrt, min_samples_leaf=2, min_samples_split=2, n_estimators=200;, score=0.899 total time=  23.4s
[CV 1/3] END max_depth=20, max_features=log2, min_samples_leaf=1, min_samples_split=2, n_estimators=300;, score=0.865 total time=   9.2s
[CV 1/3] END max_depth=20, max_features=log2, min_samples_leaf=2, min_samples_split=5, n_estimators=300;, score=0.862 total time=   8.6s
[CV 1/3] END max_depth=30, max_features=sqrt, min_samples_leaf=1, min_samples_split=10, n_estimators=300;, score=0.908 total time=  37.8s
[CV 3/3] END max_depth=30, max_features=log2, min_samples_leaf=4, min_samples_split=10, n_estimators=100;, score=0.867 total time=   2.5s
[CV 1/3] END max_depth=40, max_features=sqrt, min_samples_leaf=1, min_samples_split=5, n_estimators=300;, score=0.908 total time=  37.8s
[CV 1/3] END max_depth=40, max_features=log2, min_samples_leaf=4, min_samples_split=2, n_estimators=300;, score=0.876 total time=   7.2s
[CV 2/3] END max_depth=10, max_features=sqrt, min_samples_leaf=1, min_samples_split=2, n_estimators=100;, score=0.902 total time=  10.9s
[CV 2/3] END max_depth=10, max_features=sqrt, min_samples_leaf=4, min_samples_split=2, n_estimators=300;, score=0.910 total time=  29.3s
[CV 1/3] END max_depth=20, max_features=sqrt, min_samples_leaf=2, min_samples_split=10, n_estimators=200;, score=0.893 total time=  23.8s
[CV 3/3] END max_depth=20, max_features=log2, min_samples_leaf=1, min_samples_split=10, n_estimators=100;, score=0.873 total time=   2.9s
[CV 2/3] END max_depth=20, max_features=log2, min_samples_leaf=2, min_samples_split=2, n_estimators=200;, score=0.876 total time=   5.7s
[CV 3/3] END max_depth=20, max_features=log2, min_samples_leaf=4, min_samples_split=2, n_estimators=300;, score=0.893 total time=   7.8s
[CV 1/3] END max_depth=30, max_features=sqrt, min_samples_leaf=2, min_samples_split=5, n_estimators=200;, score=0.899 total time=  23.9s
[CV 3/3] END max_depth=30, max_features=log2, min_samples_leaf=1, min_samples_split=5, n_estimators=200;, score=0.873 total time=   6.1s
[CV 3/3] END max_depth=30, max_features=log2, min_samples_leaf=2, min_samples_split=2, n_estimators=300;, score=0.873 total time=   8.7s
[CV 1/3] END max_depth=40, max_features=sqrt, min_samples_leaf=1, min_samples_split=10, n_estimators=100;, score=0.885 total time=  12.6s
[CV 3/3] END max_depth=40, max_features=sqrt, min_samples_leaf=4, min_samples_split=2, n_estimators=200;, score=0.916 total time=  21.3s
[CV 2/3] END max_depth=40, max_features=log2, min_samples_leaf=2, min_samples_split=5, n_estimators=100;, score=0.864 total time=   2.8s
[CV 1/3] END max_depth=40, max_features=log2, min_samples_leaf=2, min_samples_split=10, n_estimators=300;, score=0.870 total time=   7.7s
[CV 1/3] END max_depth=10, max_features=sqrt, min_samples_leaf=1, min_samples_split=5, n_estimators=100;, score=0.902 total time=  10.7s
[CV 3/3] END max_depth=10, max_features=sqrt, min_samples_leaf=4, min_samples_split=2, n_estimators=300;, score=0.925 total time=  29.2s
[CV 2/3] END max_depth=20, max_features=sqrt, min_samples_leaf=2, min_samples_split=10, n_estimators=100;, score=0.882 total time=  11.5s
[CV 1/3] END max_depth=20, max_features=sqrt, min_samples_leaf=4, min_samples_split=10, n_estimators=100;, score=0.902 total time=  10.5s
[CV 3/3] END max_depth=20, max_features=log2, min_samples_leaf=1, min_samples_split=5, n_estimators=100;, score=0.855 total time=   3.0s
[CV 1/3] END max_depth=20, max_features=log2, min_samples_leaf=1, min_samples_split=10, n_estimators=300;, score=0.865 total time=   8.9s
[CV 2/3] END max_depth=20, max_features=log2, min_samples_leaf=4, min_samples_split=10, n_estimators=100;, score=0.850 total time=   2.5s
[CV 2/3] END max_depth=30, max_features=sqrt, min_samples_leaf=1, min_samples_split=5, n_estimators=100;, score=0.910 total time=  12.5s
[CV 2/3] END max_depth=30, max_features=sqrt, min_samples_leaf=4, min_samples_split=2, n_estimators=200;, score=0.905 total time=  20.9s
[CV 1/3] END max_depth=30, max_features=log2, min_samples_leaf=2, min_samples_split=2, n_estimators=300;, score=0.888 total time=   8.7s
[CV 2/3] END max_depth=40, max_features=sqrt, min_samples_leaf=1, min_samples_split=5, n_estimators=200;, score=0.893 total time=  25.1s
[CV 3/3] END max_depth=40, max_features=log2, min_samples_leaf=1, min_samples_split=2, n_estimators=100;, score=0.882 total time=   3.0s
[CV 1/3] END max_depth=40, max_features=log2, min_samples_leaf=1, min_samples_split=5, n_estimators=300;, score=0.839 total time=   9.2s
[CV 2/3] END max_depth=40, max_features=log2, min_samples_leaf=2, min_samples_split=10, n_estimators=300;, score=0.870 total time=   7.7s
[CV 2/3] END max_depth=10, max_features=sqrt, min_samples_leaf=1, min_samples_split=10, n_estimators=100;, score=0.896 total time=  10.6s
[CV 3/3] END max_depth=10, max_features=sqrt, min_samples_leaf=4, min_samples_split=2, n_estimators=200;, score=0.905 total time=  19.3s
[CV 2/3] END max_depth=10, max_features=log2, min_samples_leaf=2, min_samples_split=10, n_estimators=200;, score=0.879 total time=   4.9s
[CV 3/3] END max_depth=20, max_features=sqrt, min_samples_leaf=1, min_samples_split=5, n_estimators=300;, score=0.913 total time=  37.0s
[CV 2/3] END max_depth=20, max_features=log2, min_samples_leaf=2, min_samples_split=10, n_estimators=300;, score=0.882 total time=   8.3s
[CV 3/3] END max_depth=30, max_features=sqrt, min_samples_leaf=2, min_samples_split=5, n_estimators=100;, score=0.890 total time=  11.9s
[CV 2/3] END max_depth=30, max_features=sqrt, min_samples_leaf=4, min_samples_split=5, n_estimators=300;, score=0.887 total time=  32.0s
[CV 1/3] END max_depth=40, max_features=sqrt, min_samples_leaf=2, min_samples_split=10, n_estimators=200;, score=0.925 total time=  23.9s
[CV 3/3] END max_depth=40, max_features=log2, min_samples_leaf=1, min_samples_split=10, n_estimators=100;, score=0.864 total time=   3.0s
[CV 1/3] END max_depth=40, max_features=log2, min_samples_leaf=2, min_samples_split=2, n_estimators=200;, score=0.859 total time=   5.8s
[CV 3/3] END max_depth=40, max_features=log2, min_samples_leaf=4, min_samples_split=2, n_estimators=300;, score=0.893 total time=   7.1s
[CV 3/3] END max_depth=10, max_features=sqrt, min_samples_leaf=1, min_samples_split=10, n_estimators=300;, score=0.910 total time=  32.2s
[CV 2/3] END max_depth=10, max_features=log2, min_samples_leaf=4, min_samples_split=5, n_estimators=300;, score=0.876 total time=   7.2s
[CV 2/3] END max_depth=20, max_features=sqrt, min_samples_leaf=2, min_samples_split=5, n_estimators=200;, score=0.902 total time=  23.5s
[CV 1/3] END max_depth=20, max_features=log2, min_samples_leaf=1, min_samples_split=5, n_estimators=300;, score=0.862 total time=   9.1s
[CV 3/3] END max_depth=20, max_features=log2, min_samples_leaf=4, min_samples_split=2, n_estimators=200;, score=0.876 total time=   5.2s
[CV 3/3] END max_depth=30, max_features=sqrt, min_samples_leaf=1, min_samples_split=10, n_estimators=100;, score=0.884 total time=  12.6s
[CV 2/3] END max_depth=30, max_features=sqrt, min_samples_leaf=4, min_samples_split=2, n_estimators=300;, score=0.896 total time=  31.9s
[CV 2/3] END max_depth=40, max_features=sqrt, min_samples_leaf=2, min_samples_split=2, n_estimators=300;, score=0.893 total time=  36.1s
[CV 3/3] END max_depth=40, max_features=log2, min_samples_leaf=4, min_samples_split=5, n_estimators=300;, score=0.876 total time=   6.4s
[CV 3/3] END max_depth=10, max_features=sqrt, min_samples_leaf=2, min_samples_split=2, n_estimators=200;, score=0.922 total time=  20.8s
[CV 2/3] END max_depth=10, max_features=log2, min_samples_leaf=1, min_samples_split=2, n_estimators=100;, score=0.876 total time=   2.6s
[CV 1/3] END max_depth=10, max_features=log2, min_samples_leaf=1, min_samples_split=10, n_estimators=200;, score=0.870 total time=   5.1s
[CV 1/3] END max_depth=10, max_features=log2, min_samples_leaf=2, min_samples_split=5, n_estimators=100;, score=0.853 total time=   2.5s
[CV 2/3] END max_depth=10, max_features=log2, min_samples_leaf=4, min_samples_split=2, n_estimators=100;, score=0.855 total time=   2.3s
[CV 2/3] END max_depth=20, max_features=sqrt, min_samples_leaf=1, min_samples_split=2, n_estimators=200;, score=0.899 total time=  25.5s
[CV 3/3] END max_depth=20, max_features=sqrt, min_samples_leaf=4, min_samples_split=10, n_estimators=300;, score=0.922 total time=  31.9s
[CV 2/3] END max_depth=30, max_features=sqrt, min_samples_leaf=4, min_samples_split=5, n_estimators=200;, score=0.908 total time=  21.2s
[CV 2/3] END max_depth=30, max_features=log2, min_samples_leaf=2, min_samples_split=5, n_estimators=300;, score=0.861 total time=   8.6s
[CV 1/3] END max_depth=40, max_features=sqrt, min_samples_leaf=2, min_samples_split=2, n_estimators=100;, score=0.911 total time=  12.0s
[CV 1/3] END max_depth=40, max_features=sqrt, min_samples_leaf=4, min_samples_split=5, n_estimators=200;, score=0.916 total time=  21.7s
[CV 2/3] END max_depth=40, max_features=log2, min_samples_leaf=2, min_samples_split=10, n_estimators=100;, score=0.867 total time=   2.9s
[CV 1/3] END max_depth=40, max_features=log2, min_samples_leaf=4, min_samples_split=5, n_estimators=300;, score=0.844 total time=   6.6s
[CV 1/3] END max_depth=10, max_features=sqrt, min_samples_leaf=1, min_samples_split=5, n_estimators=300;, score=0.911 total time=  32.5s
[CV 1/3] END max_depth=10, max_features=log2, min_samples_leaf=4, min_samples_split=10, n_estimators=300;, score=0.867 total time=   7.3s
[CV 3/3] END max_depth=20, max_features=sqrt, min_samples_leaf=2, min_samples_split=5, n_estimators=300;, score=0.902 total time=  35.7s
[CV 2/3] END max_depth=30, max_features=sqrt, min_samples_leaf=1, min_samples_split=2, n_estimators=100;, score=0.902 total time=  13.0s
[CV 2/3] END max_depth=30, max_features=sqrt, min_samples_leaf=4, min_samples_split=2, n_estimators=100;, score=0.896 total time=  10.7s
[CV 1/3] END max_depth=30, max_features=sqrt, min_samples_leaf=4, min_samples_split=10, n_estimators=200;, score=0.919 total time=  21.4s
[CV 2/3] END max_depth=40, max_features=sqrt, min_samples_leaf=1, min_samples_split=10, n_estimators=200;, score=0.896 total time=  25.0s
[CV 1/3] END max_depth=40, max_features=log2, min_samples_leaf=1, min_samples_split=5, n_estimators=100;, score=0.850 total time=   3.1s
[CV 2/3] END max_depth=40, max_features=log2, min_samples_leaf=1, min_samples_split=10, n_estimators=200;, score=0.867 total time=   6.1s
[CV 3/3] END max_depth=40, max_features=log2, min_samples_leaf=2, min_samples_split=10, n_estimators=100;, score=0.858 total time=   2.8s
[CV 2/3] END max_depth=40, max_features=log2, min_samples_leaf=4, min_samples_split=5, n_estimators=300;, score=0.847 total time=   6.5s
[CV 1/3] END max_depth=10, max_features=sqrt, min_samples_leaf=2, min_samples_split=5, n_estimators=300;, score=0.911 total time=  31.9s
[CV 1/3] END max_depth=10, max_features=log2, min_samples_leaf=4, min_samples_split=10, n_estimators=100;, score=0.853 total time=   2.4s
[CV 2/3] END max_depth=20, max_features=sqrt, min_samples_leaf=1, min_samples_split=5, n_estimators=300;, score=0.905 total time=  37.1s
[CV 1/3] END max_depth=20, max_features=log2, min_samples_leaf=2, min_samples_split=10, n_estimators=300;, score=0.839 total time=   8.6s
[CV 2/3] END max_depth=30, max_features=sqrt, min_samples_leaf=2, min_samples_split=5, n_estimators=200;, score=0.896 total time=  24.0s
[CV 1/3] END max_depth=30, max_features=log2, min_samples_leaf=1, min_samples_split=5, n_estimators=300;, score=0.862 total time=   9.2s
[CV 2/3] END max_depth=30, max_features=log2, min_samples_leaf=2, min_samples_split=10, n_estimators=300;, score=0.853 total time=   8.5s
[CV 1/3] END max_depth=40, max_features=sqrt, min_samples_leaf=2, min_samples_split=5, n_estimators=100;, score=0.902 total time=  12.3s
[CV 2/3] END max_depth=40, max_features=sqrt, min_samples_leaf=4, min_samples_split=5, n_estimators=300;, score=0.902 total time=  30.4s
[CV 3/3] END max_depth=10, max_features=sqrt, min_samples_leaf=1, min_samples_split=5, n_estimators=300;, score=0.928 total time=  32.4s
[CV 2/3] END max_depth=10, max_features=log2, min_samples_leaf=4, min_samples_split=10, n_estimators=100;, score=0.861 total time=   2.3s
[CV 2/3] END max_depth=20, max_features=sqrt, min_samples_leaf=1, min_samples_split=5, n_estimators=200;, score=0.913 total time=  24.3s
[CV 2/3] END max_depth=20, max_features=sqrt, min_samples_leaf=4, min_samples_split=10, n_estimators=300;, score=0.913 total time=  31.4s
[CV 3/3] END max_depth=30, max_features=sqrt, min_samples_leaf=4, min_samples_split=2, n_estimators=300;, score=0.919 total time=  32.0s
[CV 2/3] END max_depth=40, max_features=sqrt, min_samples_leaf=2, min_samples_split=5, n_estimators=100;, score=0.902 total time=  11.9s
[CV 1/3] END max_depth=40, max_features=sqrt, min_samples_leaf=4, min_samples_split=5, n_estimators=300;, score=0.905 total time=  31.0s
[CV 2/3] END max_depth=10, max_features=sqrt, min_samples_leaf=2, min_samples_split=10, n_estimators=300;, score=0.899 total time=  32.6s
[CV 2/3] END max_depth=20, max_features=sqrt, min_samples_leaf=1, min_samples_split=2, n_estimators=100;, score=0.896 total time=  12.4s
[CV 1/3] END max_depth=20, max_features=sqrt, min_samples_leaf=4, min_samples_split=2, n_estimators=100;, score=0.899 total time=  10.6s
[CV 1/3] END max_depth=20, max_features=sqrt, min_samples_leaf=4, min_samples_split=10, n_estimators=200;, score=0.902 total time=  21.1s
[CV 1/3] END max_depth=30, max_features=sqrt, min_samples_leaf=1, min_samples_split=5, n_estimators=300;, score=0.896 total time=  38.3s
[CV 3/3] END max_depth=30, max_features=log2, min_samples_leaf=4, min_samples_split=2, n_estimators=300;, score=0.870 total time=   7.7s
[CV 1/3] END max_depth=40, max_features=sqrt, min_samples_leaf=2, min_samples_split=5, n_estimators=300;, score=0.931 total time=  36.2s
[CV 3/3] END max_depth=40, max_features=log2, min_samples_leaf=4, min_samples_split=10, n_estimators=300;, score=0.884 total time=   6.0s
[CV 2/3] END max_depth=10, max_features=sqrt, min_samples_leaf=1, min_samples_split=2, n_estimators=300;, score=0.905 total time=  32.7s
[CV 2/3] END max_depth=10, max_features=log2, min_samples_leaf=4, min_samples_split=10, n_estimators=300;, score=0.890 total time=   7.1s
[CV 1/3] END max_depth=20, max_features=sqrt, min_samples_leaf=2, min_samples_split=5, n_estimators=300;, score=0.893 total time=  36.0s
[CV 1/3] END max_depth=30, max_features=sqrt, min_samples_leaf=1, min_samples_split=2, n_estimators=200;, score=0.899 total time=  25.4s
[CV 1/3] END max_depth=30, max_features=sqrt, min_samples_leaf=4, min_samples_split=10, n_estimators=300;, score=0.916 total time=  32.3s
[CV 3/3] END max_depth=40, max_features=sqrt, min_samples_leaf=4, min_samples_split=5, n_estimators=100;, score=0.902 total time=  10.6s
[CV 2/3] END max_depth=40, max_features=log2, min_samples_leaf=1, min_samples_split=2, n_estimators=100;, score=0.844 total time=   3.0s
[CV 2/3] END max_depth=40, max_features=log2, min_samples_leaf=1, min_samples_split=5, n_estimators=300;, score=0.884 total time=   9.3s
[CV 3/3] END max_depth=40, max_features=log2, min_samples_leaf=4, min_samples_split=2, n_estimators=100;, score=0.864 total time=   2.6s
[CV 1/3] END max_depth=40, max_features=log2, min_samples_leaf=4, min_samples_split=10, n_estimators=300;, score=0.844 total time=   6.1s
[CV 1/3] END max_depth=10, max_features=sqrt, min_samples_leaf=1, min_samples_split=5, n_estimators=200;, score=0.914 total time=  21.6s
[CV 1/3] END max_depth=10, max_features=log2, min_samples_leaf=1, min_samples_split=5, n_estimators=300;, score=0.882 total time=   7.9s
[CV 3/3] END max_depth=10, max_features=log2, min_samples_leaf=2, min_samples_split=5, n_estimators=300;, score=0.896 total time=   7.5s
[CV 2/3] END max_depth=20, max_features=sqrt, min_samples_leaf=2, min_samples_split=2, n_estimators=100;, score=0.910 total time=  11.4s
[CV 3/3] END max_depth=20, max_features=sqrt, min_samples_leaf=4, min_samples_split=2, n_estimators=300;, score=0.908 total time=  31.4s
[CV 3/3] END max_depth=30, max_features=sqrt, min_samples_leaf=2, min_samples_split=2, n_estimators=200;, score=0.908 total time=  23.5s
[CV 1/3] END max_depth=30, max_features=log2, min_samples_leaf=1, min_samples_split=5, n_estimators=100;, score=0.847 total time=   3.1s
[CV 3/3] END max_depth=30, max_features=log2, min_samples_leaf=1, min_samples_split=10, n_estimators=200;, score=0.850 total time=   6.0s
[CV 3/3] END max_depth=30, max_features=log2, min_samples_leaf=2, min_samples_split=10, n_estimators=100;, score=0.864 total time=   2.8s
[CV 2/3] END max_depth=30, max_features=log2, min_samples_leaf=4, min_samples_split=5, n_estimators=200;, score=0.867 total time=   5.2s
[CV 2/3] END max_depth=40, max_features=sqrt, min_samples_leaf=1, min_samples_split=10, n_estimators=300;, score=0.882 total time=  38.3s
[CV 2/3] END max_depth=40, max_features=log2, min_samples_leaf=4, min_samples_split=10, n_estimators=300;, score=0.864 total time=   6.0s
[CV 3/3] END max_depth=10, max_features=sqrt, min_samples_leaf=1, min_samples_split=10, n_estimators=100;, score=0.899 total time=  10.7s
[CV 2/3] END max_depth=10, max_features=sqrt, min_samples_leaf=4, min_samples_split=5, n_estimators=200;, score=0.893 total time=  19.5s
[CV 3/3] END max_depth=10, max_features=log2, min_samples_leaf=2, min_samples_split=10, n_estimators=200;, score=0.873 total time=   5.1s
[CV 3/3] END max_depth=20, max_features=sqrt, min_samples_leaf=1, min_samples_split=10, n_estimators=100;, score=0.887 total time=  12.2s
[CV 3/3] END max_depth=20, max_features=sqrt, min_samples_leaf=4, min_samples_split=2, n_estimators=200;, score=0.908 total time=  21.4s
[CV 1/3] END max_depth=20, max_features=log2, min_samples_leaf=2, min_samples_split=5, n_estimators=100;, score=0.859 total time=   2.9s
[CV 1/3] END max_depth=20, max_features=log2, min_samples_leaf=4, min_samples_split=2, n_estimators=100;, score=0.873 total time=   2.6s
[CV 3/3] END max_depth=20, max_features=log2, min_samples_leaf=4, min_samples_split=10, n_estimators=200;, score=0.873 total time=   5.2s
[CV 2/3] END max_depth=30, max_features=sqrt, min_samples_leaf=2, min_samples_split=5, n_estimators=100;, score=0.884 total time=  11.8s
[CV 1/3] END max_depth=30, max_features=sqrt, min_samples_leaf=4, min_samples_split=5, n_estimators=300;, score=0.934 total time=  32.0s
[CV 3/3] END max_depth=40, max_features=sqrt, min_samples_leaf=2, min_samples_split=10, n_estimators=100;, score=0.882 total time=  11.4s
[CV 3/3] END max_depth=40, max_features=sqrt, min_samples_leaf=4, min_samples_split=5, n_estimators=300;, score=0.902 total time=  30.2s
[CV 2/3] END max_depth=10, max_features=sqrt, min_samples_leaf=2, min_samples_split=5, n_estimators=300;, score=0.910 total time=  31.1s
[CV 1/3] END max_depth=10, max_features=log2, min_samples_leaf=4, min_samples_split=2, n_estimators=100;, score=0.847 total time=   2.3s
[CV 1/3] END max_depth=20, max_features=sqrt, min_samples_leaf=1, min_samples_split=2, n_estimators=200;, score=0.928 total time=  25.0s
[CV 3/3] END max_depth=20, max_features=sqrt, min_samples_leaf=4, min_samples_split=10, n_estimators=200;, score=0.908 total time=  21.0s
[CV 2/3] END max_depth=30, max_features=sqrt, min_samples_leaf=2, min_samples_split=2, n_estimators=200;, score=0.899 total time=  23.5s
[CV 2/3] END max_depth=30, max_features=log2, min_samples_leaf=1, min_samples_split=2, n_estimators=300;, score=0.879 total time=   9.2s
[CV 3/3] END max_depth=30, max_features=log2, min_samples_leaf=2, min_samples_split=5, n_estimators=300;, score=0.890 total time=   8.6s
[CV 2/3] END max_depth=40, max_features=sqrt, min_samples_leaf=2, min_samples_split=2, n_estimators=100;, score=0.879 total time=  11.7s
[CV 1/3] END max_depth=40, max_features=sqrt, min_samples_leaf=4, min_samples_split=5, n_estimators=100;, score=0.896 total time=  10.5s
[CV 3/3] END max_depth=40, max_features=sqrt, min_samples_leaf=4, min_samples_split=10, n_estimators=300;, score=0.913 total time=  27.0s
[CV 1/3] END max_depth=10, max_features=sqrt, min_samples_leaf=1, min_samples_split=2, n_estimators=100;, score=0.893 total time=  10.8s
[CV 2/3] END max_depth=10, max_features=sqrt, min_samples_leaf=4, min_samples_split=2, n_estimators=200;, score=0.908 total time=  19.2s
[CV 2/3] END max_depth=10, max_features=log2, min_samples_leaf=2, min_samples_split=10, n_estimators=100;, score=0.853 total time=   2.5s
[CV 2/3] END max_depth=10, max_features=log2, min_samples_leaf=4, min_samples_split=10, n_estimators=200;, score=0.879 total time=   4.7s
[CV 2/3] END max_depth=20, max_features=sqrt, min_samples_leaf=2, min_samples_split=2, n_estimators=200;, score=0.899 total time=  23.4s
[CV 3/3] END max_depth=20, max_features=log2, min_samples_leaf=1, min_samples_split=2, n_estimators=200;, score=0.867 total time=   5.9s
[CV 1/3] END max_depth=20, max_features=log2, min_samples_leaf=2, min_samples_split=2, n_estimators=200;, score=0.865 total time=   5.7s
[CV 1/3] END max_depth=20, max_features=log2, min_samples_leaf=4, min_samples_split=2, n_estimators=300;, score=0.853 total time=   7.7s
[CV 1/3] END max_depth=30, max_features=sqrt, min_samples_leaf=2, min_samples_split=5, n_estimators=100;, score=0.911 total time=  11.6s
[CV 3/3] END max_depth=30, max_features=sqrt, min_samples_leaf=4, min_samples_split=5, n_estimators=200;, score=0.934 total time=  21.0s
[CV 3/3] END max_depth=30, max_features=log2, min_samples_leaf=2, min_samples_split=10, n_estimators=200;, score=0.861 total time=   5.6s
[CV 1/3] END max_depth=40, max_features=sqrt, min_samples_leaf=1, min_samples_split=5, n_estimators=200;, score=0.908 total time=  24.9s
[CV 1/3] END max_depth=40, max_features=sqrt, min_samples_leaf=4, min_samples_split=10, n_estimators=300;, score=0.916 total time=  27.2s
[CV 3/3] END max_depth=10, max_features=sqrt, min_samples_leaf=2, min_samples_split=2, n_estimators=300;, score=0.925 total time=  31.6s
[CV 1/3] END max_depth=10, max_features=log2, min_samples_leaf=4, min_samples_split=2, n_estimators=300;, score=0.885 total time=   7.2s
[CV 3/3] END max_depth=20, max_features=sqrt, min_samples_leaf=2, min_samples_split=5, n_estimators=100;, score=0.908 total time=  12.0s
[CV 2/3] END max_depth=20, max_features=sqrt, min_samples_leaf=4, min_samples_split=5, n_estimators=300;, score=0.913 total time=  32.0s
[CV 2/3] END max_depth=30, max_features=sqrt, min_samples_leaf=2, min_samples_split=10, n_estimators=300;, score=0.896 total time=  35.1s
[CV 3/3] END max_depth=40, max_features=sqrt, min_samples_leaf=1, min_samples_split=2, n_estimators=200;, score=0.902 total time=  25.3s
[CV 2/3] END max_depth=40, max_features=sqrt, min_samples_leaf=4, min_samples_split=10, n_estimators=300;, score=0.910 total time=  27.7s


Best parameters found:  {'max_depth': 10, 'max_features': 'sqrt', 'min_samples_leaf': 4, 'min_samples_split': 2, 'n_estimators': 300}
Best score found:  0.9210713353656166
