Dataset: 
['Horse', 'Dog', 'Cow']
Fitting 3 folds for each of 216 candidates, totalling 648 fits

[CV 1/3] END max_depth=10, max_features=sqrt, min_samples_leaf=1, min_samples_split=10, n_estimators=100;, score=0.696 total time=  35.5s
[CV 1/3] END max_depth=10, max_features=sqrt, min_samples_leaf=4, min_samples_split=5, n_estimators=100;, score=0.720 total time=  29.4s
[CV 1/3] END max_depth=10, max_features=log2, min_samples_leaf=1, min_samples_split=2, n_estimators=100;, score=0.738 total time=   3.0s
[CV 2/3] END max_depth=10, max_features=log2, min_samples_leaf=1, min_samples_split=5, n_estimators=200;, score=0.685 total time=   4.8s
[CV 1/3] END max_depth=10, max_features=log2, min_samples_leaf=2, min_samples_split=2, n_estimators=300;, score=0.708 total time=   6.5s
[CV 3/3] END max_depth=10, max_features=log2, min_samples_leaf=4, min_samples_split=2, n_estimators=200;, score=0.629 total time=   4.3s
[CV 2/3] END max_depth=10, max_features=log2, min_samples_leaf=4, min_samples_split=10, n_estimators=300;, score=0.661 total time=   5.8s
[CV 2/3] END max_depth=20, max_features=sqrt, min_samples_leaf=1, min_samples_split=10, n_estimators=100;, score=0.696 total time=  33.8s
[CV 2/3] END max_depth=20, max_features=sqrt, min_samples_leaf=4, min_samples_split=2, n_estimators=300;, score=0.673 total time= 1.4min
[CV 3/3] END max_depth=30, max_features=sqrt, min_samples_leaf=2, min_samples_split=5, n_estimators=300;, score=0.659 total time= 1.6min
[CV 1/3] END max_depth=40, max_features=sqrt, min_samples_leaf=2, min_samples_split=5, n_estimators=200;, score=0.720 total time= 1.1min
[CV 1/3] END max_depth=40, max_features=log2, min_samples_leaf=2, min_samples_split=10, n_estimators=200;, score=0.685 total time=   4.9s
[CV 2/3] END max_depth=40, max_features=log2, min_samples_leaf=4, min_samples_split=5, n_estimators=100;, score=0.685 total time=   2.9s
[CV 2/3] END max_depth=10, max_features=sqrt, min_samples_leaf=2, min_samples_split=2, n_estimators=200;, score=0.679 total time= 1.1min
[CV 1/3] END max_depth=10, max_features=log2, min_samples_leaf=1, min_samples_split=5, n_estimators=200;, score=0.685 total time=   4.8s
[CV 3/3] END max_depth=10, max_features=log2, min_samples_leaf=2, min_samples_split=2, n_estimators=200;, score=0.659 total time=   4.7s
[CV 1/3] END max_depth=10, max_features=log2, min_samples_leaf=2, min_samples_split=10, n_estimators=300;, score=0.679 total time=   6.5s
[CV 3/3] END max_depth=10, max_features=log2, min_samples_leaf=4, min_samples_split=10, n_estimators=300;, score=0.641 total time=   5.9s
[CV 2/3] END max_depth=20, max_features=sqrt, min_samples_leaf=1, min_samples_split=10, n_estimators=200;, score=0.714 total time= 1.1min
[CV 3/3] END max_depth=20, max_features=sqrt, min_samples_leaf=4, min_samples_split=10, n_estimators=300;, score=0.641 total time= 1.4min
[CV 1/3] END max_depth=30, max_features=sqrt, min_samples_leaf=4, min_samples_split=5, n_estimators=300;, score=0.702 total time= 1.5min
[CV 1/3] END max_depth=40, max_features=sqrt, min_samples_leaf=4, min_samples_split=5, n_estimators=100;, score=0.720 total time=  30.1s
[CV 2/3] END max_depth=40, max_features=log2, min_samples_leaf=1, min_samples_split=5, n_estimators=200;, score=0.690 total time=   5.1s
[CV 1/3] END max_depth=40, max_features=log2, min_samples_leaf=1, min_samples_split=10, n_estimators=200;, score=0.714 total time=   5.1s
[CV 1/3] END max_depth=40, max_features=log2, min_samples_leaf=2, min_samples_split=2, n_estimators=300;, score=0.714 total time=   6.8s
[CV 1/3] END max_depth=40, max_features=log2, min_samples_leaf=2, min_samples_split=10, n_estimators=300;, score=0.673 total time=   6.7s
[CV 3/3] END max_depth=10, max_features=sqrt, min_samples_leaf=2, min_samples_split=10, n_estimators=300;, score=0.653 total time= 1.6min
[CV 2/3] END max_depth=20, max_features=sqrt, min_samples_leaf=2, min_samples_split=2, n_estimators=100;, score=0.714 total time=  32.5s
[CV 3/3] END max_depth=20, max_features=sqrt, min_samples_leaf=4, min_samples_split=2, n_estimators=300;, score=0.629 total time= 1.4min
[CV 3/3] END max_depth=30, max_features=sqrt, min_samples_leaf=2, min_samples_split=10, n_estimators=100;, score=0.623 total time=  32.5s
[CV 2/3] END max_depth=30, max_features=sqrt, min_samples_leaf=4, min_samples_split=10, n_estimators=100;, score=0.690 total time=  29.4s
[CV 2/3] END max_depth=30, max_features=log2, min_samples_leaf=4, min_samples_split=2, n_estimators=100;, score=0.690 total time=   3.0s
[CV 3/3] END max_depth=30, max_features=log2, min_samples_leaf=4, min_samples_split=5, n_estimators=200;, score=0.641 total time=   4.8s
[CV 2/3] END max_depth=40, max_features=sqrt, min_samples_leaf=1, min_samples_split=5, n_estimators=200;, score=0.702 total time= 1.1min
[CV 1/3] END max_depth=40, max_features=log2, min_samples_leaf=1, min_samples_split=2, n_estimators=100;, score=0.702 total time=   3.4s
[CV 3/3] END max_depth=40, max_features=log2, min_samples_leaf=1, min_samples_split=2, n_estimators=300;, score=0.647 total time=   7.6s
[CV 3/3] END max_depth=40, max_features=log2, min_samples_leaf=1, min_samples_split=10, n_estimators=300;, score=0.647 total time=   7.3s
[CV 1/3] END max_depth=40, max_features=log2, min_samples_leaf=2, min_samples_split=5, n_estimators=300;, score=0.702 total time=   7.3s
[CV 3/3] END max_depth=40, max_features=log2, min_samples_leaf=4, min_samples_split=5, n_estimators=100;, score=0.629 total time=   3.1s
[CV 3/3] END max_depth=10, max_features=sqrt, min_samples_leaf=1, min_samples_split=2, n_estimators=100;, score=0.653 total time=  37.9s
[CV 3/3] END max_depth=10, max_features=sqrt, min_samples_leaf=4, min_samples_split=10, n_estimators=100;, score=0.653 total time=  28.4s
[CV 1/3] END max_depth=10, max_features=log2, min_samples_leaf=1, min_samples_split=2, n_estimators=300;, score=0.738 total time=   6.9s
[CV 3/3] END max_depth=10, max_features=log2, min_samples_leaf=2, min_samples_split=2, n_estimators=300;, score=0.653 total time=   6.6s
[CV 2/3] END max_depth=10, max_features=log2, min_samples_leaf=4, min_samples_split=5, n_estimators=100;, score=0.673 total time=   2.8s
[CV 1/3] END max_depth=10, max_features=log2, min_samples_leaf=4, min_samples_split=10, n_estimators=200;, score=0.649 total time=   4.4s
[CV 1/3] END max_depth=20, max_features=sqrt, min_samples_leaf=1, min_samples_split=5, n_estimators=200;, score=0.720 total time= 1.1min
[CV 2/3] END max_depth=20, max_features=log2, min_samples_leaf=1, min_samples_split=2, n_estimators=100;, score=0.679 total time=   3.1s
[CV 3/3] END max_depth=20, max_features=log2, min_samples_leaf=1, min_samples_split=2, n_estimators=300;, score=0.659 total time=   7.1s
[CV 1/3] END max_depth=20, max_features=log2, min_samples_leaf=1, min_samples_split=10, n_estimators=300;, score=0.696 total time=   6.9s
[CV 1/3] END max_depth=20, max_features=log2, min_samples_leaf=2, min_samples_split=5, n_estimators=300;, score=0.726 total time=   6.8s
[CV 1/3] END max_depth=20, max_features=log2, min_samples_leaf=4, min_samples_split=5, n_estimators=200;, score=0.696 total time=   4.5s
[CV 2/3] END max_depth=30, max_features=sqrt, min_samples_leaf=1, min_samples_split=2, n_estimators=300;, score=0.714 total time= 1.7min
[CV 3/3] END max_depth=40, max_features=sqrt, min_samples_leaf=1, min_samples_split=5, n_estimators=200;, score=0.629 total time= 1.1min
[CV 2/3] END max_depth=40, max_features=log2, min_samples_leaf=1, min_samples_split=2, n_estimators=100;, score=0.696 total time=   3.2s
[CV 1/3] END max_depth=40, max_features=log2, min_samples_leaf=1, min_samples_split=2, n_estimators=300;, score=0.708 total time=   7.3s
[CV 2/3] END max_depth=40, max_features=log2, min_samples_leaf=1, min_samples_split=10, n_estimators=200;, score=0.696 total time=   5.0s
[CV 2/3] END max_depth=40, max_features=log2, min_samples_leaf=2, min_samples_split=2, n_estimators=300;, score=0.673 total time=   6.7s
[CV 2/3] END max_depth=40, max_features=log2, min_samples_leaf=2, min_samples_split=10, n_estimators=300;, score=0.685 total time=   6.6s
[CV 3/3] END max_depth=10, max_features=sqrt, min_samples_leaf=2, min_samples_split=10, n_estimators=100;, score=0.635 total time=  34.5s
[CV 3/3] END max_depth=10, max_features=sqrt, min_samples_leaf=4, min_samples_split=2, n_estimators=200;, score=0.635 total time=  55.8s
[CV 3/3] END max_depth=20, max_features=sqrt, min_samples_leaf=1, min_samples_split=10, n_estimators=100;, score=0.641 total time=  32.8s
[CV 1/3] END max_depth=20, max_features=sqrt, min_samples_leaf=4, min_samples_split=2, n_estimators=300;, score=0.714 total time= 1.4min
[CV 3/3] END max_depth=30, max_features=sqrt, min_samples_leaf=2, min_samples_split=5, n_estimators=200;, score=0.653 total time= 1.1min
[CV 2/3] END max_depth=30, max_features=log2, min_samples_leaf=2, min_samples_split=5, n_estimators=200;, score=0.708 total time=   4.7s
[CV 3/3] END max_depth=30, max_features=log2, min_samples_leaf=4, min_samples_split=2, n_estimators=100;, score=0.623 total time=   2.9s
[CV 1/3] END max_depth=30, max_features=log2, min_samples_leaf=4, min_samples_split=5, n_estimators=300;, score=0.673 total time=   6.5s
[CV 1/3] END max_depth=40, max_features=sqrt, min_samples_leaf=1, min_samples_split=10, n_estimators=200;, score=0.756 total time= 1.1min
[CV 2/3] END max_depth=40, max_features=log2, min_samples_leaf=1, min_samples_split=2, n_estimators=200;, score=0.696 total time=   5.3s
[CV 1/3] END max_depth=40, max_features=log2, min_samples_leaf=1, min_samples_split=5, n_estimators=300;, score=0.702 total time=   7.2s
[CV 3/3] END max_depth=40, max_features=log2, min_samples_leaf=2, min_samples_split=2, n_estimators=100;, score=0.659 total time=   3.0s
[CV 2/3] END max_depth=40, max_features=log2, min_samples_leaf=2, min_samples_split=5, n_estimators=100;, score=0.696 total time=   3.0s
[CV 3/3] END max_depth=40, max_features=log2, min_samples_leaf=2, min_samples_split=10, n_estimators=100;, score=0.635 total time=   3.0s
[CV 3/3] END max_depth=40, max_features=log2, min_samples_leaf=4, min_samples_split=2, n_estimators=100;, score=0.617 total time=   3.0s
[CV 1/3] END max_depth=40, max_features=log2, min_samples_leaf=4, min_samples_split=10, n_estimators=100;, score=0.667 total time=   3.0s
[CV 1/3] END max_depth=10, max_features=sqrt, min_samples_leaf=2, min_samples_split=10, n_estimators=100;, score=0.744 total time=  35.4s
[CV 2/3] END max_depth=10, max_features=sqrt, min_samples_leaf=4, min_samples_split=5, n_estimators=100;, score=0.667 total time=  29.0s
[CV 3/3] END max_depth=10, max_features=sqrt, min_samples_leaf=4, min_samples_split=10, n_estimators=300;, score=0.647 total time= 1.4min
[CV 2/3] END max_depth=20, max_features=sqrt, min_samples_leaf=4, min_samples_split=5, n_estimators=300;, score=0.679 total time= 1.4min
[CV 3/3] END max_depth=30, max_features=sqrt, min_samples_leaf=4, min_samples_split=5, n_estimators=100;, score=0.647 total time=  29.4s
[CV 1/3] END max_depth=30, max_features=log2, min_samples_leaf=1, min_samples_split=10, n_estimators=100;, score=0.696 total time=   3.0s
[CV 2/3] END max_depth=30, max_features=log2, min_samples_leaf=1, min_samples_split=10, n_estimators=300;, score=0.685 total time=   7.0s
[CV 1/3] END max_depth=30, max_features=log2, min_samples_leaf=2, min_samples_split=5, n_estimators=300;, score=0.702 total time=   6.8s
[CV 2/3] END max_depth=30, max_features=log2, min_samples_leaf=4, min_samples_split=5, n_estimators=300;, score=0.661 total time=   6.3s
[CV 2/3] END max_depth=40, max_features=sqrt, min_samples_leaf=1, min_samples_split=10, n_estimators=100;, score=0.702 total time=  34.5s
[CV 1/3] END max_depth=40, max_features=sqrt, min_samples_leaf=4, min_samples_split=2, n_estimators=200;, score=0.708 total time=  58.6s
[CV 3/3] END max_depth=40, max_features=log2, min_samples_leaf=4, min_samples_split=10, n_estimators=100;, score=0.641 total time=   2.9s
[CV 1/3] END max_depth=10, max_features=sqrt, min_samples_leaf=1, min_samples_split=5, n_estimators=100;, score=0.720 total time=  37.9s
[CV 2/3] END max_depth=10, max_features=sqrt, min_samples_leaf=4, min_samples_split=10, n_estimators=100;, score=0.690 total time=  28.9s
[CV 1/3] END max_depth=10, max_features=log2, min_samples_leaf=1, min_samples_split=5, n_estimators=100;, score=0.726 total time=   3.0s
[CV 1/3] END max_depth=10, max_features=log2, min_samples_leaf=1, min_samples_split=10, n_estimators=200;, score=0.685 total time=   4.7s
[CV 2/3] END max_depth=10, max_features=log2, min_samples_leaf=2, min_samples_split=5, n_estimators=200;, score=0.690 total time=   4.7s
[CV 2/3] END max_depth=10, max_features=log2, min_samples_leaf=4, min_samples_split=2, n_estimators=300;, score=0.679 total time=   5.9s
[CV 3/3] END max_depth=20, max_features=sqrt, min_samples_leaf=1, min_samples_split=2, n_estimators=200;, score=0.653 total time= 1.1min
[CV 1/3] END max_depth=20, max_features=sqrt, min_samples_leaf=4, min_samples_split=10, n_estimators=300;, score=0.720 total time= 1.4min
[CV 3/3] END max_depth=30, max_features=sqrt, min_samples_leaf=4, min_samples_split=5, n_estimators=200;, score=0.641 total time=  56.8s
[CV 2/3] END max_depth=40, max_features=sqrt, min_samples_leaf=2, min_samples_split=5, n_estimators=100;, score=0.696 total time=  32.9s
[CV 2/3] END max_depth=40, max_features=sqrt, min_samples_leaf=4, min_samples_split=5, n_estimators=100;, score=0.685 total time=  29.0s
[CV 1/3] END max_depth=40, max_features=log2, min_samples_leaf=1, min_samples_split=5, n_estimators=100;, score=0.708 total time=   3.3s
[CV 3/3] END max_depth=40, max_features=log2, min_samples_leaf=1, min_samples_split=5, n_estimators=300;, score=0.647 total time=   7.2s
[CV 2/3] END max_depth=40, max_features=log2, min_samples_leaf=2, min_samples_split=2, n_estimators=200;, score=0.685 total time=   5.0s
[CV 3/3] END max_depth=40, max_features=log2, min_samples_leaf=2, min_samples_split=5, n_estimators=300;, score=0.641 total time=   6.8s
[CV 2/3] END max_depth=40, max_features=log2, min_samples_leaf=4, min_samples_split=10, n_estimators=100;, score=0.661 total time=   3.0s
[CV 2/3] END max_depth=10, max_features=sqrt, min_samples_leaf=2, min_samples_split=5, n_estimators=300;, score=0.702 total time= 1.6min
[CV 3/3] END max_depth=20, max_features=sqrt, min_samples_leaf=2, min_samples_split=2, n_estimators=100;, score=0.659 total time=  32.5s
[CV 2/3] END max_depth=20, max_features=sqrt, min_samples_leaf=4, min_samples_split=5, n_estimators=100;, score=0.708 total time=  28.2s
[CV 3/3] END max_depth=20, max_features=log2, min_samples_leaf=1, min_samples_split=2, n_estimators=200;, score=0.653 total time=   5.2s
[CV 2/3] END max_depth=20, max_features=log2, min_samples_leaf=1, min_samples_split=5, n_estimators=300;, score=0.696 total time=   7.2s
[CV 3/3] END max_depth=20, max_features=log2, min_samples_leaf=2, min_samples_split=2, n_estimators=200;, score=0.659 total time=   5.3s
[CV 2/3] END max_depth=20, max_features=log2, min_samples_leaf=2, min_samples_split=10, n_estimators=200;, score=0.661 total time=   4.9s
[CV 2/3] END max_depth=20, max_features=log2, min_samples_leaf=4, min_samples_split=5, n_estimators=300;, score=0.661 total time=   6.3s
[CV 1/3] END max_depth=30, max_features=sqrt, min_samples_leaf=1, min_samples_split=10, n_estimators=100;, score=0.696 total time=  34.3s
[CV 2/3] END max_depth=30, max_features=sqrt, min_samples_leaf=4, min_samples_split=2, n_estimators=200;, score=0.690 total time=  56.7s
[CV 3/3] END max_depth=30, max_features=log2, min_samples_leaf=4, min_samples_split=2, n_estimators=300;, score=0.635 total time=   6.1s
[CV 1/3] END max_depth=40, max_features=sqrt, min_samples_leaf=1, min_samples_split=5, n_estimators=200;, score=0.714 total time= 1.1min
[CV 1/3] END max_depth=40, max_features=log2, min_samples_leaf=1, min_samples_split=2, n_estimators=200;, score=0.696 total time=   5.2s
[CV 3/3] END max_depth=40, max_features=log2, min_samples_leaf=1, min_samples_split=5, n_estimators=200;, score=0.641 total time=   5.1s
[CV 1/3] END max_depth=40, max_features=log2, min_samples_leaf=2, min_samples_split=2, n_estimators=100;, score=0.673 total time=   3.1s
[CV 3/3] END max_depth=40, max_features=log2, min_samples_leaf=2, min_samples_split=2, n_estimators=200;, score=0.659 total time=   5.1s
[CV 1/3] END max_depth=40, max_features=log2, min_samples_leaf=2, min_samples_split=10, n_estimators=100;, score=0.708 total time=   3.1s
[CV 3/3] END max_depth=40, max_features=log2, min_samples_leaf=2, min_samples_split=10, n_estimators=300;, score=0.641 total time=   6.9s
[CV 2/3] END max_depth=10, max_features=sqrt, min_samples_leaf=1, min_samples_split=5, n_estimators=200;, score=0.702 total time= 1.2min
[CV 2/3] END max_depth=10, max_features=log2, min_samples_leaf=1, min_samples_split=10, n_estimators=100;, score=0.673 total time=   2.8s
[CV 1/3] END max_depth=10, max_features=log2, min_samples_leaf=2, min_samples_split=2, n_estimators=200;, score=0.708 total time=   4.6s
[CV 2/3] END max_depth=10, max_features=log2, min_samples_leaf=2, min_samples_split=10, n_estimators=200;, score=0.667 total time=   4.5s
[CV 1/3] END max_depth=10, max_features=log2, min_samples_leaf=4, min_samples_split=5, n_estimators=300;, score=0.690 total time=   5.9s
[CV 3/3] END max_depth=20, max_features=sqrt, min_samples_leaf=1, min_samples_split=5, n_estimators=100;, score=0.647 total time=  33.1s
[CV 3/3] END max_depth=20, max_features=sqrt, min_samples_leaf=4, min_samples_split=2, n_estimators=100;, score=0.659 total time=  28.5s
[CV 1/3] END max_depth=20, max_features=sqrt, min_samples_leaf=4, min_samples_split=10, n_estimators=100;, score=0.679 total time=  29.6s
[CV 3/3] END max_depth=20, max_features=log2, min_samples_leaf=4, min_samples_split=2, n_estimators=300;, score=0.629 total time=   6.2s
[CV 3/3] END max_depth=30, max_features=sqrt, min_samples_leaf=1, min_samples_split=5, n_estimators=100;, score=0.641 total time=  34.5s
[CV 2/3] END max_depth=30, max_features=sqrt, min_samples_leaf=4, min_samples_split=2, n_estimators=100;, score=0.714 total time=  28.7s
[CV 3/3] END max_depth=30, max_features=sqrt, min_samples_leaf=4, min_samples_split=10, n_estimators=100;, score=0.641 total time=  29.1s
[CV 2/3] END max_depth=30, max_features=log2, min_samples_leaf=4, min_samples_split=2, n_estimators=300;, score=0.673 total time=   6.1s
[CV 3/3] END max_depth=40, max_features=sqrt, min_samples_leaf=1, min_samples_split=5, n_estimators=100;, score=0.653 total time=  34.0s
[CV 1/3] END max_depth=40, max_features=sqrt, min_samples_leaf=4, min_samples_split=2, n_estimators=100;, score=0.708 total time=  29.3s
[CV 3/3] END max_depth=40, max_features=sqrt, min_samples_leaf=4, min_samples_split=10, n_estimators=100;, score=0.659 total time=  28.9s
[CV 1/3] END max_depth=40, max_features=log2, min_samples_leaf=4, min_samples_split=2, n_estimators=300;, score=0.679 total time=   6.1s
[CV 1/3] END max_depth=10, max_features=sqrt, min_samples_leaf=1, min_samples_split=2, n_estimators=100;, score=0.696 total time=  38.2s
[CV 1/3] END max_depth=10, max_features=sqrt, min_samples_leaf=4, min_samples_split=10, n_estimators=200;, score=0.726 total time=  57.9s
[CV 1/3] END max_depth=20, max_features=sqrt, min_samples_leaf=2, min_samples_split=2, n_estimators=100;, score=0.768 total time=  33.5s
[CV 1/3] END max_depth=20, max_features=sqrt, min_samples_leaf=4, min_samples_split=5, n_estimators=100;, score=0.732 total time=  29.1s
[CV 2/3] END max_depth=20, max_features=log2, min_samples_leaf=1, min_samples_split=2, n_estimators=300;, score=0.690 total time=   7.4s
[CV 3/3] END max_depth=20, max_features=log2, min_samples_leaf=1, min_samples_split=10, n_estimators=200;, score=0.647 total time=   5.2s
[CV 2/3] END max_depth=20, max_features=log2, min_samples_leaf=2, min_samples_split=5, n_estimators=200;, score=0.702 total time=   4.9s
[CV 1/3] END max_depth=20, max_features=log2, min_samples_leaf=2, min_samples_split=10, n_estimators=300;, score=0.690 total time=   6.9s
[CV 2/3] END max_depth=30, max_features=sqrt, min_samples_leaf=1, min_samples_split=2, n_estimators=100;, score=0.726 total time=  35.0s
[CV 1/3] END max_depth=30, max_features=sqrt, min_samples_leaf=2, min_samples_split=10, n_estimators=300;, score=0.726 total time= 1.6min
[CV 3/3] END max_depth=40, max_features=sqrt, min_samples_leaf=2, min_samples_split=10, n_estimators=100;, score=0.653 total time=  32.7s
[CV 2/3] END max_depth=40, max_features=sqrt, min_samples_leaf=4, min_samples_split=10, n_estimators=100;, score=0.667 total time=  29.2s
[CV 2/3] END max_depth=40, max_features=log2, min_samples_leaf=4, min_samples_split=2, n_estimators=300;, score=0.667 total time=   6.2s
[CV 1/3] END max_depth=10, max_features=sqrt, min_samples_leaf=2, min_samples_split=2, n_estimators=100;, score=0.714 total time=  35.9s
[CV 3/3] END max_depth=10, max_features=sqrt, min_samples_leaf=4, min_samples_split=5, n_estimators=200;, score=0.659 total time=  56.0s
[CV 1/3] END max_depth=20, max_features=sqrt, min_samples_leaf=1, min_samples_split=10, n_estimators=300;, score=0.714 total time= 1.7min
[CV 2/3] END max_depth=30, max_features=sqrt, min_samples_leaf=2, min_samples_split=2, n_estimators=200;, score=0.690 total time= 1.1min
[CV 2/3] END max_depth=30, max_features=log2, min_samples_leaf=1, min_samples_split=2, n_estimators=100;, score=0.696 total time=   3.2s
[CV 1/3] END max_depth=30, max_features=log2, min_samples_leaf=1, min_samples_split=5, n_estimators=100;, score=0.732 total time=   3.1s
[CV 3/3] END max_depth=30, max_features=log2, min_samples_leaf=1, min_samples_split=5, n_estimators=200;, score=0.635 total time=   5.3s
[CV 3/3] END max_depth=30, max_features=log2, min_samples_leaf=1, min_samples_split=10, n_estimators=300;, score=0.635 total time=   7.1s
[CV 2/3] END max_depth=30, max_features=log2, min_samples_leaf=2, min_samples_split=10, n_estimators=100;, score=0.690 total time=   3.1s
[CV 1/3] END max_depth=30, max_features=log2, min_samples_leaf=4, min_samples_split=2, n_estimators=200;, score=0.702 total time=   4.6s
[CV 3/3] END max_depth=30, max_features=log2, min_samples_leaf=4, min_samples_split=10, n_estimators=200;, score=0.635 total time=   4.4s
[CV 1/3] END max_depth=40, max_features=sqrt, min_samples_leaf=1, min_samples_split=10, n_estimators=100;, score=0.708 total time=  34.5s
[CV 2/3] END max_depth=40, max_features=sqrt, min_samples_leaf=4, min_samples_split=2, n_estimators=200;, score=0.702 total time=  56.2s
[CV 3/3] END max_depth=40, max_features=log2, min_samples_leaf=4, min_samples_split=2, n_estimators=300;, score=0.635 total time=   6.0s
[CV 1/3] END max_depth=10, max_features=sqrt, min_samples_leaf=2, min_samples_split=10, n_estimators=300;, score=0.690 total time= 1.6min
[CV 1/3] END max_depth=20, max_features=sqrt, min_samples_leaf=2, min_samples_split=2, n_estimators=200;, score=0.714 total time= 1.1min
[CV 3/3] END max_depth=20, max_features=log2, min_samples_leaf=1, min_samples_split=5, n_estimators=100;, score=0.641 total time=   3.1s
[CV 3/3] END max_depth=20, max_features=log2, min_samples_leaf=1, min_samples_split=10, n_estimators=100;, score=0.623 total time=   3.1s
[CV 2/3] END max_depth=20, max_features=log2, min_samples_leaf=2, min_samples_split=2, n_estimators=200;, score=0.667 total time=   4.9s
[CV 2/3] END max_depth=20, max_features=log2, min_samples_leaf=2, min_samples_split=5, n_estimators=300;, score=0.685 total time=   7.1s
[CV 1/3] END max_depth=20, max_features=log2, min_samples_leaf=4, min_samples_split=5, n_estimators=300;, score=0.679 total time=   6.5s
[CV 3/3] END max_depth=30, max_features=sqrt, min_samples_leaf=1, min_samples_split=10, n_estimators=100;, score=0.665 total time=  33.7s
[CV 3/3] END max_depth=30, max_features=sqrt, min_samples_leaf=4, min_samples_split=2, n_estimators=100;, score=0.635 total time=  28.2s
[CV 1/3] END max_depth=30, max_features=sqrt, min_samples_leaf=4, min_samples_split=10, n_estimators=200;, score=0.679 total time=  57.5s
[CV 3/3] END max_depth=40, max_features=sqrt, min_samples_leaf=2, min_samples_split=5, n_estimators=200;, score=0.647 total time= 1.1min
[CV 3/3] END max_depth=40, max_features=log2, min_samples_leaf=2, min_samples_split=5, n_estimators=100;, score=0.665 total time=   3.0s
[CV 2/3] END max_depth=40, max_features=log2, min_samples_leaf=2, min_samples_split=10, n_estimators=200;, score=0.667 total time=   4.7s
[CV 1/3] END max_depth=40, max_features=log2, min_samples_leaf=4, min_samples_split=5, n_estimators=200;, score=0.708 total time=   4.5s
[CV 1/3] END max_depth=10, max_features=sqrt, min_samples_leaf=1, min_samples_split=10, n_estimators=200;, score=0.720 total time= 1.1min
[CV 3/3] END max_depth=10, max_features=log2, min_samples_leaf=1, min_samples_split=5, n_estimators=200;, score=0.641 total time=   4.9s
[CV 2/3] END max_depth=10, max_features=log2, min_samples_leaf=2, min_samples_split=2, n_estimators=300;, score=0.690 total time=   6.5s
[CV 3/3] END max_depth=10, max_features=log2, min_samples_leaf=4, min_samples_split=2, n_estimators=300;, score=0.635 total time=   5.9s
[CV 1/3] END max_depth=20, max_features=sqrt, min_samples_leaf=1, min_samples_split=2, n_estimators=300;, score=0.708 total time= 1.7min
[CV 1/3] END max_depth=30, max_features=sqrt, min_samples_leaf=1, min_samples_split=10, n_estimators=300;, score=0.702 total time= 1.7min
[CV 2/3] END max_depth=40, max_features=sqrt, min_samples_leaf=2, min_samples_split=2, n_estimators=200;, score=0.690 total time= 1.1min
[CV 3/3] END max_depth=40, max_features=log2, min_samples_leaf=1, min_samples_split=2, n_estimators=200;, score=0.665 total time=   5.2s
[CV 2/3] END max_depth=40, max_features=log2, min_samples_leaf=1, min_samples_split=5, n_estimators=300;, score=0.702 total time=   7.1s
[CV 1/3] END max_depth=40, max_features=log2, min_samples_leaf=2, min_samples_split=2, n_estimators=200;, score=0.702 total time=   5.0s
[CV 2/3] END max_depth=40, max_features=log2, min_samples_leaf=2, min_samples_split=5, n_estimators=300;, score=0.690 total time=   6.7s
[CV 2/3] END max_depth=40, max_features=log2, min_samples_leaf=4, min_samples_split=5, n_estimators=200;, score=0.685 total time=   4.5s
[CV 3/3] END max_depth=10, max_features=sqrt, min_samples_leaf=1, min_samples_split=5, n_estimators=100;, score=0.677 total time=  37.2s
[CV 3/3] END max_depth=10, max_features=sqrt, min_samples_leaf=4, min_samples_split=5, n_estimators=300;, score=0.653 total time= 1.4min
[CV 1/3] END max_depth=20, max_features=sqrt, min_samples_leaf=4, min_samples_split=2, n_estimators=200;, score=0.720 total time=  58.1s
[CV 1/3] END max_depth=20, max_features=log2, min_samples_leaf=4, min_samples_split=5, n_estimators=100;, score=0.690 total time=   2.9s
[CV 3/3] END max_depth=20, max_features=log2, min_samples_leaf=4, min_samples_split=10, n_estimators=100;, score=0.647 total time=   2.8s
[CV 2/3] END max_depth=30, max_features=sqrt, min_samples_leaf=1, min_samples_split=5, n_estimators=100;, score=0.708 total time=  34.6s
[CV 1/3] END max_depth=30, max_features=sqrt, min_samples_leaf=4, min_samples_split=2, n_estimators=100;, score=0.726 total time=  29.6s
[CV 2/3] END max_depth=30, max_features=sqrt, min_samples_leaf=4, min_samples_split=10, n_estimators=200;, score=0.696 total time=  57.2s
[CV 2/3] END max_depth=40, max_features=sqrt, min_samples_leaf=2, min_samples_split=5, n_estimators=200;, score=0.685 total time= 1.1min
[CV 1/3] END max_depth=40, max_features=log2, min_samples_leaf=2, min_samples_split=5, n_estimators=200;, score=0.702 total time=   4.9s
[CV 1/3] END max_depth=40, max_features=log2, min_samples_leaf=4, min_samples_split=2, n_estimators=100;, score=0.714 total time=   2.9s
[CV 3/3] END max_depth=40, max_features=log2, min_samples_leaf=4, min_samples_split=5, n_estimators=200;, score=0.647 total time=   4.6s
[CV 2/3] END max_depth=10, max_features=sqrt, min_samples_leaf=1, min_samples_split=2, n_estimators=100;, score=0.702 total time=  36.5s
[CV 1/3] END max_depth=10, max_features=sqrt, min_samples_leaf=4, min_samples_split=5, n_estimators=300;, score=0.690 total time= 1.4min
[CV 2/3] END max_depth=20, max_features=sqrt, min_samples_leaf=2, min_samples_split=10, n_estimators=300;, score=0.696 total time= 1.6min
[CV 2/3] END max_depth=30, max_features=sqrt, min_samples_leaf=2, min_samples_split=10, n_estimators=100;, score=0.708 total time=  31.9s
[CV 1/3] END max_depth=30, max_features=sqrt, min_samples_leaf=4, min_samples_split=10, n_estimators=100;, score=0.720 total time=  29.6s
[CV 3/3] END max_depth=30, max_features=log2, min_samples_leaf=2, min_samples_split=10, n_estimators=200;, score=0.635 total time=   4.8s
[CV 3/3] END max_depth=30, max_features=log2, min_samples_leaf=4, min_samples_split=10, n_estimators=100;, score=0.617 total time=   2.9s
[CV 2/3] END max_depth=40, max_features=sqrt, min_samples_leaf=1, min_samples_split=2, n_estimators=300;, score=0.690 total time= 1.7min
[CV 1/3] END max_depth=10, max_features=sqrt, min_samples_leaf=1, min_samples_split=2, n_estimators=300;, score=0.708 total time= 1.7min
[CV 2/3] END max_depth=20, max_features=sqrt, min_samples_leaf=2, min_samples_split=5, n_estimators=300;, score=0.708 total time= 1.6min
[CV 2/3] END max_depth=30, max_features=sqrt, min_samples_leaf=2, min_samples_split=5, n_estimators=100;, score=0.690 total time=  33.0s
[CV 3/3] END max_depth=30, max_features=sqrt, min_samples_leaf=4, min_samples_split=2, n_estimators=300;, score=0.659 total time= 1.4min
[CV 1/3] END max_depth=40, max_features=sqrt, min_samples_leaf=2, min_samples_split=10, n_estimators=200;, score=0.720 total time= 1.1min
[CV 1/3] END max_depth=40, max_features=log2, min_samples_leaf=4, min_samples_split=10, n_estimators=200;, score=0.673 total time=   4.6s
[CV 1/3] END max_depth=10, max_features=sqrt, min_samples_leaf=1, min_samples_split=5, n_estimators=200;, score=0.720 total time= 1.2min
[CV 1/3] END max_depth=10, max_features=log2, min_samples_leaf=2, min_samples_split=2, n_estimators=100;, score=0.685 total time=   2.9s
[CV 3/3] END max_depth=10, max_features=log2, min_samples_leaf=2, min_samples_split=5, n_estimators=100;, score=0.617 total time=   2.8s
[CV 3/3] END max_depth=10, max_features=log2, min_samples_leaf=2, min_samples_split=10, n_estimators=200;, score=0.629 total time=   4.6s
[CV 3/3] END max_depth=10, max_features=log2, min_samples_leaf=4, min_samples_split=5, n_estimators=300;, score=0.617 total time=   5.8s
[CV 2/3] END max_depth=20, max_features=sqrt, min_samples_leaf=1, min_samples_split=5, n_estimators=300;, score=0.696 total time= 1.7min
[CV 2/3] END max_depth=30, max_features=sqrt, min_samples_leaf=1, min_samples_split=10, n_estimators=100;, score=0.708 total time=  33.8s
[CV 1/3] END max_depth=30, max_features=sqrt, min_samples_leaf=4, min_samples_split=2, n_estimators=200;, score=0.702 total time=  57.8s
[CV 1/3] END max_depth=30, max_features=log2, min_samples_leaf=4, min_samples_split=5, n_estimators=200;, score=0.696 total time=   4.6s
[CV 3/3] END max_depth=40, max_features=sqrt, min_samples_leaf=1, min_samples_split=2, n_estimators=300;, score=0.653 total time= 1.7min
[CV 2/3] END max_depth=10, max_features=sqrt, min_samples_leaf=2, min_samples_split=5, n_estimators=100;, score=0.708 total time=  36.5s
[CV 2/3] END max_depth=10, max_features=sqrt, min_samples_leaf=4, min_samples_split=5, n_estimators=300;, score=0.696 total time= 1.4min
[CV 3/3] END max_depth=20, max_features=sqrt, min_samples_leaf=2, min_samples_split=10, n_estimators=300;, score=0.635 total time= 1.6min
[CV 2/3] END max_depth=30, max_features=sqrt, min_samples_leaf=2, min_samples_split=10, n_estimators=200;, score=0.702 total time= 1.1min
[CV 3/3] END max_depth=30, max_features=log2, min_samples_leaf=4, min_samples_split=5, n_estimators=100;, score=0.623 total time=   2.9s
[CV 2/3] END max_depth=40, max_features=sqrt, min_samples_leaf=1, min_samples_split=2, n_estimators=100;, score=0.750 total time=  34.5s
[CV 3/3] END max_depth=40, max_features=sqrt, min_samples_leaf=2, min_samples_split=10, n_estimators=200;, score=0.635 total time= 1.1min
[CV 2/3] END max_depth=40, max_features=log2, min_samples_leaf=4, min_samples_split=10, n_estimators=200;, score=0.637 total time=   4.3s
[CV 2/3] END max_depth=10, max_features=sqrt, min_samples_leaf=1, min_samples_split=5, n_estimators=100;, score=0.696 total time=  37.4s
[CV 1/3] END max_depth=10, max_features=sqrt, min_samples_leaf=4, min_samples_split=10, n_estimators=100;, score=0.690 total time=  28.3s
[CV 1/3] END max_depth=10, max_features=log2, min_samples_leaf=1, min_samples_split=2, n_estimators=200;, score=0.732 total time=   4.9s
[CV 1/3] END max_depth=10, max_features=log2, min_samples_leaf=1, min_samples_split=10, n_estimators=300;, score=0.708 total time=   6.7s
[CV 3/3] END max_depth=10, max_features=log2, min_samples_leaf=2, min_samples_split=10, n_estimators=300;, score=0.647 total time=   6.4s
[CV 1/3] END max_depth=20, max_features=sqrt, min_samples_leaf=1, min_samples_split=2, n_estimators=100;, score=0.702 total time=  35.7s
[CV 3/3] END max_depth=20, max_features=sqrt, min_samples_leaf=2, min_samples_split=10, n_estimators=200;, score=0.665 total time= 1.1min
[CV 1/3] END max_depth=30, max_features=sqrt, min_samples_leaf=1, min_samples_split=2, n_estimators=100;, score=0.732 total time=  36.4s
[CV 3/3] END max_depth=30, max_features=sqrt, min_samples_leaf=2, min_samples_split=10, n_estimators=300;, score=0.641 total time= 1.6min
[CV 2/3] END max_depth=40, max_features=sqrt, min_samples_leaf=2, min_samples_split=10, n_estimators=200;, score=0.690 total time= 1.0min
[CV 1/3] END max_depth=40, max_features=log2, min_samples_leaf=4, min_samples_split=5, n_estimators=100;, score=0.649 total time=   2.8s
[CV 3/3] END max_depth=40, max_features=log2, min_samples_leaf=4, min_samples_split=10, n_estimators=200;, score=0.629 total time=   4.3s
[CV 1/3] END max_depth=10, max_features=sqrt, min_samples_leaf=2, min_samples_split=5, n_estimators=100;, score=0.708 total time=  35.3s
[CV 3/3] END max_depth=10, max_features=sqrt, min_samples_leaf=4, min_samples_split=2, n_estimators=300;, score=0.617 total time= 1.4min
[CV 2/3] END max_depth=20, max_features=sqrt, min_samples_leaf=4, min_samples_split=2, n_estimators=100;, score=0.679 total time=  29.1s
[CV 3/3] END max_depth=20, max_features=sqrt, min_samples_leaf=4, min_samples_split=10, n_estimators=100;, score=0.641 total time=  28.7s
[CV 3/3] END max_depth=20, max_features=log2, min_samples_leaf=4, min_samples_split=2, n_estimators=200;, score=0.635 total time=   4.5s
[CV 3/3] END max_depth=20, max_features=log2, min_samples_leaf=4, min_samples_split=10, n_estimators=300;, score=0.641 total time=   6.3s
[CV 1/3] END max_depth=30, max_features=sqrt, min_samples_leaf=2, min_samples_split=2, n_estimators=200;, score=0.732 total time= 1.1min
[CV 2/3] END max_depth=30, max_features=log2, min_samples_leaf=1, min_samples_split=2, n_estimators=300;, score=0.685 total time=   7.2s
[CV 1/3] END max_depth=30, max_features=log2, min_samples_leaf=1, min_samples_split=10, n_estimators=200;, score=0.673 total time=   5.1s
[CV 2/3] END max_depth=30, max_features=log2, min_samples_leaf=2, min_samples_split=2, n_estimators=300;, score=0.667 total time=   7.0s
[CV 2/3] END max_depth=30, max_features=log2, min_samples_leaf=2, min_samples_split=10, n_estimators=300;, score=0.690 total time=   6.7s
[CV 1/3] END max_depth=40, max_features=sqrt, min_samples_leaf=1, min_samples_split=2, n_estimators=200;, score=0.732 total time= 1.2min
[CV 3/3] END max_depth=40, max_features=log2, min_samples_leaf=1, min_samples_split=2, n_estimators=100;, score=0.653 total time=   3.2s
[CV 2/3] END max_depth=40, max_features=log2, min_samples_leaf=1, min_samples_split=5, n_estimators=100;, score=0.679 total time=   3.3s
[CV 1/3] END max_depth=40, max_features=log2, min_samples_leaf=1, min_samples_split=10, n_estimators=100;, score=0.714 total time=   3.1s
[CV 3/3] END max_depth=40, max_features=log2, min_samples_leaf=1, min_samples_split=10, n_estimators=200;, score=0.647 total time=   5.2s
[CV 3/3] END max_depth=40, max_features=log2, min_samples_leaf=2, min_samples_split=2, n_estimators=300;, score=0.641 total time=   6.9s
[CV 2/3] END max_depth=40, max_features=log2, min_samples_leaf=4, min_samples_split=2, n_estimators=100;, score=0.685 total time=   3.0s
[CV 2/3] END max_depth=40, max_features=log2, min_samples_leaf=4, min_samples_split=5, n_estimators=300;, score=0.679 total time=   6.0s
[CV 1/3] END max_depth=10, max_features=sqrt, min_samples_leaf=1, min_samples_split=5, n_estimators=300;, score=0.720 total time= 1.7min
[CV 1/3] END max_depth=20, max_features=sqrt, min_samples_leaf=2, min_samples_split=5, n_estimators=200;, score=0.726 total time= 1.1min
[CV 1/3] END max_depth=20, max_features=log2, min_samples_leaf=1, min_samples_split=10, n_estimators=200;, score=0.696 total time=   5.1s
[CV 2/3] END max_depth=20, max_features=log2, min_samples_leaf=2, min_samples_split=5, n_estimators=100;, score=0.702 total time=   2.9s
[CV 1/3] END max_depth=20, max_features=log2, min_samples_leaf=2, min_samples_split=10, n_estimators=100;, score=0.667 total time=   3.0s
[CV 2/3] END max_depth=20, max_features=log2, min_samples_leaf=2, min_samples_split=10, n_estimators=300;, score=0.679 total time=   6.6s
[CV 3/3] END max_depth=30, max_features=sqrt, min_samples_leaf=1, min_samples_split=2, n_estimators=100;, score=0.653 total time=  34.2s
[CV 3/3] END max_depth=30, max_features=sqrt, min_samples_leaf=2, min_samples_split=10, n_estimators=200;, score=0.635 total time= 1.1min
[CV 2/3] END max_depth=30, max_features=log2, min_samples_leaf=4, min_samples_split=10, n_estimators=200;, score=0.667 total time=   4.5s
[CV 3/3] END max_depth=40, max_features=sqrt, min_samples_leaf=1, min_samples_split=5, n_estimators=300;, score=0.653 total time= 1.7min
[CV 3/3] END max_depth=10, max_features=sqrt, min_samples_leaf=1, min_samples_split=10, n_estimators=100;, score=0.629 total time=  35.8s
[CV 2/3] END max_depth=10, max_features=sqrt, min_samples_leaf=4, min_samples_split=5, n_estimators=200;, score=0.679 total time=  55.5s
[CV 3/3] END max_depth=20, max_features=sqrt, min_samples_leaf=1, min_samples_split=10, n_estimators=200;, score=0.659 total time= 1.1min
[CV 3/3] END max_depth=20, max_features=log2, min_samples_leaf=1, min_samples_split=2, n_estimators=100;, score=0.659 total time=   3.1s
[CV 1/3] END max_depth=20, max_features=log2, min_samples_leaf=1, min_samples_split=5, n_estimators=100;, score=0.708 total time=   3.1s
[CV 2/3] END max_depth=20, max_features=log2, min_samples_leaf=1, min_samples_split=5, n_estimators=200;, score=0.690 total time=   5.1s
[CV 2/3] END max_depth=20, max_features=log2, min_samples_leaf=2, min_samples_split=2, n_estimators=100;, score=0.690 total time=   3.0s
[CV 3/3] END max_depth=20, max_features=log2, min_samples_leaf=2, min_samples_split=5, n_estimators=100;, score=0.641 total time=   3.1s
[CV 3/3] END max_depth=20, max_features=log2, min_samples_leaf=2, min_samples_split=10, n_estimators=100;, score=0.659 total time=   3.0s
[CV 1/3] END max_depth=20, max_features=log2, min_samples_leaf=4, min_samples_split=2, n_estimators=100;, score=0.673 total time=   2.9s
[CV 2/3] END max_depth=20, max_features=log2, min_samples_leaf=4, min_samples_split=5, n_estimators=200;, score=0.667 total time=   4.5s
[CV 1/3] END max_depth=30, max_features=sqrt, min_samples_leaf=1, min_samples_split=5, n_estimators=100;, score=0.762 total time=  33.7s
[CV 2/3] END max_depth=30, max_features=sqrt, min_samples_leaf=2, min_samples_split=10, n_estimators=300;, score=0.714 total time= 1.6min
[CV 2/3] END max_depth=40, max_features=sqrt, min_samples_leaf=2, min_samples_split=10, n_estimators=100;, score=0.696 total time=  32.4s
[CV 1/3] END max_depth=40, max_features=sqrt, min_samples_leaf=4, min_samples_split=10, n_estimators=100;, score=0.708 total time=  29.1s
[CV 3/3] END max_depth=40, max_features=log2, min_samples_leaf=2, min_samples_split=10, n_estimators=200;, score=0.629 total time=   4.8s
[CV 3/3] END max_depth=40, max_features=log2, min_samples_leaf=4, min_samples_split=5, n_estimators=300;, score=0.617 total time=   6.0s
[CV 3/3] END max_depth=10, max_features=sqrt, min_samples_leaf=2, min_samples_split=5, n_estimators=100;, score=0.653 total time=  34.2s
[CV 2/3] END max_depth=10, max_features=sqrt, min_samples_leaf=4, min_samples_split=2, n_estimators=200;, score=0.685 total time=  55.8s
[CV 1/3] END max_depth=20, max_features=sqrt, min_samples_leaf=1, min_samples_split=10, n_estimators=100;, score=0.685 total time=  32.9s
[CV 3/3] END max_depth=20, max_features=sqrt, min_samples_leaf=4, min_samples_split=2, n_estimators=200;, score=0.647 total time=  56.8s
[CV 3/3] END max_depth=20, max_features=log2, min_samples_leaf=4, min_samples_split=5, n_estimators=100;, score=0.617 total time=   2.9s
[CV 1/3] END max_depth=20, max_features=log2, min_samples_leaf=4, min_samples_split=10, n_estimators=200;, score=0.655 total time=   4.5s
[CV 1/3] END max_depth=30, max_features=sqrt, min_samples_leaf=1, min_samples_split=5, n_estimators=300;, score=0.726 total time= 1.7min
[CV 2/3] END max_depth=40, max_features=sqrt, min_samples_leaf=2, min_samples_split=2, n_estimators=100;, score=0.702 total time=  33.0s
[CV 3/3] END max_depth=40, max_features=sqrt, min_samples_leaf=4, min_samples_split=2, n_estimators=200;, score=0.647 total time=  57.8s
[CV 1/3] END max_depth=40, max_features=log2, min_samples_leaf=4, min_samples_split=5, n_estimators=300;, score=0.667 total time=   6.1s
[CV 3/3] END max_depth=10, max_features=sqrt, min_samples_leaf=1, min_samples_split=5, n_estimators=300;, score=0.653 total time= 1.7min
[CV 2/3] END max_depth=20, max_features=sqrt, min_samples_leaf=2, min_samples_split=5, n_estimators=100;, score=0.690 total time=  32.9s
[CV 1/3] END max_depth=20, max_features=sqrt, min_samples_leaf=4, min_samples_split=5, n_estimators=200;, score=0.708 total time=  57.7s
[CV 2/3] END max_depth=30, max_features=sqrt, min_samples_leaf=1, min_samples_split=10, n_estimators=300;, score=0.708 total time= 1.6min
[CV 3/3] END max_depth=40, max_features=sqrt, min_samples_leaf=1, min_samples_split=10, n_estimators=300;, score=0.653 total time= 1.6min
[CV 3/3] END max_depth=10, max_features=sqrt, min_samples_leaf=1, min_samples_split=2, n_estimators=300;, score=0.641 total time= 1.7min
[CV 2/3] END max_depth=20, max_features=sqrt, min_samples_leaf=2, min_samples_split=5, n_estimators=200;, score=0.708 total time= 1.1min
[CV 2/3] END max_depth=20, max_features=log2, min_samples_leaf=1, min_samples_split=10, n_estimators=100;, score=0.696 total time=   3.2s
[CV 3/3] END max_depth=20, max_features=log2, min_samples_leaf=2, min_samples_split=2, n_estimators=100;, score=0.647 total time=   3.1s
[CV 1/3] END max_depth=20, max_features=log2, min_samples_leaf=2, min_samples_split=5, n_estimators=200;, score=0.685 total time=   4.9s
[CV 3/3] END max_depth=20, max_features=log2, min_samples_leaf=2, min_samples_split=10, n_estimators=200;, score=0.659 total time=   4.7s
[CV 2/3] END max_depth=20, max_features=log2, min_samples_leaf=4, min_samples_split=10, n_estimators=100;, score=0.685 total time=   2.8s
[CV 1/3] END max_depth=30, max_features=sqrt, min_samples_leaf=1, min_samples_split=2, n_estimators=300;, score=0.714 total time= 1.7min
[CV 1/3] END max_depth=40, max_features=sqrt, min_samples_leaf=1, min_samples_split=10, n_estimators=300;, score=0.714 total time= 1.7min
[CV 2/3] END max_depth=10, max_features=sqrt, min_samples_leaf=4, min_samples_split=2, n_estimators=100;, score=0.685 total time=  31.8s
[CV 1/3] END max_depth=10, max_features=sqrt, min_samples_leaf=4, min_samples_split=2, n_estimators=200;, score=0.714 total time=  56.5s
[CV 1/3] END max_depth=20, max_features=sqrt, min_samples_leaf=1, min_samples_split=5, n_estimators=300;, score=0.732 total time= 1.7min
[CV 3/3] END max_depth=30, max_features=sqrt, min_samples_leaf=1, min_samples_split=10, n_estimators=300;, score=0.641 total time= 1.6min
[CV 2/3] END max_depth=40, max_features=sqrt, min_samples_leaf=1, min_samples_split=5, n_estimators=300;, score=0.696 total time= 1.7min
[CV 2/3] END max_depth=10, max_features=sqrt, min_samples_leaf=2, min_samples_split=5, n_estimators=200;, score=0.708 total time= 1.1min
[CV 3/3] END max_depth=10, max_features=log2, min_samples_leaf=1, min_samples_split=5, n_estimators=100;, score=0.665 total time=   2.9s
[CV 2/3] END max_depth=10, max_features=log2, min_samples_leaf=1, min_samples_split=10, n_estimators=200;, score=0.690 total time=   4.7s
[CV 1/3] END max_depth=10, max_features=log2, min_samples_leaf=2, min_samples_split=5, n_estimators=300;, score=0.708 total time=   6.5s
[CV 2/3] END max_depth=10, max_features=log2, min_samples_leaf=4, min_samples_split=5, n_estimators=300;, score=0.673 total time=   5.8s
[CV 2/3] END max_depth=20, max_features=sqrt, min_samples_leaf=1, min_samples_split=5, n_estimators=200;, score=0.696 total time= 1.1min
[CV 1/3] END max_depth=20, max_features=log2, min_samples_leaf=1, min_samples_split=2, n_estimators=100;, score=0.720 total time=   3.2s
[CV 1/3] END max_depth=20, max_features=log2, min_samples_leaf=1, min_samples_split=2, n_estimators=300;, score=0.714 total time=   7.1s
[CV 2/3] END max_depth=20, max_features=log2, min_samples_leaf=1, min_samples_split=10, n_estimators=200;, score=0.696 total time=   4.9s
[CV 3/3] END max_depth=20, max_features=log2, min_samples_leaf=2, min_samples_split=2, n_estimators=300;, score=0.659 total time=   6.7s
[CV 2/3] END max_depth=20, max_features=log2, min_samples_leaf=4, min_samples_split=2, n_estimators=100;, score=0.696 total time=   2.9s
[CV 3/3] END max_depth=20, max_features=log2, min_samples_leaf=4, min_samples_split=5, n_estimators=200;, score=0.629 total time=   4.5s
[CV 3/3] END max_depth=30, max_features=sqrt, min_samples_leaf=1, min_samples_split=2, n_estimators=300;, score=0.653 total time= 1.7min
[CV 2/3] END max_depth=40, max_features=sqrt, min_samples_leaf=1, min_samples_split=10, n_estimators=300;, score=0.690 total time= 1.7min
[CV 3/3] END max_depth=10, max_features=sqrt, min_samples_leaf=1, min_samples_split=10, n_estimators=300;, score=0.647 total time= 1.6min
[CV 2/3] END max_depth=20, max_features=sqrt, min_samples_leaf=2, min_samples_split=2, n_estimators=300;, score=0.708 total time= 1.6min
[CV 3/3] END max_depth=30, max_features=sqrt, min_samples_leaf=2, min_samples_split=2, n_estimators=300;, score=0.635 total time= 1.6min
[CV 3/3] END max_depth=40, max_features=sqrt, min_samples_leaf=2, min_samples_split=2, n_estimators=300;, score=0.677 total time= 1.6min
[CV 3/3] END max_depth=10, max_features=sqrt, min_samples_leaf=2, min_samples_split=2, n_estimators=100;, score=0.659 total time=  35.6s
[CV 1/3] END max_depth=10, max_features=sqrt, min_samples_leaf=4, min_samples_split=5, n_estimators=200;, score=0.708 total time=  57.3s
[CV 2/3] END max_depth=20, max_features=sqrt, min_samples_leaf=1, min_samples_split=10, n_estimators=300;, score=0.696 total time= 1.6min
[CV 3/3] END max_depth=30, max_features=sqrt, min_samples_leaf=2, min_samples_split=2, n_estimators=200;, score=0.653 total time= 1.1min
[CV 1/3] END max_depth=30, max_features=log2, min_samples_leaf=1, min_samples_split=2, n_estimators=300;, score=0.702 total time=   7.5s
[CV 2/3] END max_depth=30, max_features=log2, min_samples_leaf=1, min_samples_split=10, n_estimators=100;, score=0.702 total time=   3.3s
[CV 2/3] END max_depth=30, max_features=log2, min_samples_leaf=2, min_samples_split=2, n_estimators=100;, score=0.685 total time=   3.2s
[CV 2/3] END max_depth=30, max_features=log2, min_samples_leaf=2, min_samples_split=5, n_estimators=100;, score=0.685 total time=   3.1s
[CV 1/3] END max_depth=30, max_features=log2, min_samples_leaf=2, min_samples_split=10, n_estimators=100;, score=0.708 total time=   3.2s
[CV 3/3] END max_depth=30, max_features=log2, min_samples_leaf=4, min_samples_split=2, n_estimators=200;, score=0.629 total time=   4.8s
[CV 3/3] END max_depth=30, max_features=log2, min_samples_leaf=4, min_samples_split=10, n_estimators=300;, score=0.629 total time=   6.5s
[CV 1/3] END max_depth=40, max_features=sqrt, min_samples_leaf=2, min_samples_split=2, n_estimators=200;, score=0.720 total time= 1.1min
[CV 1/3] END max_depth=40, max_features=log2, min_samples_leaf=1, min_samples_split=5, n_estimators=200;, score=0.685 total time=   5.4s
[CV 3/3] END max_depth=40, max_features=log2, min_samples_leaf=1, min_samples_split=10, n_estimators=100;, score=0.623 total time=   3.3s
[CV 2/3] END max_depth=40, max_features=log2, min_samples_leaf=2, min_samples_split=2, n_estimators=100;, score=0.690 total time=   3.2s
[CV 1/3] END max_depth=40, max_features=log2, min_samples_leaf=2, min_samples_split=5, n_estimators=100;, score=0.726 total time=   3.2s
[CV 2/3] END max_depth=40, max_features=log2, min_samples_leaf=2, min_samples_split=10, n_estimators=100;, score=0.667 total time=   3.2s
[CV 1/3] END max_depth=40, max_features=log2, min_samples_leaf=4, min_samples_split=2, n_estimators=200;, score=0.685 total time=   4.8s
[CV 3/3] END max_depth=40, max_features=log2, min_samples_leaf=4, min_samples_split=10, n_estimators=300;, score=0.635 total time=   5.3s
[CV 2/3] END max_depth=10, max_features=sqrt, min_samples_leaf=1, min_samples_split=2, n_estimators=200;, score=0.714 total time= 1.2min
[CV 2/3] END max_depth=10, max_features=log2, min_samples_leaf=1, min_samples_split=10, n_estimators=300;, score=0.685 total time=   7.1s
[CV 2/3] END max_depth=10, max_features=log2, min_samples_leaf=4, min_samples_split=2, n_estimators=100;, score=0.661 total time=   2.6s
[CV 1/3] END max_depth=10, max_features=log2, min_samples_leaf=4, min_samples_split=5, n_estimators=200;, score=0.696 total time=   4.3s
[CV 2/3] END max_depth=20, max_features=sqrt, min_samples_leaf=1, min_samples_split=2, n_estimators=200;, score=0.714 total time= 1.1min
[CV 3/3] END max_depth=20, max_features=sqrt, min_samples_leaf=4, min_samples_split=10, n_estimators=200;, score=0.653 total time=  57.4s
[CV 1/3] END max_depth=30, max_features=sqrt, min_samples_leaf=2, min_samples_split=10, n_estimators=100;, score=0.732 total time=  31.8s
[CV 3/3] END max_depth=30, max_features=sqrt, min_samples_leaf=4, min_samples_split=5, n_estimators=300;, score=0.647 total time= 1.4min
[CV 3/3] END max_depth=40, max_features=sqrt, min_samples_leaf=4, min_samples_split=5, n_estimators=100;, score=0.653 total time=  29.2s
[CV 3/3] END max_depth=40, max_features=log2, min_samples_leaf=1, min_samples_split=5, n_estimators=100;, score=0.641 total time=   3.3s
[CV 2/3] END max_depth=40, max_features=log2, min_samples_leaf=1, min_samples_split=10, n_estimators=100;, score=0.685 total time=   3.2s
[CV 2/3] END max_depth=40, max_features=log2, min_samples_leaf=1, min_samples_split=10, n_estimators=300;, score=0.685 total time=   7.0s
[CV 3/3] END max_depth=40, max_features=log2, min_samples_leaf=2, min_samples_split=5, n_estimators=200;, score=0.641 total time=   5.2s
[CV 3/3] END max_depth=40, max_features=log2, min_samples_leaf=4, min_samples_split=2, n_estimators=200;, score=0.629 total time=   4.6s
[CV 1/3] END max_depth=40, max_features=log2, min_samples_leaf=4, min_samples_split=10, n_estimators=300;, score=0.679 total time=   5.5s
[CV 2/3] END max_depth=10, max_features=sqrt, min_samples_leaf=2, min_samples_split=2, n_estimators=300;, score=0.696 total time= 1.6min
[CV 3/3] END max_depth=20, max_features=sqrt, min_samples_leaf=2, min_samples_split=2, n_estimators=200;, score=0.677 total time= 1.1min
[CV 3/3] END max_depth=20, max_features=log2, min_samples_leaf=1, min_samples_split=5, n_estimators=200;, score=0.659 total time=   5.3s
[CV 1/3] END max_depth=20, max_features=log2, min_samples_leaf=2, min_samples_split=2, n_estimators=200;, score=0.696 total time=   5.1s
[CV 3/3] END max_depth=20, max_features=log2, min_samples_leaf=2, min_samples_split=5, n_estimators=200;, score=0.641 total time=   5.2s
[CV 1/3] END max_depth=20, max_features=log2, min_samples_leaf=4, min_samples_split=2, n_estimators=300;, score=0.696 total time=   6.4s
[CV 1/3] END max_depth=30, max_features=sqrt, min_samples_leaf=1, min_samples_split=5, n_estimators=200;, score=0.726 total time= 1.1min
[CV 3/3] END max_depth=30, max_features=log2, min_samples_leaf=1, min_samples_split=2, n_estimators=100;, score=0.671 total time=   3.4s
[CV 2/3] END max_depth=30, max_features=log2, min_samples_leaf=1, min_samples_split=5, n_estimators=100;, score=0.696 total time=   3.2s
[CV 3/3] END max_depth=30, max_features=log2, min_samples_leaf=1, min_samples_split=5, n_estimators=300;, score=0.641 total time=   7.3s
[CV 1/3] END max_depth=30, max_features=log2, min_samples_leaf=2, min_samples_split=2, n_estimators=300;, score=0.696 total time=   7.1s
[CV 3/3] END max_depth=30, max_features=log2, min_samples_leaf=2, min_samples_split=10, n_estimators=300;, score=0.629 total time=   7.0s
[CV 1/3] END max_depth=40, max_features=sqrt, min_samples_leaf=1, min_samples_split=2, n_estimators=300;, score=0.732 total time= 1.7min
[CV 1/3] END max_depth=10, max_features=sqrt, min_samples_leaf=2, min_samples_split=5, n_estimators=200;, score=0.720 total time= 1.1min
[CV 2/3] END max_depth=10, max_features=log2, min_samples_leaf=1, min_samples_split=5, n_estimators=100;, score=0.690 total time=   3.1s
[CV 3/3] END max_depth=10, max_features=log2, min_samples_leaf=1, min_samples_split=10, n_estimators=200;, score=0.641 total time=   5.0s
[CV 2/3] END max_depth=10, max_features=log2, min_samples_leaf=2, min_samples_split=10, n_estimators=100;, score=0.679 total time=   2.9s
[CV 1/3] END max_depth=10, max_features=log2, min_samples_leaf=4, min_samples_split=2, n_estimators=200;, score=0.690 total time=   4.4s
[CV 2/3] END max_depth=10, max_features=log2, min_samples_leaf=4, min_samples_split=10, n_estimators=200;, score=0.655 total time=   4.4s
[CV 3/3] END max_depth=20, max_features=sqrt, min_samples_leaf=1, min_samples_split=5, n_estimators=200;, score=0.671 total time= 1.1min
[CV 2/3] END max_depth=20, max_features=sqrt, min_samples_leaf=4, min_samples_split=10, n_estimators=300;, score=0.685 total time= 1.4min
[CV 2/3] END max_depth=30, max_features=sqrt, min_samples_leaf=4, min_samples_split=5, n_estimators=300;, score=0.702 total time= 1.5min
[CV 1/3] END max_depth=40, max_features=sqrt, min_samples_leaf=4, min_samples_split=5, n_estimators=200;, score=0.696 total time=  59.0s
[CV 3/3] END max_depth=10, max_features=sqrt, min_samples_leaf=2, min_samples_split=2, n_estimators=300;, score=0.647 total time= 1.6min
[CV 3/3] END max_depth=20, max_features=sqrt, min_samples_leaf=2, min_samples_split=2, n_estimators=300;, score=0.647 total time= 1.6min
[CV 2/3] END max_depth=30, max_features=sqrt, min_samples_leaf=2, min_samples_split=2, n_estimators=300;, score=0.690 total time= 1.6min
[CV 3/3] END max_depth=40, max_features=sqrt, min_samples_leaf=2, min_samples_split=2, n_estimators=200;, score=0.653 total time= 1.1min
[CV 2/3] END max_depth=40, max_features=log2, min_samples_leaf=1, min_samples_split=2, n_estimators=300;, score=0.685 total time=   7.4s
[CV 1/3] END max_depth=40, max_features=log2, min_samples_leaf=1, min_samples_split=10, n_estimators=300;, score=0.702 total time=   7.2s
[CV 2/3] END max_depth=40, max_features=log2, min_samples_leaf=2, min_samples_split=5, n_estimators=200;, score=0.690 total time=   5.1s
[CV 2/3] END max_depth=40, max_features=log2, min_samples_leaf=4, min_samples_split=2, n_estimators=200;, score=0.685 total time=   4.8s
[CV 2/3] END max_depth=40, max_features=log2, min_samples_leaf=4, min_samples_split=10, n_estimators=300;, score=0.679 total time=   5.6s
[CV 1/3] END max_depth=10, max_features=sqrt, min_samples_leaf=4, min_samples_split=2, n_estimators=100;, score=0.690 total time=  31.2s
[CV 3/3] END max_depth=10, max_features=sqrt, min_samples_leaf=4, min_samples_split=2, n_estimators=100;, score=0.641 total time=  28.8s
[CV 2/3] END max_depth=10, max_features=sqrt, min_samples_leaf=4, min_samples_split=10, n_estimators=200;, score=0.696 total time=  56.3s
[CV 1/3] END max_depth=20, max_features=sqrt, min_samples_leaf=2, min_samples_split=10, n_estimators=100;, score=0.702 total time=  32.1s
[CV 3/3] END max_depth=20, max_features=sqrt, min_samples_leaf=4, min_samples_split=5, n_estimators=300;, score=0.635 total time= 1.4min
[CV 1/3] END max_depth=30, max_features=sqrt, min_samples_leaf=4, min_samples_split=5, n_estimators=200;, score=0.702 total time=  57.4s
[CV 1/3] END max_depth=40, max_features=sqrt, min_samples_leaf=2, min_samples_split=2, n_estimators=300;, score=0.714 total time= 1.6min
[CV 1/3] END max_depth=10, max_features=sqrt, min_samples_leaf=2, min_samples_split=5, n_estimators=300;, score=0.696 total time= 1.6min
[CV 1/3] END max_depth=20, max_features=sqrt, min_samples_leaf=2, min_samples_split=5, n_estimators=100;, score=0.726 total time=  33.8s
[CV 2/3] END max_depth=20, max_features=sqrt, min_samples_leaf=4, min_samples_split=5, n_estimators=200;, score=0.690 total time=  57.8s
[CV 3/3] END max_depth=30, max_features=sqrt, min_samples_leaf=2, min_samples_split=2, n_estimators=100;, score=0.653 total time=  32.2s
[CV 3/3] END max_depth=30, max_features=sqrt, min_samples_leaf=4, min_samples_split=2, n_estimators=200;, score=0.647 total time=  58.9s
[CV 1/3] END max_depth=30, max_features=log2, min_samples_leaf=4, min_samples_split=10, n_estimators=200;, score=0.696 total time=   4.7s
[CV 1/3] END max_depth=40, max_features=sqrt, min_samples_leaf=1, min_samples_split=5, n_estimators=300;, score=0.702 total time= 1.7min
[CV 2/3] END max_depth=10, max_features=sqrt, min_samples_leaf=2, min_samples_split=10, n_estimators=300;, score=0.702 total time= 1.6min
[CV 3/3] END max_depth=20, max_features=sqrt, min_samples_leaf=1, min_samples_split=10, n_estimators=300;, score=0.641 total time= 1.6min
[CV 1/3] END max_depth=30, max_features=sqrt, min_samples_leaf=2, min_samples_split=2, n_estimators=300;, score=0.714 total time= 1.6min
[CV 2/3] END max_depth=40, max_features=sqrt, min_samples_leaf=2, min_samples_split=2, n_estimators=300;, score=0.690 total time= 1.6min
[CV 3/3] END max_depth=10, max_features=sqrt, min_samples_leaf=1, min_samples_split=5, n_estimators=200;, score=0.653 total time= 1.1min
[CV 2/3] END max_depth=10, max_features=log2, min_samples_leaf=1, min_samples_split=5, n_estimators=300;, score=0.702 total time=   7.0s
[CV 3/3] END max_depth=10, max_features=log2, min_samples_leaf=2, min_samples_split=5, n_estimators=300;, score=0.635 total time=   6.8s
[CV 2/3] END max_depth=10, max_features=log2, min_samples_leaf=4, min_samples_split=10, n_estimators=100;, score=0.661 total time=   2.8s
[CV 1/3] END max_depth=20, max_features=sqrt, min_samples_leaf=1, min_samples_split=2, n_estimators=200;, score=0.708 total time= 1.2min
[CV 2/3] END max_depth=20, max_features=log2, min_samples_leaf=1, min_samples_split=2, n_estimators=200;, score=0.685 total time=   5.3s
[CV 1/3] END max_depth=20, max_features=log2, min_samples_leaf=1, min_samples_split=5, n_estimators=300;, score=0.702 total time=   7.5s
[CV 2/3] END max_depth=20, max_features=log2, min_samples_leaf=2, min_samples_split=2, n_estimators=300;, score=0.673 total time=   7.2s
[CV 1/3] END max_depth=20, max_features=log2, min_samples_leaf=4, min_samples_split=2, n_estimators=200;, score=0.679 total time=   4.7s
[CV 3/3] END max_depth=20, max_features=log2, min_samples_leaf=4, min_samples_split=10, n_estimators=200;, score=0.623 total time=   4.5s
[CV 2/3] END max_depth=30, max_features=sqrt, min_samples_leaf=1, min_samples_split=10, n_estimators=200;, score=0.696 total time= 1.1min
[CV 2/3] END max_depth=30, max_features=sqrt, min_samples_leaf=4, min_samples_split=10, n_estimators=300;, score=0.679 total time= 1.4min
[CV 2/3] END max_depth=40, max_features=sqrt, min_samples_leaf=4, min_samples_split=5, n_estimators=200;, score=0.702 total time=  54.1s
[CV 1/3] END max_depth=10, max_features=sqrt, min_samples_leaf=2, min_samples_split=10, n_estimators=200;, score=0.738 total time= 1.1min
[CV 2/3] END max_depth=10, max_features=log2, min_samples_leaf=1, min_samples_split=2, n_estimators=100;, score=0.679 total time=   3.1s
[CV 1/3] END max_depth=10, max_features=log2, min_samples_leaf=1, min_samples_split=5, n_estimators=300;, score=0.720 total time=   7.1s
[CV 2/3] END max_depth=10, max_features=log2, min_samples_leaf=2, min_samples_split=5, n_estimators=300;, score=0.696 total time=   6.6s
[CV 1/3] END max_depth=10, max_features=log2, min_samples_leaf=4, min_samples_split=10, n_estimators=100;, score=0.685 total time=   2.6s
[CV 3/3] END max_depth=20, max_features=sqrt, min_samples_leaf=1, min_samples_split=2, n_estimators=100;, score=0.653 total time=  34.1s
[CV 3/3] END max_depth=20, max_features=sqrt, min_samples_leaf=2, min_samples_split=10, n_estimators=100;, score=0.647 total time=  32.3s
[CV 2/3] END max_depth=20, max_features=sqrt, min_samples_leaf=4, min_samples_split=10, n_estimators=200;, score=0.690 total time=  57.2s
[CV 2/3] END max_depth=30, max_features=sqrt, min_samples_leaf=2, min_samples_split=5, n_estimators=300;, score=0.696 total time= 1.6min
[CV 3/3] END max_depth=40, max_features=sqrt, min_samples_leaf=2, min_samples_split=5, n_estimators=100;, score=0.647 total time=  33.0s
[CV 3/3] END max_depth=40, max_features=sqrt, min_samples_leaf=4, min_samples_split=5, n_estimators=200;, score=0.647 total time=  54.4s
[CV 2/3] END max_depth=10, max_features=sqrt, min_samples_leaf=2, min_samples_split=2, n_estimators=100;, score=0.690 total time=  35.0s
[CV 1/3] END max_depth=10, max_features=sqrt, min_samples_leaf=4, min_samples_split=2, n_estimators=300;, score=0.720 total time= 1.4min
[CV 1/3] END max_depth=20, max_features=sqrt, min_samples_leaf=4, min_samples_split=2, n_estimators=100;, score=0.702 total time=  29.5s
[CV 1/3] END max_depth=20, max_features=sqrt, min_samples_leaf=4, min_samples_split=10, n_estimators=200;, score=0.685 total time=  58.4s
[CV 1/3] END max_depth=30, max_features=sqrt, min_samples_leaf=2, min_samples_split=5, n_estimators=300;, score=0.708 total time= 1.7min
[CV 2/3] END max_depth=40, max_features=sqrt, min_samples_leaf=2, min_samples_split=5, n_estimators=300;, score=0.690 total time= 1.5min
[CV 2/3] END max_depth=10, max_features=sqrt, min_samples_leaf=1, min_samples_split=10, n_estimators=200;, score=0.696 total time= 1.1min
[CV 2/3] END max_depth=10, max_features=log2, min_samples_leaf=1, min_samples_split=2, n_estimators=300;, score=0.696 total time=   6.8s
[CV 1/3] END max_depth=10, max_features=log2, min_samples_leaf=2, min_samples_split=5, n_estimators=100;, score=0.667 total time=   2.9s
[CV 3/3] END max_depth=10, max_features=log2, min_samples_leaf=2, min_samples_split=10, n_estimators=100;, score=0.635 total time=   2.8s
[CV 2/3] END max_depth=10, max_features=log2, min_samples_leaf=4, min_samples_split=2, n_estimators=200;, score=0.685 total time=   4.3s
[CV 1/3] END max_depth=10, max_features=log2, min_samples_leaf=4, min_samples_split=10, n_estimators=300;, score=0.673 total time=   6.0s
[CV 1/3] END max_depth=20, max_features=sqrt, min_samples_leaf=1, min_samples_split=10, n_estimators=200;, score=0.732 total time= 1.1min
[CV 1/3] END max_depth=20, max_features=log2, min_samples_leaf=1, min_samples_split=2, n_estimators=200;, score=0.702 total time=   5.2s
[CV 1/3] END max_depth=20, max_features=log2, min_samples_leaf=1, min_samples_split=5, n_estimators=200;, score=0.702 total time=   5.3s
[CV 1/3] END max_depth=20, max_features=log2, min_samples_leaf=2, min_samples_split=2, n_estimators=100;, score=0.708 total time=   3.0s
[CV 1/3] END max_depth=20, max_features=log2, min_samples_leaf=2, min_samples_split=2, n_estimators=300;, score=0.702 total time=   7.1s
[CV 3/3] END max_depth=20, max_features=log2, min_samples_leaf=4, min_samples_split=2, n_estimators=100;, score=0.629 total time=   3.0s
[CV 1/3] END max_depth=20, max_features=log2, min_samples_leaf=4, min_samples_split=10, n_estimators=100;, score=0.661 total time=   3.0s
[CV 3/3] END max_depth=30, max_features=sqrt, min_samples_leaf=1, min_samples_split=2, n_estimators=200;, score=0.659 total time= 1.2min
[CV 1/3] END max_depth=30, max_features=log2, min_samples_leaf=1, min_samples_split=2, n_estimators=200;, score=0.720 total time=   5.2s
[CV 3/3] END max_depth=30, max_features=log2, min_samples_leaf=1, min_samples_split=5, n_estimators=100;, score=0.689 total time=   3.2s
[CV 3/3] END max_depth=30, max_features=log2, min_samples_leaf=1, min_samples_split=10, n_estimators=100;, score=0.635 total time=   3.1s
[CV 1/3] END max_depth=30, max_features=log2, min_samples_leaf=2, min_samples_split=2, n_estimators=100;, score=0.702 total time=   3.0s
[CV 1/3] END max_depth=30, max_features=log2, min_samples_leaf=2, min_samples_split=5, n_estimators=100;, score=0.696 total time=   3.0s
[CV 2/3] END max_depth=30, max_features=log2, min_samples_leaf=2, min_samples_split=5, n_estimators=300;, score=0.696 total time=   6.8s
[CV 3/3] END max_depth=30, max_features=log2, min_samples_leaf=4, min_samples_split=5, n_estimators=300;, score=0.611 total time=   6.2s
[CV 3/3] END max_depth=40, max_features=sqrt, min_samples_leaf=1, min_samples_split=10, n_estimators=100;, score=0.659 total time=  34.2s
[CV 3/3] END max_depth=40, max_features=sqrt, min_samples_leaf=4, min_samples_split=2, n_estimators=100;, score=0.635 total time=  29.0s
[CV 2/3] END max_depth=40, max_features=sqrt, min_samples_leaf=4, min_samples_split=10, n_estimators=200;, score=0.685 total time=  50.0s
[CV 2/3] END max_depth=10, max_features=sqrt, min_samples_leaf=2, min_samples_split=10, n_estimators=100;, score=0.714 total time=  35.2s
[CV 2/3] END max_depth=10, max_features=sqrt, min_samples_leaf=4, min_samples_split=2, n_estimators=300;, score=0.685 total time= 1.4min
[CV 1/3] END max_depth=20, max_features=sqrt, min_samples_leaf=2, min_samples_split=10, n_estimators=200;, score=0.714 total time= 1.1min
[CV 2/3] END max_depth=20, max_features=log2, min_samples_leaf=4, min_samples_split=10, n_estimators=300;, score=0.667 total time=   6.1s
[CV 1/3] END max_depth=30, max_features=sqrt, min_samples_leaf=2, min_samples_split=2, n_estimators=100;, score=0.714 total time=  33.6s
[CV 2/3] END max_depth=30, max_features=sqrt, min_samples_leaf=4, min_samples_split=2, n_estimators=300;, score=0.702 total time= 1.4min
[CV 3/3] END max_depth=40, max_features=sqrt, min_samples_leaf=2, min_samples_split=5, n_estimators=300;, score=0.659 total time= 1.5min
[CV 1/3] END max_depth=10, max_features=sqrt, min_samples_leaf=1, min_samples_split=10, n_estimators=300;, score=0.702 total time= 1.7min
[CV 3/3] END max_depth=20, max_features=sqrt, min_samples_leaf=2, min_samples_split=5, n_estimators=100;, score=0.671 total time=  32.6s
[CV 3/3] END max_depth=20, max_features=sqrt, min_samples_leaf=4, min_samples_split=5, n_estimators=100;, score=0.665 total time=  29.2s
[CV 2/3] END max_depth=20, max_features=log2, min_samples_leaf=1, min_samples_split=5, n_estimators=100;, score=0.708 total time=   3.0s
[CV 1/3] END max_depth=20, max_features=log2, min_samples_leaf=1, min_samples_split=10, n_estimators=100;, score=0.696 total time=   3.0s
[CV 3/3] END max_depth=20, max_features=log2, min_samples_leaf=1, min_samples_split=10, n_estimators=300;, score=0.635 total time=   6.9s
[CV 2/3] END max_depth=20, max_features=log2, min_samples_leaf=2, min_samples_split=10, n_estimators=100;, score=0.685 total time=   3.0s
[CV 3/3] END max_depth=20, max_features=log2, min_samples_leaf=2, min_samples_split=10, n_estimators=300;, score=0.641 total time=   6.6s
[CV 2/3] END max_depth=30, max_features=sqrt, min_samples_leaf=1, min_samples_split=2, n_estimators=200;, score=0.720 total time= 1.1min
[CV 3/3] END max_depth=30, max_features=sqrt, min_samples_leaf=4, min_samples_split=10, n_estimators=200;, score=0.617 total time=  56.7s
[CV 1/3] END max_depth=40, max_features=sqrt, min_samples_leaf=2, min_samples_split=5, n_estimators=300;, score=0.708 total time= 1.5min
[CV 2/3] END max_depth=10, max_features=sqrt, min_samples_leaf=1, min_samples_split=5, n_estimators=300;, score=0.702 total time= 1.7min
[CV 1/3] END max_depth=20, max_features=sqrt, min_samples_leaf=2, min_samples_split=5, n_estimators=300;, score=0.720 total time= 1.6min
[CV 3/3] END max_depth=30, max_features=sqrt, min_samples_leaf=2, min_samples_split=5, n_estimators=100;, score=0.677 total time=  32.4s
[CV 1/3] END max_depth=30, max_features=sqrt, min_samples_leaf=4, min_samples_split=5, n_estimators=100;, score=0.720 total time=  28.5s
[CV 1/3] END max_depth=30, max_features=log2, min_samples_leaf=1, min_samples_split=5, n_estimators=200;, score=0.708 total time=   5.1s
[CV 3/3] END max_depth=30, max_features=log2, min_samples_leaf=1, min_samples_split=10, n_estimators=200;, score=0.641 total time=   5.0s
[CV 3/3] END max_depth=30, max_features=log2, min_samples_leaf=2, min_samples_split=5, n_estimators=100;, score=0.635 total time=   3.1s
[CV 3/3] END max_depth=30, max_features=log2, min_samples_leaf=2, min_samples_split=10, n_estimators=100;, score=0.635 total time=   3.1s
[CV 2/3] END max_depth=30, max_features=log2, min_samples_leaf=4, min_samples_split=2, n_estimators=200;, score=0.667 total time=   4.6s
[CV 1/3] END max_depth=30, max_features=log2, min_samples_leaf=4, min_samples_split=10, n_estimators=300;, score=0.673 total time=   6.3s
[CV 1/3] END max_depth=40, max_features=sqrt, min_samples_leaf=2, min_samples_split=2, n_estimators=100;, score=0.720 total time=  34.1s
[CV 2/3] END max_depth=40, max_features=sqrt, min_samples_leaf=4, min_samples_split=2, n_estimators=300;, score=0.685 total time= 1.3min
[CV 3/3] END max_depth=10, max_features=sqrt, min_samples_leaf=2, min_samples_split=5, n_estimators=200;, score=0.653 total time= 1.1min
[CV 2/3] END max_depth=10, max_features=log2, min_samples_leaf=1, min_samples_split=2, n_estimators=200;, score=0.702 total time=   5.0s
[CV 3/3] END max_depth=10, max_features=log2, min_samples_leaf=1, min_samples_split=10, n_estimators=300;, score=0.647 total time=   6.8s
[CV 1/3] END max_depth=10, max_features=log2, min_samples_leaf=4, min_samples_split=2, n_estimators=100;, score=0.673 total time=   2.7s
[CV 3/3] END max_depth=10, max_features=log2, min_samples_leaf=4, min_samples_split=5, n_estimators=100;, score=0.635 total time=   2.7s
[CV 3/3] END max_depth=10, max_features=log2, min_samples_leaf=4, min_samples_split=10, n_estimators=200;, score=0.635 total time=   4.2s
[CV 3/3] END max_depth=20, max_features=sqrt, min_samples_leaf=1, min_samples_split=5, n_estimators=300;, score=0.647 total time= 1.7min
[CV 3/3] END max_depth=30, max_features=sqrt, min_samples_leaf=1, min_samples_split=10, n_estimators=200;, score=0.629 total time= 1.1min
[CV 2/3] END max_depth=30, max_features=log2, min_samples_leaf=1, min_samples_split=2, n_estimators=200;, score=0.679 total time=   5.2s
[CV 2/3] END max_depth=30, max_features=log2, min_samples_leaf=1, min_samples_split=5, n_estimators=200;, score=0.708 total time=   5.2s
[CV 1/3] END max_depth=30, max_features=log2, min_samples_leaf=1, min_samples_split=10, n_estimators=300;, score=0.690 total time=   7.0s
[CV 3/3] END max_depth=30, max_features=log2, min_samples_leaf=2, min_samples_split=5, n_estimators=200;, score=0.659 total time=   4.9s
[CV 1/3] END max_depth=30, max_features=log2, min_samples_leaf=4, min_samples_split=2, n_estimators=300;, score=0.714 total time=   6.2s
[CV 1/3] END max_depth=40, max_features=sqrt, min_samples_leaf=1, min_samples_split=5, n_estimators=100;, score=0.714 total time=  34.9s
[CV 2/3] END max_depth=40, max_features=sqrt, min_samples_leaf=4, min_samples_split=2, n_estimators=100;, score=0.690 total time=  29.3s
[CV 1/3] END max_depth=40, max_features=sqrt, min_samples_leaf=4, min_samples_split=10, n_estimators=200;, score=0.696 total time=  52.3s
[CV 1/3] END max_depth=10, max_features=sqrt, min_samples_leaf=2, min_samples_split=2, n_estimators=200;, score=0.732 total time= 1.1min
[CV 3/3] END max_depth=10, max_features=log2, min_samples_leaf=1, min_samples_split=2, n_estimators=200;, score=0.641 total time=   5.1s
[CV 2/3] END max_depth=10, max_features=log2, min_samples_leaf=2, min_samples_split=2, n_estimators=100;, score=0.696 total time=   3.0s
[CV 1/3] END max_depth=10, max_features=log2, min_samples_leaf=2, min_samples_split=5, n_estimators=200;, score=0.708 total time=   4.8s
[CV 1/3] END max_depth=10, max_features=log2, min_samples_leaf=4, min_samples_split=2, n_estimators=300;, score=0.685 total time=   6.1s
[CV 2/3] END max_depth=20, max_features=sqrt, min_samples_leaf=1, min_samples_split=5, n_estimators=100;, score=0.679 total time=  34.2s
[CV 1/3] END max_depth=20, max_features=sqrt, min_samples_leaf=2, min_samples_split=10, n_estimators=300;, score=0.714 total time= 1.6min
[CV 1/3] END max_depth=30, max_features=sqrt, min_samples_leaf=2, min_samples_split=10, n_estimators=200;, score=0.732 total time= 1.1min
[CV 2/3] END max_depth=30, max_features=log2, min_samples_leaf=4, min_samples_split=10, n_estimators=100;, score=0.661 total time=   2.9s
[CV 3/3] END max_depth=40, max_features=sqrt, min_samples_leaf=1, min_samples_split=2, n_estimators=200;, score=0.665 total time= 1.1min
[CV 3/3] END max_depth=40, max_features=sqrt, min_samples_leaf=4, min_samples_split=10, n_estimators=200;, score=0.647 total time=  50.0s
[CV 2/3] END max_depth=10, max_features=sqrt, min_samples_leaf=1, min_samples_split=10, n_estimators=300;, score=0.702 total time= 1.7min
[CV 3/3] END max_depth=20, max_features=sqrt, min_samples_leaf=2, min_samples_split=5, n_estimators=200;, score=0.659 total time= 1.1min
[CV 2/3] END max_depth=20, max_features=log2, min_samples_leaf=1, min_samples_split=10, n_estimators=300;, score=0.679 total time=   7.1s
[CV 3/3] END max_depth=20, max_features=log2, min_samples_leaf=2, min_samples_split=5, n_estimators=300;, score=0.635 total time=   7.1s
[CV 3/3] END max_depth=20, max_features=log2, min_samples_leaf=4, min_samples_split=5, n_estimators=300;, score=0.635 total time=   6.5s
[CV 1/3] END max_depth=30, max_features=sqrt, min_samples_leaf=1, min_samples_split=10, n_estimators=200;, score=0.714 total time= 1.1min
[CV 3/3] END max_depth=30, max_features=log2, min_samples_leaf=1, min_samples_split=2, n_estimators=200;, score=0.629 total time=   5.1s
[CV 1/3] END max_depth=30, max_features=log2, min_samples_leaf=1, min_samples_split=5, n_estimators=300;, score=0.690 total time=   7.4s
[CV 2/3] END max_depth=30, max_features=log2, min_samples_leaf=2, min_samples_split=2, n_estimators=200;, score=0.673 total time=   5.1s
[CV 1/3] END max_depth=30, max_features=log2, min_samples_leaf=2, min_samples_split=10, n_estimators=200;, score=0.679 total time=   5.0s
[CV 1/3] END max_depth=30, max_features=log2, min_samples_leaf=4, min_samples_split=5, n_estimators=100;, score=0.702 total time=   2.8s
[CV 2/3] END max_depth=30, max_features=log2, min_samples_leaf=4, min_samples_split=10, n_estimators=300;, score=0.667 total time=   6.3s
[CV 3/3] END max_depth=40, max_features=sqrt, min_samples_leaf=2, min_samples_split=2, n_estimators=100;, score=0.641 total time=  33.1s
[CV 1/3] END max_depth=40, max_features=sqrt, min_samples_leaf=4, min_samples_split=2, n_estimators=300;, score=0.696 total time= 1.3min
[CV 3/3] END max_depth=10, max_features=sqrt, min_samples_leaf=2, min_samples_split=2, n_estimators=200;, score=0.641 total time= 1.1min
[CV 3/3] END max_depth=10, max_features=log2, min_samples_leaf=1, min_samples_split=2, n_estimators=100;, score=0.641 total time=   2.9s
[CV 3/3] END max_depth=10, max_features=log2, min_samples_leaf=1, min_samples_split=5, n_estimators=300;, score=0.665 total time=   6.9s
[CV 1/3] END max_depth=10, max_features=log2, min_samples_leaf=2, min_samples_split=10, n_estimators=100;, score=0.696 total time=   2.9s
[CV 3/3] END max_depth=10, max_features=log2, min_samples_leaf=4, min_samples_split=2, n_estimators=100;, score=0.635 total time=   2.7s
[CV 2/3] END max_depth=10, max_features=log2, min_samples_leaf=4, min_samples_split=5, n_estimators=200;, score=0.667 total time=   4.2s
[CV 3/3] END max_depth=20, max_features=sqrt, min_samples_leaf=1, min_samples_split=2, n_estimators=300;, score=0.659 total time= 1.7min
[CV 3/3] END max_depth=30, max_features=sqrt, min_samples_leaf=1, min_samples_split=5, n_estimators=200;, score=0.635 total time= 1.1min
[CV 1/3] END max_depth=30, max_features=log2, min_samples_leaf=1, min_samples_split=2, n_estimators=100;, score=0.738 total time=   3.2s
[CV 3/3] END max_depth=30, max_features=log2, min_samples_leaf=1, min_samples_split=2, n_estimators=300;, score=0.653 total time=   7.2s
[CV 2/3] END max_depth=30, max_features=log2, min_samples_leaf=1, min_samples_split=10, n_estimators=200;, score=0.679 total time=   4.9s
[CV 3/3] END max_depth=30, max_features=log2, min_samples_leaf=2, min_samples_split=2, n_estimators=300;, score=0.653 total time=   6.7s
[CV 1/3] END max_depth=30, max_features=log2, min_samples_leaf=4, min_samples_split=2, n_estimators=100;, score=0.673 total time=   2.9s
[CV 2/3] END max_depth=30, max_features=log2, min_samples_leaf=4, min_samples_split=5, n_estimators=200;, score=0.679 total time=   4.5s
[CV 2/3] END max_depth=40, max_features=sqrt, min_samples_leaf=1, min_samples_split=5, n_estimators=100;, score=0.690 total time=  33.7s
[CV 3/3] END max_depth=40, max_features=sqrt, min_samples_leaf=2, min_samples_split=10, n_estimators=300;, score=0.653 total time= 1.4min
[CV 3/3] END max_depth=10, max_features=sqrt, min_samples_leaf=2, min_samples_split=10, n_estimators=200;, score=0.629 total time= 1.1min
[CV 1/3] END max_depth=10, max_features=sqrt, min_samples_leaf=4, min_samples_split=10, n_estimators=300;, score=0.696 total time= 1.4min
[CV 1/3] END max_depth=20, max_features=sqrt, min_samples_leaf=4, min_samples_split=5, n_estimators=300;, score=0.720 total time= 1.4min
[CV 2/3] END max_depth=30, max_features=sqrt, min_samples_leaf=4, min_samples_split=5, n_estimators=200;, score=0.690 total time=  58.0s
[CV 1/3] END max_depth=40, max_features=sqrt, min_samples_leaf=2, min_samples_split=5, n_estimators=100;, score=0.708 total time=  33.5s
[CV 3/3] END max_depth=40, max_features=sqrt, min_samples_leaf=4, min_samples_split=2, n_estimators=300;, score=0.635 total time= 1.3min
[CV 1/3] END max_depth=10, max_features=sqrt, min_samples_leaf=2, min_samples_split=2, n_estimators=300;, score=0.714 total time= 1.6min
[CV 1/3] END max_depth=20, max_features=sqrt, min_samples_leaf=2, min_samples_split=2, n_estimators=300;, score=0.720 total time= 1.7min
[CV 1/3] END max_depth=30, max_features=sqrt, min_samples_leaf=2, min_samples_split=5, n_estimators=100;, score=0.708 total time=  34.5s
[CV 2/3] END max_depth=30, max_features=sqrt, min_samples_leaf=4, min_samples_split=5, n_estimators=100;, score=0.685 total time=  29.3s
[CV 2/3] END max_depth=30, max_features=log2, min_samples_leaf=1, min_samples_split=5, n_estimators=300;, score=0.679 total time=   7.2s
[CV 3/3] END max_depth=30, max_features=log2, min_samples_leaf=2, min_samples_split=2, n_estimators=200;, score=0.641 total time=   5.0s
[CV 2/3] END max_depth=30, max_features=log2, min_samples_leaf=2, min_samples_split=10, n_estimators=200;, score=0.673 total time=   5.0s
[CV 2/3] END max_depth=30, max_features=log2, min_samples_leaf=4, min_samples_split=5, n_estimators=100;, score=0.679 total time=   3.0s
[CV 1/3] END max_depth=40, max_features=sqrt, min_samples_leaf=1, min_samples_split=2, n_estimators=100;, score=0.744 total time=  35.9s
[CV 2/3] END max_depth=40, max_features=sqrt, min_samples_leaf=2, min_samples_split=10, n_estimators=300;, score=0.696 total time= 1.4min
[CV 2/3] END max_depth=10, max_features=sqrt, min_samples_leaf=1, min_samples_split=2, n_estimators=300;, score=0.696 total time= 1.7min
[CV 3/3] END max_depth=20, max_features=sqrt, min_samples_leaf=2, min_samples_split=5, n_estimators=300;, score=0.653 total time= 1.6min
[CV 1/3] END max_depth=30, max_features=sqrt, min_samples_leaf=2, min_samples_split=5, n_estimators=200;, score=0.720 total time= 1.1min
[CV 3/3] END max_depth=30, max_features=log2, min_samples_leaf=2, min_samples_split=2, n_estimators=100;, score=0.647 total time=   3.2s
[CV 1/3] END max_depth=30, max_features=log2, min_samples_leaf=2, min_samples_split=5, n_estimators=200;, score=0.696 total time=   5.0s
[CV 1/3] END max_depth=30, max_features=log2, min_samples_leaf=2, min_samples_split=10, n_estimators=300;, score=0.685 total time=   6.9s
[CV 3/3] END max_depth=40, max_features=sqrt, min_samples_leaf=1, min_samples_split=2, n_estimators=100;, score=0.653 total time=  35.2s
[CV 1/3] END max_depth=40, max_features=sqrt, min_samples_leaf=2, min_samples_split=10, n_estimators=300;, score=0.708 total time= 1.5min
[CV 2/3] END max_depth=10, max_features=sqrt, min_samples_leaf=1, min_samples_split=10, n_estimators=100;, score=0.679 total time=  35.5s
[CV 3/3] END max_depth=10, max_features=sqrt, min_samples_leaf=4, min_samples_split=5, n_estimators=100;, score=0.647 total time=  28.6s
[CV 3/3] END max_depth=10, max_features=sqrt, min_samples_leaf=4, min_samples_split=10, n_estimators=200;, score=0.635 total time=  56.2s
[CV 2/3] END max_depth=20, max_features=sqrt, min_samples_leaf=2, min_samples_split=10, n_estimators=200;, score=0.702 total time= 1.1min
[CV 1/3] END max_depth=30, max_features=sqrt, min_samples_leaf=1, min_samples_split=2, n_estimators=200;, score=0.702 total time= 1.1min
[CV 1/3] END max_depth=30, max_features=sqrt, min_samples_leaf=4, min_samples_split=10, n_estimators=300;, score=0.690 total time= 1.4min
[CV 2/3] END max_depth=40, max_features=sqrt, min_samples_leaf=4, min_samples_split=5, n_estimators=300;, score=0.679 total time= 1.2min
[CV 1/3] END max_depth=10, max_features=sqrt, min_samples_leaf=1, min_samples_split=2, n_estimators=200;, score=0.744 total time= 1.2min
[CV 3/3] END max_depth=10, max_features=log2, min_samples_leaf=1, min_samples_split=10, n_estimators=100;, score=0.641 total time=   3.0s
[CV 2/3] END max_depth=10, max_features=log2, min_samples_leaf=2, min_samples_split=2, n_estimators=200;, score=0.690 total time=   4.9s
[CV 2/3] END max_depth=10, max_features=log2, min_samples_leaf=2, min_samples_split=10, n_estimators=300;, score=0.673 total time=   6.7s
[CV 2/3] END max_depth=20, max_features=sqrt, min_samples_leaf=1, min_samples_split=2, n_estimators=100;, score=0.702 total time=  33.7s
[CV 2/3] END max_depth=20, max_features=sqrt, min_samples_leaf=2, min_samples_split=10, n_estimators=100;, score=0.690 total time=  31.2s
[CV 2/3] END max_depth=20, max_features=sqrt, min_samples_leaf=4, min_samples_split=10, n_estimators=100;, score=0.685 total time=  28.6s
[CV 2/3] END max_depth=20, max_features=log2, min_samples_leaf=4, min_samples_split=2, n_estimators=200;, score=0.679 total time=   4.6s
[CV 1/3] END max_depth=20, max_features=log2, min_samples_leaf=4, min_samples_split=10, n_estimators=300;, score=0.685 total time=   6.4s
[CV 2/3] END max_depth=30, max_features=sqrt, min_samples_leaf=2, min_samples_split=2, n_estimators=100;, score=0.702 total time=  33.0s
[CV 1/3] END max_depth=30, max_features=sqrt, min_samples_leaf=4, min_samples_split=2, n_estimators=300;, score=0.702 total time= 1.5min
[CV 1/3] END max_depth=40, max_features=sqrt, min_samples_leaf=2, min_samples_split=10, n_estimators=100;, score=0.702 total time=  32.9s
[CV 3/3] END max_depth=40, max_features=sqrt, min_samples_leaf=4, min_samples_split=5, n_estimators=300;, score=0.647 total time= 1.2min
[CV 3/3] END max_depth=10, max_features=sqrt, min_samples_leaf=2, min_samples_split=5, n_estimators=300;, score=0.641 total time= 1.6min
[CV 2/3] END max_depth=20, max_features=sqrt, min_samples_leaf=2, min_samples_split=2, n_estimators=200;, score=0.690 total time= 1.1min
[CV 3/3] END max_depth=20, max_features=log2, min_samples_leaf=1, min_samples_split=5, n_estimators=300;, score=0.665 total time=   7.5s
[CV 1/3] END max_depth=20, max_features=log2, min_samples_leaf=2, min_samples_split=5, n_estimators=100;, score=0.696 total time=   3.2s
[CV 1/3] END max_depth=20, max_features=log2, min_samples_leaf=2, min_samples_split=10, n_estimators=200;, score=0.673 total time=   4.9s
[CV 2/3] END max_depth=20, max_features=log2, min_samples_leaf=4, min_samples_split=5, n_estimators=100;, score=0.667 total time=   3.0s
[CV 2/3] END max_depth=20, max_features=log2, min_samples_leaf=4, min_samples_split=10, n_estimators=200;, score=0.673 total time=   4.5s
[CV 2/3] END max_depth=30, max_features=sqrt, min_samples_leaf=1, min_samples_split=5, n_estimators=300;, score=0.702 total time= 1.7min
[CV 3/3] END max_depth=40, max_features=sqrt, min_samples_leaf=1, min_samples_split=10, n_estimators=200;, score=0.653 total time= 1.1min
[CV 2/3] END max_depth=40, max_features=sqrt, min_samples_leaf=4, min_samples_split=10, n_estimators=300;, score=0.679 total time= 1.1min
[CV 2/3] END max_depth=10, max_features=sqrt, min_samples_leaf=2, min_samples_split=10, n_estimators=200;, score=0.708 total time= 1.1min
[CV 2/3] END max_depth=10, max_features=sqrt, min_samples_leaf=4, min_samples_split=10, n_estimators=300;, score=0.690 total time= 1.4min
[CV 3/3] END max_depth=20, max_features=sqrt, min_samples_leaf=4, min_samples_split=5, n_estimators=200;, score=0.635 total time=  57.3s
[CV 2/3] END max_depth=30, max_features=sqrt, min_samples_leaf=2, min_samples_split=5, n_estimators=200;, score=0.708 total time= 1.1min
[CV 1/3] END max_depth=30, max_features=log2, min_samples_leaf=2, min_samples_split=2, n_estimators=200;, score=0.714 total time=   4.9s
[CV 3/3] END max_depth=30, max_features=log2, min_samples_leaf=2, min_samples_split=5, n_estimators=300;, score=0.653 total time=   6.8s
[CV 1/3] END max_depth=30, max_features=log2, min_samples_leaf=4, min_samples_split=10, n_estimators=100;, score=0.696 total time=   2.9s
[CV 2/3] END max_depth=40, max_features=sqrt, min_samples_leaf=1, min_samples_split=2, n_estimators=200;, score=0.732 total time= 1.1min
[CV 3/3] END max_depth=40, max_features=sqrt, min_samples_leaf=4, min_samples_split=10, n_estimators=300;, score=0.647 total time= 1.1min
[CV 3/3] END max_depth=10, max_features=sqrt, min_samples_leaf=1, min_samples_split=10, n_estimators=200;, score=0.647 total time= 1.1min
[CV 3/3] END max_depth=10, max_features=log2, min_samples_leaf=1, min_samples_split=2, n_estimators=300;, score=0.665 total time=   6.9s
[CV 2/3] END max_depth=10, max_features=log2, min_samples_leaf=2, min_samples_split=5, n_estimators=100;, score=0.679 total time=   2.8s
[CV 1/3] END max_depth=10, max_features=log2, min_samples_leaf=2, min_samples_split=10, n_estimators=200;, score=0.690 total time=   4.6s
[CV 3/3] END max_depth=10, max_features=log2, min_samples_leaf=4, min_samples_split=5, n_estimators=200;, score=0.635 total time=   4.2s
[CV 2/3] END max_depth=20, max_features=sqrt, min_samples_leaf=1, min_samples_split=2, n_estimators=300;, score=0.714 total time= 1.7min
[CV 3/3] END max_depth=30, max_features=sqrt, min_samples_leaf=1, min_samples_split=5, n_estimators=300;, score=0.659 total time= 1.7min
[CV 2/3] END max_depth=40, max_features=sqrt, min_samples_leaf=1, min_samples_split=10, n_estimators=200;, score=0.696 total time= 1.1min
[CV 1/3] END max_depth=40, max_features=sqrt, min_samples_leaf=4, min_samples_split=10, n_estimators=300;, score=0.714 total time= 1.2min
[CV 3/3] END max_depth=10, max_features=sqrt, min_samples_leaf=1, min_samples_split=2, n_estimators=200;, score=0.647 total time= 1.2min
[CV 1/3] END max_depth=10, max_features=log2, min_samples_leaf=1, min_samples_split=10, n_estimators=100;, score=0.685 total time=   2.9s
[CV 3/3] END max_depth=10, max_features=log2, min_samples_leaf=2, min_samples_split=2, n_estimators=100;, score=0.647 total time=   2.9s
[CV 3/3] END max_depth=10, max_features=log2, min_samples_leaf=2, min_samples_split=5, n_estimators=200;, score=0.653 total time=   4.7s
[CV 1/3] END max_depth=10, max_features=log2, min_samples_leaf=4, min_samples_split=5, n_estimators=100;, score=0.685 total time=   2.8s
[CV 3/3] END max_depth=10, max_features=log2, min_samples_leaf=4, min_samples_split=10, n_estimators=100;, score=0.617 total time=   2.8s
[CV 1/3] END max_depth=20, max_features=sqrt, min_samples_leaf=1, min_samples_split=5, n_estimators=100;, score=0.708 total time=  35.5s
[CV 2/3] END max_depth=20, max_features=sqrt, min_samples_leaf=4, min_samples_split=2, n_estimators=200;, score=0.685 total time=  57.6s
[CV 2/3] END max_depth=20, max_features=log2, min_samples_leaf=4, min_samples_split=2, n_estimators=300;, score=0.655 total time=   6.4s
[CV 2/3] END max_depth=30, max_features=sqrt, min_samples_leaf=1, min_samples_split=5, n_estimators=200;, score=0.708 total time= 1.1min
[CV 3/3] END max_depth=30, max_features=sqrt, min_samples_leaf=4, min_samples_split=10, n_estimators=300;, score=0.635 total time= 1.4min
[CV 1/3] END max_depth=40, max_features=sqrt, min_samples_leaf=4, min_samples_split=5, n_estimators=300;, score=0.708 total time= 1.2min


Best parameters found:  {'max_depth': 40, 'max_features': 'sqrt', 'min_samples_leaf': 1, 'min_samples_split': 2, 'n_estimators': 100}
Best score found:  0.7155807432753541
