Dataset: PCA
['Horse', 'Dog', 'Cow']
Fitting 3 folds for each of 216 candidates, totalling 648 fits

[CV 3/3] END max_depth=10, max_features=sqrt, min_samples_leaf=2, min_samples_split=10, n_estimators=300;, score=0.671 total time=   9.3s
[CV 3/3] END max_depth=10, max_features=log2, min_samples_leaf=2, min_samples_split=5, n_estimators=300;, score=0.683 total time=   3.4s
[CV 1/3] END max_depth=20, max_features=sqrt, min_samples_leaf=2, min_samples_split=5, n_estimators=200;, score=0.756 total time=   6.6s
[CV 1/3] END max_depth=20, max_features=log2, min_samples_leaf=1, min_samples_split=5, n_estimators=200;, score=0.744 total time=   2.5s
[CV 3/3] END max_depth=20, max_features=log2, min_samples_leaf=2, min_samples_split=5, n_estimators=100;, score=0.689 total time=   1.1s
[CV 2/3] END max_depth=20, max_features=log2, min_samples_leaf=4, min_samples_split=5, n_estimators=100;, score=0.768 total time=   1.0s
[CV 2/3] END max_depth=30, max_features=sqrt, min_samples_leaf=1, min_samples_split=2, n_estimators=300;, score=0.804 total time=  10.9s
[CV 2/3] END max_depth=30, max_features=log2, min_samples_leaf=2, min_samples_split=5, n_estimators=200;, score=0.756 total time=   2.4s
[CV 3/3] END max_depth=40, max_features=sqrt, min_samples_leaf=1, min_samples_split=5, n_estimators=200;, score=0.689 total time=   7.3s
[CV 3/3] END max_depth=40, max_features=log2, min_samples_leaf=1, min_samples_split=2, n_estimators=200;, score=0.695 total time=   2.6s
[CV 3/3] END max_depth=40, max_features=log2, min_samples_leaf=2, min_samples_split=2, n_estimators=200;, score=0.677 total time=   2.5s
[CV 1/3] END max_depth=10, max_features=sqrt, min_samples_leaf=2, min_samples_split=2, n_estimators=100;, score=0.762 total time=   3.8s
[CV 3/3] END max_depth=10, max_features=sqrt, min_samples_leaf=4, min_samples_split=10, n_estimators=100;, score=0.683 total time=   3.6s
[CV 2/3] END max_depth=10, max_features=log2, min_samples_leaf=1, min_samples_split=10, n_estimators=100;, score=0.774 total time=   1.5s
[CV 1/3] END max_depth=10, max_features=log2, min_samples_leaf=2, min_samples_split=5, n_estimators=200;, score=0.720 total time=   2.3s
[CV 1/3] END max_depth=20, max_features=sqrt, min_samples_leaf=1, min_samples_split=2, n_estimators=300;, score=0.768 total time=  10.9s
[CV 2/3] END max_depth=20, max_features=log2, min_samples_leaf=2, min_samples_split=5, n_estimators=100;, score=0.762 total time=   1.1s
[CV 3/3] END max_depth=20, max_features=log2, min_samples_leaf=4, min_samples_split=2, n_estimators=300;, score=0.653 total time=   3.2s
[CV 2/3] END max_depth=30, max_features=sqrt, min_samples_leaf=2, min_samples_split=10, n_estimators=100;, score=0.786 total time=   3.2s
[CV 1/3] END max_depth=30, max_features=sqrt, min_samples_leaf=4, min_samples_split=10, n_estimators=100;, score=0.732 total time=   2.9s
[CV 2/3] END max_depth=30, max_features=log2, min_samples_leaf=1, min_samples_split=5, n_estimators=200;, score=0.804 total time=   2.6s
[CV 1/3] END max_depth=30, max_features=log2, min_samples_leaf=2, min_samples_split=10, n_estimators=100;, score=0.726 total time=   1.1s
[CV 1/3] END max_depth=30, max_features=log2, min_samples_leaf=4, min_samples_split=5, n_estimators=300;, score=0.732 total time=   3.2s
[CV 1/3] END max_depth=40, max_features=sqrt, min_samples_leaf=2, min_samples_split=10, n_estimators=200;, score=0.762 total time=   6.6s
[CV 1/3] END max_depth=40, max_features=log2, min_samples_leaf=1, min_samples_split=10, n_estimators=200;, score=0.726 total time=   2.5s
[CV 1/3] END max_depth=40, max_features=log2, min_samples_leaf=4, min_samples_split=2, n_estimators=100;, score=0.679 total time=   1.0s
[CV 2/3] END max_depth=10, max_features=sqrt, min_samples_leaf=2, min_samples_split=10, n_estimators=100;, score=0.786 total time=   3.6s
[CV 1/3] END max_depth=10, max_features=sqrt, min_samples_leaf=4, min_samples_split=10, n_estimators=200;, score=0.720 total time=   6.1s
[CV 2/3] END max_depth=10, max_features=log2, min_samples_leaf=4, min_samples_split=2, n_estimators=200;, score=0.762 total time=   2.0s
[CV 2/3] END max_depth=20, max_features=sqrt, min_samples_leaf=1, min_samples_split=10, n_estimators=300;, score=0.774 total time=  10.4s
[CV 1/3] END max_depth=20, max_features=log2, min_samples_leaf=2, min_samples_split=10, n_estimators=200;, score=0.726 total time=   2.3s
[CV 2/3] END max_depth=30, max_features=sqrt, min_samples_leaf=1, min_samples_split=5, n_estimators=300;, score=0.804 total time=  11.0s
[CV 1/3] END max_depth=30, max_features=log2, min_samples_leaf=2, min_samples_split=10, n_estimators=200;, score=0.732 total time=   2.4s
[CV 1/3] END max_depth=40, max_features=sqrt, min_samples_leaf=1, min_samples_split=10, n_estimators=200;, score=0.792 total time=   7.1s
[CV 2/3] END max_depth=40, max_features=log2, min_samples_leaf=1, min_samples_split=2, n_estimators=300;, score=0.780 total time=   4.0s
[CV 2/3] END max_depth=40, max_features=log2, min_samples_leaf=4, min_samples_split=2, n_estimators=100;, score=0.756 total time=   1.0s
[CV 1/3] END max_depth=10, max_features=sqrt, min_samples_leaf=1, min_samples_split=5, n_estimators=100;, score=0.732 total time=   3.3s
[CV 3/3] END max_depth=10, max_features=sqrt, min_samples_leaf=4, min_samples_split=2, n_estimators=300;, score=0.647 total time=   8.9s
[CV 2/3] END max_depth=20, max_features=sqrt, min_samples_leaf=1, min_samples_split=10, n_estimators=100;, score=0.774 total time=   3.6s
[CV 1/3] END max_depth=20, max_features=sqrt, min_samples_leaf=4, min_samples_split=5, n_estimators=100;, score=0.726 total time=   2.9s
[CV 3/3] END max_depth=20, max_features=sqrt, min_samples_leaf=4, min_samples_split=10, n_estimators=200;, score=0.671 total time=   6.0s
[CV 1/3] END max_depth=30, max_features=sqrt, min_samples_leaf=1, min_samples_split=2, n_estimators=300;, score=0.780 total time=  10.9s
[CV 3/3] END max_depth=30, max_features=log2, min_samples_leaf=2, min_samples_split=5, n_estimators=100;, score=0.671 total time=   1.2s
[CV 2/3] END max_depth=30, max_features=log2, min_samples_leaf=4, min_samples_split=5, n_estimators=100;, score=0.750 total time=   1.0s
[CV 1/3] END max_depth=40, max_features=sqrt, min_samples_leaf=1, min_samples_split=5, n_estimators=100;, score=0.756 total time=   3.6s
[CV 1/3] END max_depth=40, max_features=sqrt, min_samples_leaf=4, min_samples_split=2, n_estimators=300;, score=0.708 total time=   9.2s
[CV 2/3] END max_depth=10, max_features=sqrt, min_samples_leaf=2, min_samples_split=5, n_estimators=300;, score=0.786 total time=   9.6s
[CV 2/3] END max_depth=10, max_features=log2, min_samples_leaf=2, min_samples_split=10, n_estimators=300;, score=0.768 total time=   3.4s
[CV 2/3] END max_depth=20, max_features=sqrt, min_samples_leaf=2, min_samples_split=10, n_estimators=100;, score=0.804 total time=   3.2s
[CV 1/3] END max_depth=20, max_features=sqrt, min_samples_leaf=4, min_samples_split=10, n_estimators=100;, score=0.720 total time=   3.0s
[CV 3/3] END max_depth=20, max_features=log2, min_samples_leaf=1, min_samples_split=5, n_estimators=100;, score=0.683 total time=   1.3s
[CV 3/3] END max_depth=20, max_features=log2, min_samples_leaf=1, min_samples_split=10, n_estimators=300;, score=0.671 total time=   3.8s
[CV 3/3] END max_depth=30, max_features=sqrt, min_samples_leaf=1, min_samples_split=5, n_estimators=200;, score=0.707 total time=   7.2s
[CV 3/3] END max_depth=30, max_features=log2, min_samples_leaf=1, min_samples_split=2, n_estimators=200;, score=0.689 total time=   2.6s
[CV 1/3] END max_depth=30, max_features=log2, min_samples_leaf=2, min_samples_split=2, n_estimators=300;, score=0.744 total time=   3.7s
[CV 3/3] END max_depth=40, max_features=sqrt, min_samples_leaf=1, min_samples_split=10, n_estimators=300;, score=0.665 total time=  11.0s
[CV 3/3] END max_depth=40, max_features=log2, min_samples_leaf=4, min_samples_split=2, n_estimators=100;, score=0.665 total time=   1.0s
[CV 3/3] END max_depth=10, max_features=sqrt, min_samples_leaf=2, min_samples_split=5, n_estimators=300;, score=0.659 total time=  10.1s
[CV 2/3] END max_depth=10, max_features=log2, min_samples_leaf=4, min_samples_split=5, n_estimators=300;, score=0.774 total time=   3.2s
[CV 1/3] END max_depth=20, max_features=sqrt, min_samples_leaf=2, min_samples_split=10, n_estimators=200;, score=0.750 total time=   6.7s
[CV 2/3] END max_depth=20, max_features=log2, min_samples_leaf=1, min_samples_split=10, n_estimators=100;, score=0.786 total time=   1.2s
[CV 1/3] END max_depth=20, max_features=log2, min_samples_leaf=2, min_samples_split=2, n_estimators=200;, score=0.720 total time=   2.4s
[CV 2/3] END max_depth=20, max_features=log2, min_samples_leaf=4, min_samples_split=10, n_estimators=300;, score=0.756 total time=   3.1s
[CV 2/3] END max_depth=30, max_features=sqrt, min_samples_leaf=2, min_samples_split=10, n_estimators=300;, score=0.810 total time=  10.0s
[CV 2/3] END max_depth=40, max_features=sqrt, min_samples_leaf=1, min_samples_split=2, n_estimators=200;, score=0.804 total time=   7.3s
[CV 3/3] END max_depth=40, max_features=sqrt, min_samples_leaf=4, min_samples_split=10, n_estimators=200;, score=0.647 total time=   5.9s
[CV 2/3] END max_depth=10, max_features=sqrt, min_samples_leaf=1, min_samples_split=5, n_estimators=200;, score=0.786 total time=   6.6s
[CV 3/3] END max_depth=10, max_features=log2, min_samples_leaf=1, min_samples_split=2, n_estimators=200;, score=0.665 total time=   2.8s
[CV 2/3] END max_depth=10, max_features=log2, min_samples_leaf=2, min_samples_split=5, n_estimators=200;, score=0.774 total time=   2.4s
[CV 2/3] END max_depth=20, max_features=sqrt, min_samples_leaf=1, min_samples_split=5, n_estimators=200;, score=0.798 total time=   7.3s
[CV 2/3] END max_depth=20, max_features=log2, min_samples_leaf=1, min_samples_split=2, n_estimators=200;, score=0.762 total time=   2.6s
[CV 3/3] END max_depth=20, max_features=log2, min_samples_leaf=2, min_samples_split=2, n_estimators=200;, score=0.677 total time=   2.6s
[CV 3/3] END max_depth=30, max_features=sqrt, min_samples_leaf=1, min_samples_split=2, n_estimators=200;, score=0.677 total time=   7.5s
[CV 1/3] END max_depth=30, max_features=log2, min_samples_leaf=1, min_samples_split=2, n_estimators=200;, score=0.744 total time=   2.7s
[CV 3/3] END max_depth=30, max_features=log2, min_samples_leaf=2, min_samples_split=2, n_estimators=200;, score=0.683 total time=   2.5s
[CV 2/3] END max_depth=30, max_features=log2, min_samples_leaf=4, min_samples_split=10, n_estimators=300;, score=0.768 total time=   3.2s
[CV 3/3] END max_depth=40, max_features=sqrt, min_samples_leaf=2, min_samples_split=10, n_estimators=300;, score=0.683 total time=  10.2s
[CV 1/3] END max_depth=10, max_features=sqrt, min_samples_leaf=1, min_samples_split=10, n_estimators=200;, score=0.744 total time=   6.5s
[CV 2/3] END max_depth=10, max_features=log2, min_samples_leaf=1, min_samples_split=2, n_estimators=200;, score=0.762 total time=   2.4s
[CV 2/3] END max_depth=10, max_features=log2, min_samples_leaf=2, min_samples_split=2, n_estimators=200;, score=0.756 total time=   2.3s
[CV 3/3] END max_depth=10, max_features=log2, min_samples_leaf=4, min_samples_split=10, n_estimators=300;, score=0.665 total time=   3.1s
[CV 1/3] END max_depth=20, max_features=sqrt, min_samples_leaf=2, min_samples_split=10, n_estimators=300;, score=0.756 total time=   9.7s
[CV 2/3] END max_depth=20, max_features=log2, min_samples_leaf=4, min_samples_split=10, n_estimators=100;, score=0.750 total time=   1.0s
[CV 1/3] END max_depth=30, max_features=sqrt, min_samples_leaf=1, min_samples_split=10, n_estimators=200;, score=0.732 total time=   6.8s
[CV 2/3] END max_depth=30, max_features=log2, min_samples_leaf=1, min_samples_split=2, n_estimators=200;, score=0.774 total time=   2.6s
[CV 2/3] END max_depth=30, max_features=log2, min_samples_leaf=2, min_samples_split=2, n_estimators=200;, score=0.786 total time=   2.4s
[CV 3/3] END max_depth=30, max_features=log2, min_samples_leaf=4, min_samples_split=10, n_estimators=100;, score=0.665 total time=   1.0s
[CV 1/3] END max_depth=40, max_features=sqrt, min_samples_leaf=1, min_samples_split=10, n_estimators=100;, score=0.768 total time=   3.4s
[CV 3/3] END max_depth=40, max_features=sqrt, min_samples_leaf=4, min_samples_split=2, n_estimators=300;, score=0.671 total time=   9.1s
[CV 3/3] END max_depth=10, max_features=sqrt, min_samples_leaf=1, min_samples_split=2, n_estimators=200;, score=0.701 total time=   6.8s
[CV 2/3] END max_depth=10, max_features=log2, min_samples_leaf=1, min_samples_split=2, n_estimators=100;, score=0.738 total time=   1.1s
[CV 1/3] END max_depth=10, max_features=log2, min_samples_leaf=1, min_samples_split=10, n_estimators=200;, score=0.714 total time=   2.2s
[CV 3/3] END max_depth=10, max_features=log2, min_samples_leaf=2, min_samples_split=10, n_estimators=300;, score=0.671 total time=   3.3s
[CV 3/3] END max_depth=20, max_features=sqrt, min_samples_leaf=2, min_samples_split=5, n_estimators=300;, score=0.677 total time=  10.5s
[CV 2/3] END max_depth=20, max_features=log2, min_samples_leaf=4, min_samples_split=5, n_estimators=200;, score=0.762 total time=   2.2s
[CV 2/3] END max_depth=30, max_features=sqrt, min_samples_leaf=2, min_samples_split=2, n_estimators=300;, score=0.792 total time=  10.3s
[CV 3/3] END max_depth=30, max_features=log2, min_samples_leaf=4, min_samples_split=2, n_estimators=100;, score=0.677 total time=   1.0s
[CV 2/3] END max_depth=40, max_features=sqrt, min_samples_leaf=1, min_samples_split=2, n_estimators=100;, score=0.792 total time=   3.6s
[CV 1/3] END max_depth=40, max_features=sqrt, min_samples_leaf=4, min_samples_split=2, n_estimators=200;, score=0.732 total time=   5.9s
[CV 2/3] END max_depth=40, max_features=log2, min_samples_leaf=1, min_samples_split=10, n_estimators=200;, score=0.768 total time=   2.7s
[CV 3/3] END max_depth=40, max_features=log2, min_samples_leaf=4, min_samples_split=5, n_estimators=100;, score=0.659 total time=   1.0s
[CV 1/3] END max_depth=10, max_features=sqrt, min_samples_leaf=2, min_samples_split=5, n_estimators=200;, score=0.774 total time=   6.3s
[CV 3/3] END max_depth=10, max_features=log2, min_samples_leaf=1, min_samples_split=2, n_estimators=300;, score=0.683 total time=   3.6s
[CV 3/3] END max_depth=10, max_features=log2, min_samples_leaf=4, min_samples_split=5, n_estimators=100;, score=0.653 total time=   1.0s
[CV 3/3] END max_depth=20, max_features=sqrt, min_samples_leaf=1, min_samples_split=2, n_estimators=100;, score=0.683 total time=   3.7s
[CV 2/3] END max_depth=20, max_features=sqrt, min_samples_leaf=4, min_samples_split=2, n_estimators=200;, score=0.786 total time=   5.8s
[CV 3/3] END max_depth=20, max_features=log2, min_samples_leaf=1, min_samples_split=10, n_estimators=200;, score=0.659 total time=   2.8s
[CV 1/3] END max_depth=20, max_features=log2, min_samples_leaf=4, min_samples_split=5, n_estimators=300;, score=0.720 total time=   3.2s
[CV 3/3] END max_depth=30, max_features=sqrt, min_samples_leaf=2, min_samples_split=10, n_estimators=100;, score=0.683 total time=   3.2s
[CV 2/3] END max_depth=30, max_features=sqrt, min_samples_leaf=4, min_samples_split=10, n_estimators=100;, score=0.756 total time=   2.8s
[CV 1/3] END max_depth=30, max_features=log2, min_samples_leaf=1, min_samples_split=5, n_estimators=300;, score=0.762 total time=   3.9s
[CV 1/3] END max_depth=30, max_features=log2, min_samples_leaf=4, min_samples_split=10, n_estimators=200;, score=0.690 total time=   2.1s
[CV 3/3] END max_depth=40, max_features=sqrt, min_samples_leaf=2, min_samples_split=2, n_estimators=300;, score=0.683 total time=  10.5s
[CV 2/3] END max_depth=40, max_features=log2, min_samples_leaf=4, min_samples_split=5, n_estimators=100;, score=0.762 total time=   1.0s
[CV 2/3] END max_depth=10, max_features=sqrt, min_samples_leaf=2, min_samples_split=2, n_estimators=100;, score=0.756 total time=   3.2s
[CV 1/3] END max_depth=10, max_features=sqrt, min_samples_leaf=4, min_samples_split=5, n_estimators=100;, score=0.726 total time=   2.8s
[CV 3/3] END max_depth=10, max_features=sqrt, min_samples_leaf=4, min_samples_split=10, n_estimators=200;, score=0.683 total time=   5.8s
[CV 1/3] END max_depth=20, max_features=sqrt, min_samples_leaf=1, min_samples_split=10, n_estimators=100;, score=0.762 total time=   3.4s
[CV 3/3] END max_depth=20, max_features=sqrt, min_samples_leaf=4, min_samples_split=2, n_estimators=300;, score=0.689 total time=   9.0s
[CV 1/3] END max_depth=30, max_features=sqrt, min_samples_leaf=1, min_samples_split=2, n_estimators=200;, score=0.780 total time=   7.1s
[CV 1/3] END max_depth=30, max_features=sqrt, min_samples_leaf=4, min_samples_split=10, n_estimators=300;, score=0.756 total time=   8.8s
[CV 3/3] END max_depth=40, max_features=sqrt, min_samples_leaf=2, min_samples_split=10, n_estimators=200;, score=0.665 total time=   6.8s
[CV 3/3] END max_depth=40, max_features=log2, min_samples_leaf=1, min_samples_split=10, n_estimators=200;, score=0.665 total time=   2.5s
[CV 1/3] END max_depth=40, max_features=log2, min_samples_leaf=4, min_samples_split=5, n_estimators=100;, score=0.726 total time=   1.0s
[CV 1/3] END max_depth=10, max_features=sqrt, min_samples_leaf=1, min_samples_split=10, n_estimators=100;, score=0.750 total time=   3.2s
[CV 2/3] END max_depth=10, max_features=sqrt, min_samples_leaf=4, min_samples_split=2, n_estimators=300;, score=0.786 total time=   8.6s
[CV 1/3] END max_depth=20, max_features=sqrt, min_samples_leaf=1, min_samples_split=5, n_estimators=200;, score=0.774 total time=   7.0s
[CV 2/3] END max_depth=20, max_features=sqrt, min_samples_leaf=4, min_samples_split=10, n_estimators=300;, score=0.762 total time=   8.7s
[CV 3/3] END max_depth=30, max_features=sqrt, min_samples_leaf=2, min_samples_split=10, n_estimators=300;, score=0.701 total time=  10.1s
[CV 2/3] END max_depth=40, max_features=sqrt, min_samples_leaf=1, min_samples_split=2, n_estimators=300;, score=0.827 total time=  11.1s
[CV 1/3] END max_depth=40, max_features=log2, min_samples_leaf=2, min_samples_split=5, n_estimators=200;, score=0.750 total time=   2.4s
[CV 1/3] END max_depth=10, max_features=sqrt, min_samples_leaf=2, min_samples_split=10, n_estimators=100;, score=0.738 total time=   3.1s
[CV 3/3] END max_depth=10, max_features=sqrt, min_samples_leaf=4, min_samples_split=5, n_estimators=300;, score=0.659 total time=   9.1s
[CV 1/3] END max_depth=20, max_features=sqrt, min_samples_leaf=2, min_samples_split=2, n_estimators=300;, score=0.750 total time=  10.1s
[CV 2/3] END max_depth=20, max_features=log2, min_samples_leaf=2, min_samples_split=10, n_estimators=200;, score=0.750 total time=   2.3s
[CV 1/3] END max_depth=30, max_features=sqrt, min_samples_leaf=1, min_samples_split=10, n_estimators=100;, score=0.768 total time=   3.4s
[CV 1/3] END max_depth=30, max_features=sqrt, min_samples_leaf=4, min_samples_split=5, n_estimators=100;, score=0.714 total time=   2.9s
[CV 3/3] END max_depth=30, max_features=sqrt, min_samples_leaf=4, min_samples_split=10, n_estimators=200;, score=0.665 total time=   5.9s
[CV 3/3] END max_depth=40, max_features=sqrt, min_samples_leaf=1, min_samples_split=2, n_estimators=100;, score=0.683 total time=   3.7s
[CV 2/3] END max_depth=40, max_features=sqrt, min_samples_leaf=4, min_samples_split=2, n_estimators=200;, score=0.786 total time=   6.0s
[CV 1/3] END max_depth=40, max_features=log2, min_samples_leaf=1, min_samples_split=10, n_estimators=300;, score=0.738 total time=   3.7s
[CV 2/3] END max_depth=10, max_features=sqrt, min_samples_leaf=2, min_samples_split=2, n_estimators=200;, score=0.774 total time=   6.3s
[CV 1/3] END max_depth=10, max_features=log2, min_samples_leaf=1, min_samples_split=2, n_estimators=200;, score=0.744 total time=   2.5s
[CV 3/3] END max_depth=10, max_features=log2, min_samples_leaf=2, min_samples_split=2, n_estimators=200;, score=0.659 total time=   2.5s
[CV 2/3] END max_depth=20, max_features=sqrt, min_samples_leaf=1, min_samples_split=2, n_estimators=300;, score=0.804 total time=  11.0s
[CV 2/3] END max_depth=20, max_features=log2, min_samples_leaf=2, min_samples_split=5, n_estimators=200;, score=0.798 total time=   2.4s
[CV 1/3] END max_depth=30, max_features=sqrt, min_samples_leaf=1, min_samples_split=5, n_estimators=300;, score=0.750 total time=  10.5s
[CV 1/3] END max_depth=30, max_features=log2, min_samples_leaf=2, min_samples_split=5, n_estimators=200;, score=0.726 total time=   2.3s
[CV 2/3] END max_depth=40, max_features=sqrt, min_samples_leaf=1, min_samples_split=5, n_estimators=100;, score=0.780 total time=   3.5s
[CV 3/3] END max_depth=40, max_features=sqrt, min_samples_leaf=4, min_samples_split=2, n_estimators=200;, score=0.671 total time=   5.9s
[CV 3/3] END max_depth=40, max_features=log2, min_samples_leaf=1, min_samples_split=10, n_estimators=300;, score=0.671 total time=   3.7s
[CV 1/3] END max_depth=10, max_features=sqrt, min_samples_leaf=2, min_samples_split=5, n_estimators=300;, score=0.756 total time=   9.5s
[CV 3/3] END max_depth=10, max_features=log2, min_samples_leaf=2, min_samples_split=10, n_estimators=100;, score=0.653 total time=   1.0s
[CV 2/3] END max_depth=10, max_features=log2, min_samples_leaf=4, min_samples_split=10, n_estimators=200;, score=0.750 total time=   2.0s
[CV 3/3] END max_depth=20, max_features=sqrt, min_samples_leaf=2, min_samples_split=2, n_estimators=300;, score=0.689 total time=  10.3s
[CV 1/3] END max_depth=20, max_features=log2, min_samples_leaf=4, min_samples_split=2, n_estimators=100;, score=0.685 total time=   1.0s
[CV 1/3] END max_depth=30, max_features=sqrt, min_samples_leaf=1, min_samples_split=2, n_estimators=100;, score=0.756 total time=   3.5s
[CV 3/3] END max_depth=30, max_features=sqrt, min_samples_leaf=4, min_samples_split=2, n_estimators=100;, score=0.695 total time=   2.9s
[CV 2/3] END max_depth=30, max_features=sqrt, min_samples_leaf=4, min_samples_split=10, n_estimators=200;, score=0.768 total time=   5.9s
[CV 1/3] END max_depth=30, max_features=log2, min_samples_leaf=4, min_samples_split=5, n_estimators=200;, score=0.726 total time=   2.1s
[CV 2/3] END max_depth=40, max_features=sqrt, min_samples_leaf=2, min_samples_split=2, n_estimators=200;, score=0.792 total time=   7.0s
[CV 2/3] END max_depth=40, max_features=log2, min_samples_leaf=1, min_samples_split=5, n_estimators=100;, score=0.774 total time=   1.3s
[CV 1/3] END max_depth=40, max_features=log2, min_samples_leaf=2, min_samples_split=2, n_estimators=100;, score=0.732 total time=   1.2s
[CV 2/3] END max_depth=40, max_features=log2, min_samples_leaf=2, min_samples_split=5, n_estimators=200;, score=0.768 total time=   2.4s
[CV 1/3] END max_depth=10, max_features=sqrt, min_samples_leaf=1, min_samples_split=5, n_estimators=300;, score=0.738 total time=  10.1s
[CV 3/3] END max_depth=10, max_features=log2, min_samples_leaf=2, min_samples_split=10, n_estimators=200;, score=0.671 total time=   2.2s
[CV 2/3] END max_depth=20, max_features=sqrt, min_samples_leaf=1, min_samples_split=10, n_estimators=200;, score=0.792 total time=   7.2s
[CV 3/3] END max_depth=20, max_features=log2, min_samples_leaf=1, min_samples_split=2, n_estimators=300;, score=0.677 total time=   4.0s
[CV 2/3] END max_depth=20, max_features=log2, min_samples_leaf=4, min_samples_split=2, n_estimators=300;, score=0.762 total time=   3.2s
[CV 2/3] END max_depth=30, max_features=sqrt, min_samples_leaf=2, min_samples_split=5, n_estimators=300;, score=0.792 total time=  10.1s
[CV 2/3] END max_depth=30, max_features=log2, min_samples_leaf=4, min_samples_split=5, n_estimators=200;, score=0.744 total time=   2.1s
[CV 3/3] END max_depth=40, max_features=sqrt, min_samples_leaf=2, min_samples_split=2, n_estimators=200;, score=0.689 total time=   7.0s
[CV 1/3] END max_depth=40, max_features=log2, min_samples_leaf=1, min_samples_split=5, n_estimators=100;, score=0.714 total time=   1.2s
[CV 2/3] END max_depth=40, max_features=log2, min_samples_leaf=1, min_samples_split=10, n_estimators=300;, score=0.762 total time=   3.8s
[CV 3/3] END max_depth=10, max_features=sqrt, min_samples_leaf=1, min_samples_split=5, n_estimators=300;, score=0.647 total time=  10.3s
[CV 2/3] END max_depth=10, max_features=log2, min_samples_leaf=4, min_samples_split=5, n_estimators=100;, score=0.732 total time=   1.3s
[CV 1/3] END max_depth=20, max_features=sqrt, min_samples_leaf=1, min_samples_split=5, n_estimators=100;, score=0.750 total time=   3.6s
[CV 3/3] END max_depth=20, max_features=sqrt, min_samples_leaf=4, min_samples_split=2, n_estimators=200;, score=0.671 total time=   5.9s
[CV 2/3] END max_depth=20, max_features=log2, min_samples_leaf=2, min_samples_split=2, n_estimators=100;, score=0.786 total time=   1.2s
[CV 1/3] END max_depth=20, max_features=log2, min_samples_leaf=2, min_samples_split=5, n_estimators=300;, score=0.738 total time=   3.6s
[CV 1/3] END max_depth=30, max_features=sqrt, min_samples_leaf=2, min_samples_split=5, n_estimators=100;, score=0.738 total time=   3.2s
[CV 3/3] END max_depth=30, max_features=sqrt, min_samples_leaf=4, min_samples_split=5, n_estimators=200;, score=0.665 total time=   5.8s
[CV 2/3] END max_depth=30, max_features=log2, min_samples_leaf=2, min_samples_split=5, n_estimators=100;, score=0.786 total time=   1.2s
[CV 1/3] END max_depth=30, max_features=log2, min_samples_leaf=4, min_samples_split=5, n_estimators=100;, score=0.690 total time=   1.0s
[CV 3/3] END max_depth=40, max_features=sqrt, min_samples_leaf=1, min_samples_split=2, n_estimators=300;, score=0.683 total time=  11.1s
[CV 3/3] END max_depth=40, max_features=log2, min_samples_leaf=2, min_samples_split=5, n_estimators=200;, score=0.683 total time=   2.4s
[CV 3/3] END max_depth=10, max_features=sqrt, min_samples_leaf=2, min_samples_split=5, n_estimators=200;, score=0.659 total time=   6.4s
[CV 2/3] END max_depth=10, max_features=log2, min_samples_leaf=1, min_samples_split=5, n_estimators=300;, score=0.786 total time=   3.5s
[CV 1/3] END max_depth=10, max_features=log2, min_samples_leaf=4, min_samples_split=5, n_estimators=200;, score=0.708 total time=   2.0s
[CV 1/3] END max_depth=20, max_features=sqrt, min_samples_leaf=2, min_samples_split=2, n_estimators=100;, score=0.744 total time=   3.3s
[CV 3/3] END max_depth=20, max_features=sqrt, min_samples_leaf=4, min_samples_split=5, n_estimators=100;, score=0.671 total time=   2.9s
[CV 3/3] END max_depth=20, max_features=sqrt, min_samples_leaf=4, min_samples_split=10, n_estimators=300;, score=0.677 total time=   8.8s
[CV 2/3] END max_depth=30, max_features=sqrt, min_samples_leaf=4, min_samples_split=2, n_estimators=100;, score=0.780 total time=   2.8s
[CV 1/3] END max_depth=30, max_features=sqrt, min_samples_leaf=4, min_samples_split=10, n_estimators=200;, score=0.732 total time=   5.7s
[CV 3/3] END max_depth=30, max_features=log2, min_samples_leaf=2, min_samples_split=10, n_estimators=300;, score=0.683 total time=   3.5s
[CV 3/3] END max_depth=40, max_features=sqrt, min_samples_leaf=2, min_samples_split=5, n_estimators=300;, score=0.689 total time=  10.5s
[CV 1/3] END max_depth=40, max_features=log2, min_samples_leaf=4, min_samples_split=10, n_estimators=100;, score=0.708 total time=   0.9s
[CV 1/3] END max_depth=10, max_features=sqrt, min_samples_leaf=2, min_samples_split=2, n_estimators=300;, score=0.738 total time=   9.6s
[CV 2/3] END max_depth=10, max_features=log2, min_samples_leaf=2, min_samples_split=5, n_estimators=300;, score=0.774 total time=   3.4s
[CV 3/3] END max_depth=20, max_features=sqrt, min_samples_leaf=2, min_samples_split=5, n_estimators=100;, score=0.653 total time=   3.4s
[CV 2/3] END max_depth=20, max_features=sqrt, min_samples_leaf=4, min_samples_split=5, n_estimators=300;, score=0.780 total time=   9.0s
[CV 2/3] END max_depth=30, max_features=sqrt, min_samples_leaf=1, min_samples_split=10, n_estimators=300;, score=0.780 total time=  10.7s
[CV 1/3] END max_depth=30, max_features=log2, min_samples_leaf=4, min_samples_split=2, n_estimators=100;, score=0.702 total time=   1.0s
[CV 1/3] END max_depth=30, max_features=log2, min_samples_leaf=4, min_samples_split=10, n_estimators=300;, score=0.708 total time=   3.1s
[CV 2/3] END max_depth=40, max_features=sqrt, min_samples_leaf=2, min_samples_split=10, n_estimators=300;, score=0.792 total time=   9.8s
[CV 2/3] END max_depth=40, max_features=log2, min_samples_leaf=4, min_samples_split=10, n_estimators=100;, score=0.732 total time=   1.0s
[CV 1/3] END max_depth=10, max_features=sqrt, min_samples_leaf=2, min_samples_split=10, n_estimators=300;, score=0.726 total time=  10.9s
[CV 2/3] END max_depth=10, max_features=log2, min_samples_leaf=4, min_samples_split=10, n_estimators=300;, score=0.756 total time=   3.4s
[CV 3/3] END max_depth=20, max_features=sqrt, min_samples_leaf=2, min_samples_split=10, n_estimators=300;, score=0.677 total time=  10.1s
[CV 3/3] END max_depth=30, max_features=sqrt, min_samples_leaf=1, min_samples_split=2, n_estimators=300;, score=0.677 total time=  11.1s
[CV 3/3] END max_depth=30, max_features=log2, min_samples_leaf=2, min_samples_split=5, n_estimators=300;, score=0.665 total time=   3.7s
[CV 3/3] END max_depth=40, max_features=sqrt, min_samples_leaf=2, min_samples_split=5, n_estimators=200;, score=0.665 total time=   6.9s
[CV 3/3] END max_depth=40, max_features=log2, min_samples_leaf=1, min_samples_split=5, n_estimators=200;, score=0.677 total time=   2.6s
[CV 3/3] END max_depth=40, max_features=log2, min_samples_leaf=2, min_samples_split=10, n_estimators=100;, score=0.647 total time=   1.1s
[CV 3/3] END max_depth=40, max_features=log2, min_samples_leaf=4, min_samples_split=10, n_estimators=100;, score=0.665 total time=   1.0s
[CV 1/3] END max_depth=10, max_features=sqrt, min_samples_leaf=1, min_samples_split=2, n_estimators=200;, score=0.738 total time=   6.8s
[CV 1/3] END max_depth=10, max_features=log2, min_samples_leaf=1, min_samples_split=2, n_estimators=100;, score=0.732 total time=   1.1s
[CV 3/3] END max_depth=10, max_features=log2, min_samples_leaf=1, min_samples_split=10, n_estimators=100;, score=0.671 total time=   1.1s
[CV 3/3] END max_depth=10, max_features=log2, min_samples_leaf=2, min_samples_split=2, n_estimators=100;, score=0.677 total time=   1.1s
[CV 1/3] END max_depth=10, max_features=log2, min_samples_leaf=4, min_samples_split=2, n_estimators=200;, score=0.702 total time=   2.0s
[CV 1/3] END max_depth=20, max_features=sqrt, min_samples_leaf=1, min_samples_split=10, n_estimators=300;, score=0.780 total time=  10.3s
[CV 3/3] END max_depth=20, max_features=log2, min_samples_leaf=2, min_samples_split=5, n_estimators=300;, score=0.677 total time=   3.7s
[CV 2/3] END max_depth=30, max_features=sqrt, min_samples_leaf=2, min_samples_split=5, n_estimators=100;, score=0.804 total time=   3.3s
[CV 1/3] END max_depth=30, max_features=sqrt, min_samples_leaf=4, min_samples_split=5, n_estimators=300;, score=0.750 total time=   8.7s
[CV 2/3] END max_depth=40, max_features=sqrt, min_samples_leaf=1, min_samples_split=10, n_estimators=200;, score=0.792 total time=   6.8s
[CV 1/3] END max_depth=40, max_features=log2, min_samples_leaf=1, min_samples_split=2, n_estimators=200;, score=0.732 total time=   2.6s
[CV 3/3] END max_depth=40, max_features=log2, min_samples_leaf=2, min_samples_split=2, n_estimators=100;, score=0.665 total time=   1.2s
[CV 1/3] END max_depth=40, max_features=log2, min_samples_leaf=2, min_samples_split=10, n_estimators=200;, score=0.732 total time=   2.3s
[CV 3/3] END max_depth=10, max_features=sqrt, min_samples_leaf=2, min_samples_split=2, n_estimators=300;, score=0.683 total time=  10.0s
[CV 3/3] END max_depth=10, max_features=log2, min_samples_leaf=4, min_samples_split=2, n_estimators=200;, score=0.665 total time=   2.1s
[CV 3/3] END max_depth=20, max_features=sqrt, min_samples_leaf=1, min_samples_split=10, n_estimators=300;, score=0.671 total time=  11.0s
[CV 2/3] END max_depth=20, max_features=log2, min_samples_leaf=4, min_samples_split=2, n_estimators=100;, score=0.780 total time=   1.0s
[CV 3/3] END max_depth=30, max_features=sqrt, min_samples_leaf=1, min_samples_split=2, n_estimators=100;, score=0.707 total time=   3.7s
[CV 2/3] END max_depth=30, max_features=sqrt, min_samples_leaf=4, min_samples_split=2, n_estimators=200;, score=0.798 total time=   6.0s
[CV 3/3] END max_depth=30, max_features=log2, min_samples_leaf=1, min_samples_split=10, n_estimators=300;, score=0.665 total time=   3.9s
[CV 3/3] END max_depth=40, max_features=sqrt, min_samples_leaf=1, min_samples_split=5, n_estimators=300;, score=0.683 total time=  11.4s
[CV 1/3] END max_depth=40, max_features=log2, min_samples_leaf=4, min_samples_split=2, n_estimators=200;, score=0.720 total time=   1.9s
[CV 2/3] END max_depth=10, max_features=sqrt, min_samples_leaf=2, min_samples_split=2, n_estimators=300;, score=0.780 total time=   9.5s
[CV 3/3] END max_depth=10, max_features=log2, min_samples_leaf=2, min_samples_split=5, n_estimators=200;, score=0.677 total time=   2.2s
[CV 2/3] END max_depth=20, max_features=sqrt, min_samples_leaf=1, min_samples_split=5, n_estimators=300;, score=0.786 total time=  10.7s
[CV 3/3] END max_depth=20, max_features=log2, min_samples_leaf=2, min_samples_split=10, n_estimators=100;, score=0.629 total time=   1.1s
[CV 3/3] END max_depth=20, max_features=log2, min_samples_leaf=4, min_samples_split=5, n_estimators=200;, score=0.671 total time=   2.1s
[CV 1/3] END max_depth=30, max_features=sqrt, min_samples_leaf=2, min_samples_split=2, n_estimators=300;, score=0.756 total time=  10.1s
[CV 1/3] END max_depth=30, max_features=log2, min_samples_leaf=2, min_samples_split=10, n_estimators=300;, score=0.732 total time=   3.5s
[CV 2/3] END max_depth=40, max_features=sqrt, min_samples_leaf=2, min_samples_split=5, n_estimators=200;, score=0.792 total time=   6.9s
[CV 2/3] END max_depth=40, max_features=log2, min_samples_leaf=1, min_samples_split=5, n_estimators=200;, score=0.786 total time=   2.6s
[CV 2/3] END max_depth=40, max_features=log2, min_samples_leaf=2, min_samples_split=10, n_estimators=200;, score=0.780 total time=   2.3s
[CV 2/3] END max_depth=10, max_features=sqrt, min_samples_leaf=1, min_samples_split=10, n_estimators=100;, score=0.774 total time=   3.5s
[CV 2/3] END max_depth=10, max_features=sqrt, min_samples_leaf=4, min_samples_split=5, n_estimators=300;, score=0.768 total time=   9.1s
[CV 2/3] END max_depth=20, max_features=sqrt, min_samples_leaf=2, min_samples_split=2, n_estimators=200;, score=0.792 total time=   6.9s
[CV 1/3] END max_depth=20, max_features=log2, min_samples_leaf=1, min_samples_split=5, n_estimators=100;, score=0.738 total time=   1.2s
[CV 2/3] END max_depth=20, max_features=log2, min_samples_leaf=1, min_samples_split=10, n_estimators=200;, score=0.756 total time=   2.6s
[CV 1/3] END max_depth=20, max_features=log2, min_samples_leaf=4, min_samples_split=5, n_estimators=100;, score=0.720 total time=   1.0s
[CV 1/3] END max_depth=30, max_features=sqrt, min_samples_leaf=1, min_samples_split=5, n_estimators=100;, score=0.774 total time=   3.6s
[CV 3/3] END max_depth=30, max_features=sqrt, min_samples_leaf=4, min_samples_split=2, n_estimators=200;, score=0.659 total time=   6.0s
[CV 2/3] END max_depth=30, max_features=log2, min_samples_leaf=2, min_samples_split=2, n_estimators=100;, score=0.762 total time=   1.2s
[CV 2/3] END max_depth=30, max_features=log2, min_samples_leaf=2, min_samples_split=5, n_estimators=300;, score=0.774 total time=   3.6s
[CV 2/3] END max_depth=40, max_features=sqrt, min_samples_leaf=2, min_samples_split=5, n_estimators=100;, score=0.786 total time=   3.3s
[CV 2/3] END max_depth=40, max_features=sqrt, min_samples_leaf=4, min_samples_split=5, n_estimators=300;, score=0.774 total time=   8.7s
[CV 2/3] END max_depth=10, max_features=sqrt, min_samples_leaf=1, min_samples_split=5, n_estimators=300;, score=0.798 total time=  10.1s
[CV 2/3] END max_depth=10, max_features=log2, min_samples_leaf=2, min_samples_split=10, n_estimators=200;, score=0.738 total time=   2.2s
[CV 1/3] END max_depth=20, max_features=sqrt, min_samples_leaf=1, min_samples_split=10, n_estimators=200;, score=0.744 total time=   7.1s
[CV 1/3] END max_depth=20, max_features=log2, min_samples_leaf=1, min_samples_split=2, n_estimators=300;, score=0.744 total time=   4.1s
[CV 2/3] END max_depth=20, max_features=log2, min_samples_leaf=4, min_samples_split=2, n_estimators=200;, score=0.750 total time=   2.1s
[CV 1/3] END max_depth=30, max_features=sqrt, min_samples_leaf=2, min_samples_split=2, n_estimators=100;, score=0.762 total time=   3.3s
[CV 3/3] END max_depth=30, max_features=sqrt, min_samples_leaf=4, min_samples_split=5, n_estimators=100;, score=0.635 total time=   2.9s
[CV 3/3] END max_depth=30, max_features=log2, min_samples_leaf=1, min_samples_split=2, n_estimators=100;, score=0.695 total time=   1.2s
[CV 3/3] END max_depth=30, max_features=log2, min_samples_leaf=1, min_samples_split=5, n_estimators=300;, score=0.683 total time=   3.9s
[CV 2/3] END max_depth=30, max_features=log2, min_samples_leaf=4, min_samples_split=10, n_estimators=200;, score=0.762 total time=   2.1s
[CV 3/3] END max_depth=40, max_features=sqrt, min_samples_leaf=2, min_samples_split=5, n_estimators=100;, score=0.683 total time=   3.3s
[CV 1/3] END max_depth=40, max_features=sqrt, min_samples_leaf=4, min_samples_split=5, n_estimators=300;, score=0.750 total time=   8.8s
[CV 1/3] END max_depth=10, max_features=sqrt, min_samples_leaf=1, min_samples_split=5, n_estimators=200;, score=0.756 total time=   6.7s
[CV 1/3] END max_depth=10, max_features=log2, min_samples_leaf=1, min_samples_split=5, n_estimators=100;, score=0.696 total time=   1.4s
[CV 3/3] END max_depth=10, max_features=log2, min_samples_leaf=1, min_samples_split=10, n_estimators=300;, score=0.659 total time=   4.1s
[CV 3/3] END max_depth=20, max_features=sqrt, min_samples_leaf=1, min_samples_split=10, n_estimators=200;, score=0.689 total time=   7.0s
[CV 2/3] END max_depth=20, max_features=log2, min_samples_leaf=1, min_samples_split=2, n_estimators=300;, score=0.780 total time=   3.9s
[CV 2/3] END max_depth=20, max_features=log2, min_samples_leaf=2, min_samples_split=10, n_estimators=300;, score=0.756 total time=   3.6s
[CV 3/3] END max_depth=30, max_features=sqrt, min_samples_leaf=2, min_samples_split=5, n_estimators=300;, score=0.665 total time=  10.5s
[CV 3/3] END max_depth=30, max_features=log2, min_samples_leaf=4, min_samples_split=10, n_estimators=300;, score=0.659 total time=   3.3s
[CV 2/3] END max_depth=40, max_features=sqrt, min_samples_leaf=4, min_samples_split=2, n_estimators=100;, score=0.768 total time=   2.9s
[CV 1/3] END max_depth=40, max_features=sqrt, min_samples_leaf=4, min_samples_split=10, n_estimators=200;, score=0.732 total time=   5.8s
[CV 2/3] END max_depth=40, max_features=log2, min_samples_leaf=4, min_samples_split=2, n_estimators=200;, score=0.756 total time=   1.9s
[CV 2/3] END max_depth=10, max_features=sqrt, min_samples_leaf=2, min_samples_split=5, n_estimators=100;, score=0.798 total time=   3.1s
[CV 3/3] END max_depth=10, max_features=sqrt, min_samples_leaf=4, min_samples_split=5, n_estimators=200;, score=0.653 total time=   5.7s
[CV 3/3] END max_depth=10, max_features=log2, min_samples_leaf=2, min_samples_split=5, n_estimators=100;, score=0.665 total time=   1.1s
[CV 2/3] END max_depth=10, max_features=log2, min_samples_leaf=4, min_samples_split=5, n_estimators=200;, score=0.750 total time=   2.0s
[CV 2/3] END max_depth=20, max_features=sqrt, min_samples_leaf=2, min_samples_split=2, n_estimators=100;, score=0.786 total time=   3.4s
[CV 1/3] END max_depth=20, max_features=sqrt, min_samples_leaf=4, min_samples_split=5, n_estimators=200;, score=0.720 total time=   5.7s
[CV 3/3] END max_depth=20, max_features=log2, min_samples_leaf=2, min_samples_split=2, n_estimators=100;, score=0.671 total time=   1.1s
[CV 1/3] END max_depth=20, max_features=log2, min_samples_leaf=2, min_samples_split=10, n_estimators=300;, score=0.726 total time=   3.4s
[CV 3/3] END max_depth=30, max_features=sqrt, min_samples_leaf=2, min_samples_split=5, n_estimators=200;, score=0.671 total time=   7.0s
[CV 2/3] END max_depth=30, max_features=log2, min_samples_leaf=1, min_samples_split=10, n_estimators=100;, score=0.774 total time=   1.2s
[CV 1/3] END max_depth=30, max_features=log2, min_samples_leaf=2, min_samples_split=2, n_estimators=200;, score=0.720 total time=   2.4s
[CV 2/3] END max_depth=30, max_features=log2, min_samples_leaf=4, min_samples_split=10, n_estimators=100;, score=0.744 total time=   1.0s
[CV 2/3] END max_depth=40, max_features=sqrt, min_samples_leaf=1, min_samples_split=5, n_estimators=300;, score=0.786 total time=  11.0s
[CV 3/3] END max_depth=40, max_features=log2, min_samples_leaf=2, min_samples_split=10, n_estimators=200;, score=0.671 total time=   2.3s
[CV 2/3] END max_depth=10, max_features=sqrt, min_samples_leaf=1, min_samples_split=10, n_estimators=200;, score=0.792 total time=   6.5s
[CV 1/3] END max_depth=10, max_features=log2, min_samples_leaf=1, min_samples_split=2, n_estimators=300;, score=0.708 total time=   3.6s
[CV 2/3] END max_depth=10, max_features=log2, min_samples_leaf=4, min_samples_split=2, n_estimators=300;, score=0.762 total time=   3.1s
[CV 1/3] END max_depth=20, max_features=sqrt, min_samples_leaf=2, min_samples_split=10, n_estimators=100;, score=0.744 total time=   3.2s
[CV 3/3] END max_depth=20, max_features=sqrt, min_samples_leaf=4, min_samples_split=5, n_estimators=300;, score=0.683 total time=   8.9s
[CV 1/3] END max_depth=30, max_features=sqrt, min_samples_leaf=1, min_samples_split=10, n_estimators=300;, score=0.756 total time=  10.3s
[CV 2/3] END max_depth=30, max_features=log2, min_samples_leaf=2, min_samples_split=10, n_estimators=100;, score=0.750 total time=   1.1s
[CV 2/3] END max_depth=30, max_features=log2, min_samples_leaf=4, min_samples_split=5, n_estimators=300;, score=0.768 total time=   3.2s
[CV 3/3] END max_depth=40, max_features=sqrt, min_samples_leaf=2, min_samples_split=10, n_estimators=100;, score=0.671 total time=   3.3s
[CV 3/3] END max_depth=40, max_features=sqrt, min_samples_leaf=4, min_samples_split=10, n_estimators=100;, score=0.665 total time=   3.1s
[CV 2/3] END max_depth=40, max_features=log2, min_samples_leaf=1, min_samples_split=10, n_estimators=100;, score=0.786 total time=   1.2s
[CV 1/3] END max_depth=40, max_features=log2, min_samples_leaf=2, min_samples_split=2, n_estimators=300;, score=0.738 total time=   3.6s
[CV 3/3] END max_depth=10, max_features=sqrt, min_samples_leaf=2, min_samples_split=5, n_estimators=100;, score=0.707 total time=   3.1s
[CV 1/3] END max_depth=10, max_features=sqrt, min_samples_leaf=4, min_samples_split=5, n_estimators=300;, score=0.720 total time=   8.5s
[CV 3/3] END max_depth=20, max_features=sqrt, min_samples_leaf=1, min_samples_split=5, n_estimators=200;, score=0.677 total time=   7.2s
[CV 3/3] END max_depth=20, max_features=log2, min_samples_leaf=1, min_samples_split=2, n_estimators=100;, score=0.695 total time=   1.4s
[CV 3/3] END max_depth=20, max_features=log2, min_samples_leaf=1, min_samples_split=10, n_estimators=100;, score=0.647 total time=   1.5s
[CV 1/3] END max_depth=20, max_features=log2, min_samples_leaf=2, min_samples_split=5, n_estimators=100;, score=0.768 total time=   1.2s
[CV 3/3] END max_depth=20, max_features=log2, min_samples_leaf=4, min_samples_split=2, n_estimators=200;, score=0.641 total time=   2.1s
[CV 2/3] END max_depth=30, max_features=sqrt, min_samples_leaf=2, min_samples_split=2, n_estimators=100;, score=0.780 total time=   3.3s
[CV 1/3] END max_depth=30, max_features=sqrt, min_samples_leaf=4, min_samples_split=5, n_estimators=200;, score=0.768 total time=   5.8s
[CV 2/3] END max_depth=30, max_features=log2, min_samples_leaf=2, min_samples_split=2, n_estimators=300;, score=0.774 total time=   3.7s
[CV 2/3] END max_depth=40, max_features=sqrt, min_samples_leaf=2, min_samples_split=2, n_estimators=100;, score=0.786 total time=   3.4s
[CV 1/3] END max_depth=40, max_features=sqrt, min_samples_leaf=4, min_samples_split=5, n_estimators=200;, score=0.726 total time=   5.9s
[CV 2/3] END max_depth=40, max_features=log2, min_samples_leaf=2, min_samples_split=2, n_estimators=300;, score=0.768 total time=   3.5s
[CV 3/3] END max_depth=10, max_features=sqrt, min_samples_leaf=1, min_samples_split=10, n_estimators=300;, score=0.671 total time=   9.9s
[CV 1/3] END max_depth=10, max_features=log2, min_samples_leaf=2, min_samples_split=10, n_estimators=200;, score=0.732 total time=   2.2s
[CV 3/3] END max_depth=20, max_features=sqrt, min_samples_leaf=1, min_samples_split=10, n_estimators=100;, score=0.683 total time=   3.5s
[CV 2/3] END max_depth=20, max_features=sqrt, min_samples_leaf=4, min_samples_split=5, n_estimators=100;, score=0.780 total time=   2.9s
[CV 1/3] END max_depth=20, max_features=sqrt, min_samples_leaf=4, min_samples_split=10, n_estimators=300;, score=0.762 total time=   8.7s
[CV 1/3] END max_depth=30, max_features=sqrt, min_samples_leaf=2, min_samples_split=10, n_estimators=300;, score=0.726 total time=  10.1s
[CV 1/3] END max_depth=40, max_features=sqrt, min_samples_leaf=1, min_samples_split=2, n_estimators=300;, score=0.762 total time=  11.0s
[CV 2/3] END max_depth=40, max_features=log2, min_samples_leaf=2, min_samples_split=5, n_estimators=100;, score=0.762 total time=   1.3s
[CV 1/3] END max_depth=40, max_features=log2, min_samples_leaf=4, min_samples_split=5, n_estimators=200;, score=0.708 total time=   1.8s
[CV 2/3] END max_depth=10, max_features=sqrt, min_samples_leaf=2, min_samples_split=10, n_estimators=200;, score=0.780 total time=   6.3s
[CV 3/3] END max_depth=10, max_features=log2, min_samples_leaf=1, min_samples_split=5, n_estimators=300;, score=0.671 total time=   3.7s
[CV 3/3] END max_depth=10, max_features=log2, min_samples_leaf=4, min_samples_split=5, n_estimators=300;, score=0.671 total time=   3.2s
[CV 2/3] END max_depth=20, max_features=sqrt, min_samples_leaf=2, min_samples_split=10, n_estimators=200;, score=0.792 total time=   6.6s
[CV 3/3] END max_depth=20, max_features=log2, min_samples_leaf=1, min_samples_split=5, n_estimators=300;, score=0.695 total time=   4.0s
[CV 2/3] END max_depth=30, max_features=sqrt, min_samples_leaf=1, min_samples_split=2, n_estimators=100;, score=0.774 total time=   3.6s
[CV 1/3] END max_depth=30, max_features=sqrt, min_samples_leaf=4, min_samples_split=2, n_estimators=200;, score=0.732 total time=   5.7s
[CV 2/3] END max_depth=30, max_features=log2, min_samples_leaf=1, min_samples_split=10, n_estimators=200;, score=0.762 total time=   2.5s
[CV 3/3] END max_depth=30, max_features=log2, min_samples_leaf=4, min_samples_split=2, n_estimators=200;, score=0.665 total time=   2.2s
[CV 3/3] END max_depth=40, max_features=sqrt, min_samples_leaf=2, min_samples_split=2, n_estimators=100;, score=0.671 total time=   3.4s
[CV 2/3] END max_depth=40, max_features=sqrt, min_samples_leaf=4, min_samples_split=5, n_estimators=200;, score=0.786 total time=   6.0s
[CV 3/3] END max_depth=40, max_features=log2, min_samples_leaf=2, min_samples_split=2, n_estimators=300;, score=0.677 total time=   3.6s
[CV 1/3] END max_depth=10, max_features=sqrt, min_samples_leaf=1, min_samples_split=2, n_estimators=100;, score=0.750 total time=   3.4s
[CV 1/3] END max_depth=10, max_features=sqrt, min_samples_leaf=4, min_samples_split=2, n_estimators=200;, score=0.732 total time=   5.8s
[CV 2/3] END max_depth=10, max_features=log2, min_samples_leaf=2, min_samples_split=2, n_estimators=100;, score=0.762 total time=   1.2s
[CV 1/3] END max_depth=10, max_features=log2, min_samples_leaf=4, min_samples_split=2, n_estimators=300;, score=0.726 total time=   3.1s
[CV 1/3] END max_depth=20, max_features=sqrt, min_samples_leaf=2, min_samples_split=5, n_estimators=300;, score=0.756 total time=  10.2s
[CV 1/3] END max_depth=20, max_features=log2, min_samples_leaf=4, min_samples_split=2, n_estimators=300;, score=0.726 total time=   3.2s
[CV 1/3] END max_depth=30, max_features=sqrt, min_samples_leaf=2, min_samples_split=5, n_estimators=300;, score=0.744 total time=  10.3s
[CV 3/3] END max_depth=30, max_features=log2, min_samples_leaf=4, min_samples_split=5, n_estimators=200;, score=0.665 total time=   2.1s
[CV 1/3] END max_depth=40, max_features=sqrt, min_samples_leaf=2, min_samples_split=2, n_estimators=300;, score=0.774 total time=  10.5s
[CV 3/3] END max_depth=40, max_features=log2, min_samples_leaf=4, min_samples_split=2, n_estimators=200;, score=0.653 total time=   2.2s
[CV 3/3] END max_depth=10, max_features=sqrt, min_samples_leaf=1, min_samples_split=10, n_estimators=200;, score=0.659 total time=   6.7s
[CV 1/3] END max_depth=10, max_features=log2, min_samples_leaf=1, min_samples_split=10, n_estimators=100;, score=0.720 total time=   1.1s
[CV 2/3] END max_depth=10, max_features=log2, min_samples_leaf=1, min_samples_split=10, n_estimators=300;, score=0.774 total time=   3.5s
[CV 3/3] END max_depth=20, max_features=sqrt, min_samples_leaf=1, min_samples_split=2, n_estimators=200;, score=0.665 total time=   7.5s
[CV 2/3] END max_depth=20, max_features=log2, min_samples_leaf=1, min_samples_split=2, n_estimators=100;, score=0.780 total time=   1.3s
[CV 1/3] END max_depth=20, max_features=log2, min_samples_leaf=1, min_samples_split=10, n_estimators=100;, score=0.714 total time=   1.4s
[CV 2/3] END max_depth=20, max_features=log2, min_samples_leaf=2, min_samples_split=2, n_estimators=300;, score=0.756 total time=   3.8s
[CV 1/3] END max_depth=30, max_features=sqrt, min_samples_leaf=2, min_samples_split=2, n_estimators=200;, score=0.756 total time=   6.7s
[CV 3/3] END max_depth=30, max_features=log2, min_samples_leaf=1, min_samples_split=2, n_estimators=300;, score=0.689 total time=   4.0s
[CV 3/3] END max_depth=30, max_features=log2, min_samples_leaf=4, min_samples_split=2, n_estimators=300;, score=0.665 total time=   3.3s
[CV 1/3] END max_depth=40, max_features=sqrt, min_samples_leaf=2, min_samples_split=10, n_estimators=100;, score=0.762 total time=   3.2s
[CV 3/3] END max_depth=40, max_features=sqrt, min_samples_leaf=4, min_samples_split=5, n_estimators=300;, score=0.677 total time=   8.8s
[CV 3/3] END max_depth=10, max_features=sqrt, min_samples_leaf=2, min_samples_split=10, n_estimators=200;, score=0.701 total time=   6.2s
[CV 3/3] END max_depth=10, max_features=log2, min_samples_leaf=1, min_samples_split=5, n_estimators=100;, score=0.677 total time=   1.1s
[CV 3/3] END max_depth=10, max_features=log2, min_samples_leaf=1, min_samples_split=10, n_estimators=200;, score=0.689 total time=   2.3s
[CV 1/3] END max_depth=10, max_features=log2, min_samples_leaf=4, min_samples_split=5, n_estimators=100;, score=0.720 total time=   1.0s
[CV 1/3] END max_depth=20, max_features=sqrt, min_samples_leaf=1, min_samples_split=2, n_estimators=100;, score=0.774 total time=   3.6s
[CV 2/3] END max_depth=20, max_features=sqrt, min_samples_leaf=4, min_samples_split=2, n_estimators=100;, score=0.762 total time=   3.0s
[CV 1/3] END max_depth=20, max_features=sqrt, min_samples_leaf=4, min_samples_split=10, n_estimators=200;, score=0.750 total time=   5.8s
[CV 3/3] END max_depth=20, max_features=log2, min_samples_leaf=4, min_samples_split=5, n_estimators=300;, score=0.665 total time=   3.2s
[CV 2/3] END max_depth=30, max_features=sqrt, min_samples_leaf=2, min_samples_split=10, n_estimators=200;, score=0.804 total time=   6.5s
[CV 1/3] END max_depth=30, max_features=log2, min_samples_leaf=1, min_samples_split=10, n_estimators=200;, score=0.738 total time=   2.4s
[CV 2/3] END max_depth=30, max_features=log2, min_samples_leaf=4, min_samples_split=2, n_estimators=100;, score=0.738 total time=   1.0s
[CV 1/3] END max_depth=40, max_features=sqrt, min_samples_leaf=1, min_samples_split=2, n_estimators=100;, score=0.762 total time=   3.5s
[CV 3/3] END max_depth=40, max_features=sqrt, min_samples_leaf=4, min_samples_split=2, n_estimators=100;, score=0.671 total time=   3.0s
[CV 2/3] END max_depth=40, max_features=sqrt, min_samples_leaf=4, min_samples_split=10, n_estimators=200;, score=0.798 total time=   6.0s
[CV 2/3] END max_depth=40, max_features=log2, min_samples_leaf=4, min_samples_split=5, n_estimators=200;, score=0.744 total time=   1.8s
[CV 2/3] END max_depth=10, max_features=sqrt, min_samples_leaf=1, min_samples_split=5, n_estimators=100;, score=0.798 total time=   3.3s
[CV 1/3] END max_depth=10, max_features=sqrt, min_samples_leaf=4, min_samples_split=2, n_estimators=300;, score=0.726 total time=   8.6s
[CV 2/3] END max_depth=20, max_features=sqrt, min_samples_leaf=1, min_samples_split=5, n_estimators=100;, score=0.786 total time=   3.5s
[CV 1/3] END max_depth=20, max_features=sqrt, min_samples_leaf=4, min_samples_split=2, n_estimators=300;, score=0.744 total time=   8.9s
[CV 3/3] END max_depth=20, max_features=log2, min_samples_leaf=4, min_samples_split=10, n_estimators=100;, score=0.659 total time=   1.0s
[CV 2/3] END max_depth=30, max_features=sqrt, min_samples_leaf=1, min_samples_split=10, n_estimators=200;, score=0.798 total time=   7.1s
[CV 1/3] END max_depth=30, max_features=log2, min_samples_leaf=1, min_samples_split=2, n_estimators=300;, score=0.756 total time=   3.9s
[CV 2/3] END max_depth=30, max_features=log2, min_samples_leaf=4, min_samples_split=2, n_estimators=200;, score=0.762 total time=   2.2s
[CV 1/3] END max_depth=40, max_features=sqrt, min_samples_leaf=2, min_samples_split=2, n_estimators=100;, score=0.780 total time=   3.3s
[CV 3/3] END max_depth=40, max_features=sqrt, min_samples_leaf=4, min_samples_split=5, n_estimators=100;, score=0.665 total time=   2.9s
[CV 1/3] END max_depth=40, max_features=log2, min_samples_leaf=1, min_samples_split=2, n_estimators=100;, score=0.720 total time=   1.2s
[CV 1/3] END max_depth=40, max_features=log2, min_samples_leaf=1, min_samples_split=5, n_estimators=200;, score=0.750 total time=   2.5s
[CV 1/3] END max_depth=40, max_features=log2, min_samples_leaf=2, min_samples_split=10, n_estimators=100;, score=0.702 total time=   1.1s
[CV 3/3] END max_depth=40, max_features=log2, min_samples_leaf=4, min_samples_split=5, n_estimators=200;, score=0.641 total time=   1.8s
[CV 1/3] END max_depth=10, max_features=sqrt, min_samples_leaf=2, min_samples_split=10, n_estimators=200;, score=0.720 total time=   6.3s
[CV 3/3] END max_depth=10, max_features=log2, min_samples_leaf=1, min_samples_split=5, n_estimators=200;, score=0.671 total time=   2.4s
[CV 1/3] END max_depth=10, max_features=log2, min_samples_leaf=2, min_samples_split=5, n_estimators=100;, score=0.720 total time=   1.2s
[CV 1/3] END max_depth=10, max_features=log2, min_samples_leaf=4, min_samples_split=5, n_estimators=300;, score=0.679 total time=   3.1s
[CV 3/3] END max_depth=20, max_features=sqrt, min_samples_leaf=2, min_samples_split=10, n_estimators=100;, score=0.683 total time=   3.2s
[CV 2/3] END max_depth=20, max_features=sqrt, min_samples_leaf=4, min_samples_split=10, n_estimators=100;, score=0.756 total time=   3.0s
[CV 2/3] END max_depth=20, max_features=log2, min_samples_leaf=1, min_samples_split=5, n_estimators=200;, score=0.768 total time=   2.5s
[CV 2/3] END max_depth=20, max_features=log2, min_samples_leaf=2, min_samples_split=5, n_estimators=300;, score=0.774 total time=   3.5s
[CV 3/3] END max_depth=30, max_features=sqrt, min_samples_leaf=2, min_samples_split=2, n_estimators=300;, score=0.665 total time=  10.2s
[CV 1/3] END max_depth=30, max_features=log2, min_samples_leaf=4, min_samples_split=2, n_estimators=200;, score=0.702 total time=   2.1s
[CV 1/3] END max_depth=40, max_features=sqrt, min_samples_leaf=1, min_samples_split=10, n_estimators=300;, score=0.780 total time=  10.4s
[CV 1/3] END max_depth=40, max_features=log2, min_samples_leaf=2, min_samples_split=5, n_estimators=300;, score=0.726 total time=   3.1s
[CV 2/3] END max_depth=10, max_features=sqrt, min_samples_leaf=1, min_samples_split=2, n_estimators=100;, score=0.756 total time=   3.3s
[CV 3/3] END max_depth=10, max_features=sqrt, min_samples_leaf=4, min_samples_split=2, n_estimators=100;, score=0.665 total time=   2.8s
[CV 2/3] END max_depth=10, max_features=sqrt, min_samples_leaf=4, min_samples_split=10, n_estimators=200;, score=0.774 total time=   5.7s
[CV 2/3] END max_depth=20, max_features=sqrt, min_samples_leaf=1, min_samples_split=2, n_estimators=200;, score=0.780 total time=   7.4s
[CV 1/3] END max_depth=20, max_features=log2, min_samples_leaf=1, min_samples_split=2, n_estimators=100;, score=0.732 total time=   1.2s
[CV 2/3] END max_depth=20, max_features=log2, min_samples_leaf=1, min_samples_split=5, n_estimators=300;, score=0.768 total time=   3.8s
[CV 1/3] END max_depth=20, max_features=log2, min_samples_leaf=4, min_samples_split=10, n_estimators=200;, score=0.708 total time=   2.1s
[CV 3/3] END max_depth=30, max_features=sqrt, min_samples_leaf=2, min_samples_split=5, n_estimators=100;, score=0.677 total time=   3.3s
[CV 2/3] END max_depth=30, max_features=sqrt, min_samples_leaf=4, min_samples_split=5, n_estimators=300;, score=0.774 total time=   8.8s
[CV 2/3] END max_depth=40, max_features=sqrt, min_samples_leaf=1, min_samples_split=10, n_estimators=300;, score=0.780 total time=  10.4s
[CV 2/3] END max_depth=40, max_features=log2, min_samples_leaf=2, min_samples_split=5, n_estimators=300;, score=0.786 total time=   3.2s
[CV 2/3] END max_depth=10, max_features=sqrt, min_samples_leaf=2, min_samples_split=10, n_estimators=300;, score=0.792 total time=   9.3s
[CV 1/3] END max_depth=10, max_features=log2, min_samples_leaf=2, min_samples_split=10, n_estimators=100;, score=0.690 total time=   1.0s
[CV 2/3] END max_depth=10, max_features=log2, min_samples_leaf=4, min_samples_split=10, n_estimators=100;, score=0.756 total time=   1.0s
[CV 1/3] END max_depth=20, max_features=sqrt, min_samples_leaf=1, min_samples_split=5, n_estimators=300;, score=0.756 total time=  10.7s
[CV 2/3] END max_depth=20, max_features=log2, min_samples_leaf=2, min_samples_split=10, n_estimators=100;, score=0.750 total time=   1.1s
[CV 1/3] END max_depth=20, max_features=log2, min_samples_leaf=4, min_samples_split=5, n_estimators=200;, score=0.720 total time=   2.1s
[CV 3/3] END max_depth=30, max_features=sqrt, min_samples_leaf=2, min_samples_split=2, n_estimators=200;, score=0.671 total time=   6.9s
[CV 2/3] END max_depth=30, max_features=log2, min_samples_leaf=1, min_samples_split=5, n_estimators=100;, score=0.762 total time=   1.2s
[CV 1/3] END max_depth=30, max_features=log2, min_samples_leaf=1, min_samples_split=10, n_estimators=300;, score=0.738 total time=   3.8s
[CV 1/3] END max_depth=40, max_features=sqrt, min_samples_leaf=1, min_samples_split=5, n_estimators=200;, score=0.762 total time=   7.2s
[CV 3/3] END max_depth=40, max_features=log2, min_samples_leaf=1, min_samples_split=2, n_estimators=100;, score=0.695 total time=   1.3s
[CV 1/3] END max_depth=40, max_features=log2, min_samples_leaf=1, min_samples_split=10, n_estimators=100;, score=0.732 total time=   1.2s
[CV 1/3] END max_depth=40, max_features=log2, min_samples_leaf=2, min_samples_split=2, n_estimators=200;, score=0.738 total time=   2.5s
[CV 2/3] END max_depth=40, max_features=log2, min_samples_leaf=4, min_samples_split=10, n_estimators=200;, score=0.750 total time=   1.6s
[CV 1/3] END max_depth=10, max_features=sqrt, min_samples_leaf=2, min_samples_split=5, n_estimators=100;, score=0.762 total time=   3.1s
[CV 2/3] END max_depth=10, max_features=sqrt, min_samples_leaf=4, min_samples_split=5, n_estimators=200;, score=0.780 total time=   5.7s
[CV 2/3] END max_depth=10, max_features=log2, min_samples_leaf=2, min_samples_split=5, n_estimators=100;, score=0.780 total time=   1.4s
[CV 1/3] END max_depth=10, max_features=log2, min_samples_leaf=4, min_samples_split=10, n_estimators=100;, score=0.708 total time=   1.0s
[CV 3/3] END max_depth=20, max_features=sqrt, min_samples_leaf=1, min_samples_split=5, n_estimators=100;, score=0.683 total time=   3.5s
[CV 2/3] END max_depth=20, max_features=sqrt, min_samples_leaf=4, min_samples_split=2, n_estimators=300;, score=0.792 total time=   8.9s
[CV 3/3] END max_depth=20, max_features=log2, min_samples_leaf=4, min_samples_split=10, n_estimators=200;, score=0.671 total time=   2.1s
[CV 2/3] END max_depth=30, max_features=sqrt, min_samples_leaf=2, min_samples_split=5, n_estimators=200;, score=0.798 total time=   6.7s
[CV 1/3] END max_depth=30, max_features=log2, min_samples_leaf=1, min_samples_split=5, n_estimators=200;, score=0.756 total time=   2.5s
[CV 1/3] END max_depth=30, max_features=log2, min_samples_leaf=2, min_samples_split=5, n_estimators=300;, score=0.738 total time=   3.6s
[CV 1/3] END max_depth=40, max_features=sqrt, min_samples_leaf=2, min_samples_split=5, n_estimators=100;, score=0.756 total time=   3.3s
[CV 3/3] END max_depth=40, max_features=sqrt, min_samples_leaf=4, min_samples_split=5, n_estimators=200;, score=0.659 total time=   6.1s
[CV 3/3] END max_depth=40, max_features=log2, min_samples_leaf=2, min_samples_split=5, n_estimators=300;, score=0.647 total time=   3.2s
[CV 3/3] END max_depth=10, max_features=sqrt, min_samples_leaf=1, min_samples_split=2, n_estimators=100;, score=0.707 total time=   3.3s
[CV 2/3] END max_depth=10, max_features=sqrt, min_samples_leaf=4, min_samples_split=2, n_estimators=200;, score=0.762 total time=   5.7s
[CV 1/3] END max_depth=10, max_features=log2, min_samples_leaf=2, min_samples_split=2, n_estimators=100;, score=0.708 total time=   1.1s
[CV 1/3] END max_depth=10, max_features=log2, min_samples_leaf=4, min_samples_split=2, n_estimators=100;, score=0.720 total time=   1.0s
[CV 3/3] END max_depth=10, max_features=log2, min_samples_leaf=4, min_samples_split=10, n_estimators=200;, score=0.653 total time=   2.0s
[CV 2/3] END max_depth=20, max_features=sqrt, min_samples_leaf=2, min_samples_split=5, n_estimators=200;, score=0.798 total time=   6.7s
[CV 3/3] END max_depth=20, max_features=log2, min_samples_leaf=1, min_samples_split=5, n_estimators=200;, score=0.677 total time=   2.5s
[CV 1/3] END max_depth=20, max_features=log2, min_samples_leaf=2, min_samples_split=10, n_estimators=100;, score=0.708 total time=   1.1s
[CV 3/3] END max_depth=20, max_features=log2, min_samples_leaf=4, min_samples_split=5, n_estimators=100;, score=0.665 total time=   1.0s
[CV 2/3] END max_depth=30, max_features=sqrt, min_samples_leaf=1, min_samples_split=5, n_estimators=200;, score=0.810 total time=   7.1s
[CV 2/3] END max_depth=30, max_features=log2, min_samples_leaf=1, min_samples_split=2, n_estimators=100;, score=0.774 total time=   1.2s
[CV 2/3] END max_depth=30, max_features=log2, min_samples_leaf=1, min_samples_split=5, n_estimators=300;, score=0.786 total time=   4.0s
[CV 3/3] END max_depth=30, max_features=log2, min_samples_leaf=4, min_samples_split=10, n_estimators=200;, score=0.677 total time=   2.1s
[CV 1/3] END max_depth=40, max_features=sqrt, min_samples_leaf=2, min_samples_split=5, n_estimators=200;, score=0.744 total time=   6.9s
[CV 1/3] END max_depth=40, max_features=log2, min_samples_leaf=1, min_samples_split=5, n_estimators=300;, score=0.762 total time=   3.9s
[CV 1/3] END max_depth=40, max_features=log2, min_samples_leaf=4, min_samples_split=10, n_estimators=200;, score=0.714 total time=   1.8s
[CV 3/3] END max_depth=10, max_features=sqrt, min_samples_leaf=1, min_samples_split=10, n_estimators=100;, score=0.689 total time=   3.2s
[CV 2/3] END max_depth=10, max_features=sqrt, min_samples_leaf=4, min_samples_split=5, n_estimators=100;, score=0.774 total time=   2.8s
[CV 2/3] END max_depth=10, max_features=sqrt, min_samples_leaf=4, min_samples_split=10, n_estimators=300;, score=0.774 total time=   8.6s
[CV 1/3] END max_depth=20, max_features=sqrt, min_samples_leaf=4, min_samples_split=2, n_estimators=100;, score=0.744 total time=   2.9s
[CV 3/3] END max_depth=20, max_features=sqrt, min_samples_leaf=4, min_samples_split=10, n_estimators=100;, score=0.665 total time=   2.9s
[CV 1/3] END max_depth=20, max_features=log2, min_samples_leaf=1, min_samples_split=10, n_estimators=200;, score=0.738 total time=   2.4s
[CV 3/3] END max_depth=20, max_features=log2, min_samples_leaf=4, min_samples_split=2, n_estimators=100;, score=0.677 total time=   1.0s
[CV 2/3] END max_depth=30, max_features=sqrt, min_samples_leaf=1, min_samples_split=2, n_estimators=200;, score=0.804 total time=   7.3s
[CV 3/3] END max_depth=30, max_features=sqrt, min_samples_leaf=4, min_samples_split=10, n_estimators=300;, score=0.653 total time=   8.9s
[CV 1/3] END max_depth=40, max_features=sqrt, min_samples_leaf=4, min_samples_split=2, n_estimators=100;, score=0.726 total time=   2.8s
[CV 2/3] END max_depth=40, max_features=sqrt, min_samples_leaf=4, min_samples_split=10, n_estimators=100;, score=0.756 total time=   2.8s
[CV 3/3] END max_depth=40, max_features=log2, min_samples_leaf=1, min_samples_split=5, n_estimators=300;, score=0.671 total time=   3.9s
[CV 3/3] END max_depth=40, max_features=log2, min_samples_leaf=4, min_samples_split=10, n_estimators=200;, score=0.659 total time=   1.7s
[CV 2/3] END max_depth=10, max_features=sqrt, min_samples_leaf=1, min_samples_split=2, n_estimators=300;, score=0.798 total time=  10.4s
[CV 2/3] END max_depth=10, max_features=log2, min_samples_leaf=4, min_samples_split=2, n_estimators=100;, score=0.756 total time=   1.2s
[CV 1/3] END max_depth=20, max_features=sqrt, min_samples_leaf=1, min_samples_split=2, n_estimators=200;, score=0.786 total time=   7.8s
[CV 1/3] END max_depth=20, max_features=log2, min_samples_leaf=1, min_samples_split=2, n_estimators=200;, score=0.744 total time=   2.6s
[CV 1/3] END max_depth=20, max_features=log2, min_samples_leaf=2, min_samples_split=2, n_estimators=300;, score=0.732 total time=   3.8s
[CV 3/3] END max_depth=30, max_features=sqrt, min_samples_leaf=2, min_samples_split=2, n_estimators=100;, score=0.665 total time=   3.4s
[CV 2/3] END max_depth=30, max_features=sqrt, min_samples_leaf=4, min_samples_split=5, n_estimators=200;, score=0.780 total time=   5.7s
[CV 3/3] END max_depth=30, max_features=log2, min_samples_leaf=2, min_samples_split=2, n_estimators=300;, score=0.695 total time=   3.7s
[CV 1/3] END max_depth=40, max_features=sqrt, min_samples_leaf=2, min_samples_split=2, n_estimators=200;, score=0.726 total time=   6.7s
[CV 1/3] END max_depth=40, max_features=log2, min_samples_leaf=1, min_samples_split=2, n_estimators=300;, score=0.738 total time=   3.9s
[CV 2/3] END max_depth=40, max_features=log2, min_samples_leaf=2, min_samples_split=10, n_estimators=300;, score=0.774 total time=   3.0s
[CV 3/3] END max_depth=10, max_features=sqrt, min_samples_leaf=1, min_samples_split=2, n_estimators=300;, score=0.683 total time=  10.3s
[CV 1/3] END max_depth=10, max_features=log2, min_samples_leaf=2, min_samples_split=10, n_estimators=300;, score=0.714 total time=   3.3s
[CV 3/3] END max_depth=20, max_features=sqrt, min_samples_leaf=2, min_samples_split=5, n_estimators=200;, score=0.671 total time=   6.9s
[CV 1/3] END max_depth=20, max_features=log2, min_samples_leaf=1, min_samples_split=5, n_estimators=300;, score=0.738 total time=   3.8s
[CV 1/3] END max_depth=20, max_features=log2, min_samples_leaf=4, min_samples_split=10, n_estimators=100;, score=0.708 total time=   1.0s
[CV 3/3] END max_depth=30, max_features=sqrt, min_samples_leaf=1, min_samples_split=10, n_estimators=100;, score=0.683 total time=   3.5s
[CV 2/3] END max_depth=30, max_features=sqrt, min_samples_leaf=4, min_samples_split=5, n_estimators=100;, score=0.780 total time=   2.8s
[CV 2/3] END max_depth=30, max_features=sqrt, min_samples_leaf=4, min_samples_split=10, n_estimators=300;, score=0.774 total time=   8.7s
[CV 2/3] END max_depth=40, max_features=sqrt, min_samples_leaf=2, min_samples_split=10, n_estimators=200;, score=0.810 total time=   6.5s
[CV 3/3] END max_depth=40, max_features=log2, min_samples_leaf=1, min_samples_split=10, n_estimators=100;, score=0.677 total time=   1.2s
[CV 1/3] END max_depth=40, max_features=log2, min_samples_leaf=2, min_samples_split=5, n_estimators=100;, score=0.744 total time=   1.1s
[CV 1/3] END max_depth=40, max_features=log2, min_samples_leaf=2, min_samples_split=10, n_estimators=300;, score=0.720 total time=   3.1s
[CV 2/3] END max_depth=10, max_features=sqrt, min_samples_leaf=4, min_samples_split=2, n_estimators=100;, score=0.786 total time=   2.8s
[CV 3/3] END max_depth=10, max_features=sqrt, min_samples_leaf=4, min_samples_split=5, n_estimators=100;, score=0.671 total time=   2.8s
[CV 1/3] END max_depth=10, max_features=sqrt, min_samples_leaf=4, min_samples_split=10, n_estimators=300;, score=0.726 total time=   8.4s
[CV 2/3] END max_depth=20, max_features=sqrt, min_samples_leaf=2, min_samples_split=10, n_estimators=300;, score=0.798 total time=   9.8s
[CV 3/3] END max_depth=20, max_features=log2, min_samples_leaf=4, min_samples_split=10, n_estimators=300;, score=0.659 total time=   3.2s
[CV 1/3] END max_depth=30, max_features=sqrt, min_samples_leaf=4, min_samples_split=2, n_estimators=100;, score=0.726 total time=   2.8s
[CV 3/3] END max_depth=30, max_features=sqrt, min_samples_leaf=4, min_samples_split=10, n_estimators=100;, score=0.665 total time=   2.9s
[CV 1/3] END max_depth=30, max_features=log2, min_samples_leaf=1, min_samples_split=10, n_estimators=100;, score=0.744 total time=   1.2s
[CV 3/3] END max_depth=30, max_features=log2, min_samples_leaf=2, min_samples_split=2, n_estimators=100;, score=0.695 total time=   1.2s
[CV 3/3] END max_depth=30, max_features=log2, min_samples_leaf=2, min_samples_split=10, n_estimators=200;, score=0.665 total time=   2.4s
[CV 3/3] END max_depth=40, max_features=sqrt, min_samples_leaf=1, min_samples_split=10, n_estimators=200;, score=0.701 total time=   7.2s
[CV 3/3] END max_depth=40, max_features=log2, min_samples_leaf=1, min_samples_split=2, n_estimators=300;, score=0.689 total time=   4.1s
[CV 2/3] END max_depth=40, max_features=log2, min_samples_leaf=4, min_samples_split=2, n_estimators=300;, score=0.762 total time=   2.7s
[CV 1/3] END max_depth=10, max_features=sqrt, min_samples_leaf=1, min_samples_split=2, n_estimators=300;, score=0.744 total time=  10.1s
[CV 2/3] END max_depth=10, max_features=log2, min_samples_leaf=2, min_samples_split=10, n_estimators=100;, score=0.738 total time=   1.0s
[CV 3/3] END max_depth=10, max_features=log2, min_samples_leaf=4, min_samples_split=10, n_estimators=100;, score=0.647 total time=   1.0s
[CV 3/3] END max_depth=20, max_features=sqrt, min_samples_leaf=1, min_samples_split=5, n_estimators=300;, score=0.677 total time=  11.3s
[CV 3/3] END max_depth=20, max_features=log2, min_samples_leaf=2, min_samples_split=10, n_estimators=300;, score=0.665 total time=   3.6s
[CV 1/3] END max_depth=30, max_features=sqrt, min_samples_leaf=2, min_samples_split=10, n_estimators=100;, score=0.750 total time=   3.2s
[CV 3/3] END max_depth=30, max_features=sqrt, min_samples_leaf=4, min_samples_split=5, n_estimators=300;, score=0.659 total time=   9.2s
[CV 2/3] END max_depth=40, max_features=sqrt, min_samples_leaf=2, min_samples_split=2, n_estimators=300;, score=0.804 total time=  10.1s
[CV 3/3] END max_depth=40, max_features=log2, min_samples_leaf=2, min_samples_split=10, n_estimators=300;, score=0.659 total time=   3.1s
[CV 1/3] END max_depth=10, max_features=sqrt, min_samples_leaf=2, min_samples_split=2, n_estimators=200;, score=0.756 total time=   6.5s
[CV 2/3] END max_depth=10, max_features=log2, min_samples_leaf=1, min_samples_split=5, n_estimators=100;, score=0.768 total time=   1.3s
[CV 1/3] END max_depth=10, max_features=log2, min_samples_leaf=1, min_samples_split=10, n_estimators=300;, score=0.714 total time=   3.6s
[CV 3/3] END max_depth=20, max_features=sqrt, min_samples_leaf=1, min_samples_split=2, n_estimators=300;, score=0.677 total time=  11.3s
[CV 3/3] END max_depth=20, max_features=log2, min_samples_leaf=2, min_samples_split=10, n_estimators=200;, score=0.659 total time=   2.4s
[CV 3/3] END max_depth=30, max_features=sqrt, min_samples_leaf=1, min_samples_split=10, n_estimators=200;, score=0.713 total time=   7.1s
[CV 2/3] END max_depth=30, max_features=log2, min_samples_leaf=1, min_samples_split=2, n_estimators=300;, score=0.780 total time=   3.9s
[CV 1/3] END max_depth=30, max_features=log2, min_samples_leaf=4, min_samples_split=2, n_estimators=300;, score=0.714 total time=   3.2s
[CV 1/3] END max_depth=40, max_features=sqrt, min_samples_leaf=2, min_samples_split=5, n_estimators=300;, score=0.762 total time=  10.0s
[CV 1/3] END max_depth=40, max_features=log2, min_samples_leaf=4, min_samples_split=2, n_estimators=300;, score=0.708 total time=   2.9s
[CV 3/3] END max_depth=10, max_features=sqrt, min_samples_leaf=1, min_samples_split=5, n_estimators=100;, score=0.683 total time=   3.3s
[CV 3/3] END max_depth=10, max_features=sqrt, min_samples_leaf=4, min_samples_split=2, n_estimators=200;, score=0.683 total time=   5.7s
[CV 1/3] END max_depth=10, max_features=log2, min_samples_leaf=2, min_samples_split=2, n_estimators=200;, score=0.726 total time=   2.3s
[CV 2/3] END max_depth=20, max_features=sqrt, min_samples_leaf=1, min_samples_split=2, n_estimators=100;, score=0.786 total time=   3.6s
[CV 3/3] END max_depth=20, max_features=sqrt, min_samples_leaf=4, min_samples_split=2, n_estimators=100;, score=0.677 total time=   3.0s
[CV 2/3] END max_depth=20, max_features=sqrt, min_samples_leaf=4, min_samples_split=10, n_estimators=200;, score=0.780 total time=   6.1s
[CV 2/3] END max_depth=20, max_features=log2, min_samples_leaf=4, min_samples_split=10, n_estimators=200;, score=0.768 total time=   2.1s
[CV 1/3] END max_depth=30, max_features=sqrt, min_samples_leaf=2, min_samples_split=5, n_estimators=200;, score=0.762 total time=   6.6s
[CV 3/3] END max_depth=30, max_features=log2, min_samples_leaf=1, min_samples_split=5, n_estimators=100;, score=0.671 total time=   1.3s
[CV 1/3] END max_depth=30, max_features=log2, min_samples_leaf=2, min_samples_split=2, n_estimators=100;, score=0.732 total time=   1.1s
[CV 3/3] END max_depth=30, max_features=log2, min_samples_leaf=2, min_samples_split=5, n_estimators=200;, score=0.659 total time=   2.4s
[CV 1/3] END max_depth=40, max_features=sqrt, min_samples_leaf=1, min_samples_split=5, n_estimators=300;, score=0.768 total time=  10.5s
[CV 3/3] END max_depth=40, max_features=log2, min_samples_leaf=2, min_samples_split=5, n_estimators=100;, score=0.671 total time=   1.1s
[CV 3/3] END max_depth=40, max_features=log2, min_samples_leaf=4, min_samples_split=2, n_estimators=300;, score=0.671 total time=   2.8s
[CV 1/3] END max_depth=10, max_features=sqrt, min_samples_leaf=4, min_samples_split=2, n_estimators=100;, score=0.732 total time=   3.2s
[CV 2/3] END max_depth=10, max_features=sqrt, min_samples_leaf=4, min_samples_split=10, n_estimators=100;, score=0.768 total time=   2.9s
[CV 1/3] END max_depth=10, max_features=log2, min_samples_leaf=1, min_samples_split=5, n_estimators=300;, score=0.720 total time=   3.6s
[CV 3/3] END max_depth=10, max_features=log2, min_samples_leaf=4, min_samples_split=5, n_estimators=200;, score=0.665 total time=   2.5s
[CV 2/3] END max_depth=20, max_features=sqrt, min_samples_leaf=2, min_samples_split=2, n_estimators=300;, score=0.786 total time=  10.9s
[CV 2/3] END max_depth=20, max_features=log2, min_samples_leaf=4, min_samples_split=5, n_estimators=300;, score=0.762 total time=   3.2s
[CV 1/3] END max_depth=30, max_features=sqrt, min_samples_leaf=2, min_samples_split=10, n_estimators=200;, score=0.732 total time=   6.5s
[CV 3/3] END max_depth=30, max_features=log2, min_samples_leaf=1, min_samples_split=10, n_estimators=100;, score=0.677 total time=   1.2s
[CV 1/3] END max_depth=30, max_features=log2, min_samples_leaf=2, min_samples_split=5, n_estimators=100;, score=0.702 total time=   1.2s
[CV 2/3] END max_depth=30, max_features=log2, min_samples_leaf=2, min_samples_split=10, n_estimators=300;, score=0.756 total time=   3.5s
[CV 2/3] END max_depth=40, max_features=sqrt, min_samples_leaf=2, min_samples_split=5, n_estimators=300;, score=0.798 total time=  10.4s
[CV 1/3] END max_depth=40, max_features=log2, min_samples_leaf=4, min_samples_split=5, n_estimators=300;, score=0.702 total time=   2.5s
[CV 3/3] END max_depth=10, max_features=sqrt, min_samples_leaf=2, min_samples_split=10, n_estimators=100;, score=0.665 total time=   3.1s
[CV 1/3] END max_depth=10, max_features=sqrt, min_samples_leaf=4, min_samples_split=10, n_estimators=100;, score=0.726 total time=   2.8s
[CV 3/3] END max_depth=10, max_features=log2, min_samples_leaf=1, min_samples_split=2, n_estimators=100;, score=0.665 total time=   1.2s
[CV 2/3] END max_depth=10, max_features=log2, min_samples_leaf=1, min_samples_split=10, n_estimators=200;, score=0.768 total time=   2.3s
[CV 3/3] END max_depth=10, max_features=log2, min_samples_leaf=4, min_samples_split=2, n_estimators=100;, score=0.671 total time=   1.0s
[CV 1/3] END max_depth=10, max_features=log2, min_samples_leaf=4, min_samples_split=10, n_estimators=300;, score=0.708 total time=   3.1s
[CV 3/3] END max_depth=20, max_features=sqrt, min_samples_leaf=2, min_samples_split=10, n_estimators=200;, score=0.671 total time=   6.8s
[CV 1/3] END max_depth=20, max_features=log2, min_samples_leaf=2, min_samples_split=2, n_estimators=100;, score=0.732 total time=   1.1s
[CV 1/3] END max_depth=20, max_features=log2, min_samples_leaf=2, min_samples_split=5, n_estimators=200;, score=0.732 total time=   2.3s
[CV 1/3] END max_depth=30, max_features=sqrt, min_samples_leaf=1, min_samples_split=5, n_estimators=200;, score=0.768 total time=   7.1s
[CV 1/3] END max_depth=30, max_features=log2, min_samples_leaf=1, min_samples_split=2, n_estimators=100;, score=0.780 total time=   1.2s
[CV 3/3] END max_depth=30, max_features=log2, min_samples_leaf=1, min_samples_split=5, n_estimators=200;, score=0.647 total time=   2.6s
[CV 3/3] END max_depth=30, max_features=log2, min_samples_leaf=2, min_samples_split=10, n_estimators=100;, score=0.659 total time=   1.1s
[CV 3/3] END max_depth=30, max_features=log2, min_samples_leaf=4, min_samples_split=5, n_estimators=300;, score=0.683 total time=   3.2s
[CV 1/3] END max_depth=40, max_features=sqrt, min_samples_leaf=2, min_samples_split=10, n_estimators=300;, score=0.756 total time=   9.8s
[CV 2/3] END max_depth=40, max_features=log2, min_samples_leaf=4, min_samples_split=5, n_estimators=300;, score=0.780 total time=   2.5s
[CV 3/3] END max_depth=10, max_features=sqrt, min_samples_leaf=1, min_samples_split=5, n_estimators=200;, score=0.689 total time=   6.7s
[CV 2/3] END max_depth=10, max_features=log2, min_samples_leaf=1, min_samples_split=2, n_estimators=300;, score=0.768 total time=   3.6s
[CV 3/3] END max_depth=10, max_features=log2, min_samples_leaf=4, min_samples_split=2, n_estimators=300;, score=0.671 total time=   3.1s
[CV 2/3] END max_depth=20, max_features=sqrt, min_samples_leaf=2, min_samples_split=5, n_estimators=300;, score=0.786 total time=  10.1s
[CV 1/3] END max_depth=20, max_features=log2, min_samples_leaf=4, min_samples_split=2, n_estimators=200;, score=0.726 total time=   2.1s
[CV 3/3] END max_depth=30, max_features=sqrt, min_samples_leaf=1, min_samples_split=10, n_estimators=300;, score=0.671 total time=  11.0s
[CV 2/3] END max_depth=30, max_features=log2, min_samples_leaf=4, min_samples_split=2, n_estimators=300;, score=0.768 total time=   3.3s
[CV 2/3] END max_depth=40, max_features=sqrt, min_samples_leaf=2, min_samples_split=10, n_estimators=100;, score=0.786 total time=   3.3s
[CV 1/3] END max_depth=40, max_features=sqrt, min_samples_leaf=4, min_samples_split=10, n_estimators=100;, score=0.720 total time=   2.9s
[CV 3/3] END max_depth=40, max_features=log2, min_samples_leaf=1, min_samples_split=5, n_estimators=100;, score=0.695 total time=   1.3s
[CV 2/3] END max_depth=40, max_features=log2, min_samples_leaf=2, min_samples_split=2, n_estimators=100;, score=0.756 total time=   1.2s
[CV 2/3] END max_depth=40, max_features=log2, min_samples_leaf=2, min_samples_split=10, n_estimators=100;, score=0.744 total time=   1.1s
[CV 3/3] END max_depth=40, max_features=log2, min_samples_leaf=4, min_samples_split=5, n_estimators=300;, score=0.665 total time=   2.5s
[CV 1/3] END max_depth=10, max_features=sqrt, min_samples_leaf=1, min_samples_split=10, n_estimators=300;, score=0.750 total time=   9.6s
[CV 1/3] END max_depth=10, max_features=log2, min_samples_leaf=2, min_samples_split=5, n_estimators=300;, score=0.708 total time=   3.4s
[CV 2/3] END max_depth=20, max_features=sqrt, min_samples_leaf=2, min_samples_split=5, n_estimators=100;, score=0.774 total time=   3.3s
[CV 1/3] END max_depth=20, max_features=sqrt, min_samples_leaf=4, min_samples_split=5, n_estimators=300;, score=0.744 total time=   8.6s
[CV 2/3] END max_depth=30, max_features=sqrt, min_samples_leaf=1, min_samples_split=10, n_estimators=100;, score=0.762 total time=   3.4s
[CV 3/3] END max_depth=30, max_features=sqrt, min_samples_leaf=4, min_samples_split=2, n_estimators=300;, score=0.665 total time=   9.0s
[CV 3/3] END max_depth=40, max_features=sqrt, min_samples_leaf=1, min_samples_split=2, n_estimators=200;, score=0.683 total time=   7.5s
[CV 1/3] END max_depth=40, max_features=sqrt, min_samples_leaf=4, min_samples_split=10, n_estimators=300;, score=0.744 total time=   8.0s
[CV 3/3] END max_depth=10, max_features=sqrt, min_samples_leaf=2, min_samples_split=2, n_estimators=200;, score=0.689 total time=   6.5s
[CV 1/3] END max_depth=10, max_features=log2, min_samples_leaf=1, min_samples_split=5, n_estimators=200;, score=0.732 total time=   2.3s
[CV 2/3] END max_depth=10, max_features=log2, min_samples_leaf=2, min_samples_split=2, n_estimators=300;, score=0.756 total time=   3.4s
[CV 3/3] END max_depth=20, max_features=sqrt, min_samples_leaf=2, min_samples_split=2, n_estimators=100;, score=0.695 total time=   3.3s
[CV 2/3] END max_depth=20, max_features=sqrt, min_samples_leaf=4, min_samples_split=5, n_estimators=200;, score=0.768 total time=   5.8s
[CV 2/3] END max_depth=20, max_features=log2, min_samples_leaf=2, min_samples_split=2, n_estimators=200;, score=0.792 total time=   2.4s
[CV 1/3] END max_depth=20, max_features=log2, min_samples_leaf=4, min_samples_split=10, n_estimators=300;, score=0.714 total time=   3.1s
[CV 3/3] END max_depth=30, max_features=sqrt, min_samples_leaf=2, min_samples_split=10, n_estimators=200;, score=0.677 total time=   6.7s
[CV 2/3] END max_depth=30, max_features=log2, min_samples_leaf=1, min_samples_split=10, n_estimators=300;, score=0.762 total time=   3.7s
[CV 2/3] END max_depth=40, max_features=sqrt, min_samples_leaf=1, min_samples_split=5, n_estimators=200;, score=0.786 total time=   7.3s
[CV 2/3] END max_depth=40, max_features=log2, min_samples_leaf=1, min_samples_split=2, n_estimators=200;, score=0.762 total time=   2.7s
[CV 2/3] END max_depth=40, max_features=log2, min_samples_leaf=2, min_samples_split=2, n_estimators=200;, score=0.756 total time=   2.5s
[CV 2/3] END max_depth=40, max_features=log2, min_samples_leaf=4, min_samples_split=10, n_estimators=300;, score=0.756 total time=   2.3s
[CV 2/3] END max_depth=10, max_features=sqrt, min_samples_leaf=1, min_samples_split=10, n_estimators=300;, score=0.780 total time=  10.9s
[CV 1/3] END max_depth=10, max_features=log2, min_samples_leaf=4, min_samples_split=10, n_estimators=200;, score=0.696 total time=   2.0s
[CV 1/3] END max_depth=20, max_features=sqrt, min_samples_leaf=2, min_samples_split=5, n_estimators=100;, score=0.756 total time=   3.3s
[CV 3/3] END max_depth=20, max_features=sqrt, min_samples_leaf=4, min_samples_split=5, n_estimators=200;, score=0.659 total time=   6.1s
[CV 3/3] END max_depth=20, max_features=log2, min_samples_leaf=2, min_samples_split=5, n_estimators=200;, score=0.701 total time=   2.4s
[CV 3/3] END max_depth=30, max_features=sqrt, min_samples_leaf=1, min_samples_split=5, n_estimators=300;, score=0.677 total time=  10.9s
[CV 2/3] END max_depth=30, max_features=log2, min_samples_leaf=2, min_samples_split=10, n_estimators=200;, score=0.768 total time=   2.3s
[CV 3/3] END max_depth=40, max_features=sqrt, min_samples_leaf=1, min_samples_split=10, n_estimators=100;, score=0.677 total time=   3.6s
[CV 2/3] END max_depth=40, max_features=sqrt, min_samples_leaf=4, min_samples_split=5, n_estimators=100;, score=0.762 total time=   3.0s
[CV 2/3] END max_depth=40, max_features=log2, min_samples_leaf=1, min_samples_split=2, n_estimators=100;, score=0.786 total time=   1.3s
[CV 2/3] END max_depth=40, max_features=log2, min_samples_leaf=1, min_samples_split=5, n_estimators=300;, score=0.768 total time=   4.0s
[CV 1/3] END max_depth=40, max_features=log2, min_samples_leaf=4, min_samples_split=10, n_estimators=300;, score=0.708 total time=   2.5s
[CV 2/3] END max_depth=10, max_features=sqrt, min_samples_leaf=2, min_samples_split=5, n_estimators=200;, score=0.804 total time=   6.4s
[CV 2/3] END max_depth=10, max_features=log2, min_samples_leaf=1, min_samples_split=5, n_estimators=200;, score=0.750 total time=   2.3s
[CV 3/3] END max_depth=10, max_features=log2, min_samples_leaf=2, min_samples_split=2, n_estimators=300;, score=0.665 total time=   3.5s
[CV 3/3] END max_depth=20, max_features=sqrt, min_samples_leaf=2, min_samples_split=2, n_estimators=200;, score=0.677 total time=   7.0s
[CV 2/3] END max_depth=20, max_features=log2, min_samples_leaf=1, min_samples_split=5, n_estimators=100;, score=0.798 total time=   1.2s
[CV 2/3] END max_depth=20, max_features=log2, min_samples_leaf=1, min_samples_split=10, n_estimators=300;, score=0.768 total time=   3.7s
[CV 3/3] END max_depth=30, max_features=sqrt, min_samples_leaf=1, min_samples_split=5, n_estimators=100;, score=0.665 total time=   3.6s
[CV 2/3] END max_depth=30, max_features=sqrt, min_samples_leaf=4, min_samples_split=2, n_estimators=300;, score=0.780 total time=   9.0s
[CV 1/3] END max_depth=40, max_features=sqrt, min_samples_leaf=1, min_samples_split=2, n_estimators=200;, score=0.762 total time=   7.5s
[CV 3/3] END max_depth=40, max_features=sqrt, min_samples_leaf=4, min_samples_split=10, n_estimators=300;, score=0.653 total time=   8.1s
[CV 3/3] END max_depth=10, max_features=sqrt, min_samples_leaf=2, min_samples_split=2, n_estimators=100;, score=0.689 total time=   3.2s
[CV 1/3] END max_depth=10, max_features=sqrt, min_samples_leaf=4, min_samples_split=5, n_estimators=200;, score=0.720 total time=   5.7s
[CV 1/3] END max_depth=10, max_features=log2, min_samples_leaf=2, min_samples_split=2, n_estimators=300;, score=0.738 total time=   3.4s
[CV 1/3] END max_depth=20, max_features=sqrt, min_samples_leaf=2, min_samples_split=2, n_estimators=200;, score=0.768 total time=   6.7s
[CV 3/3] END max_depth=20, max_features=log2, min_samples_leaf=1, min_samples_split=2, n_estimators=200;, score=0.671 total time=   2.6s
[CV 3/3] END max_depth=20, max_features=log2, min_samples_leaf=2, min_samples_split=2, n_estimators=300;, score=0.653 total time=   3.8s
[CV 2/3] END max_depth=30, max_features=sqrt, min_samples_leaf=2, min_samples_split=2, n_estimators=200;, score=0.786 total time=   6.9s
[CV 1/3] END max_depth=30, max_features=log2, min_samples_leaf=1, min_samples_split=5, n_estimators=100;, score=0.732 total time=   1.2s
[CV 3/3] END max_depth=30, max_features=log2, min_samples_leaf=1, min_samples_split=10, n_estimators=200;, score=0.659 total time=   2.6s
[CV 3/3] END max_depth=30, max_features=log2, min_samples_leaf=4, min_samples_split=5, n_estimators=100;, score=0.641 total time=   1.1s
[CV 3/3] END max_depth=40, max_features=sqrt, min_samples_leaf=1, min_samples_split=5, n_estimators=100;, score=0.695 total time=   3.6s
[CV 2/3] END max_depth=40, max_features=sqrt, min_samples_leaf=4, min_samples_split=2, n_estimators=300;, score=0.780 total time=   9.0s
[CV 3/3] END max_depth=40, max_features=log2, min_samples_leaf=4, min_samples_split=10, n_estimators=300;, score=0.671 total time=   2.4s
[CV 2/3] END max_depth=10, max_features=sqrt, min_samples_leaf=1, min_samples_split=2, n_estimators=200;, score=0.804 total time=   6.7s
[CV 3/3] END max_depth=10, max_features=sqrt, min_samples_leaf=4, min_samples_split=10, n_estimators=300;, score=0.659 total time=   8.8s
[CV 1/3] END max_depth=20, max_features=sqrt, min_samples_leaf=4, min_samples_split=2, n_estimators=200;, score=0.750 total time=   5.9s
[CV 1/3] END max_depth=20, max_features=log2, min_samples_leaf=1, min_samples_split=10, n_estimators=300;, score=0.714 total time=   3.8s
[CV 2/3] END max_depth=30, max_features=sqrt, min_samples_leaf=1, min_samples_split=5, n_estimators=100;, score=0.810 total time=   3.6s
[CV 1/3] END max_depth=30, max_features=sqrt, min_samples_leaf=4, min_samples_split=2, n_estimators=300;, score=0.744 total time=   8.7s
[CV 1/3] END max_depth=30, max_features=log2, min_samples_leaf=4, min_samples_split=10, n_estimators=100;, score=0.702 total time=   1.0s
[CV 2/3] END max_depth=40, max_features=sqrt, min_samples_leaf=1, min_samples_split=10, n_estimators=100;, score=0.804 total time=   3.5s
[CV 1/3] END max_depth=40, max_features=sqrt, min_samples_leaf=4, min_samples_split=5, n_estimators=100;, score=0.726 total time=   2.9s
[CV 2/3] END max_depth=40, max_features=sqrt, min_samples_leaf=4, min_samples_split=10, n_estimators=300;, score=0.774 total time=   8.2s



Best parameters found:  {'max_depth': 30, 'max_features': 'sqrt', 'min_samples_leaf': 1, 'min_samples_split': 5, 'n_estimators': 200}
Best score found:  0.7613225929094193
