Dataset: 
['Human', 'Animal']
Fitting 10 folds for each of 30 candidates, totalling 300 fits
[CV 1/10] END ....................n_neighbors=1;, score=0.974 total time=   5.1s
[CV 2/10] END ....................n_neighbors=1;, score=0.978 total time=   5.1s
[CV 3/10] END ....................n_neighbors=1;, score=0.974 total time=   5.1s
[CV 4/10] END ....................n_neighbors=1;, score=0.986 total time=   4.6s
[CV 5/10] END ....................n_neighbors=1;, score=0.978 total time=   4.6s
[CV 6/10] END ....................n_neighbors=1;, score=0.962 total time=   4.7s
[CV 7/10] END ....................n_neighbors=1;, score=0.983 total time=   5.0s
[CV 8/10] END ....................n_neighbors=1;, score=0.993 total time=   4.6s
[CV 9/10] END ....................n_neighbors=1;, score=0.981 total time=   4.6s
[CV 10/10] END ...................n_neighbors=1;, score=0.993 total time=   4.6s
[CV 1/10] END ....................n_neighbors=2;, score=0.971 total time=   4.6s
[CV 2/10] END ....................n_neighbors=2;, score=0.981 total time=   4.6s
[CV 3/10] END ....................n_neighbors=2;, score=0.974 total time=   4.6s
[CV 4/10] END ....................n_neighbors=2;, score=0.981 total time=   4.7s
[CV 5/10] END ....................n_neighbors=2;, score=0.978 total time=   4.6s
[CV 6/10] END ....................n_neighbors=2;, score=0.957 total time=   4.5s
[CV 7/10] END ....................n_neighbors=2;, score=0.983 total time=   4.5s
[CV 8/10] END ....................n_neighbors=2;, score=0.993 total time=   4.5s
[CV 9/10] END ....................n_neighbors=2;, score=0.981 total time=   4.6s
[CV 10/10] END ...................n_neighbors=2;, score=0.993 total time=   4.5s
[CV 1/10] END ....................n_neighbors=3;, score=0.938 total time=   4.5s
[CV 2/10] END ....................n_neighbors=3;, score=0.940 total time=   4.5s
[CV 3/10] END ....................n_neighbors=3;, score=0.945 total time=   4.6s
[CV 4/10] END ....................n_neighbors=3;, score=0.940 total time=   4.5s
[CV 5/10] END ....................n_neighbors=3;, score=0.942 total time=   4.6s
[CV 6/10] END ....................n_neighbors=3;, score=0.916 total time=   4.6s
[CV 7/10] END ....................n_neighbors=3;, score=0.916 total time=   4.6s
[CV 8/10] END ....................n_neighbors=3;, score=0.957 total time=   4.6s
[CV 9/10] END ....................n_neighbors=3;, score=0.913 total time=   4.5s
[CV 10/10] END ...................n_neighbors=3;, score=0.959 total time=   4.6s
[CV 1/10] END ....................n_neighbors=4;, score=0.940 total time=   4.8s
[CV 2/10] END ....................n_neighbors=4;, score=0.945 total time=   4.7s
[CV 3/10] END ....................n_neighbors=4;, score=0.947 total time=   4.7s
[CV 4/10] END ....................n_neighbors=4;, score=0.940 total time=   4.5s
[CV 5/10] END ....................n_neighbors=4;, score=0.945 total time=   4.5s
[CV 6/10] END ....................n_neighbors=4;, score=0.921 total time=   4.5s
[CV 7/10] END ....................n_neighbors=4;, score=0.923 total time=   4.5s
[CV 8/10] END ....................n_neighbors=4;, score=0.954 total time=   4.5s
[CV 9/10] END ....................n_neighbors=4;, score=0.918 total time=   4.6s
[CV 10/10] END ...................n_neighbors=4;, score=0.959 total time=   4.6s
[CV 1/10] END ....................n_neighbors=5;, score=0.837 total time=   4.6s
[CV 2/10] END ....................n_neighbors=5;, score=0.851 total time=   5.0s
[CV 3/10] END ....................n_neighbors=5;, score=0.856 total time=   4.8s
[CV 4/10] END ....................n_neighbors=5;, score=0.846 total time=   4.9s
[CV 5/10] END ....................n_neighbors=5;, score=0.839 total time=   4.9s
[CV 6/10] END ....................n_neighbors=5;, score=0.827 total time=   5.0s
[CV 7/10] END ....................n_neighbors=5;, score=0.795 total time=   4.7s
[CV 8/10] END ....................n_neighbors=5;, score=0.836 total time=   4.9s
[CV 9/10] END ....................n_neighbors=5;, score=0.819 total time=   4.9s
[CV 10/10] END ...................n_neighbors=5;, score=0.894 total time=   4.9s
[CV 1/10] END ....................n_neighbors=6;, score=0.844 total time=   4.7s
[CV 2/10] END ....................n_neighbors=6;, score=0.856 total time=   4.6s
[CV 3/10] END ....................n_neighbors=6;, score=0.863 total time=   4.6s
[CV 4/10] END ....................n_neighbors=6;, score=0.853 total time=   4.9s
[CV 5/10] END ....................n_neighbors=6;, score=0.841 total time=   4.9s
[CV 6/10] END ....................n_neighbors=6;, score=0.839 total time=   4.8s
[CV 7/10] END ....................n_neighbors=6;, score=0.798 total time=   4.9s
[CV 8/10] END ....................n_neighbors=6;, score=0.836 total time=   4.8s
[CV 9/10] END ....................n_neighbors=6;, score=0.829 total time=   4.8s
[CV 10/10] END ...................n_neighbors=6;, score=0.904 total time=   4.7s
[CV 1/10] END ....................n_neighbors=7;, score=0.714 total time=   4.8s
[CV 2/10] END ....................n_neighbors=7;, score=0.752 total time=   4.9s
[CV 3/10] END ....................n_neighbors=7;, score=0.760 total time=   4.8s
[CV 4/10] END ....................n_neighbors=7;, score=0.733 total time=   4.7s
[CV 5/10] END ....................n_neighbors=7;, score=0.721 total time=   4.7s
[CV 6/10] END ....................n_neighbors=7;, score=0.716 total time=   4.6s
[CV 7/10] END ....................n_neighbors=7;, score=0.699 total time=   4.8s
[CV 8/10] END ....................n_neighbors=7;, score=0.742 total time=   4.8s
[CV 9/10] END ....................n_neighbors=7;, score=0.699 total time=   4.7s
[CV 10/10] END ...................n_neighbors=7;, score=0.761 total time=   4.8s
[CV 1/10] END ....................n_neighbors=8;, score=0.726 total time=   4.7s
[CV 2/10] END ....................n_neighbors=8;, score=0.764 total time=   4.6s
[CV 3/10] END ....................n_neighbors=8;, score=0.774 total time=   4.5s
[CV 4/10] END ....................n_neighbors=8;, score=0.745 total time=   4.8s
[CV 5/10] END ....................n_neighbors=8;, score=0.733 total time=   4.8s
[CV 6/10] END ....................n_neighbors=8;, score=0.743 total time=   4.7s
[CV 7/10] END ....................n_neighbors=8;, score=0.708 total time=   4.9s
[CV 8/10] END ....................n_neighbors=8;, score=0.757 total time=   4.8s
[CV 9/10] END ....................n_neighbors=8;, score=0.713 total time=   4.8s
[CV 10/10] END ...................n_neighbors=8;, score=0.773 total time=   4.8s
[CV 1/10] END ....................n_neighbors=9;, score=0.649 total time=   4.7s
[CV 2/10] END ....................n_neighbors=9;, score=0.656 total time=   4.6s
[CV 3/10] END ....................n_neighbors=9;, score=0.695 total time=   4.6s
[CV 4/10] END ....................n_neighbors=9;, score=0.647 total time=   4.4s
[CV 5/10] END ....................n_neighbors=9;, score=0.649 total time=   4.6s
[CV 6/10] END ....................n_neighbors=9;, score=0.659 total time=   4.8s
[CV 7/10] END ....................n_neighbors=9;, score=0.634 total time=   4.8s
[CV 8/10] END ....................n_neighbors=9;, score=0.655 total time=   4.7s
[CV 9/10] END ....................n_neighbors=9;, score=0.629 total time=   4.7s
[CV 10/10] END ...................n_neighbors=9;, score=0.660 total time=   4.6s
[CV 1/10] END ...................n_neighbors=10;, score=0.663 total time=   4.5s
[CV 2/10] END ...................n_neighbors=10;, score=0.671 total time=   4.5s
[CV 3/10] END ...................n_neighbors=10;, score=0.707 total time=   4.6s
[CV 4/10] END ...................n_neighbors=10;, score=0.656 total time=   4.8s
[CV 5/10] END ...................n_neighbors=10;, score=0.666 total time=   4.7s
[CV 6/10] END ...................n_neighbors=10;, score=0.671 total time=   4.6s
[CV 7/10] END ...................n_neighbors=10;, score=0.643 total time=   4.6s
[CV 8/10] END ...................n_neighbors=10;, score=0.667 total time=   4.6s
[CV 9/10] END ...................n_neighbors=10;, score=0.653 total time=   4.6s
[CV 10/10] END ..................n_neighbors=10;, score=0.682 total time=   4.8s
[CV 1/10] END ...................n_neighbors=11;, score=0.618 total time=   4.9s
[CV 2/10] END ...................n_neighbors=11;, score=0.632 total time=   4.8s
[CV 3/10] END ...................n_neighbors=11;, score=0.663 total time=   4.9s
[CV 4/10] END ...................n_neighbors=11;, score=0.632 total time=   4.7s
[CV 5/10] END ...................n_neighbors=11;, score=0.630 total time=   4.8s
[CV 6/10] END ...................n_neighbors=11;, score=0.649 total time=   4.8s
[CV 7/10] END ...................n_neighbors=11;, score=0.624 total time=   5.0s
[CV 8/10] END ...................n_neighbors=11;, score=0.631 total time=   4.8s
[CV 9/10] END ...................n_neighbors=11;, score=0.614 total time=   4.8s
[CV 10/10] END ..................n_neighbors=11;, score=0.634 total time=   4.9s
[CV 1/10] END ...................n_neighbors=12;, score=0.649 total time=   4.7s
[CV 2/10] END ...................n_neighbors=12;, score=0.647 total time=   4.9s
[CV 3/10] END ...................n_neighbors=12;, score=0.678 total time=   5.0s
[CV 4/10] END ...................n_neighbors=12;, score=0.647 total time=   4.8s
[CV 5/10] END ...................n_neighbors=12;, score=0.659 total time=   4.9s
[CV 6/10] END ...................n_neighbors=12;, score=0.663 total time=   4.9s
[CV 7/10] END ...................n_neighbors=12;, score=0.643 total time=   5.0s
[CV 8/10] END ...................n_neighbors=12;, score=0.648 total time=   4.7s
[CV 9/10] END ...................n_neighbors=12;, score=0.636 total time=   4.8s
[CV 10/10] END ..................n_neighbors=12;, score=0.665 total time=   5.0s
[CV 1/10] END ...................n_neighbors=13;, score=0.635 total time=   5.0s
[CV 2/10] END ...................n_neighbors=13;, score=0.642 total time=   4.7s
[CV 3/10] END ...................n_neighbors=13;, score=0.656 total time=   4.5s
[CV 4/10] END ...................n_neighbors=13;, score=0.637 total time=   4.8s
[CV 5/10] END ...................n_neighbors=13;, score=0.644 total time=   4.9s
[CV 6/10] END ...................n_neighbors=13;, score=0.649 total time=   4.9s
[CV 7/10] END ...................n_neighbors=13;, score=0.627 total time=   4.9s
[CV 8/10] END ...................n_neighbors=13;, score=0.639 total time=   4.7s
[CV 9/10] END ...................n_neighbors=13;, score=0.624 total time=   4.5s
[CV 10/10] END ..................n_neighbors=13;, score=0.646 total time=   4.5s
[CV 1/10] END ...................n_neighbors=14;, score=0.654 total time=   4.5s
[CV 2/10] END ...................n_neighbors=14;, score=0.649 total time=   4.6s
[CV 3/10] END ...................n_neighbors=14;, score=0.675 total time=   4.5s
[CV 4/10] END ...................n_neighbors=14;, score=0.647 total time=   4.5s
[CV 5/10] END ...................n_neighbors=14;, score=0.654 total time=   4.6s
[CV 6/10] END ...................n_neighbors=14;, score=0.661 total time=   4.5s
[CV 7/10] END ...................n_neighbors=14;, score=0.655 total time=   5.0s
[CV 8/10] END ...................n_neighbors=14;, score=0.651 total time=   4.6s
[CV 9/10] END ...................n_neighbors=14;, score=0.639 total time=   5.1s
[CV 10/10] END ..................n_neighbors=14;, score=0.655 total time=   4.9s
[CV 1/10] END ...................n_neighbors=15;, score=0.644 total time=   4.5s
[CV 2/10] END ...................n_neighbors=15;, score=0.642 total time=   5.0s
[CV 3/10] END ...................n_neighbors=15;, score=0.673 total time=   4.6s
[CV 4/10] END ...................n_neighbors=15;, score=0.639 total time=   4.6s
[CV 5/10] END ...................n_neighbors=15;, score=0.642 total time=   4.5s
[CV 6/10] END ...................n_neighbors=15;, score=0.661 total time=   4.5s
[CV 7/10] END ...................n_neighbors=15;, score=0.648 total time=   4.7s
[CV 8/10] END ...................n_neighbors=15;, score=0.648 total time=   4.5s
[CV 9/10] END ...................n_neighbors=15;, score=0.631 total time=   4.8s
[CV 10/10] END ..................n_neighbors=15;, score=0.653 total time=   4.7s
[CV 1/10] END ...................n_neighbors=16;, score=0.659 total time=   4.7s
[CV 2/10] END ...................n_neighbors=16;, score=0.661 total time=   4.6s
[CV 3/10] END ...................n_neighbors=16;, score=0.683 total time=   4.6s
[CV 4/10] END ...................n_neighbors=16;, score=0.644 total time=   4.5s
[CV 5/10] END ...................n_neighbors=16;, score=0.661 total time=   4.5s
[CV 6/10] END ...................n_neighbors=16;, score=0.666 total time=   4.5s
[CV 7/10] END ...................n_neighbors=16;, score=0.655 total time=   4.5s
[CV 8/10] END ...................n_neighbors=16;, score=0.663 total time=   4.5s
[CV 9/10] END ...................n_neighbors=16;, score=0.636 total time=   4.5s
[CV 10/10] END ..................n_neighbors=16;, score=0.660 total time=   5.0s
[CV 1/10] END ...................n_neighbors=17;, score=0.644 total time=   4.7s
[CV 2/10] END ...................n_neighbors=17;, score=0.654 total time=   4.8s
[CV 3/10] END ...................n_neighbors=17;, score=0.673 total time=   4.7s
[CV 4/10] END ...................n_neighbors=17;, score=0.644 total time=   4.8s
[CV 5/10] END ...................n_neighbors=17;, score=0.659 total time=   4.7s
[CV 6/10] END ...................n_neighbors=17;, score=0.659 total time=   4.5s
[CV 7/10] END ...................n_neighbors=17;, score=0.651 total time=   4.5s
[CV 8/10] END ...................n_neighbors=17;, score=0.648 total time=   4.5s
[CV 9/10] END ...................n_neighbors=17;, score=0.631 total time=   4.5s
[CV 10/10] END ..................n_neighbors=17;, score=0.648 total time=   4.7s
[CV 1/10] END ...................n_neighbors=18;, score=0.656 total time=   4.7s
[CV 2/10] END ...................n_neighbors=18;, score=0.661 total time=   4.7s
[CV 3/10] END ...................n_neighbors=18;, score=0.697 total time=   4.7s
[CV 4/10] END ...................n_neighbors=18;, score=0.649 total time=   4.7s
[CV 5/10] END ...................n_neighbors=18;, score=0.666 total time=   4.7s
[CV 6/10] END ...................n_neighbors=18;, score=0.663 total time=   4.7s
[CV 7/10] END ...................n_neighbors=18;, score=0.663 total time=   4.8s
[CV 8/10] END ...................n_neighbors=18;, score=0.675 total time=   4.7s
[CV 9/10] END ...................n_neighbors=18;, score=0.653 total time=   4.7s
[CV 10/10] END ..................n_neighbors=18;, score=0.663 total time=   4.7s
[CV 1/10] END ...................n_neighbors=19;, score=0.656 total time=   4.7s
[CV 2/10] END ...................n_neighbors=19;, score=0.654 total time=   4.5s
[CV 3/10] END ...................n_neighbors=19;, score=0.692 total time=   4.5s
[CV 4/10] END ...................n_neighbors=19;, score=0.644 total time=   4.5s
[CV 5/10] END ...................n_neighbors=19;, score=0.661 total time=   4.5s
[CV 6/10] END ...................n_neighbors=19;, score=0.661 total time=   4.5s
[CV 7/10] END ...................n_neighbors=19;, score=0.660 total time=   4.5s
[CV 8/10] END ...................n_neighbors=19;, score=0.675 total time=   4.5s
[CV 9/10] END ...................n_neighbors=19;, score=0.648 total time=   4.5s
[CV 10/10] END ..................n_neighbors=19;, score=0.651 total time=   4.5s
[CV 1/10] END ...................n_neighbors=20;, score=0.673 total time=   4.6s
[CV 2/10] END ...................n_neighbors=20;, score=0.663 total time=   4.5s
[CV 3/10] END ...................n_neighbors=20;, score=0.697 total time=   4.6s
[CV 4/10] END ...................n_neighbors=20;, score=0.649 total time=   4.5s
[CV 5/10] END ...................n_neighbors=20;, score=0.668 total time=   4.5s
[CV 6/10] END ...................n_neighbors=20;, score=0.671 total time=   4.5s
[CV 7/10] END ...................n_neighbors=20;, score=0.670 total time=   4.5s
[CV 8/10] END ...................n_neighbors=20;, score=0.677 total time=   4.5s
[CV 9/10] END ...................n_neighbors=20;, score=0.655 total time=   4.5s
[CV 10/10] END ..................n_neighbors=20;, score=0.675 total time=   4.6s
[CV 1/10] END ...................n_neighbors=21;, score=0.671 total time=   4.5s
[CV 2/10] END ...................n_neighbors=21;, score=0.651 total time=   4.5s
[CV 3/10] END ...................n_neighbors=21;, score=0.685 total time=   4.6s
[CV 4/10] END ...................n_neighbors=21;, score=0.642 total time=   4.5s
[CV 5/10] END ...................n_neighbors=21;, score=0.663 total time=   4.5s
[CV 6/10] END ...................n_neighbors=21;, score=0.668 total time=   4.5s
[CV 7/10] END ...................n_neighbors=21;, score=0.667 total time=   4.5s
[CV 8/10] END ...................n_neighbors=21;, score=0.667 total time=   4.6s
[CV 9/10] END ...................n_neighbors=21;, score=0.648 total time=   4.5s
[CV 10/10] END ..................n_neighbors=21;, score=0.665 total time=   4.5s
[CV 1/10] END ...................n_neighbors=22;, score=0.678 total time=   4.5s
[CV 2/10] END ...................n_neighbors=22;, score=0.661 total time=   4.5s
[CV 3/10] END ...................n_neighbors=22;, score=0.692 total time=   4.5s
[CV 4/10] END ...................n_neighbors=22;, score=0.654 total time=   4.6s
[CV 5/10] END ...................n_neighbors=22;, score=0.671 total time=   4.5s
[CV 6/10] END ...................n_neighbors=22;, score=0.673 total time=   4.5s
[CV 7/10] END ...................n_neighbors=22;, score=0.670 total time=   4.9s
[CV 8/10] END ...................n_neighbors=22;, score=0.675 total time=   4.7s
[CV 9/10] END ...................n_neighbors=22;, score=0.655 total time=   4.7s
[CV 10/10] END ..................n_neighbors=22;, score=0.675 total time=   4.9s
[CV 1/10] END ...................n_neighbors=23;, score=0.671 total time=   4.9s
[CV 2/10] END ...................n_neighbors=23;, score=0.654 total time=   4.9s
[CV 3/10] END ...................n_neighbors=23;, score=0.688 total time=   4.8s
[CV 4/10] END ...................n_neighbors=23;, score=0.649 total time=   4.8s
[CV 5/10] END ...................n_neighbors=23;, score=0.663 total time=   4.8s
[CV 6/10] END ...................n_neighbors=23;, score=0.666 total time=   4.8s
[CV 7/10] END ...................n_neighbors=23;, score=0.670 total time=   4.6s
[CV 8/10] END ...................n_neighbors=23;, score=0.672 total time=   4.8s
[CV 9/10] END ...................n_neighbors=23;, score=0.651 total time=   5.0s
[CV 10/10] END ..................n_neighbors=23;, score=0.670 total time=   4.7s
[CV 1/10] END ...................n_neighbors=24;, score=0.683 total time=   4.5s
[CV 2/10] END ...................n_neighbors=24;, score=0.656 total time=   4.5s
[CV 3/10] END ...................n_neighbors=24;, score=0.700 total time=   4.5s
[CV 4/10] END ...................n_neighbors=24;, score=0.656 total time=   4.5s
[CV 5/10] END ...................n_neighbors=24;, score=0.671 total time=   4.5s
[CV 6/10] END ...................n_neighbors=24;, score=0.673 total time=   4.5s
[CV 7/10] END ...................n_neighbors=24;, score=0.680 total time=   4.5s
[CV 8/10] END ...................n_neighbors=24;, score=0.680 total time=   4.5s
[CV 9/10] END ...................n_neighbors=24;, score=0.660 total time=   4.7s
[CV 10/10] END ..................n_neighbors=24;, score=0.675 total time=   4.9s
[CV 1/10] END ...................n_neighbors=25;, score=0.673 total time=   4.7s
[CV 2/10] END ...................n_neighbors=25;, score=0.651 total time=   4.7s
[CV 3/10] END ...................n_neighbors=25;, score=0.695 total time=   4.5s
[CV 4/10] END ...................n_neighbors=25;, score=0.651 total time=   4.5s
[CV 5/10] END ...................n_neighbors=25;, score=0.671 total time=   4.6s
[CV 6/10] END ...................n_neighbors=25;, score=0.668 total time=   4.5s
[CV 7/10] END ...................n_neighbors=25;, score=0.680 total time=   4.6s
[CV 8/10] END ...................n_neighbors=25;, score=0.672 total time=   4.7s
[CV 9/10] END ...................n_neighbors=25;, score=0.653 total time=   4.9s
[CV 10/10] END ..................n_neighbors=25;, score=0.672 total time=   4.9s
[CV 1/10] END ...................n_neighbors=26;, score=0.685 total time=   4.7s
[CV 2/10] END ...................n_neighbors=26;, score=0.661 total time=   4.5s
[CV 3/10] END ...................n_neighbors=26;, score=0.700 total time=   4.5s
[CV 4/10] END ...................n_neighbors=26;, score=0.656 total time=   4.5s
[CV 5/10] END ...................n_neighbors=26;, score=0.678 total time=   4.5s
[CV 6/10] END ...................n_neighbors=26;, score=0.685 total time=   4.5s
[CV 7/10] END ...................n_neighbors=26;, score=0.692 total time=   4.6s
[CV 8/10] END ...................n_neighbors=26;, score=0.680 total time=   4.5s
[CV 9/10] END ...................n_neighbors=26;, score=0.655 total time=   4.7s
[CV 10/10] END ..................n_neighbors=26;, score=0.682 total time=   4.8s
[CV 1/10] END ...................n_neighbors=27;, score=0.683 total time=   4.8s
[CV 2/10] END ...................n_neighbors=27;, score=0.659 total time=   4.7s
[CV 3/10] END ...................n_neighbors=27;, score=0.690 total time=   4.5s
[CV 4/10] END ...................n_neighbors=27;, score=0.651 total time=   4.5s
[CV 5/10] END ...................n_neighbors=27;, score=0.675 total time=   4.5s
[CV 6/10] END ...................n_neighbors=27;, score=0.683 total time=   4.5s
[CV 7/10] END ...................n_neighbors=27;, score=0.689 total time=   4.5s
[CV 8/10] END ...................n_neighbors=27;, score=0.677 total time=   4.5s
[CV 9/10] END ...................n_neighbors=27;, score=0.653 total time=   4.5s
[CV 10/10] END ..................n_neighbors=27;, score=0.677 total time=   4.6s
[CV 1/10] END ...................n_neighbors=28;, score=0.685 total time=   4.5s
[CV 2/10] END ...................n_neighbors=28;, score=0.666 total time=   4.5s
[CV 3/10] END ...................n_neighbors=28;, score=0.697 total time=   4.5s
[CV 4/10] END ...................n_neighbors=28;, score=0.656 total time=   4.5s
[CV 5/10] END ...................n_neighbors=28;, score=0.688 total time=   4.4s
[CV 6/10] END ...................n_neighbors=28;, score=0.690 total time=   4.7s
[CV 7/10] END ...................n_neighbors=28;, score=0.692 total time=   4.8s
[CV 8/10] END ...................n_neighbors=28;, score=0.680 total time=   4.9s
[CV 9/10] END ...................n_neighbors=28;, score=0.663 total time=   5.0s
[CV 10/10] END ..................n_neighbors=28;, score=0.689 total time=   4.8s
[CV 1/10] END ...................n_neighbors=29;, score=0.683 total time=   4.8s
[CV 2/10] END ...................n_neighbors=29;, score=0.663 total time=   4.8s
[CV 3/10] END ...................n_neighbors=29;, score=0.695 total time=   4.8s
[CV 4/10] END ...................n_neighbors=29;, score=0.656 total time=   4.8s
[CV 5/10] END ...................n_neighbors=29;, score=0.685 total time=   4.7s
[CV 6/10] END ...................n_neighbors=29;, score=0.690 total time=   4.7s
[CV 7/10] END ...................n_neighbors=29;, score=0.692 total time=   5.3s
[CV 8/10] END ...................n_neighbors=29;, score=0.680 total time=   4.9s
[CV 9/10] END ...................n_neighbors=29;, score=0.660 total time=   4.8s
[CV 10/10] END ..................n_neighbors=29;, score=0.680 total time=   4.7s
[CV 1/10] END ...................n_neighbors=30;, score=0.692 total time=   4.6s
[CV 2/10] END ...................n_neighbors=30;, score=0.671 total time=   4.6s
[CV 3/10] END ...................n_neighbors=30;, score=0.707 total time=   4.6s
[CV 4/10] END ...................n_neighbors=30;, score=0.663 total time=   4.7s
[CV 5/10] END ...................n_neighbors=30;, score=0.690 total time=   4.6s
[CV 6/10] END ...................n_neighbors=30;, score=0.692 total time=   4.8s
[CV 7/10] END ...................n_neighbors=30;, score=0.696 total time=   4.9s
[CV 8/10] END ...................n_neighbors=30;, score=0.682 total time=   4.9s
[CV 9/10] END ...................n_neighbors=30;, score=0.665 total time=   5.3s
[CV 10/10] END ..................n_neighbors=30;, score=0.687 total time=   4.7s
0.9800359128822984
{'n_neighbors': 1}
