Dataset: PCA: 
['Human', 'Animal']
Fitting 10 folds for each of 30 candidates, totalling 300 fits
[CV 1/10] END ....................n_neighbors=1;, score=0.976 total time=   0.1s
[CV 2/10] END ....................n_neighbors=1;, score=0.976 total time=   0.0s
[CV 3/10] END ....................n_neighbors=1;, score=0.976 total time=   0.0s
[CV 4/10] END ....................n_neighbors=1;, score=0.988 total time=   0.0s
[CV 5/10] END ....................n_neighbors=1;, score=0.983 total time=   0.1s
[CV 6/10] END ....................n_neighbors=1;, score=0.983 total time=   0.0s
[CV 7/10] END ....................n_neighbors=1;, score=0.983 total time=   0.0s
[CV 8/10] END ....................n_neighbors=1;, score=0.986 total time=   0.0s
[CV 9/10] END ....................n_neighbors=1;, score=0.961 total time=   0.0s
[CV 10/10] END ...................n_neighbors=1;, score=0.983 total time=   0.1s
[CV 1/10] END ....................n_neighbors=2;, score=0.974 total time=   0.0s
[CV 2/10] END ....................n_neighbors=2;, score=0.971 total time=   0.1s
[CV 3/10] END ....................n_neighbors=2;, score=0.978 total time=   0.1s
[CV 4/10] END ....................n_neighbors=2;, score=0.978 total time=   0.0s
[CV 5/10] END ....................n_neighbors=2;, score=0.983 total time=   0.0s
[CV 6/10] END ....................n_neighbors=2;, score=0.986 total time=   0.0s
[CV 7/10] END ....................n_neighbors=2;, score=0.983 total time=   0.0s
[CV 8/10] END ....................n_neighbors=2;, score=0.983 total time=   0.0s
[CV 9/10] END ....................n_neighbors=2;, score=0.961 total time=   0.0s
[CV 10/10] END ...................n_neighbors=2;, score=0.983 total time=   0.0s
[CV 1/10] END ....................n_neighbors=3;, score=0.935 total time=   0.1s
[CV 2/10] END ....................n_neighbors=3;, score=0.933 total time=   0.0s
[CV 3/10] END ....................n_neighbors=3;, score=0.933 total time=   0.0s
[CV 4/10] END ....................n_neighbors=3;, score=0.947 total time=   0.0s
[CV 5/10] END ....................n_neighbors=3;, score=0.921 total time=   0.0s
[CV 6/10] END ....................n_neighbors=3;, score=0.947 total time=   0.0s
[CV 7/10] END ....................n_neighbors=3;, score=0.930 total time=   0.1s
[CV 8/10] END ....................n_neighbors=3;, score=0.937 total time=   0.0s
[CV 9/10] END ....................n_neighbors=3;, score=0.925 total time=   0.1s
[CV 10/10] END ...................n_neighbors=3;, score=0.928 total time=   0.1s
[CV 1/10] END ....................n_neighbors=4;, score=0.947 total time=   0.0s
[CV 2/10] END ....................n_neighbors=4;, score=0.930 total time=   0.0s
[CV 3/10] END ....................n_neighbors=4;, score=0.938 total time=   0.0s
[CV 4/10] END ....................n_neighbors=4;, score=0.954 total time=   0.0s
[CV 5/10] END ....................n_neighbors=4;, score=0.921 total time=   0.1s
[CV 6/10] END ....................n_neighbors=4;, score=0.952 total time=   0.0s
[CV 7/10] END ....................n_neighbors=4;, score=0.930 total time=   0.0s
[CV 8/10] END ....................n_neighbors=4;, score=0.937 total time=   0.0s
[CV 9/10] END ....................n_neighbors=4;, score=0.930 total time=   0.0s
[CV 10/10] END ...................n_neighbors=4;, score=0.930 total time=   0.0s
[CV 1/10] END ....................n_neighbors=5;, score=0.873 total time=   0.1s
[CV 2/10] END ....................n_neighbors=5;, score=0.841 total time=   0.0s
[CV 3/10] END ....................n_neighbors=5;, score=0.856 total time=   0.0s
[CV 4/10] END ....................n_neighbors=5;, score=0.844 total time=   0.0s
[CV 5/10] END ....................n_neighbors=5;, score=0.841 total time=   0.0s
[CV 6/10] END ....................n_neighbors=5;, score=0.861 total time=   0.0s
[CV 7/10] END ....................n_neighbors=5;, score=0.827 total time=   0.0s
[CV 8/10] END ....................n_neighbors=5;, score=0.848 total time=   0.1s
[CV 9/10] END ....................n_neighbors=5;, score=0.858 total time=   0.1s
[CV 10/10] END ...................n_neighbors=5;, score=0.853 total time=   0.0s
[CV 1/10] END ....................n_neighbors=6;, score=0.877 total time=   0.0s
[CV 2/10] END ....................n_neighbors=6;, score=0.841 total time=   0.0s
[CV 3/10] END ....................n_neighbors=6;, score=0.861 total time=   0.0s
[CV 4/10] END ....................n_neighbors=6;, score=0.846 total time=   0.1s
[CV 5/10] END ....................n_neighbors=6;, score=0.851 total time=   0.0s
[CV 6/10] END ....................n_neighbors=6;, score=0.861 total time=   0.1s
[CV 7/10] END ....................n_neighbors=6;, score=0.829 total time=   0.0s
[CV 8/10] END ....................n_neighbors=6;, score=0.855 total time=   0.0s
[CV 9/10] END ....................n_neighbors=6;, score=0.865 total time=   0.0s
[CV 10/10] END ...................n_neighbors=6;, score=0.860 total time=   0.0s
[CV 1/10] END ....................n_neighbors=7;, score=0.728 total time=   0.0s
[CV 2/10] END ....................n_neighbors=7;, score=0.736 total time=   0.0s
[CV 3/10] END ....................n_neighbors=7;, score=0.736 total time=   0.0s
[CV 4/10] END ....................n_neighbors=7;, score=0.738 total time=   0.0s
[CV 5/10] END ....................n_neighbors=7;, score=0.719 total time=   0.0s
[CV 6/10] END ....................n_neighbors=7;, score=0.762 total time=   0.0s
[CV 7/10] END ....................n_neighbors=7;, score=0.745 total time=   0.0s
[CV 8/10] END ....................n_neighbors=7;, score=0.728 total time=   0.1s
[CV 9/10] END ....................n_neighbors=7;, score=0.766 total time=   0.0s
[CV 10/10] END ...................n_neighbors=7;, score=0.728 total time=   0.1s
[CV 1/10] END ....................n_neighbors=8;, score=0.736 total time=   0.1s
[CV 2/10] END ....................n_neighbors=8;, score=0.745 total time=   0.0s
[CV 3/10] END ....................n_neighbors=8;, score=0.752 total time=   0.0s
[CV 4/10] END ....................n_neighbors=8;, score=0.745 total time=   0.0s
[CV 5/10] END ....................n_neighbors=8;, score=0.724 total time=   0.0s
[CV 6/10] END ....................n_neighbors=8;, score=0.769 total time=   0.0s
[CV 7/10] END ....................n_neighbors=8;, score=0.752 total time=   0.0s
[CV 8/10] END ....................n_neighbors=8;, score=0.754 total time=   0.0s
[CV 9/10] END ....................n_neighbors=8;, score=0.783 total time=   0.0s
[CV 10/10] END ...................n_neighbors=8;, score=0.740 total time=   0.1s
[CV 1/10] END ....................n_neighbors=9;, score=0.637 total time=   0.0s
[CV 2/10] END ....................n_neighbors=9;, score=0.666 total time=   0.0s
[CV 3/10] END ....................n_neighbors=9;, score=0.642 total time=   0.1s
[CV 4/10] END ....................n_neighbors=9;, score=0.647 total time=   0.0s
[CV 5/10] END ....................n_neighbors=9;, score=0.647 total time=   0.1s
[CV 6/10] END ....................n_neighbors=9;, score=0.659 total time=   0.1s
[CV 7/10] END ....................n_neighbors=9;, score=0.627 total time=   0.0s
[CV 8/10] END ....................n_neighbors=9;, score=0.670 total time=   0.1s
[CV 9/10] END ....................n_neighbors=9;, score=0.692 total time=   0.1s
[CV 10/10] END ...................n_neighbors=9;, score=0.639 total time=   0.1s
[CV 1/10] END ...................n_neighbors=10;, score=0.649 total time=   0.1s
[CV 2/10] END ...................n_neighbors=10;, score=0.680 total time=   0.1s
[CV 3/10] END ...................n_neighbors=10;, score=0.654 total time=   0.1s
[CV 4/10] END ...................n_neighbors=10;, score=0.659 total time=   0.0s
[CV 5/10] END ...................n_neighbors=10;, score=0.668 total time=   0.1s
[CV 6/10] END ...................n_neighbors=10;, score=0.675 total time=   0.1s
[CV 7/10] END ...................n_neighbors=10;, score=0.643 total time=   0.1s
[CV 8/10] END ...................n_neighbors=10;, score=0.675 total time=   0.1s
[CV 9/10] END ...................n_neighbors=10;, score=0.706 total time=   0.0s
[CV 10/10] END ..................n_neighbors=10;, score=0.653 total time=   0.1s
[CV 1/10] END ...................n_neighbors=11;, score=0.618 total time=   0.1s
[CV 2/10] END ...................n_neighbors=11;, score=0.649 total time=   0.1s
[CV 3/10] END ...................n_neighbors=11;, score=0.611 total time=   0.1s
[CV 4/10] END ...................n_neighbors=11;, score=0.625 total time=   0.1s
[CV 5/10] END ...................n_neighbors=11;, score=0.623 total time=   0.1s
[CV 6/10] END ...................n_neighbors=11;, score=0.647 total time=   0.1s
[CV 7/10] END ...................n_neighbors=11;, score=0.607 total time=   0.1s
[CV 8/10] END ...................n_neighbors=11;, score=0.636 total time=   0.1s
[CV 9/10] END ...................n_neighbors=11;, score=0.672 total time=   0.0s
[CV 10/10] END ..................n_neighbors=11;, score=0.617 total time=   0.1s
[CV 1/10] END ...................n_neighbors=12;, score=0.632 total time=   0.1s
[CV 2/10] END ...................n_neighbors=12;, score=0.666 total time=   0.1s
[CV 3/10] END ...................n_neighbors=12;, score=0.618 total time=   0.1s
[CV 4/10] END ...................n_neighbors=12;, score=0.635 total time=   0.1s
[CV 5/10] END ...................n_neighbors=12;, score=0.647 total time=   0.1s
[CV 6/10] END ...................n_neighbors=12;, score=0.649 total time=   0.1s
[CV 7/10] END ...................n_neighbors=12;, score=0.627 total time=   0.0s
[CV 8/10] END ...................n_neighbors=12;, score=0.653 total time=   0.1s
[CV 9/10] END ...................n_neighbors=12;, score=0.680 total time=   0.1s
[CV 10/10] END ..................n_neighbors=12;, score=0.624 total time=   0.1s
[CV 1/10] END ...................n_neighbors=13;, score=0.630 total time=   0.1s
[CV 2/10] END ...................n_neighbors=13;, score=0.656 total time=   0.1s
[CV 3/10] END ...................n_neighbors=13;, score=0.606 total time=   0.1s
[CV 4/10] END ...................n_neighbors=13;, score=0.627 total time=   0.1s
[CV 5/10] END ...................n_neighbors=13;, score=0.637 total time=   0.1s
[CV 6/10] END ...................n_neighbors=13;, score=0.637 total time=   0.1s
[CV 7/10] END ...................n_neighbors=13;, score=0.619 total time=   0.0s
[CV 8/10] END ...................n_neighbors=13;, score=0.648 total time=   0.1s
[CV 9/10] END ...................n_neighbors=13;, score=0.665 total time=   0.1s
[CV 10/10] END ..................n_neighbors=13;, score=0.619 total time=   0.0s
[CV 1/10] END ...................n_neighbors=14;, score=0.647 total time=   0.1s
[CV 2/10] END ...................n_neighbors=14;, score=0.671 total time=   0.0s
[CV 3/10] END ...................n_neighbors=14;, score=0.620 total time=   0.1s
[CV 4/10] END ...................n_neighbors=14;, score=0.639 total time=   0.1s
[CV 5/10] END ...................n_neighbors=14;, score=0.651 total time=   0.0s
[CV 6/10] END ...................n_neighbors=14;, score=0.656 total time=   0.1s
[CV 7/10] END ...................n_neighbors=14;, score=0.627 total time=   0.0s
[CV 8/10] END ...................n_neighbors=14;, score=0.658 total time=   0.1s
[CV 9/10] END ...................n_neighbors=14;, score=0.680 total time=   0.1s
[CV 10/10] END ..................n_neighbors=14;, score=0.634 total time=   0.1s
[CV 1/10] END ...................n_neighbors=15;, score=0.642 total time=   0.1s
[CV 2/10] END ...................n_neighbors=15;, score=0.661 total time=   0.1s
[CV 3/10] END ...................n_neighbors=15;, score=0.611 total time=   0.1s
[CV 4/10] END ...................n_neighbors=15;, score=0.630 total time=   0.1s
[CV 5/10] END ...................n_neighbors=15;, score=0.647 total time=   0.1s
[CV 6/10] END ...................n_neighbors=15;, score=0.651 total time=   0.0s
[CV 7/10] END ...................n_neighbors=15;, score=0.622 total time=   0.1s
[CV 8/10] END ...................n_neighbors=15;, score=0.653 total time=   0.1s
[CV 9/10] END ...................n_neighbors=15;, score=0.675 total time=   0.1s
[CV 10/10] END ..................n_neighbors=15;, score=0.624 total time=   0.1s
[CV 1/10] END ...................n_neighbors=16;, score=0.651 total time=   0.1s
[CV 2/10] END ...................n_neighbors=16;, score=0.668 total time=   0.1s
[CV 3/10] END ...................n_neighbors=16;, score=0.627 total time=   0.1s
[CV 4/10] END ...................n_neighbors=16;, score=0.639 total time=   0.1s
[CV 5/10] END ...................n_neighbors=16;, score=0.651 total time=   0.1s
[CV 6/10] END ...................n_neighbors=16;, score=0.663 total time=   0.1s
[CV 7/10] END ...................n_neighbors=16;, score=0.629 total time=   0.1s
[CV 8/10] END ...................n_neighbors=16;, score=0.658 total time=   0.1s
[CV 9/10] END ...................n_neighbors=16;, score=0.680 total time=   0.1s
[CV 10/10] END ..................n_neighbors=16;, score=0.636 total time=   0.1s
[CV 1/10] END ...................n_neighbors=17;, score=0.639 total time=   0.1s
[CV 2/10] END ...................n_neighbors=17;, score=0.659 total time=   0.1s
[CV 3/10] END ...................n_neighbors=17;, score=0.618 total time=   0.1s
[CV 4/10] END ...................n_neighbors=17;, score=0.625 total time=   0.1s
[CV 5/10] END ...................n_neighbors=17;, score=0.644 total time=   0.1s
[CV 6/10] END ...................n_neighbors=17;, score=0.654 total time=   0.1s
[CV 7/10] END ...................n_neighbors=17;, score=0.617 total time=   0.1s
[CV 8/10] END ...................n_neighbors=17;, score=0.655 total time=   0.1s
[CV 9/10] END ...................n_neighbors=17;, score=0.680 total time=   0.0s
[CV 10/10] END ..................n_neighbors=17;, score=0.631 total time=   0.1s
[CV 1/10] END ...................n_neighbors=18;, score=0.659 total time=   0.1s
[CV 2/10] END ...................n_neighbors=18;, score=0.671 total time=   0.1s
[CV 3/10] END ...................n_neighbors=18;, score=0.632 total time=   0.1s
[CV 4/10] END ...................n_neighbors=18;, score=0.642 total time=   0.1s
[CV 5/10] END ...................n_neighbors=18;, score=0.654 total time=   0.1s
[CV 6/10] END ...................n_neighbors=18;, score=0.661 total time=   0.1s
[CV 7/10] END ...................n_neighbors=18;, score=0.629 total time=   0.1s
[CV 8/10] END ...................n_neighbors=18;, score=0.667 total time=   0.1s
[CV 9/10] END ...................n_neighbors=18;, score=0.694 total time=   0.1s
[CV 10/10] END ..................n_neighbors=18;, score=0.646 total time=   0.1s
[CV 1/10] END ...................n_neighbors=19;, score=0.654 total time=   0.1s
[CV 2/10] END ...................n_neighbors=19;, score=0.661 total time=   0.1s
[CV 3/10] END ...................n_neighbors=19;, score=0.627 total time=   0.1s
[CV 4/10] END ...................n_neighbors=19;, score=0.632 total time=   0.1s
[CV 5/10] END ...................n_neighbors=19;, score=0.651 total time=   0.0s
[CV 6/10] END ...................n_neighbors=19;, score=0.651 total time=   0.1s
[CV 7/10] END ...................n_neighbors=19;, score=0.624 total time=   0.1s
[CV 8/10] END ...................n_neighbors=19;, score=0.651 total time=   0.1s
[CV 9/10] END ...................n_neighbors=19;, score=0.687 total time=   0.1s
[CV 10/10] END ..................n_neighbors=19;, score=0.634 total time=   0.1s
[CV 1/10] END ...................n_neighbors=20;, score=0.661 total time=   0.1s
[CV 2/10] END ...................n_neighbors=20;, score=0.678 total time=   0.1s
[CV 3/10] END ...................n_neighbors=20;, score=0.637 total time=   0.0s
[CV 4/10] END ...................n_neighbors=20;, score=0.649 total time=   0.1s
[CV 5/10] END ...................n_neighbors=20;, score=0.671 total time=   0.1s
[CV 6/10] END ...................n_neighbors=20;, score=0.663 total time=   0.1s
[CV 7/10] END ...................n_neighbors=20;, score=0.641 total time=   0.1s
[CV 8/10] END ...................n_neighbors=20;, score=0.665 total time=   0.1s
[CV 9/10] END ...................n_neighbors=20;, score=0.699 total time=   0.1s
[CV 10/10] END ..................n_neighbors=20;, score=0.655 total time=   0.1s
[CV 1/10] END ...................n_neighbors=21;, score=0.656 total time=   0.1s
[CV 2/10] END ...................n_neighbors=21;, score=0.666 total time=   0.1s
[CV 3/10] END ...................n_neighbors=21;, score=0.632 total time=   0.1s
[CV 4/10] END ...................n_neighbors=21;, score=0.642 total time=   0.1s
[CV 5/10] END ...................n_neighbors=21;, score=0.663 total time=   0.1s
[CV 6/10] END ...................n_neighbors=21;, score=0.651 total time=   0.1s
[CV 7/10] END ...................n_neighbors=21;, score=0.629 total time=   0.1s
[CV 8/10] END ...................n_neighbors=21;, score=0.658 total time=   0.1s
[CV 9/10] END ...................n_neighbors=21;, score=0.694 total time=   0.1s
[CV 10/10] END ..................n_neighbors=21;, score=0.646 total time=   0.1s
[CV 1/10] END ...................n_neighbors=22;, score=0.663 total time=   0.1s
[CV 2/10] END ...................n_neighbors=22;, score=0.680 total time=   0.1s
[CV 3/10] END ...................n_neighbors=22;, score=0.637 total time=   0.1s
[CV 4/10] END ...................n_neighbors=22;, score=0.651 total time=   0.1s
[CV 5/10] END ...................n_neighbors=22;, score=0.673 total time=   0.1s
[CV 6/10] END ...................n_neighbors=22;, score=0.661 total time=   0.1s
[CV 7/10] END ...................n_neighbors=22;, score=0.646 total time=   0.1s
[CV 8/10] END ...................n_neighbors=22;, score=0.672 total time=   0.1s
[CV 9/10] END ...................n_neighbors=22;, score=0.701 total time=   0.1s
[CV 10/10] END ..................n_neighbors=22;, score=0.663 total time=   0.1s
[CV 1/10] END ...................n_neighbors=23;, score=0.656 total time=   0.1s
[CV 2/10] END ...................n_neighbors=23;, score=0.671 total time=   0.1s
[CV 3/10] END ...................n_neighbors=23;, score=0.630 total time=   0.1s
[CV 4/10] END ...................n_neighbors=23;, score=0.647 total time=   0.0s
[CV 5/10] END ...................n_neighbors=23;, score=0.666 total time=   0.1s
[CV 6/10] END ...................n_neighbors=23;, score=0.654 total time=   0.0s
[CV 7/10] END ...................n_neighbors=23;, score=0.641 total time=   0.1s
[CV 8/10] END ...................n_neighbors=23;, score=0.667 total time=   0.1s
[CV 9/10] END ...................n_neighbors=23;, score=0.692 total time=   0.1s
[CV 10/10] END ..................n_neighbors=23;, score=0.653 total time=   0.0s
[CV 1/10] END ...................n_neighbors=24;, score=0.668 total time=   0.1s
[CV 2/10] END ...................n_neighbors=24;, score=0.680 total time=   0.1s
[CV 3/10] END ...................n_neighbors=24;, score=0.639 total time=   0.0s
[CV 4/10] END ...................n_neighbors=24;, score=0.668 total time=   0.1s
[CV 5/10] END ...................n_neighbors=24;, score=0.685 total time=   0.1s
[CV 6/10] END ...................n_neighbors=24;, score=0.659 total time=   0.1s
[CV 7/10] END ...................n_neighbors=24;, score=0.643 total time=   0.1s
[CV 8/10] END ...................n_neighbors=24;, score=0.675 total time=   0.1s
[CV 9/10] END ...................n_neighbors=24;, score=0.704 total time=   0.1s
[CV 10/10] END ..................n_neighbors=24;, score=0.660 total time=   0.1s
[CV 1/10] END ...................n_neighbors=25;, score=0.661 total time=   0.1s
[CV 2/10] END ...................n_neighbors=25;, score=0.675 total time=   0.1s
[CV 3/10] END ...................n_neighbors=25;, score=0.630 total time=   0.1s
[CV 4/10] END ...................n_neighbors=25;, score=0.666 total time=   0.1s
[CV 5/10] END ...................n_neighbors=25;, score=0.680 total time=   0.1s
[CV 6/10] END ...................n_neighbors=25;, score=0.659 total time=   0.1s
[CV 7/10] END ...................n_neighbors=25;, score=0.641 total time=   0.1s
[CV 8/10] END ...................n_neighbors=25;, score=0.675 total time=   0.1s
[CV 9/10] END ...................n_neighbors=25;, score=0.701 total time=   0.1s
[CV 10/10] END ..................n_neighbors=25;, score=0.655 total time=   0.1s
[CV 1/10] END ...................n_neighbors=26;, score=0.668 total time=   0.1s
[CV 2/10] END ...................n_neighbors=26;, score=0.685 total time=   0.1s
[CV 3/10] END ...................n_neighbors=26;, score=0.647 total time=   0.1s
[CV 4/10] END ...................n_neighbors=26;, score=0.673 total time=   0.1s
[CV 5/10] END ...................n_neighbors=26;, score=0.685 total time=   0.1s
[CV 6/10] END ...................n_neighbors=26;, score=0.663 total time=   0.1s
[CV 7/10] END ...................n_neighbors=26;, score=0.648 total time=   0.1s
[CV 8/10] END ...................n_neighbors=26;, score=0.682 total time=   0.1s
[CV 9/10] END ...................n_neighbors=26;, score=0.706 total time=   0.1s
[CV 10/10] END ..................n_neighbors=26;, score=0.667 total time=   0.1s
[CV 1/10] END ...................n_neighbors=27;, score=0.666 total time=   0.1s
[CV 2/10] END ...................n_neighbors=27;, score=0.678 total time=   0.1s
[CV 3/10] END ...................n_neighbors=27;, score=0.642 total time=   0.1s
[CV 4/10] END ...................n_neighbors=27;, score=0.673 total time=   0.1s
[CV 5/10] END ...................n_neighbors=27;, score=0.685 total time=   0.1s
[CV 6/10] END ...................n_neighbors=27;, score=0.659 total time=   0.1s
[CV 7/10] END ...................n_neighbors=27;, score=0.643 total time=   0.1s
[CV 8/10] END ...................n_neighbors=27;, score=0.670 total time=   0.1s
[CV 9/10] END ...................n_neighbors=27;, score=0.704 total time=   0.1s
[CV 10/10] END ..................n_neighbors=27;, score=0.660 total time=   0.1s
[CV 1/10] END ...................n_neighbors=28;, score=0.673 total time=   0.1s
[CV 2/10] END ...................n_neighbors=28;, score=0.683 total time=   0.0s
[CV 3/10] END ...................n_neighbors=28;, score=0.647 total time=   0.1s
[CV 4/10] END ...................n_neighbors=28;, score=0.678 total time=   0.1s
[CV 5/10] END ...................n_neighbors=28;, score=0.685 total time=   0.1s
[CV 6/10] END ...................n_neighbors=28;, score=0.673 total time=   0.0s
[CV 7/10] END ...................n_neighbors=28;, score=0.651 total time=   0.1s
[CV 8/10] END ...................n_neighbors=28;, score=0.687 total time=   0.1s
[CV 9/10] END ...................n_neighbors=28;, score=0.704 total time=   0.1s
[CV 10/10] END ..................n_neighbors=28;, score=0.675 total time=   0.1s
[CV 1/10] END ...................n_neighbors=29;, score=0.666 total time=   0.1s
[CV 2/10] END ...................n_neighbors=29;, score=0.680 total time=   0.1s
[CV 3/10] END ...................n_neighbors=29;, score=0.644 total time=   0.1s
[CV 4/10] END ...................n_neighbors=29;, score=0.678 total time=   0.0s
[CV 5/10] END ...................n_neighbors=29;, score=0.685 total time=   0.1s
[CV 6/10] END ...................n_neighbors=29;, score=0.671 total time=   0.1s
[CV 7/10] END ...................n_neighbors=29;, score=0.643 total time=   0.1s
[CV 8/10] END ...................n_neighbors=29;, score=0.675 total time=   0.1s
[CV 9/10] END ...................n_neighbors=29;, score=0.699 total time=   0.1s
[CV 10/10] END ..................n_neighbors=29;, score=0.665 total time=   0.0s
[CV 1/10] END ...................n_neighbors=30;, score=0.675 total time=   0.1s
[CV 2/10] END ...................n_neighbors=30;, score=0.692 total time=   0.1s
[CV 3/10] END ...................n_neighbors=30;, score=0.647 total time=   0.1s
[CV 4/10] END ...................n_neighbors=30;, score=0.683 total time=   0.1s
[CV 5/10] END ...................n_neighbors=30;, score=0.685 total time=   0.1s
[CV 6/10] END ...................n_neighbors=30;, score=0.678 total time=   0.1s
[CV 7/10] END ...................n_neighbors=30;, score=0.653 total time=   0.1s
[CV 8/10] END ...................n_neighbors=30;, score=0.684 total time=   0.1s
[CV 9/10] END ...................n_neighbors=30;, score=0.706 total time=   0.1s
[CV 10/10] END ..................n_neighbors=30;, score=0.672 total time=   0.1s
0.9795464550509732
{'n_neighbors': 1}
