Dataset: 
['Human', 'Horse', 'Dog', 'Cow']
Fitting 10 folds for each of 30 candidates, totalling 300 fits
[CV 1/10] END ....................n_neighbors=1;, score=0.933 total time=   5.1s
[CV 2/10] END ....................n_neighbors=1;, score=0.947 total time=   4.7s
[CV 3/10] END ....................n_neighbors=1;, score=0.952 total time=   4.4s
[CV 4/10] END ....................n_neighbors=1;, score=0.933 total time=   4.3s
[CV 5/10] END ....................n_neighbors=1;, score=0.940 total time=   4.3s
[CV 6/10] END ....................n_neighbors=1;, score=0.940 total time=   4.3s
[CV 7/10] END ....................n_neighbors=1;, score=0.964 total time=   4.3s
[CV 8/10] END ....................n_neighbors=1;, score=0.945 total time=   4.3s
[CV 9/10] END ....................n_neighbors=1;, score=0.945 total time=   4.4s
[CV 10/10] END ...................n_neighbors=1;, score=0.942 total time=   4.4s
[CV 1/10] END ....................n_neighbors=2;, score=0.909 total time=   4.4s
[CV 2/10] END ....................n_neighbors=2;, score=0.911 total time=   4.3s
[CV 3/10] END ....................n_neighbors=2;, score=0.933 total time=   5.0s
[CV 4/10] END ....................n_neighbors=2;, score=0.906 total time=   4.6s
[CV 5/10] END ....................n_neighbors=2;, score=0.923 total time=   4.8s
[CV 6/10] END ....................n_neighbors=2;, score=0.916 total time=   4.8s
[CV 7/10] END ....................n_neighbors=2;, score=0.925 total time=   4.6s
[CV 8/10] END ....................n_neighbors=2;, score=0.913 total time=   4.4s
[CV 9/10] END ....................n_neighbors=2;, score=0.911 total time=   4.4s
[CV 10/10] END ...................n_neighbors=2;, score=0.904 total time=   4.3s
[CV 1/10] END ....................n_neighbors=3;, score=0.875 total time=   4.4s
[CV 2/10] END ....................n_neighbors=3;, score=0.868 total time=   4.5s
[CV 3/10] END ....................n_neighbors=3;, score=0.889 total time=   4.6s
[CV 4/10] END ....................n_neighbors=3;, score=0.885 total time=   4.4s
[CV 5/10] END ....................n_neighbors=3;, score=0.901 total time=   4.4s
[CV 6/10] END ....................n_neighbors=3;, score=0.899 total time=   4.4s
[CV 7/10] END ....................n_neighbors=3;, score=0.884 total time=   4.4s
[CV 8/10] END ....................n_neighbors=3;, score=0.875 total time=   4.5s
[CV 9/10] END ....................n_neighbors=3;, score=0.865 total time=   4.5s
[CV 10/10] END ...................n_neighbors=3;, score=0.884 total time=   4.4s
[CV 1/10] END ....................n_neighbors=4;, score=0.839 total time=   4.4s
[CV 2/10] END ....................n_neighbors=4;, score=0.858 total time=   4.3s
[CV 3/10] END ....................n_neighbors=4;, score=0.868 total time=   4.3s
[CV 4/10] END ....................n_neighbors=4;, score=0.875 total time=   4.4s
[CV 5/10] END ....................n_neighbors=4;, score=0.880 total time=   4.3s
[CV 6/10] END ....................n_neighbors=4;, score=0.870 total time=   4.3s
[CV 7/10] END ....................n_neighbors=4;, score=0.860 total time=   4.4s
[CV 8/10] END ....................n_neighbors=4;, score=0.860 total time=   4.4s
[CV 9/10] END ....................n_neighbors=4;, score=0.843 total time=   4.4s
[CV 10/10] END ...................n_neighbors=4;, score=0.889 total time=   4.4s
[CV 1/10] END ....................n_neighbors=5;, score=0.772 total time=   4.4s
[CV 2/10] END ....................n_neighbors=5;, score=0.796 total time=   4.3s
[CV 3/10] END ....................n_neighbors=5;, score=0.762 total time=   4.3s
[CV 4/10] END ....................n_neighbors=5;, score=0.810 total time=   4.6s
[CV 5/10] END ....................n_neighbors=5;, score=0.774 total time=   5.0s
[CV 6/10] END ....................n_neighbors=5;, score=0.784 total time=   4.6s
[CV 7/10] END ....................n_neighbors=5;, score=0.798 total time=   4.6s
[CV 8/10] END ....................n_neighbors=5;, score=0.793 total time=   4.6s
[CV 9/10] END ....................n_neighbors=5;, score=0.783 total time=   4.7s
[CV 10/10] END ...................n_neighbors=5;, score=0.814 total time=   4.8s
[CV 1/10] END ....................n_neighbors=6;, score=0.748 total time=   4.6s
[CV 2/10] END ....................n_neighbors=6;, score=0.774 total time=   4.7s
[CV 3/10] END ....................n_neighbors=6;, score=0.733 total time=   4.6s
[CV 4/10] END ....................n_neighbors=6;, score=0.808 total time=   4.6s
[CV 5/10] END ....................n_neighbors=6;, score=0.740 total time=   4.5s
[CV 6/10] END ....................n_neighbors=6;, score=0.776 total time=   4.8s
[CV 7/10] END ....................n_neighbors=6;, score=0.771 total time=   4.6s
[CV 8/10] END ....................n_neighbors=6;, score=0.771 total time=   4.5s
[CV 9/10] END ....................n_neighbors=6;, score=0.747 total time=   4.6s
[CV 10/10] END ...................n_neighbors=6;, score=0.783 total time=   4.4s
[CV 1/10] END ....................n_neighbors=7;, score=0.671 total time=   4.4s
[CV 2/10] END ....................n_neighbors=7;, score=0.666 total time=   4.5s
[CV 3/10] END ....................n_neighbors=7;, score=0.637 total time=   4.6s
[CV 4/10] END ....................n_neighbors=7;, score=0.675 total time=   4.7s
[CV 5/10] END ....................n_neighbors=7;, score=0.659 total time=   4.6s
[CV 6/10] END ....................n_neighbors=7;, score=0.688 total time=   4.6s
[CV 7/10] END ....................n_neighbors=7;, score=0.658 total time=   4.6s
[CV 8/10] END ....................n_neighbors=7;, score=0.660 total time=   4.6s
[CV 9/10] END ....................n_neighbors=7;, score=0.636 total time=   4.7s
[CV 10/10] END ...................n_neighbors=7;, score=0.687 total time=   4.6s
[CV 1/10] END ....................n_neighbors=8;, score=0.659 total time=   4.4s
[CV 2/10] END ....................n_neighbors=8;, score=0.627 total time=   4.4s
[CV 3/10] END ....................n_neighbors=8;, score=0.637 total time=   4.5s
[CV 4/10] END ....................n_neighbors=8;, score=0.661 total time=   4.6s
[CV 5/10] END ....................n_neighbors=8;, score=0.630 total time=   4.6s
[CV 6/10] END ....................n_neighbors=8;, score=0.654 total time=   4.5s
[CV 7/10] END ....................n_neighbors=8;, score=0.643 total time=   4.7s
[CV 8/10] END ....................n_neighbors=8;, score=0.643 total time=   4.6s
[CV 9/10] END ....................n_neighbors=8;, score=0.636 total time=   4.6s
[CV 10/10] END ...................n_neighbors=8;, score=0.663 total time=   4.6s
[CV 1/10] END ....................n_neighbors=9;, score=0.584 total time=   4.6s
[CV 2/10] END ....................n_neighbors=9;, score=0.567 total time=   4.5s
[CV 3/10] END ....................n_neighbors=9;, score=0.565 total time=   4.4s
[CV 4/10] END ....................n_neighbors=9;, score=0.587 total time=   4.4s
[CV 5/10] END ....................n_neighbors=9;, score=0.575 total time=   4.3s
[CV 6/10] END ....................n_neighbors=9;, score=0.603 total time=   4.4s
[CV 7/10] END ....................n_neighbors=9;, score=0.566 total time=   4.4s
[CV 8/10] END ....................n_neighbors=9;, score=0.590 total time=   4.4s
[CV 9/10] END ....................n_neighbors=9;, score=0.573 total time=   4.4s
[CV 10/10] END ...................n_neighbors=9;, score=0.581 total time=   4.5s
[CV 1/10] END ...................n_neighbors=10;, score=0.560 total time=   4.7s
[CV 2/10] END ...................n_neighbors=10;, score=0.560 total time=   4.7s
[CV 3/10] END ...................n_neighbors=10;, score=0.541 total time=   4.5s
[CV 4/10] END ...................n_neighbors=10;, score=0.570 total time=   4.3s
[CV 5/10] END ...................n_neighbors=10;, score=0.541 total time=   4.3s
[CV 6/10] END ...................n_neighbors=10;, score=0.572 total time=   4.4s
[CV 7/10] END ...................n_neighbors=10;, score=0.557 total time=   4.4s
[CV 8/10] END ...................n_neighbors=10;, score=0.561 total time=   4.4s
[CV 9/10] END ...................n_neighbors=10;, score=0.559 total time=   4.4s
[CV 10/10] END ..................n_neighbors=10;, score=0.559 total time=   4.4s
[CV 1/10] END ...................n_neighbors=11;, score=0.538 total time=   4.4s
[CV 2/10] END ...................n_neighbors=11;, score=0.524 total time=   4.4s
[CV 3/10] END ...................n_neighbors=11;, score=0.519 total time=   4.4s
[CV 4/10] END ...................n_neighbors=11;, score=0.548 total time=   4.3s
[CV 5/10] END ...................n_neighbors=11;, score=0.512 total time=   4.4s
[CV 6/10] END ...................n_neighbors=11;, score=0.541 total time=   4.3s
[CV 7/10] END ...................n_neighbors=11;, score=0.528 total time=   4.4s
[CV 8/10] END ...................n_neighbors=11;, score=0.523 total time=   4.3s
[CV 9/10] END ...................n_neighbors=11;, score=0.518 total time=   4.4s
[CV 10/10] END ..................n_neighbors=11;, score=0.525 total time=   4.4s
[CV 1/10] END ...................n_neighbors=12;, score=0.507 total time=   4.4s
[CV 2/10] END ...................n_neighbors=12;, score=0.493 total time=   4.4s
[CV 3/10] END ...................n_neighbors=12;, score=0.522 total time=   4.4s
[CV 4/10] END ...................n_neighbors=12;, score=0.524 total time=   4.4s
[CV 5/10] END ...................n_neighbors=12;, score=0.500 total time=   4.5s
[CV 6/10] END ...................n_neighbors=12;, score=0.514 total time=   4.4s
[CV 7/10] END ...................n_neighbors=12;, score=0.518 total time=   4.4s
[CV 8/10] END ...................n_neighbors=12;, score=0.494 total time=   4.4s
[CV 9/10] END ...................n_neighbors=12;, score=0.511 total time=   4.4s
[CV 10/10] END ..................n_neighbors=12;, score=0.506 total time=   4.4s
[CV 1/10] END ...................n_neighbors=13;, score=0.512 total time=   4.4s
[CV 2/10] END ...................n_neighbors=13;, score=0.481 total time=   4.4s
[CV 3/10] END ...................n_neighbors=13;, score=0.522 total time=   4.4s
[CV 4/10] END ...................n_neighbors=13;, score=0.514 total time=   4.4s
[CV 5/10] END ...................n_neighbors=13;, score=0.488 total time=   4.4s
[CV 6/10] END ...................n_neighbors=13;, score=0.498 total time=   4.4s
[CV 7/10] END ...................n_neighbors=13;, score=0.511 total time=   4.3s
[CV 8/10] END ...................n_neighbors=13;, score=0.475 total time=   4.4s
[CV 9/10] END ...................n_neighbors=13;, score=0.496 total time=   4.4s
[CV 10/10] END ..................n_neighbors=13;, score=0.511 total time=   4.4s
[CV 1/10] END ...................n_neighbors=14;, score=0.488 total time=   4.4s
[CV 2/10] END ...................n_neighbors=14;, score=0.483 total time=   4.4s
[CV 3/10] END ...................n_neighbors=14;, score=0.502 total time=   4.4s
[CV 4/10] END ...................n_neighbors=14;, score=0.490 total time=   4.4s
[CV 5/10] END ...................n_neighbors=14;, score=0.486 total time=   4.4s
[CV 6/10] END ...................n_neighbors=14;, score=0.481 total time=   4.4s
[CV 7/10] END ...................n_neighbors=14;, score=0.511 total time=   4.4s
[CV 8/10] END ...................n_neighbors=14;, score=0.475 total time=   4.4s
[CV 9/10] END ...................n_neighbors=14;, score=0.501 total time=   4.4s
[CV 10/10] END ..................n_neighbors=14;, score=0.504 total time=   4.4s
[CV 1/10] END ...................n_neighbors=15;, score=0.493 total time=   4.5s
[CV 2/10] END ...................n_neighbors=15;, score=0.488 total time=   4.4s
[CV 3/10] END ...................n_neighbors=15;, score=0.502 total time=   4.4s
[CV 4/10] END ...................n_neighbors=15;, score=0.493 total time=   4.4s
[CV 5/10] END ...................n_neighbors=15;, score=0.498 total time=   4.4s
[CV 6/10] END ...................n_neighbors=15;, score=0.486 total time=   4.4s
[CV 7/10] END ...................n_neighbors=15;, score=0.501 total time=   4.4s
[CV 8/10] END ...................n_neighbors=15;, score=0.480 total time=   4.5s
[CV 9/10] END ...................n_neighbors=15;, score=0.492 total time=   4.4s
[CV 10/10] END ..................n_neighbors=15;, score=0.499 total time=   4.4s
[CV 1/10] END ...................n_neighbors=16;, score=0.490 total time=   4.4s
[CV 2/10] END ...................n_neighbors=16;, score=0.498 total time=   5.1s
[CV 3/10] END ...................n_neighbors=16;, score=0.493 total time=   4.4s
[CV 4/10] END ...................n_neighbors=16;, score=0.502 total time=   4.4s
[CV 5/10] END ...................n_neighbors=16;, score=0.502 total time=   4.4s
[CV 6/10] END ...................n_neighbors=16;, score=0.486 total time=   4.4s
[CV 7/10] END ...................n_neighbors=16;, score=0.501 total time=   4.4s
[CV 8/10] END ...................n_neighbors=16;, score=0.477 total time=   4.5s
[CV 9/10] END ...................n_neighbors=16;, score=0.496 total time=   4.4s
[CV 10/10] END ..................n_neighbors=16;, score=0.501 total time=   4.4s
[CV 1/10] END ...................n_neighbors=17;, score=0.505 total time=   4.4s
[CV 2/10] END ...................n_neighbors=17;, score=0.507 total time=   4.4s
[CV 3/10] END ...................n_neighbors=17;, score=0.498 total time=   4.4s
[CV 4/10] END ...................n_neighbors=17;, score=0.500 total time=   4.4s
[CV 5/10] END ...................n_neighbors=17;, score=0.507 total time=   4.4s
[CV 6/10] END ...................n_neighbors=17;, score=0.493 total time=   4.4s
[CV 7/10] END ...................n_neighbors=17;, score=0.496 total time=   4.4s
[CV 8/10] END ...................n_neighbors=17;, score=0.484 total time=   4.4s
[CV 9/10] END ...................n_neighbors=17;, score=0.499 total time=   4.6s
[CV 10/10] END ..................n_neighbors=17;, score=0.508 total time=   4.5s
[CV 1/10] END ...................n_neighbors=18;, score=0.490 total time=   4.5s
[CV 2/10] END ...................n_neighbors=18;, score=0.500 total time=   4.4s
[CV 3/10] END ...................n_neighbors=18;, score=0.502 total time=   4.4s
[CV 4/10] END ...................n_neighbors=18;, score=0.495 total time=   4.4s
[CV 5/10] END ...................n_neighbors=18;, score=0.507 total time=   4.4s
[CV 6/10] END ...................n_neighbors=18;, score=0.498 total time=   4.4s
[CV 7/10] END ...................n_neighbors=18;, score=0.480 total time=   4.4s
[CV 8/10] END ...................n_neighbors=18;, score=0.496 total time=   4.4s
[CV 9/10] END ...................n_neighbors=18;, score=0.499 total time=   4.4s
[CV 10/10] END ..................n_neighbors=18;, score=0.506 total time=   4.4s
[CV 1/10] END ...................n_neighbors=19;, score=0.500 total time=   4.4s
[CV 2/10] END ...................n_neighbors=19;, score=0.507 total time=   4.4s
[CV 3/10] END ...................n_neighbors=19;, score=0.514 total time=   4.4s
[CV 4/10] END ...................n_neighbors=19;, score=0.498 total time=   4.4s
[CV 5/10] END ...................n_neighbors=19;, score=0.507 total time=   4.4s
[CV 6/10] END ...................n_neighbors=19;, score=0.498 total time=   4.5s
[CV 7/10] END ...................n_neighbors=19;, score=0.475 total time=   4.5s
[CV 8/10] END ...................n_neighbors=19;, score=0.499 total time=   4.4s
[CV 9/10] END ...................n_neighbors=19;, score=0.504 total time=   4.4s
[CV 10/10] END ..................n_neighbors=19;, score=0.508 total time=   4.4s
[CV 1/10] END ...................n_neighbors=20;, score=0.502 total time=   4.5s
[CV 2/10] END ...................n_neighbors=20;, score=0.490 total time=   4.7s
[CV 3/10] END ...................n_neighbors=20;, score=0.522 total time=   4.7s
[CV 4/10] END ...................n_neighbors=20;, score=0.486 total time=   4.6s
[CV 5/10] END ...................n_neighbors=20;, score=0.505 total time=   4.4s
[CV 6/10] END ...................n_neighbors=20;, score=0.498 total time=   4.5s
[CV 7/10] END ...................n_neighbors=20;, score=0.472 total time=   4.4s
[CV 8/10] END ...................n_neighbors=20;, score=0.494 total time=   4.4s
[CV 9/10] END ...................n_neighbors=20;, score=0.511 total time=   4.6s
[CV 10/10] END ..................n_neighbors=20;, score=0.501 total time=   4.5s
[CV 1/10] END ...................n_neighbors=21;, score=0.505 total time=   4.5s
[CV 2/10] END ...................n_neighbors=21;, score=0.498 total time=   4.5s
[CV 3/10] END ...................n_neighbors=21;, score=0.524 total time=   4.4s
[CV 4/10] END ...................n_neighbors=21;, score=0.493 total time=   4.4s
[CV 5/10] END ...................n_neighbors=21;, score=0.507 total time=   4.4s
[CV 6/10] END ...................n_neighbors=21;, score=0.505 total time=   4.4s
[CV 7/10] END ...................n_neighbors=21;, score=0.480 total time=   4.5s
[CV 8/10] END ...................n_neighbors=21;, score=0.499 total time=   4.4s
[CV 9/10] END ...................n_neighbors=21;, score=0.518 total time=   4.4s
[CV 10/10] END ..................n_neighbors=21;, score=0.504 total time=   4.4s
[CV 1/10] END ...................n_neighbors=22;, score=0.505 total time=   4.4s
[CV 2/10] END ...................n_neighbors=22;, score=0.500 total time=   4.4s
[CV 3/10] END ...................n_neighbors=22;, score=0.510 total time=   4.4s
[CV 4/10] END ...................n_neighbors=22;, score=0.490 total time=   4.4s
[CV 5/10] END ...................n_neighbors=22;, score=0.502 total time=   4.4s
[CV 6/10] END ...................n_neighbors=22;, score=0.502 total time=   4.4s
[CV 7/10] END ...................n_neighbors=22;, score=0.467 total time=   4.4s
[CV 8/10] END ...................n_neighbors=22;, score=0.480 total time=   4.4s
[CV 9/10] END ...................n_neighbors=22;, score=0.511 total time=   4.4s
[CV 10/10] END ..................n_neighbors=22;, score=0.508 total time=   4.4s
[CV 1/10] END ...................n_neighbors=23;, score=0.505 total time=   4.4s
[CV 2/10] END ...................n_neighbors=23;, score=0.510 total time=   4.6s
[CV 3/10] END ...................n_neighbors=23;, score=0.514 total time=   4.8s
[CV 4/10] END ...................n_neighbors=23;, score=0.488 total time=   4.6s
[CV 5/10] END ...................n_neighbors=23;, score=0.510 total time=   4.4s
[CV 6/10] END ...................n_neighbors=23;, score=0.502 total time=   4.4s
[CV 7/10] END ...................n_neighbors=23;, score=0.472 total time=   4.4s
[CV 8/10] END ...................n_neighbors=23;, score=0.489 total time=   4.4s
[CV 9/10] END ...................n_neighbors=23;, score=0.516 total time=   4.4s
[CV 10/10] END ..................n_neighbors=23;, score=0.513 total time=   4.4s
[CV 1/10] END ...................n_neighbors=24;, score=0.500 total time=   4.6s
[CV 2/10] END ...................n_neighbors=24;, score=0.510 total time=   4.8s
[CV 3/10] END ...................n_neighbors=24;, score=0.517 total time=   4.8s
[CV 4/10] END ...................n_neighbors=24;, score=0.476 total time=   4.6s
[CV 5/10] END ...................n_neighbors=24;, score=0.507 total time=   4.8s
[CV 6/10] END ...................n_neighbors=24;, score=0.500 total time=   4.6s
[CV 7/10] END ...................n_neighbors=24;, score=0.467 total time=   4.6s
[CV 8/10] END ...................n_neighbors=24;, score=0.484 total time=   4.5s
[CV 9/10] END ...................n_neighbors=24;, score=0.506 total time=   4.7s
[CV 10/10] END ..................n_neighbors=24;, score=0.508 total time=   4.6s
[CV 1/10] END ...................n_neighbors=25;, score=0.507 total time=   4.6s
[CV 2/10] END ...................n_neighbors=25;, score=0.500 total time=   4.6s
[CV 3/10] END ...................n_neighbors=25;, score=0.522 total time=   4.8s
[CV 4/10] END ...................n_neighbors=25;, score=0.483 total time=   4.5s
[CV 5/10] END ...................n_neighbors=25;, score=0.507 total time=   4.4s
[CV 6/10] END ...................n_neighbors=25;, score=0.502 total time=   4.4s
[CV 7/10] END ...................n_neighbors=25;, score=0.465 total time=   4.4s
[CV 8/10] END ...................n_neighbors=25;, score=0.484 total time=   4.4s
[CV 9/10] END ...................n_neighbors=25;, score=0.504 total time=   4.5s
[CV 10/10] END ..................n_neighbors=25;, score=0.496 total time=   4.6s
[CV 1/10] END ...................n_neighbors=26;, score=0.500 total time=   4.7s
[CV 2/10] END ...................n_neighbors=26;, score=0.502 total time=   4.6s
[CV 3/10] END ...................n_neighbors=26;, score=0.522 total time=   4.5s
[CV 4/10] END ...................n_neighbors=26;, score=0.476 total time=   4.4s
[CV 5/10] END ...................n_neighbors=26;, score=0.498 total time=   4.5s
[CV 6/10] END ...................n_neighbors=26;, score=0.502 total time=   4.4s
[CV 7/10] END ...................n_neighbors=26;, score=0.472 total time=   4.5s
[CV 8/10] END ...................n_neighbors=26;, score=0.487 total time=   4.5s
[CV 9/10] END ...................n_neighbors=26;, score=0.501 total time=   4.4s
[CV 10/10] END ..................n_neighbors=26;, score=0.506 total time=   4.6s
[CV 1/10] END ...................n_neighbors=27;, score=0.498 total time=   4.7s
[CV 2/10] END ...................n_neighbors=27;, score=0.507 total time=   4.8s
[CV 3/10] END ...................n_neighbors=27;, score=0.529 total time=   4.7s
[CV 4/10] END ...................n_neighbors=27;, score=0.483 total time=   4.7s
[CV 5/10] END ...................n_neighbors=27;, score=0.502 total time=   4.6s
[CV 6/10] END ...................n_neighbors=27;, score=0.500 total time=   4.4s
[CV 7/10] END ...................n_neighbors=27;, score=0.472 total time=   4.4s
[CV 8/10] END ...................n_neighbors=27;, score=0.484 total time=   4.4s
[CV 9/10] END ...................n_neighbors=27;, score=0.508 total time=   4.5s
[CV 10/10] END ..................n_neighbors=27;, score=0.504 total time=   4.7s
[CV 1/10] END ...................n_neighbors=28;, score=0.493 total time=   4.6s
[CV 2/10] END ...................n_neighbors=28;, score=0.510 total time=   4.7s
[CV 3/10] END ...................n_neighbors=28;, score=0.536 total time=   4.6s
[CV 4/10] END ...................n_neighbors=28;, score=0.493 total time=   4.6s
[CV 5/10] END ...................n_neighbors=28;, score=0.500 total time=   4.6s
[CV 6/10] END ...................n_neighbors=28;, score=0.502 total time=   4.8s
[CV 7/10] END ...................n_neighbors=28;, score=0.470 total time=   4.6s
[CV 8/10] END ...................n_neighbors=28;, score=0.489 total time=   4.5s
[CV 9/10] END ...................n_neighbors=28;, score=0.508 total time=   4.6s
[CV 10/10] END ..................n_neighbors=28;, score=0.508 total time=   4.6s
[CV 1/10] END ...................n_neighbors=29;, score=0.490 total time=   4.4s
[CV 2/10] END ...................n_neighbors=29;, score=0.514 total time=   4.5s
[CV 3/10] END ...................n_neighbors=29;, score=0.536 total time=   4.5s
[CV 4/10] END ...................n_neighbors=29;, score=0.481 total time=   4.5s
[CV 5/10] END ...................n_neighbors=29;, score=0.502 total time=   4.4s
[CV 6/10] END ...................n_neighbors=29;, score=0.505 total time=   4.4s
[CV 7/10] END ...................n_neighbors=29;, score=0.472 total time=   4.6s
[CV 8/10] END ...................n_neighbors=29;, score=0.494 total time=   4.6s
[CV 9/10] END ...................n_neighbors=29;, score=0.511 total time=   4.5s
[CV 10/10] END ..................n_neighbors=29;, score=0.496 total time=   4.5s
[CV 1/10] END ...................n_neighbors=30;, score=0.495 total time=   4.5s
[CV 2/10] END ...................n_neighbors=30;, score=0.512 total time=   4.5s
[CV 3/10] END ...................n_neighbors=30;, score=0.534 total time=   4.7s
[CV 4/10] END ...................n_neighbors=30;, score=0.486 total time=   4.7s
[CV 5/10] END ...................n_neighbors=30;, score=0.502 total time=   4.7s
[CV 6/10] END ...................n_neighbors=30;, score=0.505 total time=   4.6s
[CV 7/10] END ...................n_neighbors=30;, score=0.465 total time=   4.6s
[CV 8/10] END ...................n_neighbors=30;, score=0.496 total time=   4.7s
[CV 9/10] END ...................n_neighbors=30;, score=0.508 total time=   4.7s
[CV 10/10] END ..................n_neighbors=30;, score=0.511 total time=   4.7s
0.9439411492122336
{'n_neighbors': 1}
