Dataset: PCA: 
['Human', 'Horse', 'Dog', 'Cow']
Fitting 10 folds for each of 30 candidates, totalling 300 fits
[CV 1/10] END ....................n_neighbors=1;, score=0.933 total time=   0.1s
[CV 2/10] END ....................n_neighbors=1;, score=0.945 total time=   0.0s
[CV 3/10] END ....................n_neighbors=1;, score=0.918 total time=   0.0s
[CV 4/10] END ....................n_neighbors=1;, score=0.964 total time=   0.0s
[CV 5/10] END ....................n_neighbors=1;, score=0.966 total time=   0.1s
[CV 6/10] END ....................n_neighbors=1;, score=0.945 total time=   0.0s
[CV 7/10] END ....................n_neighbors=1;, score=0.959 total time=   0.0s
[CV 8/10] END ....................n_neighbors=1;, score=0.945 total time=   0.0s
[CV 9/10] END ....................n_neighbors=1;, score=0.945 total time=   0.0s
[CV 10/10] END ...................n_neighbors=1;, score=0.942 total time=   0.0s
[CV 1/10] END ....................n_neighbors=2;, score=0.916 total time=   0.0s
[CV 2/10] END ....................n_neighbors=2;, score=0.906 total time=   0.1s
[CV 3/10] END ....................n_neighbors=2;, score=0.906 total time=   0.1s
[CV 4/10] END ....................n_neighbors=2;, score=0.938 total time=   0.1s
[CV 5/10] END ....................n_neighbors=2;, score=0.940 total time=   0.0s
[CV 6/10] END ....................n_neighbors=2;, score=0.921 total time=   0.0s
[CV 7/10] END ....................n_neighbors=2;, score=0.930 total time=   0.1s
[CV 8/10] END ....................n_neighbors=2;, score=0.913 total time=   0.0s
[CV 9/10] END ....................n_neighbors=2;, score=0.913 total time=   0.0s
[CV 10/10] END ...................n_neighbors=2;, score=0.913 total time=   0.1s
[CV 1/10] END ....................n_neighbors=3;, score=0.882 total time=   0.0s
[CV 2/10] END ....................n_neighbors=3;, score=0.870 total time=   0.0s
[CV 3/10] END ....................n_neighbors=3;, score=0.870 total time=   0.0s
[CV 4/10] END ....................n_neighbors=3;, score=0.911 total time=   0.0s
[CV 5/10] END ....................n_neighbors=3;, score=0.921 total time=   0.0s
[CV 6/10] END ....................n_neighbors=3;, score=0.892 total time=   0.0s
[CV 7/10] END ....................n_neighbors=3;, score=0.889 total time=   0.0s
[CV 8/10] END ....................n_neighbors=3;, score=0.892 total time=   0.0s
[CV 9/10] END ....................n_neighbors=3;, score=0.867 total time=   0.0s
[CV 10/10] END ...................n_neighbors=3;, score=0.884 total time=   0.0s
[CV 1/10] END ....................n_neighbors=4;, score=0.863 total time=   0.0s
[CV 2/10] END ....................n_neighbors=4;, score=0.846 total time=   0.1s
[CV 3/10] END ....................n_neighbors=4;, score=0.853 total time=   0.0s
[CV 4/10] END ....................n_neighbors=4;, score=0.901 total time=   0.0s
[CV 5/10] END ....................n_neighbors=4;, score=0.889 total time=   0.0s
[CV 6/10] END ....................n_neighbors=4;, score=0.877 total time=   0.0s
[CV 7/10] END ....................n_neighbors=4;, score=0.865 total time=   0.0s
[CV 8/10] END ....................n_neighbors=4;, score=0.858 total time=   0.0s
[CV 9/10] END ....................n_neighbors=4;, score=0.858 total time=   0.0s
[CV 10/10] END ...................n_neighbors=4;, score=0.865 total time=   0.0s
[CV 1/10] END ....................n_neighbors=5;, score=0.810 total time=   0.0s
[CV 2/10] END ....................n_neighbors=5;, score=0.822 total time=   0.0s
[CV 3/10] END ....................n_neighbors=5;, score=0.772 total time=   0.0s
[CV 4/10] END ....................n_neighbors=5;, score=0.810 total time=   0.0s
[CV 5/10] END ....................n_neighbors=5;, score=0.805 total time=   0.0s
[CV 6/10] END ....................n_neighbors=5;, score=0.784 total time=   0.0s
[CV 7/10] END ....................n_neighbors=5;, score=0.807 total time=   0.0s
[CV 8/10] END ....................n_neighbors=5;, score=0.793 total time=   0.0s
[CV 9/10] END ....................n_neighbors=5;, score=0.810 total time=   0.0s
[CV 10/10] END ...................n_neighbors=5;, score=0.800 total time=   0.1s
[CV 1/10] END ....................n_neighbors=6;, score=0.784 total time=   0.0s
[CV 2/10] END ....................n_neighbors=6;, score=0.779 total time=   0.0s
[CV 3/10] END ....................n_neighbors=6;, score=0.762 total time=   0.1s
[CV 4/10] END ....................n_neighbors=6;, score=0.803 total time=   0.0s
[CV 5/10] END ....................n_neighbors=6;, score=0.786 total time=   0.0s
[CV 6/10] END ....................n_neighbors=6;, score=0.772 total time=   0.1s
[CV 7/10] END ....................n_neighbors=6;, score=0.786 total time=   0.0s
[CV 8/10] END ....................n_neighbors=6;, score=0.766 total time=   0.0s
[CV 9/10] END ....................n_neighbors=6;, score=0.795 total time=   0.0s
[CV 10/10] END ...................n_neighbors=6;, score=0.752 total time=   0.0s
[CV 1/10] END ....................n_neighbors=7;, score=0.738 total time=   0.0s
[CV 2/10] END ....................n_neighbors=7;, score=0.707 total time=   0.0s
[CV 3/10] END ....................n_neighbors=7;, score=0.707 total time=   0.0s
[CV 4/10] END ....................n_neighbors=7;, score=0.707 total time=   0.0s
[CV 5/10] END ....................n_neighbors=7;, score=0.740 total time=   0.1s
[CV 6/10] END ....................n_neighbors=7;, score=0.721 total time=   0.0s
[CV 7/10] END ....................n_neighbors=7;, score=0.716 total time=   0.1s
[CV 8/10] END ....................n_neighbors=7;, score=0.725 total time=   0.0s
[CV 9/10] END ....................n_neighbors=7;, score=0.699 total time=   0.0s
[CV 10/10] END ...................n_neighbors=7;, score=0.708 total time=   0.0s
[CV 1/10] END ....................n_neighbors=8;, score=0.666 total time=   0.0s
[CV 2/10] END ....................n_neighbors=8;, score=0.692 total time=   0.0s
[CV 3/10] END ....................n_neighbors=8;, score=0.671 total time=   0.1s
[CV 4/10] END ....................n_neighbors=8;, score=0.697 total time=   0.0s
[CV 5/10] END ....................n_neighbors=8;, score=0.683 total time=   0.1s
[CV 6/10] END ....................n_neighbors=8;, score=0.692 total time=   0.0s
[CV 7/10] END ....................n_neighbors=8;, score=0.677 total time=   0.0s
[CV 8/10] END ....................n_neighbors=8;, score=0.680 total time=   0.1s
[CV 9/10] END ....................n_neighbors=8;, score=0.660 total time=   0.1s
[CV 10/10] END ...................n_neighbors=8;, score=0.665 total time=   0.1s
[CV 1/10] END ....................n_neighbors=9;, score=0.613 total time=   0.1s
[CV 2/10] END ....................n_neighbors=9;, score=0.632 total time=   0.1s
[CV 3/10] END ....................n_neighbors=9;, score=0.618 total time=   0.1s
[CV 4/10] END ....................n_neighbors=9;, score=0.608 total time=   0.1s
[CV 5/10] END ....................n_neighbors=9;, score=0.644 total time=   0.1s
[CV 6/10] END ....................n_neighbors=9;, score=0.651 total time=   0.1s
[CV 7/10] END ....................n_neighbors=9;, score=0.612 total time=   0.1s
[CV 8/10] END ....................n_neighbors=9;, score=0.614 total time=   0.1s
[CV 9/10] END ....................n_neighbors=9;, score=0.602 total time=   0.1s
[CV 10/10] END ...................n_neighbors=9;, score=0.612 total time=   0.1s
[CV 1/10] END ...................n_neighbors=10;, score=0.548 total time=   0.0s
[CV 2/10] END ...................n_neighbors=10;, score=0.613 total time=   0.0s
[CV 3/10] END ...................n_neighbors=10;, score=0.577 total time=   0.1s
[CV 4/10] END ...................n_neighbors=10;, score=0.570 total time=   0.1s
[CV 5/10] END ...................n_neighbors=10;, score=0.587 total time=   0.1s
[CV 6/10] END ...................n_neighbors=10;, score=0.587 total time=   0.0s
[CV 7/10] END ...................n_neighbors=10;, score=0.571 total time=   0.1s
[CV 8/10] END ...................n_neighbors=10;, score=0.566 total time=   0.1s
[CV 9/10] END ...................n_neighbors=10;, score=0.573 total time=   0.0s
[CV 10/10] END ..................n_neighbors=10;, score=0.569 total time=   0.1s
[CV 1/10] END ...................n_neighbors=11;, score=0.538 total time=   0.1s
[CV 2/10] END ...................n_neighbors=11;, score=0.579 total time=   0.0s
[CV 3/10] END ...................n_neighbors=11;, score=0.565 total time=   0.1s
[CV 4/10] END ...................n_neighbors=11;, score=0.541 total time=   0.0s
[CV 5/10] END ...................n_neighbors=11;, score=0.579 total time=   0.1s
[CV 6/10] END ...................n_neighbors=11;, score=0.560 total time=   0.1s
[CV 7/10] END ...................n_neighbors=11;, score=0.549 total time=   0.1s
[CV 8/10] END ...................n_neighbors=11;, score=0.561 total time=   0.1s
[CV 9/10] END ...................n_neighbors=11;, score=0.561 total time=   0.0s
[CV 10/10] END ..................n_neighbors=11;, score=0.552 total time=   0.1s
[CV 1/10] END ...................n_neighbors=12;, score=0.524 total time=   0.0s
[CV 2/10] END ...................n_neighbors=12;, score=0.546 total time=   0.0s
[CV 3/10] END ...................n_neighbors=12;, score=0.538 total time=   0.1s
[CV 4/10] END ...................n_neighbors=12;, score=0.510 total time=   0.1s
[CV 5/10] END ...................n_neighbors=12;, score=0.550 total time=   0.1s
[CV 6/10] END ...................n_neighbors=12;, score=0.536 total time=   0.1s
[CV 7/10] END ...................n_neighbors=12;, score=0.516 total time=   0.1s
[CV 8/10] END ...................n_neighbors=12;, score=0.525 total time=   0.1s
[CV 9/10] END ...................n_neighbors=12;, score=0.525 total time=   0.0s
[CV 10/10] END ..................n_neighbors=12;, score=0.528 total time=   0.1s
[CV 1/10] END ...................n_neighbors=13;, score=0.517 total time=   0.0s
[CV 2/10] END ...................n_neighbors=13;, score=0.543 total time=   0.1s
[CV 3/10] END ...................n_neighbors=13;, score=0.531 total time=   0.1s
[CV 4/10] END ...................n_neighbors=13;, score=0.505 total time=   0.1s
[CV 5/10] END ...................n_neighbors=13;, score=0.548 total time=   0.1s
[CV 6/10] END ...................n_neighbors=13;, score=0.529 total time=   0.1s
[CV 7/10] END ...................n_neighbors=13;, score=0.513 total time=   0.1s
[CV 8/10] END ...................n_neighbors=13;, score=0.520 total time=   0.1s
[CV 9/10] END ...................n_neighbors=13;, score=0.528 total time=   0.0s
[CV 10/10] END ..................n_neighbors=13;, score=0.525 total time=   0.1s
[CV 1/10] END ...................n_neighbors=14;, score=0.500 total time=   0.1s
[CV 2/10] END ...................n_neighbors=14;, score=0.534 total time=   0.1s
[CV 3/10] END ...................n_neighbors=14;, score=0.517 total time=   0.1s
[CV 4/10] END ...................n_neighbors=14;, score=0.486 total time=   0.1s
[CV 5/10] END ...................n_neighbors=14;, score=0.536 total time=   0.1s
[CV 6/10] END ...................n_neighbors=14;, score=0.517 total time=   0.1s
[CV 7/10] END ...................n_neighbors=14;, score=0.496 total time=   0.1s
[CV 8/10] END ...................n_neighbors=14;, score=0.513 total time=   0.1s
[CV 9/10] END ...................n_neighbors=14;, score=0.520 total time=   0.1s
[CV 10/10] END ..................n_neighbors=14;, score=0.487 total time=   0.1s
[CV 1/10] END ...................n_neighbors=15;, score=0.505 total time=   0.1s
[CV 2/10] END ...................n_neighbors=15;, score=0.534 total time=   0.1s
[CV 3/10] END ...................n_neighbors=15;, score=0.524 total time=   0.1s
[CV 4/10] END ...................n_neighbors=15;, score=0.500 total time=   0.1s
[CV 5/10] END ...................n_neighbors=15;, score=0.543 total time=   0.1s
[CV 6/10] END ...................n_neighbors=15;, score=0.519 total time=   0.1s
[CV 7/10] END ...................n_neighbors=15;, score=0.499 total time=   0.1s
[CV 8/10] END ...................n_neighbors=15;, score=0.513 total time=   0.1s
[CV 9/10] END ...................n_neighbors=15;, score=0.518 total time=   0.1s
[CV 10/10] END ..................n_neighbors=15;, score=0.494 total time=   0.1s
[CV 1/10] END ...................n_neighbors=16;, score=0.502 total time=   0.1s
[CV 2/10] END ...................n_neighbors=16;, score=0.534 total time=   0.1s
[CV 3/10] END ...................n_neighbors=16;, score=0.519 total time=   0.1s
[CV 4/10] END ...................n_neighbors=16;, score=0.498 total time=   0.1s
[CV 5/10] END ...................n_neighbors=16;, score=0.529 total time=   0.1s
[CV 6/10] END ...................n_neighbors=16;, score=0.512 total time=   0.0s
[CV 7/10] END ...................n_neighbors=16;, score=0.492 total time=   0.1s
[CV 8/10] END ...................n_neighbors=16;, score=0.496 total time=   0.1s
[CV 9/10] END ...................n_neighbors=16;, score=0.506 total time=   0.1s
[CV 10/10] END ..................n_neighbors=16;, score=0.501 total time=   0.0s
[CV 1/10] END ...................n_neighbors=17;, score=0.507 total time=   0.1s
[CV 2/10] END ...................n_neighbors=17;, score=0.529 total time=   0.1s
[CV 3/10] END ...................n_neighbors=17;, score=0.519 total time=   0.1s
[CV 4/10] END ...................n_neighbors=17;, score=0.498 total time=   0.1s
[CV 5/10] END ...................n_neighbors=17;, score=0.541 total time=   0.1s
[CV 6/10] END ...................n_neighbors=17;, score=0.514 total time=   0.1s
[CV 7/10] END ...................n_neighbors=17;, score=0.501 total time=   0.1s
[CV 8/10] END ...................n_neighbors=17;, score=0.506 total time=   0.1s
[CV 9/10] END ...................n_neighbors=17;, score=0.511 total time=   0.1s
[CV 10/10] END ..................n_neighbors=17;, score=0.499 total time=   0.1s
[CV 1/10] END ...................n_neighbors=18;, score=0.505 total time=   0.1s
[CV 2/10] END ...................n_neighbors=18;, score=0.517 total time=   0.1s
[CV 3/10] END ...................n_neighbors=18;, score=0.507 total time=   0.1s
[CV 4/10] END ...................n_neighbors=18;, score=0.481 total time=   0.1s
[CV 5/10] END ...................n_neighbors=18;, score=0.538 total time=   0.1s
[CV 6/10] END ...................n_neighbors=18;, score=0.495 total time=   0.1s
[CV 7/10] END ...................n_neighbors=18;, score=0.492 total time=   0.1s
[CV 8/10] END ...................n_neighbors=18;, score=0.501 total time=   0.1s
[CV 9/10] END ...................n_neighbors=18;, score=0.494 total time=   0.0s
[CV 10/10] END ..................n_neighbors=18;, score=0.494 total time=   0.1s
[CV 1/10] END ...................n_neighbors=19;, score=0.522 total time=   0.1s
[CV 2/10] END ...................n_neighbors=19;, score=0.512 total time=   0.1s
[CV 3/10] END ...................n_neighbors=19;, score=0.507 total time=   0.1s
[CV 4/10] END ...................n_neighbors=19;, score=0.486 total time=   0.1s
[CV 5/10] END ...................n_neighbors=19;, score=0.536 total time=   0.0s
[CV 6/10] END ...................n_neighbors=19;, score=0.500 total time=   0.1s
[CV 7/10] END ...................n_neighbors=19;, score=0.489 total time=   0.1s
[CV 8/10] END ...................n_neighbors=19;, score=0.494 total time=   0.1s
[CV 9/10] END ...................n_neighbors=19;, score=0.494 total time=   0.1s
[CV 10/10] END ..................n_neighbors=19;, score=0.489 total time=   0.0s
[CV 1/10] END ...................n_neighbors=20;, score=0.512 total time=   0.1s
[CV 2/10] END ...................n_neighbors=20;, score=0.512 total time=   0.1s
[CV 3/10] END ...................n_neighbors=20;, score=0.502 total time=   0.1s
[CV 4/10] END ...................n_neighbors=20;, score=0.486 total time=   0.0s
[CV 5/10] END ...................n_neighbors=20;, score=0.519 total time=   0.1s
[CV 6/10] END ...................n_neighbors=20;, score=0.502 total time=   0.1s
[CV 7/10] END ...................n_neighbors=20;, score=0.484 total time=   0.1s
[CV 8/10] END ...................n_neighbors=20;, score=0.494 total time=   0.0s
[CV 9/10] END ...................n_neighbors=20;, score=0.487 total time=   0.1s
[CV 10/10] END ..................n_neighbors=20;, score=0.484 total time=   0.1s
[CV 1/10] END ...................n_neighbors=21;, score=0.517 total time=   0.1s
[CV 2/10] END ...................n_neighbors=21;, score=0.517 total time=   0.1s
[CV 3/10] END ...................n_neighbors=21;, score=0.507 total time=   0.1s
[CV 4/10] END ...................n_neighbors=21;, score=0.486 total time=   0.1s
[CV 5/10] END ...................n_neighbors=21;, score=0.514 total time=   0.1s
[CV 6/10] END ...................n_neighbors=21;, score=0.510 total time=   0.1s
[CV 7/10] END ...................n_neighbors=21;, score=0.482 total time=   0.1s
[CV 8/10] END ...................n_neighbors=21;, score=0.494 total time=   0.1s
[CV 9/10] END ...................n_neighbors=21;, score=0.489 total time=   0.1s
[CV 10/10] END ..................n_neighbors=21;, score=0.484 total time=   0.1s
[CV 1/10] END ...................n_neighbors=22;, score=0.514 total time=   0.0s
[CV 2/10] END ...................n_neighbors=22;, score=0.507 total time=   0.1s
[CV 3/10] END ...................n_neighbors=22;, score=0.505 total time=   0.0s
[CV 4/10] END ...................n_neighbors=22;, score=0.488 total time=   0.1s
[CV 5/10] END ...................n_neighbors=22;, score=0.507 total time=   0.1s
[CV 6/10] END ...................n_neighbors=22;, score=0.498 total time=   0.0s
[CV 7/10] END ...................n_neighbors=22;, score=0.487 total time=   0.0s
[CV 8/10] END ...................n_neighbors=22;, score=0.496 total time=   0.1s
[CV 9/10] END ...................n_neighbors=22;, score=0.492 total time=   0.1s
[CV 10/10] END ..................n_neighbors=22;, score=0.484 total time=   0.1s
[CV 1/10] END ...................n_neighbors=23;, score=0.510 total time=   0.1s
[CV 2/10] END ...................n_neighbors=23;, score=0.517 total time=   0.1s
[CV 3/10] END ...................n_neighbors=23;, score=0.502 total time=   0.1s
[CV 4/10] END ...................n_neighbors=23;, score=0.490 total time=   0.1s
[CV 5/10] END ...................n_neighbors=23;, score=0.514 total time=   0.1s
[CV 6/10] END ...................n_neighbors=23;, score=0.498 total time=   0.0s
[CV 7/10] END ...................n_neighbors=23;, score=0.492 total time=   0.0s
[CV 8/10] END ...................n_neighbors=23;, score=0.496 total time=   0.1s
[CV 9/10] END ...................n_neighbors=23;, score=0.489 total time=   0.1s
[CV 10/10] END ..................n_neighbors=23;, score=0.477 total time=   0.1s
[CV 1/10] END ...................n_neighbors=24;, score=0.502 total time=   0.1s
[CV 2/10] END ...................n_neighbors=24;, score=0.500 total time=   0.1s
[CV 3/10] END ...................n_neighbors=24;, score=0.490 total time=   0.1s
[CV 4/10] END ...................n_neighbors=24;, score=0.481 total time=   0.1s
[CV 5/10] END ...................n_neighbors=24;, score=0.524 total time=   0.1s
[CV 6/10] END ...................n_neighbors=24;, score=0.500 total time=   0.1s
[CV 7/10] END ...................n_neighbors=24;, score=0.494 total time=   0.1s
[CV 8/10] END ...................n_neighbors=24;, score=0.496 total time=   0.1s
[CV 9/10] END ...................n_neighbors=24;, score=0.484 total time=   0.1s
[CV 10/10] END ..................n_neighbors=24;, score=0.484 total time=   0.1s
[CV 1/10] END ...................n_neighbors=25;, score=0.505 total time=   0.1s
[CV 2/10] END ...................n_neighbors=25;, score=0.500 total time=   0.1s
[CV 3/10] END ...................n_neighbors=25;, score=0.495 total time=   0.0s
[CV 4/10] END ...................n_neighbors=25;, score=0.493 total time=   0.0s
[CV 5/10] END ...................n_neighbors=25;, score=0.524 total time=   0.1s
[CV 6/10] END ...................n_neighbors=25;, score=0.500 total time=   0.1s
[CV 7/10] END ...................n_neighbors=25;, score=0.506 total time=   0.1s
[CV 8/10] END ...................n_neighbors=25;, score=0.496 total time=   0.1s
[CV 9/10] END ...................n_neighbors=25;, score=0.489 total time=   0.1s
[CV 10/10] END ..................n_neighbors=25;, score=0.482 total time=   0.0s
[CV 1/10] END ...................n_neighbors=26;, score=0.512 total time=   0.1s
[CV 2/10] END ...................n_neighbors=26;, score=0.500 total time=   0.1s
[CV 3/10] END ...................n_neighbors=26;, score=0.486 total time=   0.1s
[CV 4/10] END ...................n_neighbors=26;, score=0.493 total time=   0.1s
[CV 5/10] END ...................n_neighbors=26;, score=0.522 total time=   0.1s
[CV 6/10] END ...................n_neighbors=26;, score=0.495 total time=   0.1s
[CV 7/10] END ...................n_neighbors=26;, score=0.508 total time=   0.1s
[CV 8/10] END ...................n_neighbors=26;, score=0.494 total time=   0.0s
[CV 9/10] END ...................n_neighbors=26;, score=0.496 total time=   0.0s
[CV 10/10] END ..................n_neighbors=26;, score=0.482 total time=   0.1s
[CV 1/10] END ...................n_neighbors=27;, score=0.507 total time=   0.1s
[CV 2/10] END ...................n_neighbors=27;, score=0.502 total time=   0.1s
[CV 3/10] END ...................n_neighbors=27;, score=0.490 total time=   0.1s
[CV 4/10] END ...................n_neighbors=27;, score=0.486 total time=   0.1s
[CV 5/10] END ...................n_neighbors=27;, score=0.526 total time=   0.0s
[CV 6/10] END ...................n_neighbors=27;, score=0.507 total time=   0.1s
[CV 7/10] END ...................n_neighbors=27;, score=0.528 total time=   0.1s
[CV 8/10] END ...................n_neighbors=27;, score=0.511 total time=   0.1s
[CV 9/10] END ...................n_neighbors=27;, score=0.489 total time=   0.1s
[CV 10/10] END ..................n_neighbors=27;, score=0.482 total time=   0.1s
[CV 1/10] END ...................n_neighbors=28;, score=0.505 total time=   0.0s
[CV 2/10] END ...................n_neighbors=28;, score=0.500 total time=   0.1s
[CV 3/10] END ...................n_neighbors=28;, score=0.488 total time=   0.1s
[CV 4/10] END ...................n_neighbors=28;, score=0.493 total time=   0.0s
[CV 5/10] END ...................n_neighbors=28;, score=0.534 total time=   0.1s
[CV 6/10] END ...................n_neighbors=28;, score=0.505 total time=   0.1s
[CV 7/10] END ...................n_neighbors=28;, score=0.523 total time=   0.1s
[CV 8/10] END ...................n_neighbors=28;, score=0.516 total time=   0.1s
[CV 9/10] END ...................n_neighbors=28;, score=0.504 total time=   0.1s
[CV 10/10] END ..................n_neighbors=28;, score=0.482 total time=   0.0s
[CV 1/10] END ...................n_neighbors=29;, score=0.505 total time=   0.1s
[CV 2/10] END ...................n_neighbors=29;, score=0.502 total time=   0.1s
[CV 3/10] END ...................n_neighbors=29;, score=0.488 total time=   0.1s
[CV 4/10] END ...................n_neighbors=29;, score=0.495 total time=   0.1s
[CV 5/10] END ...................n_neighbors=29;, score=0.529 total time=   0.1s
[CV 6/10] END ...................n_neighbors=29;, score=0.514 total time=   0.1s
[CV 7/10] END ...................n_neighbors=29;, score=0.530 total time=   0.1s
[CV 8/10] END ...................n_neighbors=29;, score=0.511 total time=   0.1s
[CV 9/10] END ...................n_neighbors=29;, score=0.504 total time=   0.1s
[CV 10/10] END ..................n_neighbors=29;, score=0.480 total time=   0.1s
[CV 1/10] END ...................n_neighbors=30;, score=0.502 total time=   0.1s
[CV 2/10] END ...................n_neighbors=30;, score=0.505 total time=   0.1s
[CV 3/10] END ...................n_neighbors=30;, score=0.490 total time=   0.1s
[CV 4/10] END ...................n_neighbors=30;, score=0.505 total time=   0.1s
[CV 5/10] END ...................n_neighbors=30;, score=0.529 total time=   0.1s
[CV 6/10] END ...................n_neighbors=30;, score=0.514 total time=   0.1s
[CV 7/10] END ...................n_neighbors=30;, score=0.533 total time=   0.0s
[CV 8/10] END ...................n_neighbors=30;, score=0.508 total time=   0.1s
[CV 9/10] END ...................n_neighbors=30;, score=0.520 total time=   0.1s
[CV 10/10] END ..................n_neighbors=30;, score=0.480 total time=   0.0s
0.9461034522706211
{'n_neighbors': 1}
