Test Accuracy: 98.46%
[[517  16]
 [  0 506]]


              precision    recall  f1-score   support

       Human       1.00      0.97      0.98       533
      Animal       0.97      1.00      0.98       506

    accuracy                           0.98      1039
   macro avg       0.98      0.98      0.98      1039
weighted avg       0.99      0.98      0.98      1039

Params Used Model 2:
n_estimators: 100
max_depth: 40
min_samples_split: 2
min_samples_leaf: 1
max_features: sqrt
Test Accuracy: 95.59%
Train Accuracy: 100.00%
[[  0  12   0   4]
 [  0 230   0   3]
 [  0   1  76   0]
 [  0   3   0 193]]


                       precision    recall  f1-score   support

Human (Misclassified)       0.00      0.00      0.00        16
                Horse       0.93      0.99      0.96       233
                  Dog       1.00      0.99      0.99        77
                  Cow       0.96      0.98      0.97       196

             accuracy                           0.96       522
            macro avg       0.72      0.74      0.73       522
         weighted avg       0.93      0.96      0.94       522

