Full: kNN-SVM
Dataset 1: But its really human vs animal 
['Human', 'Horse', 'Dog', 'Cow']
Test Accuracy: 98.46%
Train Accuracy: 100.00%
[[517  16]
 [  0 506]]


              precision    recall  f1-score   support

       Human       1.00      0.97      0.98       533
      Animal       0.97      1.00      0.98       506

    accuracy                           0.98      1039
   macro avg       0.98      0.98      0.98      1039
weighted avg       0.99      0.98      0.98      1039

Adding 1 to labels
Dataset2: Horse - 1, Dog - 2 and Cow - 3
Test Accuracy: 96.17%
Train Accuracy: 43.86%
[[  0   9   2   5]
 [  0 232   0   1]
 [  0   0  77   0]
 [  0   3   0 193]]


                       precision    recall  f1-score   support

Human (Misclassified)       0.00      0.00      0.00        16
                Horse       0.95      1.00      0.97       233
                  Dog       0.97      1.00      0.99        77
                  Cow       0.97      0.98      0.98       196

             accuracy                           0.96       522
            macro avg       0.72      0.75      0.73       522
         weighted avg       0.93      0.96      0.95       522

