Full: SVM-kNN
Dataset 1: But its really human vs animal 
['Human', 'Horse', 'Dog', 'Cow']
Test Accuracy: 99.13%
Train Accuracy: 100.00%
[[525   8]
 [  1 505]]


              precision    recall  f1-score   support

       Human       1.00      0.98      0.99       533
      Animal       0.98      1.00      0.99       506

    accuracy                           0.99      1039
   macro avg       0.99      0.99      0.99      1039
weighted avg       0.99      0.99      0.99      1039

Adding 1 to labels
Dataset2: Horse - 1, Dog - 2 and Cow - 3
Test Accuracy: 96.88%
Train Accuracy: 43.86%
[[  0   2   5   1]
 [  0 231   2   0]
 [  0   1  75   0]
 [  0   2   3 191]]


                       precision    recall  f1-score   support

Human (Misclassified)       0.00      0.00      0.00         8
                Horse       0.98      0.99      0.99       233
                  Dog       0.88      0.99      0.93        76
                  Cow       0.99      0.97      0.98       196

             accuracy                           0.97       513
            macro avg       0.71      0.74      0.73       513
         weighted avg       0.96      0.97      0.96       513

