PCA then CNN: Unscaled
Dataset: 
['Human', 'Horse', 'Dog', 'Cow']
Epoch 1/10

  1/260 [..............................] - ETA: 1:56 - loss: 18.9934 - accuracy: 0.1250
  4/260 [..............................] - ETA: 5s - loss: 44.1351 - accuracy: 0.2969  
  7/260 [..............................] - ETA: 5s - loss: 29.1277 - accuracy: 0.3839
 11/260 [>.............................] - ETA: 4s - loss: 20.7607 - accuracy: 0.3864
 14/260 [>.............................] - ETA: 4s - loss: 16.7103 - accuracy: 0.4196
 18/260 [=>............................] - ETA: 4s - loss: 13.2398 - accuracy: 0.4653
 21/260 [=>............................] - ETA: 4s - loss: 11.5032 - accuracy: 0.4821
 25/260 [=>............................] - ETA: 4s - loss: 9.8619 - accuracy: 0.4875 
 29/260 [==>...........................] - ETA: 4s - loss: 8.6607 - accuracy: 0.5043
 33/260 [==>...........................] - ETA: 4s - loss: 7.7503 - accuracy: 0.5019
 37/260 [===>..........................] - ETA: 3s - loss: 7.0319 - accuracy: 0.5186
 41/260 [===>..........................] - ETA: 3s - loss: 6.4645 - accuracy: 0.5290
 46/260 [====>.........................] - ETA: 3s - loss: 5.8985 - accuracy: 0.5258
 50/260 [====>.........................] - ETA: 3s - loss: 5.5087 - accuracy: 0.5312
 53/260 [=====>........................] - ETA: 3s - loss: 5.2459 - accuracy: 0.5413
 57/260 [=====>........................] - ETA: 3s - loss: 4.9310 - accuracy: 0.5515
 61/260 [======>.......................] - ETA: 3s - loss: 4.6800 - accuracy: 0.5533
 65/260 [======>.......................] - ETA: 3s - loss: 4.4492 - accuracy: 0.5615
 69/260 [======>.......................] - ETA: 3s - loss: 4.2440 - accuracy: 0.5670
 73/260 [=======>......................] - ETA: 3s - loss: 4.0541 - accuracy: 0.5753
 77/260 [=======>......................] - ETA: 3s - loss: 3.8866 - accuracy: 0.5795
 82/260 [========>.....................] - ETA: 2s - loss: 3.7104 - accuracy: 0.5854
 85/260 [========>.....................] - ETA: 2s - loss: 3.6057 - accuracy: 0.5904
 89/260 [=========>....................] - ETA: 2s - loss: 3.4921 - accuracy: 0.5892
 93/260 [=========>....................] - ETA: 2s - loss: 3.3746 - accuracy: 0.5921
 96/260 [==========>...................] - ETA: 2s - loss: 3.2905 - accuracy: 0.5938
100/260 [==========>...................] - ETA: 2s - loss: 3.1881 - accuracy: 0.5994
103/260 [==========>...................] - ETA: 2s - loss: 3.1188 - accuracy: 0.6013
106/260 [===========>..................] - ETA: 2s - loss: 3.0471 - accuracy: 0.6055
110/260 [===========>..................] - ETA: 2s - loss: 2.9616 - accuracy: 0.6097
113/260 [============>.................] - ETA: 2s - loss: 2.9034 - accuracy: 0.6128
117/260 [============>.................] - ETA: 2s - loss: 2.8237 - accuracy: 0.6202
121/260 [============>.................] - ETA: 2s - loss: 2.7480 - accuracy: 0.6260
125/260 [=============>................] - ETA: 2s - loss: 2.6752 - accuracy: 0.6330
129/260 [=============>................] - ETA: 2s - loss: 2.6230 - accuracy: 0.6332
133/260 [==============>...............] - ETA: 2s - loss: 2.5621 - accuracy: 0.6363
137/260 [==============>...............] - ETA: 1s - loss: 2.5069 - accuracy: 0.6401
141/260 [===============>..............] - ETA: 1s - loss: 2.4516 - accuracy: 0.6445
145/260 [===============>..............] - ETA: 1s - loss: 2.4047 - accuracy: 0.6453
149/260 [================>.............] - ETA: 1s - loss: 2.3567 - accuracy: 0.6485
152/260 [================>.............] - ETA: 1s - loss: 2.3233 - accuracy: 0.6501
155/260 [================>.............] - ETA: 1s - loss: 2.2906 - accuracy: 0.6524
158/260 [=================>............] - ETA: 1s - loss: 2.2563 - accuracy: 0.6555
161/260 [=================>............] - ETA: 1s - loss: 2.2240 - accuracy: 0.6580
165/260 [==================>...........] - ETA: 1s - loss: 2.1849 - accuracy: 0.6610
169/260 [==================>...........] - ETA: 1s - loss: 2.1424 - accuracy: 0.6657
173/260 [==================>...........] - ETA: 1s - loss: 2.1071 - accuracy: 0.6680
177/260 [===================>..........] - ETA: 1s - loss: 2.0728 - accuracy: 0.6716
181/260 [===================>..........] - ETA: 1s - loss: 2.0429 - accuracy: 0.6747
185/260 [====================>.........] - ETA: 1s - loss: 2.0204 - accuracy: 0.6736
188/260 [====================>.........] - ETA: 1s - loss: 2.0010 - accuracy: 0.6742
191/260 [=====================>........] - ETA: 1s - loss: 1.9816 - accuracy: 0.6751
194/260 [=====================>........] - ETA: 1s - loss: 1.9595 - accuracy: 0.6775
198/260 [=====================>........] - ETA: 1s - loss: 1.9313 - accuracy: 0.6783
202/260 [======================>.......] - ETA: 0s - loss: 1.9056 - accuracy: 0.6788
206/260 [======================>.......] - ETA: 0s - loss: 1.8790 - accuracy: 0.6823
211/260 [=======================>......] - ETA: 0s - loss: 1.8485 - accuracy: 0.6860
215/260 [=======================>......] - ETA: 0s - loss: 1.8211 - accuracy: 0.6890
218/260 [========================>.....] - ETA: 0s - loss: 1.8068 - accuracy: 0.6892
222/260 [========================>.....] - ETA: 0s - loss: 1.7834 - accuracy: 0.6917
226/260 [=========================>....] - ETA: 0s - loss: 1.7627 - accuracy: 0.6928
231/260 [=========================>....] - ETA: 0s - loss: 1.7353 - accuracy: 0.6948
234/260 [==========================>...] - ETA: 0s - loss: 1.7183 - accuracy: 0.6971
238/260 [==========================>...] - ETA: 0s - loss: 1.6971 - accuracy: 0.6983
242/260 [==========================>...] - ETA: 0s - loss: 1.6787 - accuracy: 0.6996
245/260 [===========================>..] - ETA: 0s - loss: 1.6645 - accuracy: 0.7010
248/260 [===========================>..] - ETA: 0s - loss: 1.6505 - accuracy: 0.7024
253/260 [============================>.] - ETA: 0s - loss: 1.6303 - accuracy: 0.7041
257/260 [============================>.] - ETA: 0s - loss: 1.6133 - accuracy: 0.7055
260/260 [==============================] - 5s 18ms/step - loss: 1.6019 - accuracy: 0.7055 - val_loss: 0.4388 - val_accuracy: 0.8364
Epoch 2/10

  1/260 [..............................] - ETA: 2s - loss: 0.9951 - accuracy: 0.6875
  4/260 [..............................] - ETA: 4s - loss: 0.5622 - accuracy: 0.7656
  8/260 [..............................] - ETA: 4s - loss: 0.4643 - accuracy: 0.8125
 12/260 [>.............................] - ETA: 4s - loss: 0.5196 - accuracy: 0.7865
 16/260 [>.............................] - ETA: 3s - loss: 0.4843 - accuracy: 0.8047
 19/260 [=>............................] - ETA: 3s - loss: 0.4915 - accuracy: 0.8125
 23/260 [=>............................] - ETA: 3s - loss: 0.4710 - accuracy: 0.8179
 27/260 [==>...........................] - ETA: 3s - loss: 0.4514 - accuracy: 0.8333
 30/260 [==>...........................] - ETA: 3s - loss: 0.4660 - accuracy: 0.8292
 34/260 [==>...........................] - ETA: 3s - loss: 0.4497 - accuracy: 0.8346
 38/260 [===>..........................] - ETA: 3s - loss: 0.4457 - accuracy: 0.8372
 42/260 [===>..........................] - ETA: 3s - loss: 0.4357 - accuracy: 0.8423
 46/260 [====>.........................] - ETA: 3s - loss: 0.4471 - accuracy: 0.8315
 50/260 [====>.........................] - ETA: 3s - loss: 0.4426 - accuracy: 0.8313
 54/260 [=====>........................] - ETA: 3s - loss: 0.4377 - accuracy: 0.8299
 58/260 [=====>........................] - ETA: 3s - loss: 0.4376 - accuracy: 0.8308
 62/260 [======>.......................] - ETA: 3s - loss: 0.4423 - accuracy: 0.8276
 66/260 [======>.......................] - ETA: 3s - loss: 0.4459 - accuracy: 0.8305
 71/260 [=======>......................] - ETA: 3s - loss: 0.4453 - accuracy: 0.8266
 75/260 [=======>......................] - ETA: 2s - loss: 0.4445 - accuracy: 0.8275
 78/260 [========>.....................] - ETA: 2s - loss: 0.4414 - accuracy: 0.8285
 82/260 [========>.....................] - ETA: 2s - loss: 0.4360 - accuracy: 0.8285
 86/260 [========>.....................] - ETA: 2s - loss: 0.4382 - accuracy: 0.8270
 90/260 [=========>....................] - ETA: 2s - loss: 0.4361 - accuracy: 0.8278
 94/260 [=========>....................] - ETA: 2s - loss: 0.4326 - accuracy: 0.8298
 98/260 [==========>...................] - ETA: 2s - loss: 0.4239 - accuracy: 0.8329
102/260 [==========>...................] - ETA: 2s - loss: 0.4237 - accuracy: 0.8327
106/260 [===========>..................] - ETA: 2s - loss: 0.4169 - accuracy: 0.8355
111/260 [===========>..................] - ETA: 2s - loss: 0.4104 - accuracy: 0.8384
114/260 [============>.................] - ETA: 2s - loss: 0.4074 - accuracy: 0.8399
118/260 [============>.................] - ETA: 2s - loss: 0.4058 - accuracy: 0.8400
121/260 [============>.................] - ETA: 2s - loss: 0.4070 - accuracy: 0.8414
124/260 [=============>................] - ETA: 2s - loss: 0.4037 - accuracy: 0.8432
127/260 [=============>................] - ETA: 2s - loss: 0.4070 - accuracy: 0.8415
130/260 [==============>...............] - ETA: 2s - loss: 0.4048 - accuracy: 0.8418
134/260 [==============>...............] - ETA: 2s - loss: 0.3985 - accuracy: 0.8447
138/260 [==============>...............] - ETA: 1s - loss: 0.3953 - accuracy: 0.8456
142/260 [===============>..............] - ETA: 1s - loss: 0.3897 - accuracy: 0.8477
146/260 [===============>..............] - ETA: 1s - loss: 0.3879 - accuracy: 0.8485
150/260 [================>.............] - ETA: 1s - loss: 0.3892 - accuracy: 0.8475
154/260 [================>.............] - ETA: 1s - loss: 0.3880 - accuracy: 0.8482
158/260 [=================>............] - ETA: 1s - loss: 0.3860 - accuracy: 0.8493
161/260 [=================>............] - ETA: 1s - loss: 0.3862 - accuracy: 0.8490
165/260 [==================>...........] - ETA: 1s - loss: 0.3853 - accuracy: 0.8500
169/260 [==================>...........] - ETA: 1s - loss: 0.3818 - accuracy: 0.8517
174/260 [===================>..........] - ETA: 1s - loss: 0.3776 - accuracy: 0.8534
178/260 [===================>..........] - ETA: 1s - loss: 0.3748 - accuracy: 0.8543
182/260 [====================>.........] - ETA: 1s - loss: 0.3742 - accuracy: 0.8544
186/260 [====================>.........] - ETA: 1s - loss: 0.3751 - accuracy: 0.8545
190/260 [====================>.........] - ETA: 1s - loss: 0.3757 - accuracy: 0.8549
194/260 [=====================>........] - ETA: 1s - loss: 0.3713 - accuracy: 0.8570
199/260 [=====================>........] - ETA: 0s - loss: 0.3687 - accuracy: 0.8584
203/260 [======================>.......] - ETA: 0s - loss: 0.3672 - accuracy: 0.8590
206/260 [======================>.......] - ETA: 0s - loss: 0.3657 - accuracy: 0.8598
210/260 [=======================>......] - ETA: 0s - loss: 0.3651 - accuracy: 0.8601
214/260 [=======================>......] - ETA: 0s - loss: 0.3666 - accuracy: 0.8610
218/260 [========================>.....] - ETA: 0s - loss: 0.3670 - accuracy: 0.8618
222/260 [========================>.....] - ETA: 0s - loss: 0.3674 - accuracy: 0.8618
226/260 [=========================>....] - ETA: 0s - loss: 0.3675 - accuracy: 0.8623
230/260 [=========================>....] - ETA: 0s - loss: 0.3658 - accuracy: 0.8625
234/260 [==========================>...] - ETA: 0s - loss: 0.3617 - accuracy: 0.8643
238/260 [==========================>...] - ETA: 0s - loss: 0.3602 - accuracy: 0.8648
243/260 [===========================>..] - ETA: 0s - loss: 0.3566 - accuracy: 0.8660
247/260 [===========================>..] - ETA: 0s - loss: 0.3532 - accuracy: 0.8679
251/260 [===========================>..] - ETA: 0s - loss: 0.3538 - accuracy: 0.8683
255/260 [============================>.] - ETA: 0s - loss: 0.3534 - accuracy: 0.8691
259/260 [============================>.] - ETA: 0s - loss: 0.3535 - accuracy: 0.8694
260/260 [==============================] - 4s 17ms/step - loss: 0.3534 - accuracy: 0.8696 - val_loss: 0.2904 - val_accuracy: 0.8961
Epoch 3/10

  1/260 [..............................] - ETA: 4s - loss: 0.2244 - accuracy: 0.8750
  5/260 [..............................] - ETA: 3s - loss: 0.1717 - accuracy: 0.9375
  9/260 [>.............................] - ETA: 3s - loss: 0.1701 - accuracy: 0.9375
 12/260 [>.............................] - ETA: 4s - loss: 0.1971 - accuracy: 0.9271
 15/260 [>.............................] - ETA: 4s - loss: 0.2115 - accuracy: 0.9083
 19/260 [=>............................] - ETA: 4s - loss: 0.2466 - accuracy: 0.9079
 23/260 [=>............................] - ETA: 4s - loss: 0.2507 - accuracy: 0.9103
 27/260 [==>...........................] - ETA: 3s - loss: 0.2421 - accuracy: 0.9144
 31/260 [==>...........................] - ETA: 3s - loss: 0.2630 - accuracy: 0.9032
 36/260 [===>..........................] - ETA: 3s - loss: 0.2708 - accuracy: 0.9010
 40/260 [===>..........................] - ETA: 3s - loss: 0.2672 - accuracy: 0.9031
 44/260 [====>.........................] - ETA: 3s - loss: 0.2726 - accuracy: 0.8977
 48/260 [====>.........................] - ETA: 3s - loss: 0.2765 - accuracy: 0.8958
 52/260 [=====>........................] - ETA: 3s - loss: 0.2746 - accuracy: 0.8966
 56/260 [=====>........................] - ETA: 3s - loss: 0.2718 - accuracy: 0.8984
 60/260 [=====>........................] - ETA: 3s - loss: 0.2722 - accuracy: 0.8948
 64/260 [======>.......................] - ETA: 3s - loss: 0.2765 - accuracy: 0.8916
 68/260 [======>.......................] - ETA: 3s - loss: 0.2798 - accuracy: 0.8906
 72/260 [=======>......................] - ETA: 3s - loss: 0.2732 - accuracy: 0.8924
 76/260 [=======>......................] - ETA: 2s - loss: 0.2722 - accuracy: 0.8939
 80/260 [========>.....................] - ETA: 2s - loss: 0.2723 - accuracy: 0.8922
 84/260 [========>.....................] - ETA: 2s - loss: 0.2696 - accuracy: 0.8936
 88/260 [=========>....................] - ETA: 2s - loss: 0.2680 - accuracy: 0.8928
 92/260 [=========>....................] - ETA: 2s - loss: 0.2675 - accuracy: 0.8940
 96/260 [==========>...................] - ETA: 2s - loss: 0.2705 - accuracy: 0.8932
100/260 [==========>...................] - ETA: 2s - loss: 0.2651 - accuracy: 0.8956
104/260 [===========>..................] - ETA: 2s - loss: 0.2648 - accuracy: 0.8948
108/260 [===========>..................] - ETA: 2s - loss: 0.2616 - accuracy: 0.8964
112/260 [===========>..................] - ETA: 2s - loss: 0.2564 - accuracy: 0.8984
116/260 [============>.................] - ETA: 2s - loss: 0.2527 - accuracy: 0.8998
119/260 [============>.................] - ETA: 2s - loss: 0.2497 - accuracy: 0.9013
123/260 [=============>................] - ETA: 2s - loss: 0.2461 - accuracy: 0.9029
127/260 [=============>................] - ETA: 2s - loss: 0.2490 - accuracy: 0.9016
131/260 [==============>...............] - ETA: 2s - loss: 0.2493 - accuracy: 0.9017
135/260 [==============>...............] - ETA: 1s - loss: 0.2464 - accuracy: 0.9028
139/260 [===============>..............] - ETA: 1s - loss: 0.2452 - accuracy: 0.9033
143/260 [===============>..............] - ETA: 1s - loss: 0.2410 - accuracy: 0.9052
148/260 [================>.............] - ETA: 1s - loss: 0.2410 - accuracy: 0.9050
152/260 [================>.............] - ETA: 1s - loss: 0.2418 - accuracy: 0.9034
155/260 [================>.............] - ETA: 1s - loss: 0.2420 - accuracy: 0.9036
158/260 [=================>............] - ETA: 1s - loss: 0.2414 - accuracy: 0.9043
161/260 [=================>............] - ETA: 1s - loss: 0.2411 - accuracy: 0.9049
165/260 [==================>...........] - ETA: 1s - loss: 0.2402 - accuracy: 0.9049
169/260 [==================>...........] - ETA: 1s - loss: 0.2376 - accuracy: 0.9061
173/260 [==================>...........] - ETA: 1s - loss: 0.2381 - accuracy: 0.9064
177/260 [===================>..........] - ETA: 1s - loss: 0.2393 - accuracy: 0.9061
181/260 [===================>..........] - ETA: 1s - loss: 0.2413 - accuracy: 0.9054
186/260 [====================>.........] - ETA: 1s - loss: 0.2438 - accuracy: 0.9039
189/260 [====================>.........] - ETA: 1s - loss: 0.2421 - accuracy: 0.9044
193/260 [=====================>........] - ETA: 1s - loss: 0.2434 - accuracy: 0.9045
197/260 [=====================>........] - ETA: 1s - loss: 0.2416 - accuracy: 0.9058
201/260 [======================>.......] - ETA: 0s - loss: 0.2420 - accuracy: 0.9052
205/260 [======================>.......] - ETA: 0s - loss: 0.2408 - accuracy: 0.9061
209/260 [=======================>......] - ETA: 0s - loss: 0.2409 - accuracy: 0.9064
213/260 [=======================>......] - ETA: 0s - loss: 0.2431 - accuracy: 0.9064
217/260 [========================>.....] - ETA: 0s - loss: 0.2448 - accuracy: 0.9064
221/260 [========================>.....] - ETA: 0s - loss: 0.2472 - accuracy: 0.9053
226/260 [=========================>....] - ETA: 0s - loss: 0.2458 - accuracy: 0.9060
230/260 [=========================>....] - ETA: 0s - loss: 0.2440 - accuracy: 0.9068
234/260 [==========================>...] - ETA: 0s - loss: 0.2426 - accuracy: 0.9068
238/260 [==========================>...] - ETA: 0s - loss: 0.2421 - accuracy: 0.9070
243/260 [===========================>..] - ETA: 0s - loss: 0.2432 - accuracy: 0.9069
246/260 [===========================>..] - ETA: 0s - loss: 0.2419 - accuracy: 0.9073
249/260 [===========================>..] - ETA: 0s - loss: 0.2404 - accuracy: 0.9079
253/260 [============================>.] - ETA: 0s - loss: 0.2422 - accuracy: 0.9069
257/260 [============================>.] - ETA: 0s - loss: 0.2413 - accuracy: 0.9069
260/260 [==============================] - 4s 17ms/step - loss: 0.2413 - accuracy: 0.9066 - val_loss: 0.2484 - val_accuracy: 0.9163
Epoch 4/10

  1/260 [..............................] - ETA: 4s - loss: 0.1864 - accuracy: 0.9375
  5/260 [..............................] - ETA: 3s - loss: 0.1285 - accuracy: 0.9375
  9/260 [>.............................] - ETA: 3s - loss: 0.1364 - accuracy: 0.9444
 13/260 [>.............................] - ETA: 3s - loss: 0.1439 - accuracy: 0.9423
 18/260 [=>............................] - ETA: 3s - loss: 0.2217 - accuracy: 0.9271
 22/260 [=>............................] - ETA: 3s - loss: 0.2274 - accuracy: 0.9205
 26/260 [==>...........................] - ETA: 3s - loss: 0.2256 - accuracy: 0.9207
 30/260 [==>...........................] - ETA: 3s - loss: 0.2264 - accuracy: 0.9167
 34/260 [==>...........................] - ETA: 3s - loss: 0.2121 - accuracy: 0.9210
 38/260 [===>..........................] - ETA: 3s - loss: 0.2209 - accuracy: 0.9194
 41/260 [===>..........................] - ETA: 3s - loss: 0.2123 - accuracy: 0.9253
 45/260 [====>.........................] - ETA: 3s - loss: 0.2157 - accuracy: 0.9264
 49/260 [====>.........................] - ETA: 3s - loss: 0.2079 - accuracy: 0.9298
 53/260 [=====>........................] - ETA: 3s - loss: 0.2014 - accuracy: 0.9304
 57/260 [=====>........................] - ETA: 3s - loss: 0.2020 - accuracy: 0.9309
 61/260 [======>.......................] - ETA: 3s - loss: 0.2149 - accuracy: 0.9262
 65/260 [======>.......................] - ETA: 3s - loss: 0.2152 - accuracy: 0.9250
 68/260 [======>.......................] - ETA: 3s - loss: 0.2195 - accuracy: 0.9219
 72/260 [=======>......................] - ETA: 2s - loss: 0.2264 - accuracy: 0.9219
 76/260 [=======>......................] - ETA: 2s - loss: 0.2299 - accuracy: 0.9194
 80/260 [========>.....................] - ETA: 2s - loss: 0.2320 - accuracy: 0.9187
 84/260 [========>.....................] - ETA: 2s - loss: 0.2295 - accuracy: 0.9189
 88/260 [=========>....................] - ETA: 2s - loss: 0.2336 - accuracy: 0.9169
 93/260 [=========>....................] - ETA: 2s - loss: 0.2311 - accuracy: 0.9167
 96/260 [==========>...................] - ETA: 2s - loss: 0.2293 - accuracy: 0.9167
 99/260 [==========>...................] - ETA: 2s - loss: 0.2293 - accuracy: 0.9173
103/260 [==========>...................] - ETA: 2s - loss: 0.2346 - accuracy: 0.9163
107/260 [===========>..................] - ETA: 2s - loss: 0.2334 - accuracy: 0.9159
111/260 [===========>..................] - ETA: 2s - loss: 0.2320 - accuracy: 0.9178
116/260 [============>.................] - ETA: 2s - loss: 0.2402 - accuracy: 0.9143
120/260 [============>.................] - ETA: 2s - loss: 0.2435 - accuracy: 0.9146
124/260 [=============>................] - ETA: 2s - loss: 0.2399 - accuracy: 0.9158
128/260 [=============>................] - ETA: 2s - loss: 0.2398 - accuracy: 0.9155
132/260 [==============>...............] - ETA: 2s - loss: 0.2436 - accuracy: 0.9129
136/260 [==============>...............] - ETA: 1s - loss: 0.2424 - accuracy: 0.9127
140/260 [===============>..............] - ETA: 1s - loss: 0.2446 - accuracy: 0.9138
144/260 [===============>..............] - ETA: 1s - loss: 0.2424 - accuracy: 0.9149
148/260 [================>.............] - ETA: 1s - loss: 0.2442 - accuracy: 0.9139
152/260 [================>.............] - ETA: 1s - loss: 0.2430 - accuracy: 0.9141
155/260 [================>.............] - ETA: 1s - loss: 0.2405 - accuracy: 0.9145
158/260 [=================>............] - ETA: 1s - loss: 0.2403 - accuracy: 0.9150
163/260 [=================>............] - ETA: 1s - loss: 0.2387 - accuracy: 0.9149
167/260 [==================>...........] - ETA: 1s - loss: 0.2353 - accuracy: 0.9162
171/260 [==================>...........] - ETA: 1s - loss: 0.2343 - accuracy: 0.9163
175/260 [===================>..........] - ETA: 1s - loss: 0.2327 - accuracy: 0.9161
179/260 [===================>..........] - ETA: 1s - loss: 0.2314 - accuracy: 0.9166
183/260 [====================>.........] - ETA: 1s - loss: 0.2345 - accuracy: 0.9156
187/260 [====================>.........] - ETA: 1s - loss: 0.2326 - accuracy: 0.9164
191/260 [=====================>........] - ETA: 1s - loss: 0.2340 - accuracy: 0.9162
195/260 [=====================>........] - ETA: 1s - loss: 0.2328 - accuracy: 0.9173
199/260 [=====================>........] - ETA: 0s - loss: 0.2330 - accuracy: 0.9168
203/260 [======================>.......] - ETA: 0s - loss: 0.2330 - accuracy: 0.9169
207/260 [======================>.......] - ETA: 0s - loss: 0.2301 - accuracy: 0.9176
211/260 [=======================>......] - ETA: 0s - loss: 0.2295 - accuracy: 0.9177
215/260 [=======================>......] - ETA: 0s - loss: 0.2281 - accuracy: 0.9180
219/260 [========================>.....] - ETA: 0s - loss: 0.2296 - accuracy: 0.9175
223/260 [========================>.....] - ETA: 0s - loss: 0.2307 - accuracy: 0.9179
227/260 [=========================>....] - ETA: 0s - loss: 0.2320 - accuracy: 0.9182
231/260 [=========================>....] - ETA: 0s - loss: 0.2314 - accuracy: 0.9183
234/260 [==========================>...] - ETA: 0s - loss: 0.2293 - accuracy: 0.9191
237/260 [==========================>...] - ETA: 0s - loss: 0.2288 - accuracy: 0.9190
241/260 [==========================>...] - ETA: 0s - loss: 0.2279 - accuracy: 0.9193
245/260 [===========================>..] - ETA: 0s - loss: 0.2266 - accuracy: 0.9199
249/260 [===========================>..] - ETA: 0s - loss: 0.2256 - accuracy: 0.9204
253/260 [============================>.] - ETA: 0s - loss: 0.2256 - accuracy: 0.9207
258/260 [============================>.] - ETA: 0s - loss: 0.2258 - accuracy: 0.9203
260/260 [==============================] - 4s 17ms/step - loss: 0.2266 - accuracy: 0.9196 - val_loss: 0.2205 - val_accuracy: 0.9153
Epoch 5/10

  1/260 [..............................] - ETA: 3s - loss: 0.1138 - accuracy: 1.0000
  5/260 [..............................] - ETA: 3s - loss: 0.1956 - accuracy: 0.9500
  9/260 [>.............................] - ETA: 3s - loss: 0.1557 - accuracy: 0.9514
 13/260 [>.............................] - ETA: 3s - loss: 0.1910 - accuracy: 0.9279
 16/260 [>.............................] - ETA: 4s - loss: 0.2250 - accuracy: 0.9102
 20/260 [=>............................] - ETA: 3s - loss: 0.2383 - accuracy: 0.9187
 24/260 [=>............................] - ETA: 3s - loss: 0.2158 - accuracy: 0.9271
 28/260 [==>...........................] - ETA: 3s - loss: 0.2217 - accuracy: 0.9263
 32/260 [==>...........................] - ETA: 3s - loss: 0.2319 - accuracy: 0.9258
 36/260 [===>..........................] - ETA: 3s - loss: 0.2137 - accuracy: 0.9306
 40/260 [===>..........................] - ETA: 3s - loss: 0.2075 - accuracy: 0.9312
 43/260 [===>..........................] - ETA: 3s - loss: 0.1953 - accuracy: 0.9360
 46/260 [====>.........................] - ETA: 3s - loss: 0.1943 - accuracy: 0.9348
 50/260 [====>.........................] - ETA: 3s - loss: 0.1905 - accuracy: 0.9350
 54/260 [=====>........................] - ETA: 3s - loss: 0.1883 - accuracy: 0.9329
 56/260 [=====>........................] - ETA: 3s - loss: 0.1824 - accuracy: 0.9353
 59/260 [=====>........................] - ETA: 3s - loss: 0.1784 - accuracy: 0.9354
 62/260 [======>.......................] - ETA: 3s - loss: 0.1928 - accuracy: 0.9294
 66/260 [======>.......................] - ETA: 3s - loss: 0.1892 - accuracy: 0.9290
 69/260 [======>.......................] - ETA: 3s - loss: 0.1853 - accuracy: 0.9303
 72/260 [=======>......................] - ETA: 3s - loss: 0.1868 - accuracy: 0.9306
 75/260 [=======>......................] - ETA: 3s - loss: 0.1861 - accuracy: 0.9317
 79/260 [========>.....................] - ETA: 3s - loss: 0.1844 - accuracy: 0.9320
 82/260 [========>.....................] - ETA: 3s - loss: 0.1858 - accuracy: 0.9322
 86/260 [========>.....................] - ETA: 3s - loss: 0.1844 - accuracy: 0.9339
 89/260 [=========>....................] - ETA: 3s - loss: 0.1856 - accuracy: 0.9333
 92/260 [=========>....................] - ETA: 2s - loss: 0.1825 - accuracy: 0.9348
 96/260 [==========>...................] - ETA: 2s - loss: 0.1821 - accuracy: 0.9342
 99/260 [==========>...................] - ETA: 2s - loss: 0.1785 - accuracy: 0.9356
103/260 [==========>...................] - ETA: 2s - loss: 0.1771 - accuracy: 0.9369
107/260 [===========>..................] - ETA: 2s - loss: 0.1722 - accuracy: 0.9387
111/260 [===========>..................] - ETA: 2s - loss: 0.1685 - accuracy: 0.9398
115/260 [============>.................] - ETA: 2s - loss: 0.1660 - accuracy: 0.9397
119/260 [============>.................] - ETA: 2s - loss: 0.1640 - accuracy: 0.9401
123/260 [=============>................] - ETA: 2s - loss: 0.1620 - accuracy: 0.9405
127/260 [=============>................] - ETA: 2s - loss: 0.1605 - accuracy: 0.9400
131/260 [==============>...............] - ETA: 2s - loss: 0.1631 - accuracy: 0.9385
134/260 [==============>...............] - ETA: 2s - loss: 0.1622 - accuracy: 0.9389
138/260 [==============>...............] - ETA: 2s - loss: 0.1631 - accuracy: 0.9380
141/260 [===============>..............] - ETA: 2s - loss: 0.1625 - accuracy: 0.9384
144/260 [===============>..............] - ETA: 2s - loss: 0.1611 - accuracy: 0.9392
147/260 [===============>..............] - ETA: 1s - loss: 0.1624 - accuracy: 0.9384
150/260 [================>.............] - ETA: 1s - loss: 0.1655 - accuracy: 0.9367
153/260 [================>.............] - ETA: 1s - loss: 0.1678 - accuracy: 0.9355
157/260 [=================>............] - ETA: 1s - loss: 0.1672 - accuracy: 0.9359
161/260 [=================>............] - ETA: 1s - loss: 0.1659 - accuracy: 0.9359
164/260 [=================>............] - ETA: 1s - loss: 0.1642 - accuracy: 0.9367
168/260 [==================>...........] - ETA: 1s - loss: 0.1631 - accuracy: 0.9368
172/260 [==================>...........] - ETA: 1s - loss: 0.1603 - accuracy: 0.9382
176/260 [===================>..........] - ETA: 1s - loss: 0.1601 - accuracy: 0.9386
180/260 [===================>..........] - ETA: 1s - loss: 0.1602 - accuracy: 0.9385
184/260 [====================>.........] - ETA: 1s - loss: 0.1597 - accuracy: 0.9385
188/260 [====================>.........] - ETA: 1s - loss: 0.1611 - accuracy: 0.9385
192/260 [=====================>........] - ETA: 1s - loss: 0.1596 - accuracy: 0.9391
196/260 [=====================>........] - ETA: 1s - loss: 0.1611 - accuracy: 0.9391
200/260 [======================>.......] - ETA: 1s - loss: 0.1612 - accuracy: 0.9391
204/260 [======================>.......] - ETA: 0s - loss: 0.1604 - accuracy: 0.9393
208/260 [=======================>......] - ETA: 0s - loss: 0.1590 - accuracy: 0.9393
211/260 [=======================>......] - ETA: 0s - loss: 0.1630 - accuracy: 0.9387
214/260 [=======================>......] - ETA: 0s - loss: 0.1622 - accuracy: 0.9390
218/260 [========================>.....] - ETA: 0s - loss: 0.1627 - accuracy: 0.9389
222/260 [========================>.....] - ETA: 0s - loss: 0.1622 - accuracy: 0.9389
226/260 [=========================>....] - ETA: 0s - loss: 0.1621 - accuracy: 0.9394
231/260 [=========================>....] - ETA: 0s - loss: 0.1609 - accuracy: 0.9397
235/260 [==========================>...] - ETA: 0s - loss: 0.1594 - accuracy: 0.9399
239/260 [==========================>...] - ETA: 0s - loss: 0.1587 - accuracy: 0.9406
244/260 [===========================>..] - ETA: 0s - loss: 0.1577 - accuracy: 0.9408
247/260 [===========================>..] - ETA: 0s - loss: 0.1575 - accuracy: 0.9410
251/260 [===========================>..] - ETA: 0s - loss: 0.1561 - accuracy: 0.9417
255/260 [============================>.] - ETA: 0s - loss: 0.1553 - accuracy: 0.9419
259/260 [============================>.] - ETA: 0s - loss: 0.1541 - accuracy: 0.9423
260/260 [==============================] - 5s 18ms/step - loss: 0.1540 - accuracy: 0.9425 - val_loss: 0.2536 - val_accuracy: 0.9201
Epoch 6/10

  1/260 [..............................] - ETA: 4s - loss: 0.1957 - accuracy: 0.9375
  4/260 [..............................] - ETA: 5s - loss: 0.1406 - accuracy: 0.9688
  7/260 [..............................] - ETA: 5s - loss: 0.0914 - accuracy: 0.9821
 11/260 [>.............................] - ETA: 4s - loss: 0.1014 - accuracy: 0.9716
 15/260 [>.............................] - ETA: 4s - loss: 0.1372 - accuracy: 0.9583
 19/260 [=>............................] - ETA: 4s - loss: 0.1217 - accuracy: 0.9605
 23/260 [=>............................] - ETA: 4s - loss: 0.1221 - accuracy: 0.9538
 27/260 [==>...........................] - ETA: 3s - loss: 0.1069 - accuracy: 0.9606
 31/260 [==>...........................] - ETA: 3s - loss: 0.1143 - accuracy: 0.9577
 35/260 [===>..........................] - ETA: 3s - loss: 0.1046 - accuracy: 0.9625
 39/260 [===>..........................] - ETA: 3s - loss: 0.1062 - accuracy: 0.9647
 43/260 [===>..........................] - ETA: 3s - loss: 0.1015 - accuracy: 0.9666
 47/260 [====>.........................] - ETA: 3s - loss: 0.1144 - accuracy: 0.9628
 51/260 [====>.........................] - ETA: 3s - loss: 0.1082 - accuracy: 0.9645
 55/260 [=====>........................] - ETA: 3s - loss: 0.1180 - accuracy: 0.9602
 59/260 [=====>........................] - ETA: 3s - loss: 0.1207 - accuracy: 0.9608
 63/260 [======>.......................] - ETA: 3s - loss: 0.1393 - accuracy: 0.9563
 67/260 [======>.......................] - ETA: 3s - loss: 0.1377 - accuracy: 0.9571
 71/260 [=======>......................] - ETA: 3s - loss: 0.1414 - accuracy: 0.9551
 75/260 [=======>......................] - ETA: 3s - loss: 0.1426 - accuracy: 0.9542
 79/260 [========>.....................] - ETA: 2s - loss: 0.1395 - accuracy: 0.9557
 83/260 [========>.....................] - ETA: 2s - loss: 0.1401 - accuracy: 0.9556
 87/260 [=========>....................] - ETA: 2s - loss: 0.1431 - accuracy: 0.9540
 91/260 [=========>....................] - ETA: 2s - loss: 0.1479 - accuracy: 0.9512
 94/260 [=========>....................] - ETA: 2s - loss: 0.1456 - accuracy: 0.9521
 98/260 [==========>...................] - ETA: 2s - loss: 0.1459 - accuracy: 0.9522
102/260 [==========>...................] - ETA: 2s - loss: 0.1504 - accuracy: 0.9510
106/260 [===========>..................] - ETA: 2s - loss: 0.1484 - accuracy: 0.9517
110/260 [===========>..................] - ETA: 2s - loss: 0.1493 - accuracy: 0.9511
114/260 [============>.................] - ETA: 2s - loss: 0.1471 - accuracy: 0.9518
118/260 [============>.................] - ETA: 2s - loss: 0.1478 - accuracy: 0.9507
123/260 [=============>................] - ETA: 2s - loss: 0.1496 - accuracy: 0.9502
127/260 [=============>................] - ETA: 2s - loss: 0.1503 - accuracy: 0.9498
131/260 [==============>...............] - ETA: 2s - loss: 0.1491 - accuracy: 0.9494
135/260 [==============>...............] - ETA: 2s - loss: 0.1523 - accuracy: 0.9477
139/260 [===============>..............] - ETA: 1s - loss: 0.1502 - accuracy: 0.9483
143/260 [===============>..............] - ETA: 1s - loss: 0.1472 - accuracy: 0.9493
147/260 [===============>..............] - ETA: 1s - loss: 0.1450 - accuracy: 0.9494
150/260 [================>.............] - ETA: 1s - loss: 0.1473 - accuracy: 0.9479
153/260 [================>.............] - ETA: 1s - loss: 0.1472 - accuracy: 0.9481
157/260 [=================>............] - ETA: 1s - loss: 0.1458 - accuracy: 0.9482
161/260 [=================>............] - ETA: 1s - loss: 0.1438 - accuracy: 0.9491
164/260 [=================>............] - ETA: 1s - loss: 0.1431 - accuracy: 0.9493
168/260 [==================>...........] - ETA: 1s - loss: 0.1413 - accuracy: 0.9498
173/260 [==================>...........] - ETA: 1s - loss: 0.1407 - accuracy: 0.9501
177/260 [===================>..........] - ETA: 1s - loss: 0.1400 - accuracy: 0.9506
181/260 [===================>..........] - ETA: 1s - loss: 0.1383 - accuracy: 0.9510
185/260 [====================>.........] - ETA: 1s - loss: 0.1385 - accuracy: 0.9510
189/260 [====================>.........] - ETA: 1s - loss: 0.1364 - accuracy: 0.9517
193/260 [=====================>........] - ETA: 1s - loss: 0.1368 - accuracy: 0.9505
196/260 [=====================>........] - ETA: 1s - loss: 0.1354 - accuracy: 0.9509
200/260 [======================>.......] - ETA: 0s - loss: 0.1339 - accuracy: 0.9516
204/260 [======================>.......] - ETA: 0s - loss: 0.1327 - accuracy: 0.9522
208/260 [=======================>......] - ETA: 0s - loss: 0.1310 - accuracy: 0.9528
212/260 [=======================>......] - ETA: 0s - loss: 0.1298 - accuracy: 0.9534
216/260 [=======================>......] - ETA: 0s - loss: 0.1278 - accuracy: 0.9543
220/260 [========================>.....] - ETA: 0s - loss: 0.1291 - accuracy: 0.9543
224/260 [========================>.....] - ETA: 0s - loss: 0.1292 - accuracy: 0.9542
228/260 [=========================>....] - ETA: 0s - loss: 0.1289 - accuracy: 0.9542
232/260 [=========================>....] - ETA: 0s - loss: 0.1279 - accuracy: 0.9547
236/260 [==========================>...] - ETA: 0s - loss: 0.1268 - accuracy: 0.9552
240/260 [==========================>...] - ETA: 0s - loss: 0.1273 - accuracy: 0.9547
244/260 [===========================>..] - ETA: 0s - loss: 0.1264 - accuracy: 0.9549
248/260 [===========================>..] - ETA: 0s - loss: 0.1253 - accuracy: 0.9554
251/260 [===========================>..] - ETA: 0s - loss: 0.1246 - accuracy: 0.9557
255/260 [============================>.] - ETA: 0s - loss: 0.1242 - accuracy: 0.9559
258/260 [============================>.] - ETA: 0s - loss: 0.1241 - accuracy: 0.9557
260/260 [==============================] - 4s 17ms/step - loss: 0.1236 - accuracy: 0.9560 - val_loss: 0.2681 - val_accuracy: 0.9220
Epoch 7/10

  1/260 [..............................] - ETA: 4s - loss: 0.1454 - accuracy: 0.9375
  5/260 [..............................] - ETA: 3s - loss: 0.0909 - accuracy: 0.9625
  9/260 [>.............................] - ETA: 3s - loss: 0.0582 - accuracy: 0.9792
 13/260 [>.............................] - ETA: 3s - loss: 0.0582 - accuracy: 0.9808
 17/260 [>.............................] - ETA: 3s - loss: 0.0571 - accuracy: 0.9816
 21/260 [=>............................] - ETA: 3s - loss: 0.0660 - accuracy: 0.9821
 24/260 [=>............................] - ETA: 3s - loss: 0.0672 - accuracy: 0.9766
 29/260 [==>...........................] - ETA: 3s - loss: 0.0685 - accuracy: 0.9720
 33/260 [==>...........................] - ETA: 3s - loss: 0.0823 - accuracy: 0.9697
 37/260 [===>..........................] - ETA: 3s - loss: 0.0805 - accuracy: 0.9713
 41/260 [===>..........................] - ETA: 3s - loss: 0.0780 - accuracy: 0.9726
 45/260 [====>.........................] - ETA: 3s - loss: 0.0735 - accuracy: 0.9750
 49/260 [====>.........................] - ETA: 3s - loss: 0.0767 - accuracy: 0.9719
 54/260 [=====>........................] - ETA: 3s - loss: 0.0711 - accuracy: 0.9745
 58/260 [=====>........................] - ETA: 3s - loss: 0.0723 - accuracy: 0.9741
 61/260 [======>.......................] - ETA: 3s - loss: 0.0762 - accuracy: 0.9723
 65/260 [======>.......................] - ETA: 3s - loss: 0.0737 - accuracy: 0.9740
 69/260 [======>.......................] - ETA: 3s - loss: 0.0747 - accuracy: 0.9737
 73/260 [=======>......................] - ETA: 2s - loss: 0.0793 - accuracy: 0.9735
 77/260 [=======>......................] - ETA: 2s - loss: 0.0816 - accuracy: 0.9724
 81/260 [========>.....................] - ETA: 2s - loss: 0.0809 - accuracy: 0.9722
 85/260 [========>.....................] - ETA: 2s - loss: 0.0851 - accuracy: 0.9699
 89/260 [=========>....................] - ETA: 2s - loss: 0.0833 - accuracy: 0.9698
 93/260 [=========>....................] - ETA: 2s - loss: 0.0802 - accuracy: 0.9711
 97/260 [==========>...................] - ETA: 2s - loss: 0.0796 - accuracy: 0.9716
101/260 [==========>...................] - ETA: 2s - loss: 0.0838 - accuracy: 0.9709
105/260 [===========>..................] - ETA: 2s - loss: 0.0815 - accuracy: 0.9720
109/260 [===========>..................] - ETA: 2s - loss: 0.0793 - accuracy: 0.9731
113/260 [============>.................] - ETA: 2s - loss: 0.0802 - accuracy: 0.9729
117/260 [============>.................] - ETA: 2s - loss: 0.0791 - accuracy: 0.9733
120/260 [============>.................] - ETA: 2s - loss: 0.0779 - accuracy: 0.9740
124/260 [=============>................] - ETA: 2s - loss: 0.0777 - accuracy: 0.9738
128/260 [=============>................] - ETA: 2s - loss: 0.0795 - accuracy: 0.9736
132/260 [==============>...............] - ETA: 2s - loss: 0.0849 - accuracy: 0.9725
136/260 [==============>...............] - ETA: 1s - loss: 0.0829 - accuracy: 0.9733
140/260 [===============>..............] - ETA: 1s - loss: 0.0821 - accuracy: 0.9737
143/260 [===============>..............] - ETA: 1s - loss: 0.0814 - accuracy: 0.9733
147/260 [===============>..............] - ETA: 1s - loss: 0.0813 - accuracy: 0.9732
151/260 [================>.............] - ETA: 1s - loss: 0.0826 - accuracy: 0.9723
155/260 [================>.............] - ETA: 1s - loss: 0.0815 - accuracy: 0.9726
159/260 [=================>............] - ETA: 1s - loss: 0.0807 - accuracy: 0.9729
163/260 [=================>............] - ETA: 1s - loss: 0.0801 - accuracy: 0.9732
167/260 [==================>...........] - ETA: 1s - loss: 0.0793 - accuracy: 0.9734
172/260 [==================>...........] - ETA: 1s - loss: 0.0789 - accuracy: 0.9735
176/260 [===================>..........] - ETA: 1s - loss: 0.0789 - accuracy: 0.9730
180/260 [===================>..........] - ETA: 1s - loss: 0.0796 - accuracy: 0.9729
184/260 [====================>.........] - ETA: 1s - loss: 0.0821 - accuracy: 0.9725
188/260 [====================>.........] - ETA: 1s - loss: 0.0840 - accuracy: 0.9714
192/260 [=====================>........] - ETA: 1s - loss: 0.0861 - accuracy: 0.9710
196/260 [=====================>........] - ETA: 1s - loss: 0.0859 - accuracy: 0.9710
200/260 [======================>.......] - ETA: 0s - loss: 0.0848 - accuracy: 0.9712
204/260 [======================>.......] - ETA: 0s - loss: 0.0876 - accuracy: 0.9703
208/260 [=======================>......] - ETA: 0s - loss: 0.0866 - accuracy: 0.9703
212/260 [=======================>......] - ETA: 0s - loss: 0.0862 - accuracy: 0.9702
216/260 [=======================>......] - ETA: 0s - loss: 0.0882 - accuracy: 0.9693
220/260 [========================>.....] - ETA: 0s - loss: 0.0875 - accuracy: 0.9696
224/260 [========================>.....] - ETA: 0s - loss: 0.0864 - accuracy: 0.9701
228/260 [=========================>....] - ETA: 0s - loss: 0.0858 - accuracy: 0.9704
232/260 [=========================>....] - ETA: 0s - loss: 0.0849 - accuracy: 0.9706
236/260 [==========================>...] - ETA: 0s - loss: 0.0842 - accuracy: 0.9709
240/260 [==========================>...] - ETA: 0s - loss: 0.0850 - accuracy: 0.9708
244/260 [===========================>..] - ETA: 0s - loss: 0.0850 - accuracy: 0.9705
248/260 [===========================>..] - ETA: 0s - loss: 0.0841 - accuracy: 0.9710
252/260 [============================>.] - ETA: 0s - loss: 0.0839 - accuracy: 0.9710
256/260 [============================>.] - ETA: 0s - loss: 0.0833 - accuracy: 0.9709
260/260 [==============================] - ETA: 0s - loss: 0.0838 - accuracy: 0.9704
260/260 [==============================] - 4s 17ms/step - loss: 0.0838 - accuracy: 0.9704 - val_loss: 0.1916 - val_accuracy: 0.9355
Epoch 8/10

  1/260 [..............................] - ETA: 4s - loss: 0.0739 - accuracy: 1.0000
  5/260 [..............................] - ETA: 4s - loss: 0.0808 - accuracy: 0.9750
  9/260 [>.............................] - ETA: 3s - loss: 0.0667 - accuracy: 0.9792
 13/260 [>.............................] - ETA: 3s - loss: 0.0941 - accuracy: 0.9663
 17/260 [>.............................] - ETA: 3s - loss: 0.0842 - accuracy: 0.9706
 22/260 [=>............................] - ETA: 3s - loss: 0.1045 - accuracy: 0.9716
 26/260 [==>...........................] - ETA: 3s - loss: 0.1023 - accuracy: 0.9688
 29/260 [==>...........................] - ETA: 3s - loss: 0.0967 - accuracy: 0.9698
 33/260 [==>...........................] - ETA: 3s - loss: 0.1001 - accuracy: 0.9678
 37/260 [===>..........................] - ETA: 3s - loss: 0.0959 - accuracy: 0.9679
 41/260 [===>..........................] - ETA: 3s - loss: 0.0906 - accuracy: 0.9695
 44/260 [====>.........................] - ETA: 3s - loss: 0.0901 - accuracy: 0.9688
 47/260 [====>.........................] - ETA: 3s - loss: 0.0948 - accuracy: 0.9681
 51/260 [====>.........................] - ETA: 3s - loss: 0.1019 - accuracy: 0.9669
 55/260 [=====>........................] - ETA: 3s - loss: 0.0985 - accuracy: 0.9659
 59/260 [=====>........................] - ETA: 3s - loss: 0.0996 - accuracy: 0.9640
 63/260 [======>.......................] - ETA: 3s - loss: 0.0976 - accuracy: 0.9653
 67/260 [======>.......................] - ETA: 3s - loss: 0.0955 - accuracy: 0.9655
 71/260 [=======>......................] - ETA: 2s - loss: 0.0941 - accuracy: 0.9657
 75/260 [=======>......................] - ETA: 2s - loss: 0.1070 - accuracy: 0.9625
 79/260 [========>.....................] - ETA: 2s - loss: 0.1087 - accuracy: 0.9620
 83/260 [========>.....................] - ETA: 2s - loss: 0.1122 - accuracy: 0.9616
 87/260 [=========>....................] - ETA: 2s - loss: 0.1153 - accuracy: 0.9612
 91/260 [=========>....................] - ETA: 2s - loss: 0.1132 - accuracy: 0.9622
 94/260 [=========>....................] - ETA: 2s - loss: 0.1134 - accuracy: 0.9628
 98/260 [==========>...................] - ETA: 2s - loss: 0.1107 - accuracy: 0.9636
102/260 [==========>...................] - ETA: 2s - loss: 0.1081 - accuracy: 0.9645
106/260 [===========>..................] - ETA: 2s - loss: 0.1104 - accuracy: 0.9634
110/260 [===========>..................] - ETA: 2s - loss: 0.1135 - accuracy: 0.9619
114/260 [============>.................] - ETA: 2s - loss: 0.1133 - accuracy: 0.9622
118/260 [============>.................] - ETA: 2s - loss: 0.1122 - accuracy: 0.9629
122/260 [=============>................] - ETA: 2s - loss: 0.1118 - accuracy: 0.9631
126/260 [=============>................] - ETA: 2s - loss: 0.1102 - accuracy: 0.9633
130/260 [==============>...............] - ETA: 2s - loss: 0.1075 - accuracy: 0.9644
134/260 [==============>...............] - ETA: 1s - loss: 0.1097 - accuracy: 0.9636
137/260 [==============>...............] - ETA: 1s - loss: 0.1111 - accuracy: 0.9635
140/260 [===============>..............] - ETA: 1s - loss: 0.1105 - accuracy: 0.9629
143/260 [===============>..............] - ETA: 1s - loss: 0.1099 - accuracy: 0.9628
147/260 [===============>..............] - ETA: 1s - loss: 0.1080 - accuracy: 0.9634
151/260 [================>.............] - ETA: 1s - loss: 0.1077 - accuracy: 0.9632
155/260 [================>.............] - ETA: 1s - loss: 0.1086 - accuracy: 0.9633
158/260 [=================>............] - ETA: 1s - loss: 0.1084 - accuracy: 0.9636
162/260 [=================>............] - ETA: 1s - loss: 0.1071 - accuracy: 0.9641
166/260 [==================>...........] - ETA: 1s - loss: 0.1058 - accuracy: 0.9646
170/260 [==================>...........] - ETA: 1s - loss: 0.1047 - accuracy: 0.9651
174/260 [===================>..........] - ETA: 1s - loss: 0.1040 - accuracy: 0.9652
178/260 [===================>..........] - ETA: 1s - loss: 0.1020 - accuracy: 0.9659
182/260 [====================>.........] - ETA: 1s - loss: 0.1034 - accuracy: 0.9657
186/260 [====================>.........] - ETA: 1s - loss: 0.1047 - accuracy: 0.9647
190/260 [====================>.........] - ETA: 1s - loss: 0.1048 - accuracy: 0.9645
194/260 [=====================>........] - ETA: 1s - loss: 0.1034 - accuracy: 0.9649
199/260 [=====================>........] - ETA: 0s - loss: 0.1027 - accuracy: 0.9651
202/260 [======================>.......] - ETA: 0s - loss: 0.1021 - accuracy: 0.9653
205/260 [======================>.......] - ETA: 0s - loss: 0.1024 - accuracy: 0.9649
209/260 [=======================>......] - ETA: 0s - loss: 0.1013 - accuracy: 0.9653
213/260 [=======================>......] - ETA: 0s - loss: 0.1003 - accuracy: 0.9657
217/260 [========================>.....] - ETA: 0s - loss: 0.1015 - accuracy: 0.9660
221/260 [========================>.....] - ETA: 0s - loss: 0.1010 - accuracy: 0.9661
225/260 [========================>.....] - ETA: 0s - loss: 0.0996 - accuracy: 0.9664
229/260 [=========================>....] - ETA: 0s - loss: 0.0988 - accuracy: 0.9670
233/260 [=========================>....] - ETA: 0s - loss: 0.0980 - accuracy: 0.9670
237/260 [==========================>...] - ETA: 0s - loss: 0.0982 - accuracy: 0.9668
240/260 [==========================>...] - ETA: 0s - loss: 0.0971 - accuracy: 0.9672
244/260 [===========================>..] - ETA: 0s - loss: 0.0960 - accuracy: 0.9677
248/260 [===========================>..] - ETA: 0s - loss: 0.0956 - accuracy: 0.9677
252/260 [============================>.] - ETA: 0s - loss: 0.0964 - accuracy: 0.9673
256/260 [============================>.] - ETA: 0s - loss: 0.0954 - accuracy: 0.9678
259/260 [============================>.] - ETA: 0s - loss: 0.0968 - accuracy: 0.9679
260/260 [==============================] - 4s 17ms/step - loss: 0.0967 - accuracy: 0.9680 - val_loss: 0.2145 - val_accuracy: 0.9346
Epoch 9/10

  1/260 [..............................] - ETA: 6s - loss: 0.1240 - accuracy: 0.9375
  5/260 [..............................] - ETA: 3s - loss: 0.0487 - accuracy: 0.9750
  9/260 [>.............................] - ETA: 3s - loss: 0.0428 - accuracy: 0.9861
 13/260 [>.............................] - ETA: 3s - loss: 0.0433 - accuracy: 0.9856
 17/260 [>.............................] - ETA: 3s - loss: 0.0502 - accuracy: 0.9816
 21/260 [=>............................] - ETA: 3s - loss: 0.0634 - accuracy: 0.9732
 24/260 [=>............................] - ETA: 3s - loss: 0.0683 - accuracy: 0.9740
 28/260 [==>...........................] - ETA: 3s - loss: 0.0623 - accuracy: 0.9777
 32/260 [==>...........................] - ETA: 3s - loss: 0.0692 - accuracy: 0.9766
 36/260 [===>..........................] - ETA: 3s - loss: 0.0759 - accuracy: 0.9740
 40/260 [===>..........................] - ETA: 3s - loss: 0.0745 - accuracy: 0.9750
 43/260 [===>..........................] - ETA: 3s - loss: 0.0710 - accuracy: 0.9767
 47/260 [====>.........................] - ETA: 3s - loss: 0.0840 - accuracy: 0.9734
 51/260 [====>.........................] - ETA: 3s - loss: 0.0783 - accuracy: 0.9755
 55/260 [=====>........................] - ETA: 3s - loss: 0.0801 - accuracy: 0.9761
 59/260 [=====>........................] - ETA: 3s - loss: 0.0793 - accuracy: 0.9756
 63/260 [======>.......................] - ETA: 3s - loss: 0.0820 - accuracy: 0.9742
 66/260 [======>.......................] - ETA: 3s - loss: 0.0794 - accuracy: 0.9754
 70/260 [=======>......................] - ETA: 2s - loss: 0.0771 - accuracy: 0.9759
 74/260 [=======>......................] - ETA: 2s - loss: 0.0790 - accuracy: 0.9747
 78/260 [========>.....................] - ETA: 2s - loss: 0.0809 - accuracy: 0.9744
 82/260 [========>.....................] - ETA: 2s - loss: 0.0808 - accuracy: 0.9733
 86/260 [========>.....................] - ETA: 2s - loss: 0.0832 - accuracy: 0.9717
 90/260 [=========>....................] - ETA: 2s - loss: 0.0815 - accuracy: 0.9722
 93/260 [=========>....................] - ETA: 2s - loss: 0.0883 - accuracy: 0.9724
 97/260 [==========>...................] - ETA: 2s - loss: 0.0884 - accuracy: 0.9723
101/260 [==========>...................] - ETA: 2s - loss: 0.0903 - accuracy: 0.9709
105/260 [===========>..................] - ETA: 2s - loss: 0.0896 - accuracy: 0.9714
109/260 [===========>..................] - ETA: 2s - loss: 0.0881 - accuracy: 0.9719
113/260 [============>.................] - ETA: 2s - loss: 0.0981 - accuracy: 0.9696
117/260 [============>.................] - ETA: 2s - loss: 0.1007 - accuracy: 0.9696
121/260 [============>.................] - ETA: 2s - loss: 0.0994 - accuracy: 0.9700
124/260 [=============>................] - ETA: 2s - loss: 0.1059 - accuracy: 0.9698
127/260 [=============>................] - ETA: 2s - loss: 0.1052 - accuracy: 0.9700
131/260 [==============>...............] - ETA: 2s - loss: 0.1079 - accuracy: 0.9695
134/260 [==============>...............] - ETA: 2s - loss: 0.1103 - accuracy: 0.9678
138/260 [==============>...............] - ETA: 1s - loss: 0.1087 - accuracy: 0.9678
141/260 [===============>..............] - ETA: 1s - loss: 0.1096 - accuracy: 0.9668
145/260 [===============>..............] - ETA: 1s - loss: 0.1068 - accuracy: 0.9677
149/260 [================>.............] - ETA: 1s - loss: 0.1077 - accuracy: 0.9669
152/260 [================>.............] - ETA: 1s - loss: 0.1127 - accuracy: 0.9667
156/260 [=================>............] - ETA: 1s - loss: 0.1154 - accuracy: 0.9659
160/260 [=================>............] - ETA: 1s - loss: 0.1172 - accuracy: 0.9652
164/260 [=================>............] - ETA: 1s - loss: 0.1169 - accuracy: 0.9653
168/260 [==================>...........] - ETA: 1s - loss: 0.1179 - accuracy: 0.9654
172/260 [==================>...........] - ETA: 1s - loss: 0.1172 - accuracy: 0.9655
176/260 [===================>..........] - ETA: 1s - loss: 0.1164 - accuracy: 0.9652
180/260 [===================>..........] - ETA: 1s - loss: 0.1179 - accuracy: 0.9649
183/260 [====================>.........] - ETA: 1s - loss: 0.1188 - accuracy: 0.9641
186/260 [====================>.........] - ETA: 1s - loss: 0.1195 - accuracy: 0.9644
189/260 [====================>.........] - ETA: 1s - loss: 0.1260 - accuracy: 0.9636
193/260 [=====================>........] - ETA: 1s - loss: 0.1284 - accuracy: 0.9624
197/260 [=====================>........] - ETA: 1s - loss: 0.1266 - accuracy: 0.9632
201/260 [======================>.......] - ETA: 0s - loss: 0.1267 - accuracy: 0.9627
205/260 [======================>.......] - ETA: 0s - loss: 0.1274 - accuracy: 0.9616
209/260 [=======================>......] - ETA: 0s - loss: 0.1260 - accuracy: 0.9620
212/260 [=======================>......] - ETA: 0s - loss: 0.1262 - accuracy: 0.9620
216/260 [=======================>......] - ETA: 0s - loss: 0.1255 - accuracy: 0.9621
220/260 [========================>.....] - ETA: 0s - loss: 0.1261 - accuracy: 0.9619
223/260 [========================>.....] - ETA: 0s - loss: 0.1261 - accuracy: 0.9622
227/260 [=========================>....] - ETA: 0s - loss: 0.1246 - accuracy: 0.9626
231/260 [=========================>....] - ETA: 0s - loss: 0.1234 - accuracy: 0.9629
235/260 [==========================>...] - ETA: 0s - loss: 0.1223 - accuracy: 0.9633
239/260 [==========================>...] - ETA: 0s - loss: 0.1222 - accuracy: 0.9637
243/260 [===========================>..] - ETA: 0s - loss: 0.1230 - accuracy: 0.9632
247/260 [===========================>..] - ETA: 0s - loss: 0.1214 - accuracy: 0.9638
250/260 [===========================>..] - ETA: 0s - loss: 0.1202 - accuracy: 0.9643
253/260 [============================>.] - ETA: 0s - loss: 0.1230 - accuracy: 0.9639
257/260 [============================>.] - ETA: 0s - loss: 0.1237 - accuracy: 0.9638
260/260 [==============================] - 4s 17ms/step - loss: 0.1237 - accuracy: 0.9637 - val_loss: 0.2448 - val_accuracy: 0.9240
Epoch 10/10

  1/260 [..............................] - ETA: 7s - loss: 0.0280 - accuracy: 1.0000
  6/260 [..............................] - ETA: 3s - loss: 0.0790 - accuracy: 0.9792
 10/260 [>.............................] - ETA: 3s - loss: 0.0628 - accuracy: 0.9812
 14/260 [>.............................] - ETA: 3s - loss: 0.0833 - accuracy: 0.9732
 18/260 [=>............................] - ETA: 3s - loss: 0.0844 - accuracy: 0.9722
 23/260 [=>............................] - ETA: 3s - loss: 0.0819 - accuracy: 0.9701
 27/260 [==>...........................] - ETA: 3s - loss: 0.0753 - accuracy: 0.9745
 31/260 [==>...........................] - ETA: 3s - loss: 0.0833 - accuracy: 0.9698
 35/260 [===>..........................] - ETA: 3s - loss: 0.0938 - accuracy: 0.9714
 39/260 [===>..........................] - ETA: 3s - loss: 0.0934 - accuracy: 0.9728
 42/260 [===>..........................] - ETA: 3s - loss: 0.0904 - accuracy: 0.9732
 46/260 [====>.........................] - ETA: 3s - loss: 0.1032 - accuracy: 0.9688
 50/260 [====>.........................] - ETA: 3s - loss: 0.1008 - accuracy: 0.9700
 54/260 [=====>........................] - ETA: 3s - loss: 0.1037 - accuracy: 0.9688
 58/260 [=====>........................] - ETA: 3s - loss: 0.0994 - accuracy: 0.9698
 62/260 [======>.......................] - ETA: 3s - loss: 0.1026 - accuracy: 0.9677
 66/260 [======>.......................] - ETA: 3s - loss: 0.1035 - accuracy: 0.9669
 70/260 [=======>......................] - ETA: 2s - loss: 0.1011 - accuracy: 0.9670
 74/260 [=======>......................] - ETA: 2s - loss: 0.1025 - accuracy: 0.9645
 77/260 [=======>......................] - ETA: 2s - loss: 0.1005 - accuracy: 0.9651
 81/260 [========>.....................] - ETA: 2s - loss: 0.1033 - accuracy: 0.9653
 85/260 [========>.....................] - ETA: 2s - loss: 0.1035 - accuracy: 0.9654
 89/260 [=========>....................] - ETA: 2s - loss: 0.1050 - accuracy: 0.9656
 93/260 [=========>....................] - ETA: 2s - loss: 0.1036 - accuracy: 0.9657
 97/260 [==========>...................] - ETA: 2s - loss: 0.1036 - accuracy: 0.9646
101/260 [==========>...................] - ETA: 2s - loss: 0.1033 - accuracy: 0.9647
105/260 [===========>..................] - ETA: 2s - loss: 0.1042 - accuracy: 0.9643
109/260 [===========>..................] - ETA: 2s - loss: 0.1036 - accuracy: 0.9639
113/260 [============>.................] - ETA: 2s - loss: 0.1108 - accuracy: 0.9607
116/260 [============>.................] - ETA: 2s - loss: 0.1093 - accuracy: 0.9612
120/260 [============>.................] - ETA: 2s - loss: 0.1062 - accuracy: 0.9625
123/260 [=============>................] - ETA: 2s - loss: 0.1077 - accuracy: 0.9619
127/260 [=============>................] - ETA: 2s - loss: 0.1060 - accuracy: 0.9626
131/260 [==============>...............] - ETA: 2s - loss: 0.1058 - accuracy: 0.9623
135/260 [==============>...............] - ETA: 1s - loss: 0.1094 - accuracy: 0.9611
139/260 [===============>..............] - ETA: 1s - loss: 0.1080 - accuracy: 0.9618
143/260 [===============>..............] - ETA: 1s - loss: 0.1055 - accuracy: 0.9628
147/260 [===============>..............] - ETA: 1s - loss: 0.1054 - accuracy: 0.9630
151/260 [================>.............] - ETA: 1s - loss: 0.1076 - accuracy: 0.9623
155/260 [================>.............] - ETA: 1s - loss: 0.1069 - accuracy: 0.9625
159/260 [=================>............] - ETA: 1s - loss: 0.1072 - accuracy: 0.9627
163/260 [=================>............] - ETA: 1s - loss: 0.1099 - accuracy: 0.9620
166/260 [==================>...........] - ETA: 1s - loss: 0.1086 - accuracy: 0.9623
169/260 [==================>...........] - ETA: 1s - loss: 0.1095 - accuracy: 0.9619
172/260 [==================>...........] - ETA: 1s - loss: 0.1126 - accuracy: 0.9615
175/260 [===================>..........] - ETA: 1s - loss: 0.1154 - accuracy: 0.9600
179/260 [===================>..........] - ETA: 1s - loss: 0.1175 - accuracy: 0.9591
183/260 [====================>.........] - ETA: 1s - loss: 0.1190 - accuracy: 0.9587
187/260 [====================>.........] - ETA: 1s - loss: 0.1186 - accuracy: 0.9589
191/260 [=====================>........] - ETA: 1s - loss: 0.1182 - accuracy: 0.9591
196/260 [=====================>........] - ETA: 1s - loss: 0.1186 - accuracy: 0.9592
200/260 [======================>.......] - ETA: 0s - loss: 0.1172 - accuracy: 0.9597
204/260 [======================>.......] - ETA: 0s - loss: 0.1176 - accuracy: 0.9599
207/260 [======================>.......] - ETA: 0s - loss: 0.1188 - accuracy: 0.9595
211/260 [=======================>......] - ETA: 0s - loss: 0.1171 - accuracy: 0.9603
215/260 [=======================>......] - ETA: 0s - loss: 0.1168 - accuracy: 0.9602
219/260 [========================>.....] - ETA: 0s - loss: 0.1195 - accuracy: 0.9595
223/260 [========================>.....] - ETA: 0s - loss: 0.1196 - accuracy: 0.9594
227/260 [=========================>....] - ETA: 0s - loss: 0.1195 - accuracy: 0.9595
231/260 [=========================>....] - ETA: 0s - loss: 0.1190 - accuracy: 0.9597
234/260 [==========================>...] - ETA: 0s - loss: 0.1188 - accuracy: 0.9599
238/260 [==========================>...] - ETA: 0s - loss: 0.1182 - accuracy: 0.9601
242/260 [==========================>...] - ETA: 0s - loss: 0.1185 - accuracy: 0.9600
246/260 [===========================>..] - ETA: 0s - loss: 0.1184 - accuracy: 0.9599
249/260 [===========================>..] - ETA: 0s - loss: 0.1178 - accuracy: 0.9598
253/260 [============================>.] - ETA: 0s - loss: 0.1171 - accuracy: 0.9600
257/260 [============================>.] - ETA: 0s - loss: 0.1172 - accuracy: 0.9596
260/260 [==============================] - 4s 17ms/step - loss: 0.1177 - accuracy: 0.9596 - val_loss: 0.2120 - val_accuracy: 0.9307

 1/65 [..............................] - ETA: 4s
13/65 [=====>........................] - ETA: 0s
27/65 [===========>..................] - ETA: 0s
41/65 [=================>............] - ETA: 0s
55/65 [========================>.....] - ETA: 0s
65/65 [==============================] - 0s 5ms/step
              precision    recall  f1-score   support

       Human       0.98      0.95      0.96       523
       Horse       0.95      0.92      0.94       224
         Dog       0.87      0.82      0.84        87
         Cow       0.83      0.95      0.89       205

    accuracy                           0.93      1039
   macro avg       0.91      0.91      0.91      1039
weighted avg       0.93      0.93      0.93      1039

Test Accuracy Model 2
0.9307026267051697
Model: "sequential"
_________________________________________________________________
 Layer (type)                Output Shape              Param #   
=================================================================
 conv2d (Conv2D)             (None, 36, 69, 32)        320       
                                                                 
 max_pooling2d (MaxPooling2D  (None, 18, 34, 32)       0         
 )                                                               
                                                                 
 conv2d_1 (Conv2D)           (None, 16, 32, 64)        18496     
                                                                 
 max_pooling2d_1 (MaxPooling  (None, 8, 16, 64)        0         
 2D)                                                             
                                                                 
 flatten (Flatten)           (None, 8192)              0         
                                                                 
 dense (Dense)               (None, 128)               1048704   
                                                                 
 dropout (Dropout)           (None, 128)               0         
                                                                 
 dense_1 (Dense)             (None, 4)                 516       
                                                                 
=================================================================
Total params: 1,068,036
Trainable params: 1,068,036
Non-trainable params: 0
_________________________________________________________________
None
