2024-03-18 13:19:21,775 INFO Dataset: 
2024-03-18 13:19:21,775 INFO ['Human', 'Animal']
2024-03-18 13:19:21,775 INFO 

Fitting 3 folds for each of 36 candidates, totalling 108 fits
[CV 1/3] END ........C=0.1, gamma=1, kernel=rbf;, score=0.507 total time= 2.7min
[CV 2/3] END ........C=0.1, gamma=1, kernel=rbf;, score=0.506 total time= 3.6min
[CV 3/3] END ........C=0.1, gamma=1, kernel=rbf;, score=0.506 total time= 2.8min
[CV 1/3] END .....C=0.1, gamma=1, kernel=linear;, score=0.919 total time=  40.0s
[CV 2/3] END .....C=0.1, gamma=1, kernel=linear;, score=0.890 total time=  37.6s
[CV 3/3] END .....C=0.1, gamma=1, kernel=linear;, score=0.910 total time=  38.8s
[CV 1/3] END ....C=0.1, gamma=1, kernel=sigmoid;, score=0.507 total time=  45.8s
[CV 2/3] END ....C=0.1, gamma=1, kernel=sigmoid;, score=0.506 total time=  45.6s
[CV 3/3] END ....C=0.1, gamma=1, kernel=sigmoid;, score=0.506 total time=  45.6s
[CV 1/3] END .......C=0.1, gamma=1, kernel=poly;, score=0.922 total time=  37.1s
[CV 2/3] END .......C=0.1, gamma=1, kernel=poly;, score=0.893 total time=  37.4s
[CV 3/3] END .......C=0.1, gamma=1, kernel=poly;, score=0.893 total time=  35.5s
[CV 1/3] END ......C=0.1, gamma=0.1, kernel=rbf;, score=0.507 total time= 1.6min
[CV 2/3] END ......C=0.1, gamma=0.1, kernel=rbf;, score=0.506 total time= 1.7min
[CV 3/3] END ......C=0.1, gamma=0.1, kernel=rbf;, score=0.506 total time= 1.7min
[CV 1/3] END ...C=0.1, gamma=0.1, kernel=linear;, score=0.919 total time=  39.4s
[CV 2/3] END ...C=0.1, gamma=0.1, kernel=linear;, score=0.890 total time=  37.3s
[CV 3/3] END ...C=0.1, gamma=0.1, kernel=linear;, score=0.910 total time=  38.5s
[CV 1/3] END ..C=0.1, gamma=0.1, kernel=sigmoid;, score=0.507 total time=  46.3s
[CV 2/3] END ..C=0.1, gamma=0.1, kernel=sigmoid;, score=0.506 total time=  45.6s
[CV 3/3] END ..C=0.1, gamma=0.1, kernel=sigmoid;, score=0.506 total time=  45.7s
[CV 1/3] END .....C=0.1, gamma=0.1, kernel=poly;, score=0.922 total time=  37.0s
[CV 2/3] END .....C=0.1, gamma=0.1, kernel=poly;, score=0.893 total time=  43.0s
[CV 3/3] END .....C=0.1, gamma=0.1, kernel=poly;, score=0.893 total time=  35.8s
[CV 1/3] END .....C=0.1, gamma=0.01, kernel=rbf;, score=0.507 total time= 1.6min
[CV 2/3] END .....C=0.1, gamma=0.01, kernel=rbf;, score=0.506 total time= 1.7min
[CV 3/3] END .....C=0.1, gamma=0.01, kernel=rbf;, score=0.506 total time= 1.8min
[CV 1/3] END ..C=0.1, gamma=0.01, kernel=linear;, score=0.919 total time=  39.9s
[CV 2/3] END ..C=0.1, gamma=0.01, kernel=linear;, score=0.890 total time=  38.0s
[CV 3/3] END ..C=0.1, gamma=0.01, kernel=linear;, score=0.910 total time=  38.7s
[CV 1/3] END .C=0.1, gamma=0.01, kernel=sigmoid;, score=0.507 total time=  45.4s
[CV 2/3] END .C=0.1, gamma=0.01, kernel=sigmoid;, score=0.506 total time=  45.4s
[CV 3/3] END .C=0.1, gamma=0.01, kernel=sigmoid;, score=0.506 total time=  45.4s
[CV 1/3] END ....C=0.1, gamma=0.01, kernel=poly;, score=0.922 total time=  36.6s
[CV 2/3] END ....C=0.1, gamma=0.01, kernel=poly;, score=0.893 total time=  41.8s
[CV 3/3] END ....C=0.1, gamma=0.01, kernel=poly;, score=0.893 total time=  36.3s
[CV 1/3] END ..........C=1, gamma=1, kernel=rbf;, score=0.510 total time= 1.6min
[CV 2/3] END ..........C=1, gamma=1, kernel=rbf;, score=0.506 total time= 1.7min
[CV 3/3] END ..........C=1, gamma=1, kernel=rbf;, score=0.509 total time= 1.7min
[CV 1/3] END .......C=1, gamma=1, kernel=linear;, score=0.919 total time=  39.4s
[CV 2/3] END .......C=1, gamma=1, kernel=linear;, score=0.890 total time=  37.3s
[CV 3/3] END .......C=1, gamma=1, kernel=linear;, score=0.910 total time=  38.6s
[CV 1/3] END ......C=1, gamma=1, kernel=sigmoid;, score=0.507 total time=  45.0s
[CV 2/3] END ......C=1, gamma=1, kernel=sigmoid;, score=0.506 total time=  45.4s
[CV 3/3] END ......C=1, gamma=1, kernel=sigmoid;, score=0.506 total time=  45.4s
[CV 1/3] END .........C=1, gamma=1, kernel=poly;, score=0.922 total time=  37.0s
[CV 2/3] END .........C=1, gamma=1, kernel=poly;, score=0.893 total time=  37.6s
[CV 3/3] END .........C=1, gamma=1, kernel=poly;, score=0.893 total time=  35.9s
[CV 1/3] END ........C=1, gamma=0.1, kernel=rbf;, score=0.510 total time= 1.6min
[CV 2/3] END ........C=1, gamma=0.1, kernel=rbf;, score=0.506 total time= 1.7min
[CV 3/3] END ........C=1, gamma=0.1, kernel=rbf;, score=0.509 total time= 1.7min
[CV 1/3] END .....C=1, gamma=0.1, kernel=linear;, score=0.919 total time=  39.6s
[CV 2/3] END .....C=1, gamma=0.1, kernel=linear;, score=0.890 total time=  37.4s
[CV 3/3] END .....C=1, gamma=0.1, kernel=linear;, score=0.910 total time=  38.6s
[CV 1/3] END ....C=1, gamma=0.1, kernel=sigmoid;, score=0.507 total time=  45.5s
[CV 2/3] END ....C=1, gamma=0.1, kernel=sigmoid;, score=0.506 total time=  45.6s
[CV 3/3] END ....C=1, gamma=0.1, kernel=sigmoid;, score=0.506 total time=  45.5s
[CV 1/3] END .......C=1, gamma=0.1, kernel=poly;, score=0.922 total time=  37.0s
[CV 2/3] END .......C=1, gamma=0.1, kernel=poly;, score=0.893 total time=  41.6s
[CV 3/3] END .......C=1, gamma=0.1, kernel=poly;, score=0.893 total time=  35.8s
[CV 1/3] END .......C=1, gamma=0.01, kernel=rbf;, score=0.510 total time= 1.6min
[CV 2/3] END .......C=1, gamma=0.01, kernel=rbf;, score=0.506 total time= 1.7min
[CV 3/3] END .......C=1, gamma=0.01, kernel=rbf;, score=0.509 total time= 1.7min
[CV 1/3] END ....C=1, gamma=0.01, kernel=linear;, score=0.919 total time=  39.7s
[CV 2/3] END ....C=1, gamma=0.01, kernel=linear;, score=0.890 total time=  38.6s
[CV 3/3] END ....C=1, gamma=0.01, kernel=linear;, score=0.910 total time=  40.2s
[CV 1/3] END ...C=1, gamma=0.01, kernel=sigmoid;, score=0.507 total time=  47.1s
[CV 2/3] END ...C=1, gamma=0.01, kernel=sigmoid;, score=0.506 total time=  45.9s
[CV 3/3] END ...C=1, gamma=0.01, kernel=sigmoid;, score=0.506 total time=  45.8s
[CV 1/3] END ......C=1, gamma=0.01, kernel=poly;, score=0.922 total time=  36.8s
[CV 2/3] END ......C=1, gamma=0.01, kernel=poly;, score=0.893 total time=  45.7s
[CV 3/3] END ......C=1, gamma=0.01, kernel=poly;, score=0.893 total time=  42.9s
[CV 1/3] END .........C=10, gamma=1, kernel=rbf;, score=0.510 total time= 2.2min
[CV 2/3] END .........C=10, gamma=1, kernel=rbf;, score=0.506 total time= 6.9min
[CV 3/3] END .........C=10, gamma=1, kernel=rbf;, score=0.509 total time= 2.2min
[CV 1/3] END ......C=10, gamma=1, kernel=linear;, score=0.919 total time=  47.1s
[CV 2/3] END ......C=10, gamma=1, kernel=linear;, score=0.890 total time=  43.9s
[CV 3/3] END ......C=10, gamma=1, kernel=linear;, score=0.910 total time=  46.0s
[CV 1/3] END .....C=10, gamma=1, kernel=sigmoid;, score=0.507 total time=  54.0s
[CV 2/3] END .....C=10, gamma=1, kernel=sigmoid;, score=0.506 total time=  54.0s
[CV 3/3] END .....C=10, gamma=1, kernel=sigmoid;, score=0.506 total time=  53.6s
[CV 1/3] END ........C=10, gamma=1, kernel=poly;, score=0.922 total time=  43.4s
[CV 2/3] END ........C=10, gamma=1, kernel=poly;, score=0.893 total time=  44.3s
[CV 3/3] END ........C=10, gamma=1, kernel=poly;, score=0.893 total time=  42.5s
[CV 1/3] END .......C=10, gamma=0.1, kernel=rbf;, score=0.510 total time= 2.0min
[CV 2/3] END .......C=10, gamma=0.1, kernel=rbf;, score=0.506 total time= 2.2min
[CV 3/3] END .......C=10, gamma=0.1, kernel=rbf;, score=0.509 total time= 2.2min
[CV 1/3] END ....C=10, gamma=0.1, kernel=linear;, score=0.919 total time=  48.3s
[CV 2/3] END ....C=10, gamma=0.1, kernel=linear;, score=0.890 total time=  44.7s
[CV 3/3] END ....C=10, gamma=0.1, kernel=linear;, score=0.910 total time=  46.3s
[CV 1/3] END ...C=10, gamma=0.1, kernel=sigmoid;, score=0.507 total time=  53.9s
[CV 2/3] END ...C=10, gamma=0.1, kernel=sigmoid;, score=0.506 total time=  53.5s
[CV 3/3] END ...C=10, gamma=0.1, kernel=sigmoid;, score=0.506 total time=  53.6s
[CV 1/3] END ......C=10, gamma=0.1, kernel=poly;, score=0.922 total time=  43.2s
[CV 2/3] END ......C=10, gamma=0.1, kernel=poly;, score=0.893 total time=  49.0s
[CV 3/3] END ......C=10, gamma=0.1, kernel=poly;, score=0.893 total time=  42.0s
[CV 1/3] END ......C=10, gamma=0.01, kernel=rbf;, score=0.510 total time= 2.0min
[CV 2/3] END ......C=10, gamma=0.01, kernel=rbf;, score=0.506 total time= 2.1min
[CV 3/3] END ......C=10, gamma=0.01, kernel=rbf;, score=0.509 total time= 2.2min
[CV 1/3] END ...C=10, gamma=0.01, kernel=linear;, score=0.919 total time=  47.5s
[CV 2/3] END ...C=10, gamma=0.01, kernel=linear;, score=0.890 total time=  43.9s
[CV 3/3] END ...C=10, gamma=0.01, kernel=linear;, score=0.910 total time=  45.4s
[CV 1/3] END ..C=10, gamma=0.01, kernel=sigmoid;, score=0.507 total time=  54.4s
[CV 2/3] END ..C=10, gamma=0.01, kernel=sigmoid;, score=0.506 total time=  53.6s
[CV 3/3] END ..C=10, gamma=0.01, kernel=sigmoid;, score=0.506 total time=  54.5s
[CV 1/3] END .....C=10, gamma=0.01, kernel=poly;, score=0.922 total time=  43.4s
[CV 2/3] END .....C=10, gamma=0.01, kernel=poly;, score=0.893 total time=  49.2s
[CV 3/3] END .....C=10, gamma=0.01, kernel=poly;, score=0.893 total time=  42.1s

2024-03-18 15:17:46,066 INFO best params:   
2024-03-18 15:17:46,082 INFO {'C': 0.1, 'gamma': 1, 'kernel': 'linear'}
2024-03-18 15:17:46,082 INFO 

2024-03-18 15:17:46,082 INFO best estimator:    
2024-03-18 15:17:46,082 INFO SVC(C=0.1, gamma=1, kernel='linear')
