Dataset: PCA
['Human', 'Animal']
Fitting 3 folds for each of 24 candidates, totalling 72 fits

[CV 1/3] END .....C=0.1, gamma=1, kernel=linear;, score=0.978 total time= 1.1min
[CV 1/3] END ..C=0.1, gamma=0.01, kernel=linear;, score=0.978 total time= 1.1min
[CV 1/3] END .....C=1, gamma=0.1, kernel=linear;, score=0.978 total time= 1.1min
[CV 1/3] END ......C=1, gamma=1, kernel=sigmoid;, score=0.545 total time= 1.1min
[CV 1/3] END .C=0.1, gamma=0.01, kernel=sigmoid;, score=0.544 total time= 1.1min
[CV 2/3] END .C=0.1, gamma=0.01, kernel=sigmoid;, score=0.560 total time= 1.1min
[CV 2/3] END ....C=0.1, gamma=0.01, kernel=poly;, score=0.957 total time= 1.2min
[CV 3/3] END .......C=0.1, gamma=1, kernel=poly;, score=0.955 total time= 1.2min
[CV 1/3] END ....C=0.1, gamma=1, kernel=sigmoid;, score=0.543 total time= 1.2min
[CV 1/3] END ....C=1, gamma=0.1, kernel=sigmoid;, score=0.545 total time= 1.2min
[CV 3/3] END .....C=0.1, gamma=0.1, kernel=poly;, score=0.955 total time= 1.2min
[CV 3/3] END ....C=0.1, gamma=1, kernel=sigmoid;, score=0.528 total time= 1.2min
[CV 2/3] END ....C=1, gamma=0.1, kernel=sigmoid;, score=0.557 total time= 1.2min
[CV 3/3] END .C=0.1, gamma=0.01, kernel=sigmoid;, score=0.529 total time= 1.2min
[CV 2/3] END ..C=0.1, gamma=0.1, kernel=sigmoid;, score=0.560 total time= 1.2min
[CV 2/3] END ......C=1, gamma=1, kernel=sigmoid;, score=0.557 total time= 1.2min
[CV 2/3] END .....C=1, gamma=0.1, kernel=linear;, score=0.974 total time=  38.9s
[CV 3/3] END ....C=1, gamma=0.1, kernel=sigmoid;, score=0.526 total time=  40.1s
[CV 3/3] END ......C=1, gamma=1, kernel=sigmoid;, score=0.526 total time=  46.5s
[CV 2/3] END ....C=1, gamma=0.01, kernel=linear;, score=0.974 total time=  33.2s
[CV 1/3] END ..C=0.1, gamma=0.1, kernel=sigmoid;, score=0.546 total time=  46.1s
[CV 1/3] END ....C=1, gamma=0.01, kernel=linear;, score=0.978 total time=  34.5s
[CV 1/3] END .........C=1, gamma=1, kernel=poly;, score=0.955 total time= 1.4min
[CV 1/3] END ....C=0.1, gamma=0.01, kernel=poly;, score=0.955 total time= 1.5min
[CV 2/3] END .........C=1, gamma=1, kernel=poly;, score=0.957 total time= 1.5min
[CV 2/3] END .......C=0.1, gamma=1, kernel=poly;, score=0.957 total time= 1.5min
[CV 3/3] END ....C=0.1, gamma=0.01, kernel=poly;, score=0.955 total time= 1.5min
[CV 3/3] END .......C=1, gamma=1, kernel=linear;, score=0.982 total time=  42.2s
[CV 3/3] END .......C=1, gamma=0.1, kernel=poly;, score=0.955 total time=  50.5s
[CV 1/3] END ........C=1, gamma=0.1, kernel=rbf;, score=0.533 total time= 1.5min
[CV 3/3] END .....C=0.1, gamma=0.01, kernel=rbf;, score=0.521 total time= 1.6min
[CV 2/3] END ........C=0.1, gamma=1, kernel=rbf;, score=0.521 total time= 1.6min
[CV 3/3] END ........C=0.1, gamma=1, kernel=rbf;, score=0.521 total time= 1.6min
[CV 2/3] END .....C=0.1, gamma=0.1, kernel=poly;, score=0.957 total time= 1.6min
[CV 3/3] END ..........C=1, gamma=1, kernel=rbf;, score=0.535 total time= 1.6min
[CV 3/3] END .....C=1, gamma=0.1, kernel=linear;, score=0.982 total time=  41.8s
[CV 2/3] END .......C=1, gamma=0.1, kernel=poly;, score=0.957 total time=  51.3s
[CV 1/3] END ........C=0.1, gamma=1, kernel=rbf;, score=0.520 total time= 1.6min
[CV 3/3] END .........C=1, gamma=1, kernel=poly;, score=0.955 total time= 1.6min
[CV 2/3] END .....C=0.1, gamma=0.01, kernel=rbf;, score=0.521 total time= 1.6min
[CV 2/3] END ........C=1, gamma=0.1, kernel=rbf;, score=0.535 total time= 1.6min
[CV 3/3] END ..C=0.1, gamma=0.01, kernel=linear;, score=0.982 total time=  41.9s
[CV 1/3] END .......C=1, gamma=0.1, kernel=poly;, score=0.955 total time=  54.9s
[CV 2/3] END .....C=0.1, gamma=1, kernel=linear;, score=0.974 total time=  59.8s
[CV 3/3] END ....C=1, gamma=0.01, kernel=linear;, score=0.982 total time=  38.1s
[CV 2/3] END ...C=0.1, gamma=0.1, kernel=linear;, score=0.974 total time= 1.0min
[CV 1/3] END ...C=1, gamma=0.01, kernel=sigmoid;, score=0.545 total time=  39.1s
[CV 1/3] END .......C=0.1, gamma=1, kernel=poly;, score=0.955 total time= 1.7min
[CV 2/3] END .......C=1, gamma=1, kernel=linear;, score=0.974 total time= 1.0min
[CV 2/3] END ...C=1, gamma=0.01, kernel=sigmoid;, score=0.557 total time=  38.5s
[CV 1/3] END .......C=1, gamma=1, kernel=linear;, score=0.978 total time= 1.0min
[CV 3/3] END ...C=1, gamma=0.01, kernel=sigmoid;, score=0.526 total time=  37.9s
[CV 1/3] END .....C=0.1, gamma=0.1, kernel=poly;, score=0.955 total time= 1.7min
[CV 2/3] END ....C=0.1, gamma=1, kernel=sigmoid;, score=0.560 total time=  44.2s
[CV 2/3] END .......C=1, gamma=0.01, kernel=rbf;, score=0.535 total time=  59.3s
[CV 3/3] END ..C=0.1, gamma=0.1, kernel=sigmoid;, score=0.528 total time=  44.0s
[CV 3/3] END .......C=1, gamma=0.01, kernel=rbf;, score=0.535 total time= 1.0min
[CV 2/3] END ..C=0.1, gamma=0.01, kernel=linear;, score=0.974 total time=  42.8s
[CV 1/3] END .......C=1, gamma=0.01, kernel=rbf;, score=0.533 total time= 1.0min
[CV 3/3] END ......C=0.1, gamma=0.1, kernel=rbf;, score=0.521 total time= 1.8min
[CV 2/3] END ..........C=1, gamma=1, kernel=rbf;, score=0.535 total time= 1.8min
[CV 3/3] END ...C=0.1, gamma=0.1, kernel=linear;, score=0.982 total time= 1.1min
[CV 1/3] END ......C=1, gamma=0.01, kernel=poly;, score=0.955 total time=  45.2s
[CV 1/3] END ...C=0.1, gamma=0.1, kernel=linear;, score=0.978 total time= 1.1min
[CV 2/3] END ......C=1, gamma=0.01, kernel=poly;, score=0.957 total time=  44.7s
[CV 3/3] END .....C=0.1, gamma=1, kernel=linear;, score=0.982 total time= 1.1min
[CV 3/3] END ......C=1, gamma=0.01, kernel=poly;, score=0.955 total time=  43.6s
[CV 1/3] END .....C=0.1, gamma=0.01, kernel=rbf;, score=0.520 total time= 1.8min
[CV 1/3] END ......C=0.1, gamma=0.1, kernel=rbf;, score=0.520 total time= 1.8min
[CV 3/3] END ........C=1, gamma=0.1, kernel=rbf;, score=0.535 total time= 1.8min
[CV 1/3] END ..........C=1, gamma=1, kernel=rbf;, score=0.533 total time= 1.8min
[CV 2/3] END ......C=0.1, gamma=0.1, kernel=rbf;, score=0.521 total time= 1.8min


best params:   
{'C': 0.1, 'gamma': 1, 'kernel': 'linear'}


best estimator:    
SVC(C=0.1, gamma=1, kernel='linear')
